CRITICAL - 2024-01-23 03:27:45 --> Undefined variable $resultadoConsulta
in APPPATH\Controllers\Busquedas.php on line 73.
 1 APPPATH\Controllers\Busquedas.php(73): CodeIgniter\Debug\Exceptions->errorHandler(2, 'Undefined variable $resultadoConsulta', 'C:\\xampp\\htdocs\\Bib\\app\\Controllers\\Busquedas.php', 73)
 2 SYSTEMPATH\CodeIgniter.php(942): App\Controllers\Busquedas->buscarRegistros()
 3 SYSTEMPATH\CodeIgniter.php(502): CodeIgniter\CodeIgniter->runController(Object(App\Controllers\Busquedas))
 4 SYSTEMPATH\CodeIgniter.php(361): CodeIgniter\CodeIgniter->handleRequest(null, Object(Config\Cache), false)
 5 FCPATH\index.php(79): CodeIgniter\CodeIgniter->run()
CRITICAL - 2024-01-23 03:34:06 --> Undefined array key "startcolumn"
in APPPATH\ThirdParty\TCPDFmain\tcpdf.php on line 19676.
 1 APPPATH\ThirdParty\TCPDFmain\tcpdf.php(19676): CodeIgniter\Debug\Exceptions->errorHandler(2, 'Undefined array key "startcolumn"', 'C:\\xampp\\htdocs\\Bib\\app\\ThirdParty\\TCPDFmain\\tcpdf.php', 19676)
 2 APPPATH\ThirdParty\TCPDFmain\tcpdf.php(18451): TCPDF->closeHTMLTagHandler([...], 24, false, 89.19986068888889)
 3 APPPATH\Controllers\PdfController.php(71): TCPDF->writeHTML('
                <style>

                * { font-family: Lato, Helvetica, sans-serif; }
                .header { text-align: center; overflow: hidden; /* Para limpiar el float */ }  
                .center-text { display: inline-block; }
                .content { text-align: center; margin-top: 10px; }
                
                </style>

                <div class="header">
                <div class="center-text">
                    <h2 style="font-family: times, serif;">Universidad del Istmo</h2>
                    <h3 style="font-family: times, serif;">CAMPUS JUCHITAN</h3>  
                    <h4 style="font-family: times, serif;">DEPARTAMENTO DE BIBLIOTECA</h4>
                </div>
                </div>

                <div class="content">
                <h2 style="font-family: times, serif;">REPORTE GENERAL</h2>

                <table cellpadding="8" cellspacing="0"
                style="border-collapse: collapse">
                <tr style="font-weight: bold;border-bottom: 1px solid black">
                
                </tr>
                <tr style="border-bottom: 1px solid black;font-size: 9pt;">
                
                </tr>
              </table>
    </div>', true, false, true, false, '')
 4 SYSTEMPATH\CodeIgniter.php(942): App\Controllers\PdfController->index()
 5 SYSTEMPATH\CodeIgniter.php(502): CodeIgniter\CodeIgniter->runController(Object(App\Controllers\PdfController))
 6 SYSTEMPATH\CodeIgniter.php(361): CodeIgniter\CodeIgniter->handleRequest(null, Object(Config\Cache), false)
 7 FCPATH\index.php(79): CodeIgniter\CodeIgniter->run()
CRITICAL - 2024-01-23 03:44:49 --> Undefined array key "startcolumn"
in APPPATH\ThirdParty\TCPDFmain\tcpdf.php on line 19676.
 1 APPPATH\ThirdParty\TCPDFmain\tcpdf.php(19676): CodeIgniter\Debug\Exceptions->errorHandler(2, 'Undefined array key "startcolumn"', 'C:\\xampp\\htdocs\\Bib\\app\\ThirdParty\\TCPDFmain\\tcpdf.php', 19676)
 2 APPPATH\ThirdParty\TCPDFmain\tcpdf.php(18451): TCPDF->closeHTMLTagHandler([...], 24, false, 89.19986068888889)
 3 APPPATH\Controllers\PdfController.php(71): TCPDF->writeHTML('
                <style>

                * { font-family: Lato, Helvetica, sans-serif; }
                .header { text-align: center; overflow: hidden; /* Para limpiar el float */ }  
                .center-text { display: inline-block; }
                .content { text-align: center; margin-top: 10px; }
                
                </style>

                <div class="header">
                <div class="center-text">
                    <h2 style="font-family: times, serif;">Universidad del Istmo</h2>
                    <h3 style="font-family: times, serif;">CAMPUS JUCHITAN</h3>  
                    <h4 style="font-family: times, serif;">DEPARTAMENTO DE BIBLIOTECA</h4>
                </div>
                </div>

                <div class="content">
                <h2 style="font-family: times, serif;">REPORTE GENERAL</h2>

                <table cellpadding="8" cellspacing="0"
                style="border-collapse: collapse">
                <tr style="font-weight: bold;border-bottom: 1px solid black">
                
                </tr>
                <tr style="border-bottom: 1px solid black;font-size: 9pt;">
                
                </tr>
              </table>
    </div>', true, false, true, false, '')
 4 SYSTEMPATH\CodeIgniter.php(942): App\Controllers\PdfController->index()
 5 SYSTEMPATH\CodeIgniter.php(502): CodeIgniter\CodeIgniter->runController(Object(App\Controllers\PdfController))
 6 SYSTEMPATH\CodeIgniter.php(361): CodeIgniter\CodeIgniter->handleRequest(null, Object(Config\Cache), false)
 7 FCPATH\index.php(79): CodeIgniter\CodeIgniter->run()
CRITICAL - 2024-01-23 03:49:08 --> Undefined array key "startcolumn"
in APPPATH\ThirdParty\TCPDFmain\tcpdf.php on line 19676.
 1 APPPATH\ThirdParty\TCPDFmain\tcpdf.php(19676): CodeIgniter\Debug\Exceptions->errorHandler(2, 'Undefined array key "startcolumn"', 'C:\\xampp\\htdocs\\Bib\\app\\ThirdParty\\TCPDFmain\\tcpdf.php', 19676)
 2 APPPATH\ThirdParty\TCPDFmain\tcpdf.php(18451): TCPDF->closeHTMLTagHandler([...], 24, false, 89.19986068888889)
 3 APPPATH\Controllers\PdfController.php(71): TCPDF->writeHTML('
                <style>

                * { font-family: Lato, Helvetica, sans-serif; }
                .header { text-align: center; overflow: hidden; /* Para limpiar el float */ }  
                .center-text { display: inline-block; }
                .content { text-align: center; margin-top: 10px; }
                
                </style>

                <div class="header">
                <div class="center-text">
                    <h2 style="font-family: times, serif;">Universidad del Istmo</h2>
                    <h3 style="font-family: times, serif;">CAMPUS JUCHITAN</h3>  
                    <h4 style="font-family: times, serif;">DEPARTAMENTO DE BIBLIOTECA</h4>
                </div>
                </div>

                <div class="content">
                <h2 style="font-family: times, serif;">REPORTE GENERAL</h2>

                <table cellpadding="8" cellspacing="0"
                style="border-collapse: collapse">
                <tr style="font-weight: bold;border-bottom: 1px solid black">
                
                </tr>
                <tr style="border-bottom: 1px solid black;font-size: 9pt;">
                
                </tr>
              </table>
    </div>', true, false, true, false, '')
 4 SYSTEMPATH\CodeIgniter.php(942): App\Controllers\PdfController->index()
 5 SYSTEMPATH\CodeIgniter.php(502): CodeIgniter\CodeIgniter->runController(Object(App\Controllers\PdfController))
 6 SYSTEMPATH\CodeIgniter.php(361): CodeIgniter\CodeIgniter->handleRequest(null, Object(Config\Cache), false)
 7 FCPATH\index.php(79): CodeIgniter\CodeIgniter->run()
CRITICAL - 2024-01-23 03:50:06 --> Undefined variable $head
in APPPATH\Controllers\PdfController.php on line 52.
 1 APPPATH\Controllers\PdfController.php(52): CodeIgniter\Debug\Exceptions->errorHandler(2, 'Undefined variable $head', 'C:\\xampp\\htdocs\\Bib\\app\\Controllers\\PdfController.php', 52)
 2 SYSTEMPATH\CodeIgniter.php(942): App\Controllers\PdfController->index()
 3 SYSTEMPATH\CodeIgniter.php(502): CodeIgniter\CodeIgniter->runController(Object(App\Controllers\PdfController))
 4 SYSTEMPATH\CodeIgniter.php(361): CodeIgniter\CodeIgniter->handleRequest(null, Object(Config\Cache), false)
 5 FCPATH\index.php(79): CodeIgniter\CodeIgniter->run()
CRITICAL - 2024-01-23 04:03:06 --> Array to string conversion
in APPPATH\Controllers\PdfController.php on line 23.
 1 APPPATH\Controllers\PdfController.php(23): CodeIgniter\Debug\Exceptions->errorHandler(2, 'Array to string conversion', 'C:\\xampp\\htdocs\\Bib\\app\\Controllers\\PdfController.php', 23)
 2 SYSTEMPATH\CodeIgniter.php(942): App\Controllers\PdfController->index()
 3 SYSTEMPATH\CodeIgniter.php(502): CodeIgniter\CodeIgniter->runController(Object(App\Controllers\PdfController))
 4 SYSTEMPATH\CodeIgniter.php(361): CodeIgniter\CodeIgniter->handleRequest(null, Object(Config\Cache), false)
 5 FCPATH\index.php(79): CodeIgniter\CodeIgniter->run()
CRITICAL - 2024-01-23 04:03:20 --> Array to string conversion
in APPPATH\Controllers\PdfController.php on line 23.
 1 APPPATH\Controllers\PdfController.php(23): CodeIgniter\Debug\Exceptions->errorHandler(2, 'Array to string conversion', 'C:\\xampp\\htdocs\\Bib\\app\\Controllers\\PdfController.php', 23)
 2 SYSTEMPATH\CodeIgniter.php(942): App\Controllers\PdfController->index()
 3 SYSTEMPATH\CodeIgniter.php(502): CodeIgniter\CodeIgniter->runController(Object(App\Controllers\PdfController))
 4 SYSTEMPATH\CodeIgniter.php(361): CodeIgniter\CodeIgniter->handleRequest(null, Object(Config\Cache), false)
 5 FCPATH\index.php(79): CodeIgniter\CodeIgniter->run()
CRITICAL - 2024-01-23 04:04:43 --> Unsupported operand types: string + string
in APPPATH\Controllers\PdfController.php on line 21.
 1 SYSTEMPATH\CodeIgniter.php(942): App\Controllers\PdfController->index()
 2 SYSTEMPATH\CodeIgniter.php(502): CodeIgniter\CodeIgniter->runController(Object(App\Controllers\PdfController))
 3 SYSTEMPATH\CodeIgniter.php(361): CodeIgniter\CodeIgniter->handleRequest(null, Object(Config\Cache), false)
 4 FCPATH\index.php(79): CodeIgniter\CodeIgniter->run()
CRITICAL - 2024-01-23 04:04:46 --> Unsupported operand types: string + string
in APPPATH\Controllers\PdfController.php on line 21.
 1 SYSTEMPATH\CodeIgniter.php(942): App\Controllers\PdfController->index()
 2 SYSTEMPATH\CodeIgniter.php(502): CodeIgniter\CodeIgniter->runController(Object(App\Controllers\PdfController))
 3 SYSTEMPATH\CodeIgniter.php(361): CodeIgniter\CodeIgniter->handleRequest(null, Object(Config\Cache), false)
 4 FCPATH\index.php(79): CodeIgniter\CodeIgniter->run()
CRITICAL - 2024-01-23 04:07:32 --> Unsupported operand types: string + string
in APPPATH\Controllers\PdfController.php on line 19.
 1 SYSTEMPATH\CodeIgniter.php(942): App\Controllers\PdfController->index()
 2 SYSTEMPATH\CodeIgniter.php(502): CodeIgniter\CodeIgniter->runController(Object(App\Controllers\PdfController))
 3 SYSTEMPATH\CodeIgniter.php(361): CodeIgniter\CodeIgniter->handleRequest(null, Object(Config\Cache), false)
 4 FCPATH\index.php(79): CodeIgniter\CodeIgniter->run()
CRITICAL - 2024-01-23 04:07:50 --> Unsupported operand types: string + string
in APPPATH\Controllers\PdfController.php on line 19.
 1 SYSTEMPATH\CodeIgniter.php(942): App\Controllers\PdfController->index()
 2 SYSTEMPATH\CodeIgniter.php(502): CodeIgniter\CodeIgniter->runController(Object(App\Controllers\PdfController))
 3 SYSTEMPATH\CodeIgniter.php(361): CodeIgniter\CodeIgniter->handleRequest(null, Object(Config\Cache), false)
 4 FCPATH\index.php(79): CodeIgniter\CodeIgniter->run()
CRITICAL - 2024-01-23 04:09:02 --> Unsupported operand types: string + string
in APPPATH\Controllers\PdfController.php on line 19.
 1 SYSTEMPATH\CodeIgniter.php(942): App\Controllers\PdfController->index()
 2 SYSTEMPATH\CodeIgniter.php(502): CodeIgniter\CodeIgniter->runController(Object(App\Controllers\PdfController))
 3 SYSTEMPATH\CodeIgniter.php(361): CodeIgniter\CodeIgniter->handleRequest(null, Object(Config\Cache), false)
 4 FCPATH\index.php(79): CodeIgniter\CodeIgniter->run()
CRITICAL - 2024-01-23 04:09:13 --> Unsupported operand types: string + string
in APPPATH\Controllers\PdfController.php on line 19.
 1 SYSTEMPATH\CodeIgniter.php(942): App\Controllers\PdfController->index()
 2 SYSTEMPATH\CodeIgniter.php(502): CodeIgniter\CodeIgniter->runController(Object(App\Controllers\PdfController))
 3 SYSTEMPATH\CodeIgniter.php(361): CodeIgniter\CodeIgniter->handleRequest(null, Object(Config\Cache), false)
 4 FCPATH\index.php(79): CodeIgniter\CodeIgniter->run()
CRITICAL - 2024-01-23 04:10:08 --> Unsupported operand types: string + string
in APPPATH\Controllers\PdfController.php on line 19.
 1 SYSTEMPATH\CodeIgniter.php(942): App\Controllers\PdfController->index()
 2 SYSTEMPATH\CodeIgniter.php(502): CodeIgniter\CodeIgniter->runController(Object(App\Controllers\PdfController))
 3 SYSTEMPATH\CodeIgniter.php(361): CodeIgniter\CodeIgniter->handleRequest(null, Object(Config\Cache), false)
 4 FCPATH\index.php(79): CodeIgniter\CodeIgniter->run()
CRITICAL - 2024-01-23 04:10:20 --> Unsupported operand types: string + string
in APPPATH\Controllers\PdfController.php on line 19.
 1 SYSTEMPATH\CodeIgniter.php(942): App\Controllers\PdfController->index()
 2 SYSTEMPATH\CodeIgniter.php(502): CodeIgniter\CodeIgniter->runController(Object(App\Controllers\PdfController))
 3 SYSTEMPATH\CodeIgniter.php(361): CodeIgniter\CodeIgniter->handleRequest(null, Object(Config\Cache), false)
 4 FCPATH\index.php(79): CodeIgniter\CodeIgniter->run()
CRITICAL - 2024-01-23 04:10:21 --> Unsupported operand types: string + string
in APPPATH\Controllers\PdfController.php on line 19.
 1 SYSTEMPATH\CodeIgniter.php(942): App\Controllers\PdfController->index()
 2 SYSTEMPATH\CodeIgniter.php(502): CodeIgniter\CodeIgniter->runController(Object(App\Controllers\PdfController))
 3 SYSTEMPATH\CodeIgniter.php(361): CodeIgniter\CodeIgniter->handleRequest(null, Object(Config\Cache), false)
 4 FCPATH\index.php(79): CodeIgniter\CodeIgniter->run()
CRITICAL - 2024-01-23 04:11:24 --> Unsupported operand types: string + string
in APPPATH\Controllers\PdfController.php on line 19.
 1 SYSTEMPATH\CodeIgniter.php(942): App\Controllers\PdfController->index()
 2 SYSTEMPATH\CodeIgniter.php(502): CodeIgniter\CodeIgniter->runController(Object(App\Controllers\PdfController))
 3 SYSTEMPATH\CodeIgniter.php(361): CodeIgniter\CodeIgniter->handleRequest(null, Object(Config\Cache), false)
 4 FCPATH\index.php(79): CodeIgniter\CodeIgniter->run()
CRITICAL - 2024-01-23 04:11:43 --> Unsupported operand types: string + string
in APPPATH\Controllers\PdfController.php on line 19.
 1 SYSTEMPATH\CodeIgniter.php(942): App\Controllers\PdfController->index()
 2 SYSTEMPATH\CodeIgniter.php(502): CodeIgniter\CodeIgniter->runController(Object(App\Controllers\PdfController))
 3 SYSTEMPATH\CodeIgniter.php(361): CodeIgniter\CodeIgniter->handleRequest(null, Object(Config\Cache), false)
 4 FCPATH\index.php(79): CodeIgniter\CodeIgniter->run()
CRITICAL - 2024-01-23 04:11:44 --> Unsupported operand types: string + string
in APPPATH\Controllers\PdfController.php on line 19.
 1 SYSTEMPATH\CodeIgniter.php(942): App\Controllers\PdfController->index()
 2 SYSTEMPATH\CodeIgniter.php(502): CodeIgniter\CodeIgniter->runController(Object(App\Controllers\PdfController))
 3 SYSTEMPATH\CodeIgniter.php(361): CodeIgniter\CodeIgniter->handleRequest(null, Object(Config\Cache), false)
 4 FCPATH\index.php(79): CodeIgniter\CodeIgniter->run()
CRITICAL - 2024-01-23 05:00:24 --> strlen(): Argument #1 ($string) must be of type string, App\Controllers\MYPDF given
in APPPATH\Controllers\PdfController.php on line 87.
 1 APPPATH\Controllers\PdfController.php(87): strlen(Object(App\Controllers\MYPDF))
 2 SYSTEMPATH\CodeIgniter.php(942): App\Controllers\PdfController->index()
 3 SYSTEMPATH\CodeIgniter.php(502): CodeIgniter\CodeIgniter->runController(Object(App\Controllers\PdfController))
 4 SYSTEMPATH\CodeIgniter.php(361): CodeIgniter\CodeIgniter->handleRequest(null, Object(Config\Cache), false)
 5 FCPATH\index.php(79): CodeIgniter\CodeIgniter->run()
CRITICAL - 2024-01-23 05:00:25 --> strlen(): Argument #1 ($string) must be of type string, App\Controllers\MYPDF given
in APPPATH\Controllers\PdfController.php on line 87.
 1 APPPATH\Controllers\PdfController.php(87): strlen(Object(App\Controllers\MYPDF))
 2 SYSTEMPATH\CodeIgniter.php(942): App\Controllers\PdfController->index()
 3 SYSTEMPATH\CodeIgniter.php(502): CodeIgniter\CodeIgniter->runController(Object(App\Controllers\PdfController))
 4 SYSTEMPATH\CodeIgniter.php(361): CodeIgniter\CodeIgniter->handleRequest(null, Object(Config\Cache), false)
 5 FCPATH\index.php(79): CodeIgniter\CodeIgniter->run()
CRITICAL - 2024-01-23 05:00:25 --> strlen(): Argument #1 ($string) must be of type string, App\Controllers\MYPDF given
in APPPATH\Controllers\PdfController.php on line 87.
 1 APPPATH\Controllers\PdfController.php(87): strlen(Object(App\Controllers\MYPDF))
 2 SYSTEMPATH\CodeIgniter.php(942): App\Controllers\PdfController->index()
 3 SYSTEMPATH\CodeIgniter.php(502): CodeIgniter\CodeIgniter->runController(Object(App\Controllers\PdfController))
 4 SYSTEMPATH\CodeIgniter.php(361): CodeIgniter\CodeIgniter->handleRequest(null, Object(Config\Cache), false)
 5 FCPATH\index.php(79): CodeIgniter\CodeIgniter->run()
CRITICAL - 2024-01-23 05:00:25 --> strlen(): Argument #1 ($string) must be of type string, App\Controllers\MYPDF given
in APPPATH\Controllers\PdfController.php on line 87.
 1 APPPATH\Controllers\PdfController.php(87): strlen(Object(App\Controllers\MYPDF))
 2 SYSTEMPATH\CodeIgniter.php(942): App\Controllers\PdfController->index()
 3 SYSTEMPATH\CodeIgniter.php(502): CodeIgniter\CodeIgniter->runController(Object(App\Controllers\PdfController))
 4 SYSTEMPATH\CodeIgniter.php(361): CodeIgniter\CodeIgniter->handleRequest(null, Object(Config\Cache), false)
 5 FCPATH\index.php(79): CodeIgniter\CodeIgniter->run()
CRITICAL - 2024-01-23 05:19:51 --> foreach() argument must be of type array|object, string given
in APPPATH\Controllers\PdfController.php on line 16.
 1 APPPATH\Controllers\PdfController.php(16): CodeIgniter\Debug\Exceptions->errorHandler(2, 'foreach() argument must be of type array|object, string given', 'C:\\xampp\\htdocs\\Bib\\app\\Controllers\\PdfController.php', 16)
 2 SYSTEMPATH\CodeIgniter.php(942): App\Controllers\PdfController->index('NoCuenta,Nombre,Area,Cargo,semestre,Grupo,Asiento,Entrada,Salida', '1,Juan,xd,bbbbbb,null,null,3D,12345667,12345676,1,Juan,xd,bbbbbb,null,null,3D,12345667,12345676,1,Juan,xd,bbbbbb,null,null,3D,12345667,12345676,1,Juan,xd,bbbbbb,null,null,3D,0000-00-00 00:00:00,0000-00-00 00:00:00,1,Juan,xd,bbbbbb,null,null,3D,23,12,1,Juan,xd,bbbbbb,null,null,3D,1699997952,1699998278,1,Juan,xd,bbbbbb,null,null,3E,1699998278,1699998278,1,Juan,xd,bbbbbb,null,null,4D,1699998278,1699998278,1,Juan,xd,bbbbbb,null,null,4D,1699998278,1699998278,1,Juan,xd,bbbbbb,null,null,4D,1699998278,1699998278,1,Juan,xd,bbbbbb,null,null,5D,129172568756,1700000674,1,Juan,xd,bbbbbb,null,null,5D,129172568756,1700000674,1,Juan,xd,bbbbbb,null,null,5D,129172568756,,1,Juan,xd,bbbbbb,null,null,5D,129172568756,,11212,juan,info,xd,null,null,null,null,null,1212,ew,Servicio Social,,null,null,null,null,null')
 3 SYSTEMPATH\CodeIgniter.php(502): CodeIgniter\CodeIgniter->runController(Object(App\Controllers\PdfController))
 4 SYSTEMPATH\CodeIgniter.php(361): CodeIgniter\CodeIgniter->handleRequest(null, Object(Config\Cache), false)
 5 FCPATH\index.php(79): CodeIgniter\CodeIgniter->run()
CRITICAL - 2024-01-23 05:20:53 --> foreach() argument must be of type array|object, string given
in APPPATH\Controllers\PdfController.php on line 16.
 1 APPPATH\Controllers\PdfController.php(16): CodeIgniter\Debug\Exceptions->errorHandler(2, 'foreach() argument must be of type array|object, string given', 'C:\\xampp\\htdocs\\Bib\\app\\Controllers\\PdfController.php', 16)
 2 SYSTEMPATH\CodeIgniter.php(942): App\Controllers\PdfController->index('1,Juan,xd,bbbbbb,Sin semestre asignado,Sin grupo asignado,3D,12:00:00 am,12:00:00 am,1,Juan,xd,bbbbbb,Sin semestre asignado,Sin grupo asignado,3D,12:00:00 am,12:00:00 am,1,Juan,xd,bbbbbb,Sin semestre asignado,Sin grupo asignado,3D,12:00:00 am,12:00:00 am,1,Juan,xd,bbbbbb,Sin semestre asignado,Sin grupo asignado,3D,12:00:00 am,12:00:00 am,1,Juan,xd,bbbbbb,Sin semestre asignado,Sin grupo asignado,3D,12:00:00 am,12:00:00 am,1,Juan,xd,bbbbbb,Sin semestre asignado,Sin grupo asignado,3D,12:00:00 am,12:00:00 am,1,Juan,xd,bbbbbb,Sin semestre asignado,Sin grupo asignado,3E,12:00:00 am,12:00:00 am,1,Juan,xd,bbbbbb,Sin semestre asignado,Sin grupo asignado,4D,12:00:00 am,12:00:00 am,1,Juan,xd,bbbbbb,Sin semestre asignado,Sin grupo asignado,4D,12:00:00 am,12:00:00 am,1,Juan,xd,bbbbbb,Sin semestre asignado,Sin grupo asignado,4D,12:00:00 am,12:00:00 am,1,Juan,xd,bbbbbb,Sin semestre asignado,Sin grupo asignado,5D,05:20:52 am,12:00:00 am,1,Juan,xd,bbbbbb,Sin semestre asignado,Sin grupo asignado,5D,05:20:52 am,12:00:00 am,1,Juan,xd,bbbbbb,Sin semestre asignado,Sin grupo asignado,5D,05:20:52 am,12:00:00 am,1,Juan,xd,bbbbbb,Sin semestre asignado,Sin grupo asignado,5D,05:20:52 am,12:00:00 am,11212,juan,info,xd,Sin semestre asignado,Sin grupo asignado,,12:00:00 am,12:00:00 am,1212,ew,Servicio Social,,Sin semestre asignado,Sin grupo asignado,,12:00:00 am,12:00:00 am,2,hshsd,wad,,Sin semestre asignado,Sin grupo asignado,,12:00:00 am,12:00:00 am,2123qwq23123q12,awadwdwa,Servicio Social,,Sin semestre asignado,Sin grupo asignado,,12:00:00 am,12:00:00 am,2147483647,2,,,Sin semestre asignado,Sin grupo asignado,,12:00:00 am,12:00:00 am,222,2222,222,2222,Sin semestre asignado,Sin grupo asignado,,12:00:00 am,12:00:00 am,dwdawq,juan diego,Nutricion,,915,Sin grupo asignado,,12:00:00 am,12:00:00 am,wdad,efren,Propedeutico,,Sin semestre asignado,12,,12:00:00 am,12:00:00 am', 'NoCuenta,Nombre,Area,Cargo,Semestre,Grupo,Asiento,Entrada,Salida')
 3 SYSTEMPATH\CodeIgniter.php(502): CodeIgniter\CodeIgniter->runController(Object(App\Controllers\PdfController))
 4 SYSTEMPATH\CodeIgniter.php(361): CodeIgniter\CodeIgniter->handleRequest(null, Object(Config\Cache), false)
 5 FCPATH\index.php(79): CodeIgniter\CodeIgniter->run()
CRITICAL - 2024-01-23 05:21:57 --> array_map(): Argument #1 ($callback) must be a valid callback or null, function "" not found or invalid function name
in APPPATH\Controllers\PdfController.php on line 16.
 1 APPPATH\Controllers\PdfController.php(16): array_map('', [...])
 2 SYSTEMPATH\CodeIgniter.php(942): App\Controllers\PdfController->index([...], [...])
 3 SYSTEMPATH\CodeIgniter.php(502): CodeIgniter\CodeIgniter->runController(Object(App\Controllers\PdfController))
 4 SYSTEMPATH\CodeIgniter.php(361): CodeIgniter\CodeIgniter->handleRequest(null, Object(Config\Cache), false)
 5 FCPATH\index.php(79): CodeIgniter\CodeIgniter->run()
CRITICAL - 2024-01-23 05:22:04 --> foreach() argument must be of type array|object, string given
in APPPATH\Controllers\PdfController.php on line 24.
 1 APPPATH\Controllers\PdfController.php(24): CodeIgniter\Debug\Exceptions->errorHandler(2, 'foreach() argument must be of type array|object, string given', 'C:\\xampp\\htdocs\\Bib\\app\\Controllers\\PdfController.php', 24)
 2 SYSTEMPATH\CodeIgniter.php(942): App\Controllers\PdfController->index([...], [...])
 3 SYSTEMPATH\CodeIgniter.php(502): CodeIgniter\CodeIgniter->runController(Object(App\Controllers\PdfController))
 4 SYSTEMPATH\CodeIgniter.php(361): CodeIgniter\CodeIgniter->handleRequest(null, Object(Config\Cache), false)
 5 FCPATH\index.php(79): CodeIgniter\CodeIgniter->run()
CRITICAL - 2024-01-23 05:23:17 --> foreach() argument must be of type array|object, string given
in APPPATH\Controllers\PdfController.php on line 24.
 1 APPPATH\Controllers\PdfController.php(24): CodeIgniter\Debug\Exceptions->errorHandler(2, 'foreach() argument must be of type array|object, string given', 'C:\\xampp\\htdocs\\Bib\\app\\Controllers\\PdfController.php', 24)
 2 SYSTEMPATH\CodeIgniter.php(942): App\Controllers\PdfController->index([...], [...])
 3 SYSTEMPATH\CodeIgniter.php(502): CodeIgniter\CodeIgniter->runController(Object(App\Controllers\PdfController))
 4 SYSTEMPATH\CodeIgniter.php(361): CodeIgniter\CodeIgniter->handleRequest(null, Object(Config\Cache), false)
 5 FCPATH\index.php(79): CodeIgniter\CodeIgniter->run()
CRITICAL - 2024-01-23 20:37:00 --> fopen(example.pdf): Failed to open stream: Resource temporarily unavailable
in APPPATH\ThirdParty\TCPDFmain\include\tcpdf_static.php on line 1811.
 1 [internal function]: CodeIgniter\Debug\Exceptions->errorHandler(2, 'fopen(example.pdf): Failed to open stream: Resource temporarily unavailable', 'C:\\xampp\\htdocs\\Bib\\app\\ThirdParty\\TCPDFmain\\include\\tcpdf_static.php', 1811)
 2 APPPATH\ThirdParty\TCPDFmain\include\tcpdf_static.php(1811): fopen('example.pdf', 'wb')
 3 APPPATH\ThirdParty\TCPDFmain\tcpdf.php(7769): TCPDF_STATIC::fopenLocal('example.pdf', 'wb')
 4 APPPATH\Controllers\PdfController.php(84): TCPDF->Output('example.pdf', 'F')
 5 SYSTEMPATH\CodeIgniter.php(942): App\Controllers\PdfController->index()
 6 SYSTEMPATH\CodeIgniter.php(502): CodeIgniter\CodeIgniter->runController(Object(App\Controllers\PdfController))
 7 SYSTEMPATH\CodeIgniter.php(361): CodeIgniter\CodeIgniter->handleRequest(null, Object(Config\Cache), false)
 8 FCPATH\index.php(79): CodeIgniter\CodeIgniter->run()
CRITICAL - 2024-01-23 20:37:03 --> fopen(example.pdf): Failed to open stream: Resource temporarily unavailable
in APPPATH\ThirdParty\TCPDFmain\include\tcpdf_static.php on line 1811.
 1 [internal function]: CodeIgniter\Debug\Exceptions->errorHandler(2, 'fopen(example.pdf): Failed to open stream: Resource temporarily unavailable', 'C:\\xampp\\htdocs\\Bib\\app\\ThirdParty\\TCPDFmain\\include\\tcpdf_static.php', 1811)
 2 APPPATH\ThirdParty\TCPDFmain\include\tcpdf_static.php(1811): fopen('example.pdf', 'wb')
 3 APPPATH\ThirdParty\TCPDFmain\tcpdf.php(7769): TCPDF_STATIC::fopenLocal('example.pdf', 'wb')
 4 APPPATH\Controllers\PdfController.php(84): TCPDF->Output('example.pdf', 'F')
 5 SYSTEMPATH\CodeIgniter.php(942): App\Controllers\PdfController->index()
 6 SYSTEMPATH\CodeIgniter.php(502): CodeIgniter\CodeIgniter->runController(Object(App\Controllers\PdfController))
 7 SYSTEMPATH\CodeIgniter.php(361): CodeIgniter\CodeIgniter->handleRequest(null, Object(Config\Cache), false)
 8 FCPATH\index.php(79): CodeIgniter\CodeIgniter->run()
CRITICAL - 2024-01-23 20:37:14 --> fopen(example.pdf): Failed to open stream: Resource temporarily unavailable
in APPPATH\ThirdParty\TCPDFmain\include\tcpdf_static.php on line 1811.
 1 [internal function]: CodeIgniter\Debug\Exceptions->errorHandler(2, 'fopen(example.pdf): Failed to open stream: Resource temporarily unavailable', 'C:\\xampp\\htdocs\\Bib\\app\\ThirdParty\\TCPDFmain\\include\\tcpdf_static.php', 1811)
 2 APPPATH\ThirdParty\TCPDFmain\include\tcpdf_static.php(1811): fopen('example.pdf', 'wb')
 3 APPPATH\ThirdParty\TCPDFmain\tcpdf.php(7769): TCPDF_STATIC::fopenLocal('example.pdf', 'wb')
 4 APPPATH\Controllers\PdfController.php(84): TCPDF->Output('example.pdf', 'F')
 5 SYSTEMPATH\CodeIgniter.php(942): App\Controllers\PdfController->index()
 6 SYSTEMPATH\CodeIgniter.php(502): CodeIgniter\CodeIgniter->runController(Object(App\Controllers\PdfController))
 7 SYSTEMPATH\CodeIgniter.php(361): CodeIgniter\CodeIgniter->handleRequest(null, Object(Config\Cache), false)
 8 FCPATH\index.php(79): CodeIgniter\CodeIgniter->run()
CRITICAL - 2024-01-23 20:37:27 --> fopen(example.pdf): Failed to open stream: Resource temporarily unavailable
in APPPATH\ThirdParty\TCPDFmain\include\tcpdf_static.php on line 1811.
 1 [internal function]: CodeIgniter\Debug\Exceptions->errorHandler(2, 'fopen(example.pdf): Failed to open stream: Resource temporarily unavailable', 'C:\\xampp\\htdocs\\Bib\\app\\ThirdParty\\TCPDFmain\\include\\tcpdf_static.php', 1811)
 2 APPPATH\ThirdParty\TCPDFmain\include\tcpdf_static.php(1811): fopen('example.pdf', 'wb')
 3 APPPATH\ThirdParty\TCPDFmain\tcpdf.php(7769): TCPDF_STATIC::fopenLocal('example.pdf', 'wb')
 4 APPPATH\Controllers\PdfController.php(84): TCPDF->Output('example.pdf', 'F')
 5 SYSTEMPATH\CodeIgniter.php(942): App\Controllers\PdfController->index()
 6 SYSTEMPATH\CodeIgniter.php(502): CodeIgniter\CodeIgniter->runController(Object(App\Controllers\PdfController))
 7 SYSTEMPATH\CodeIgniter.php(361): CodeIgniter\CodeIgniter->handleRequest(null, Object(Config\Cache), false)
 8 FCPATH\index.php(79): CodeIgniter\CodeIgniter->run()
CRITICAL - 2024-01-23 20:37:39 --> fopen(example.pdf): Failed to open stream: Resource temporarily unavailable
in APPPATH\ThirdParty\TCPDFmain\include\tcpdf_static.php on line 1811.
 1 [internal function]: CodeIgniter\Debug\Exceptions->errorHandler(2, 'fopen(example.pdf): Failed to open stream: Resource temporarily unavailable', 'C:\\xampp\\htdocs\\Bib\\app\\ThirdParty\\TCPDFmain\\include\\tcpdf_static.php', 1811)
 2 APPPATH\ThirdParty\TCPDFmain\include\tcpdf_static.php(1811): fopen('example.pdf', 'wb')
 3 APPPATH\ThirdParty\TCPDFmain\tcpdf.php(7769): TCPDF_STATIC::fopenLocal('example.pdf', 'wb')
 4 APPPATH\Controllers\PdfController.php(86): TCPDF->Output('example.pdf', 'F')
 5 SYSTEMPATH\CodeIgniter.php(942): App\Controllers\PdfController->index()
 6 SYSTEMPATH\CodeIgniter.php(502): CodeIgniter\CodeIgniter->runController(Object(App\Controllers\PdfController))
 7 SYSTEMPATH\CodeIgniter.php(361): CodeIgniter\CodeIgniter->handleRequest(null, Object(Config\Cache), false)
 8 FCPATH\index.php(79): CodeIgniter\CodeIgniter->run()
CRITICAL - 2024-01-23 20:37:52 --> fopen(example.pdf): Failed to open stream: Resource temporarily unavailable
in APPPATH\ThirdParty\TCPDFmain\include\tcpdf_static.php on line 1811.
 1 [internal function]: CodeIgniter\Debug\Exceptions->errorHandler(2, 'fopen(example.pdf): Failed to open stream: Resource temporarily unavailable', 'C:\\xampp\\htdocs\\Bib\\app\\ThirdParty\\TCPDFmain\\include\\tcpdf_static.php', 1811)
 2 APPPATH\ThirdParty\TCPDFmain\include\tcpdf_static.php(1811): fopen('example.pdf', 'wb')
 3 APPPATH\ThirdParty\TCPDFmain\tcpdf.php(7769): TCPDF_STATIC::fopenLocal('example.pdf', 'wb')
 4 APPPATH\Controllers\PdfController.php(86): TCPDF->Output('example.pdf', 'F')
 5 SYSTEMPATH\CodeIgniter.php(942): App\Controllers\PdfController->index()
 6 SYSTEMPATH\CodeIgniter.php(502): CodeIgniter\CodeIgniter->runController(Object(App\Controllers\PdfController))
 7 SYSTEMPATH\CodeIgniter.php(361): CodeIgniter\CodeIgniter->handleRequest(null, Object(Config\Cache), false)
 8 FCPATH\index.php(79): CodeIgniter\CodeIgniter->run()
CRITICAL - 2024-01-23 20:37:56 --> fopen(example.pdf): Failed to open stream: Resource temporarily unavailable
in APPPATH\ThirdParty\TCPDFmain\include\tcpdf_static.php on line 1811.
 1 [internal function]: CodeIgniter\Debug\Exceptions->errorHandler(2, 'fopen(example.pdf): Failed to open stream: Resource temporarily unavailable', 'C:\\xampp\\htdocs\\Bib\\app\\ThirdParty\\TCPDFmain\\include\\tcpdf_static.php', 1811)
 2 APPPATH\ThirdParty\TCPDFmain\include\tcpdf_static.php(1811): fopen('example.pdf', 'wb')
 3 APPPATH\ThirdParty\TCPDFmain\tcpdf.php(7769): TCPDF_STATIC::fopenLocal('example.pdf', 'wb')
 4 APPPATH\Controllers\PdfController.php(86): TCPDF->Output('example.pdf', 'F')
 5 SYSTEMPATH\CodeIgniter.php(942): App\Controllers\PdfController->index()
 6 SYSTEMPATH\CodeIgniter.php(502): CodeIgniter\CodeIgniter->runController(Object(App\Controllers\PdfController))
 7 SYSTEMPATH\CodeIgniter.php(361): CodeIgniter\CodeIgniter->handleRequest(null, Object(Config\Cache), false)
 8 FCPATH\index.php(79): CodeIgniter\CodeIgniter->run()
CRITICAL - 2024-01-23 20:38:00 --> fopen(example.pdf): Failed to open stream: Resource temporarily unavailable
in APPPATH\ThirdParty\TCPDFmain\include\tcpdf_static.php on line 1811.
 1 [internal function]: CodeIgniter\Debug\Exceptions->errorHandler(2, 'fopen(example.pdf): Failed to open stream: Resource temporarily unavailable', 'C:\\xampp\\htdocs\\Bib\\app\\ThirdParty\\TCPDFmain\\include\\tcpdf_static.php', 1811)
 2 APPPATH\ThirdParty\TCPDFmain\include\tcpdf_static.php(1811): fopen('example.pdf', 'wb')
 3 APPPATH\ThirdParty\TCPDFmain\tcpdf.php(7769): TCPDF_STATIC::fopenLocal('example.pdf', 'wb')
 4 APPPATH\Controllers\PdfController.php(86): TCPDF->Output('example.pdf', 'F')
 5 SYSTEMPATH\CodeIgniter.php(942): App\Controllers\PdfController->index()
 6 SYSTEMPATH\CodeIgniter.php(502): CodeIgniter\CodeIgniter->runController(Object(App\Controllers\PdfController))
 7 SYSTEMPATH\CodeIgniter.php(361): CodeIgniter\CodeIgniter->handleRequest(null, Object(Config\Cache), false)
 8 FCPATH\index.php(79): CodeIgniter\CodeIgniter->run()
CRITICAL - 2024-01-23 20:38:40 --> fopen(example.pdf): Failed to open stream: Resource temporarily unavailable
in APPPATH\ThirdParty\TCPDFmain\include\tcpdf_static.php on line 1811.
 1 [internal function]: CodeIgniter\Debug\Exceptions->errorHandler(2, 'fopen(example.pdf): Failed to open stream: Resource temporarily unavailable', 'C:\\xampp\\htdocs\\Bib\\app\\ThirdParty\\TCPDFmain\\include\\tcpdf_static.php', 1811)
 2 APPPATH\ThirdParty\TCPDFmain\include\tcpdf_static.php(1811): fopen('example.pdf', 'wb')
 3 APPPATH\ThirdParty\TCPDFmain\tcpdf.php(7769): TCPDF_STATIC::fopenLocal('example.pdf', 'wb')
 4 APPPATH\Controllers\PdfController.php(86): TCPDF->Output('example.pdf', 'F')
 5 SYSTEMPATH\CodeIgniter.php(942): App\Controllers\PdfController->index()
 6 SYSTEMPATH\CodeIgniter.php(502): CodeIgniter\CodeIgniter->runController(Object(App\Controllers\PdfController))
 7 SYSTEMPATH\CodeIgniter.php(361): CodeIgniter\CodeIgniter->handleRequest(null, Object(Config\Cache), false)
 8 FCPATH\index.php(79): CodeIgniter\CodeIgniter->run()
CRITICAL - 2024-01-23 20:38:51 --> fopen(example.pdf): Failed to open stream: Resource temporarily unavailable
in APPPATH\ThirdParty\TCPDFmain\include\tcpdf_static.php on line 1811.
 1 [internal function]: CodeIgniter\Debug\Exceptions->errorHandler(2, 'fopen(example.pdf): Failed to open stream: Resource temporarily unavailable', 'C:\\xampp\\htdocs\\Bib\\app\\ThirdParty\\TCPDFmain\\include\\tcpdf_static.php', 1811)
 2 APPPATH\ThirdParty\TCPDFmain\include\tcpdf_static.php(1811): fopen('example.pdf', 'wb')
 3 APPPATH\ThirdParty\TCPDFmain\tcpdf.php(7769): TCPDF_STATIC::fopenLocal('example.pdf', 'wb')
 4 APPPATH\Controllers\PdfController.php(86): TCPDF->Output('example.pdf', 'F')
 5 SYSTEMPATH\CodeIgniter.php(942): App\Controllers\PdfController->index()
 6 SYSTEMPATH\CodeIgniter.php(502): CodeIgniter\CodeIgniter->runController(Object(App\Controllers\PdfController))
 7 SYSTEMPATH\CodeIgniter.php(361): CodeIgniter\CodeIgniter->handleRequest(null, Object(Config\Cache), false)
 8 FCPATH\index.php(79): CodeIgniter\CodeIgniter->run()
CRITICAL - 2024-01-23 20:39:02 --> fopen(example.pdf): Failed to open stream: Resource temporarily unavailable
in APPPATH\ThirdParty\TCPDFmain\include\tcpdf_static.php on line 1811.
 1 [internal function]: CodeIgniter\Debug\Exceptions->errorHandler(2, 'fopen(example.pdf): Failed to open stream: Resource temporarily unavailable', 'C:\\xampp\\htdocs\\Bib\\app\\ThirdParty\\TCPDFmain\\include\\tcpdf_static.php', 1811)
 2 APPPATH\ThirdParty\TCPDFmain\include\tcpdf_static.php(1811): fopen('example.pdf', 'wb')
 3 APPPATH\ThirdParty\TCPDFmain\tcpdf.php(7769): TCPDF_STATIC::fopenLocal('example.pdf', 'wb')
 4 APPPATH\Controllers\PdfController.php(86): TCPDF->Output('example.pdf', 'F')
 5 SYSTEMPATH\CodeIgniter.php(942): App\Controllers\PdfController->index()
 6 SYSTEMPATH\CodeIgniter.php(502): CodeIgniter\CodeIgniter->runController(Object(App\Controllers\PdfController))
 7 SYSTEMPATH\CodeIgniter.php(361): CodeIgniter\CodeIgniter->handleRequest(null, Object(Config\Cache), false)
 8 FCPATH\index.php(79): CodeIgniter\CodeIgniter->run()
CRITICAL - 2024-01-23 20:39:04 --> fopen(example.pdf): Failed to open stream: Resource temporarily unavailable
in APPPATH\ThirdParty\TCPDFmain\include\tcpdf_static.php on line 1811.
 1 [internal function]: CodeIgniter\Debug\Exceptions->errorHandler(2, 'fopen(example.pdf): Failed to open stream: Resource temporarily unavailable', 'C:\\xampp\\htdocs\\Bib\\app\\ThirdParty\\TCPDFmain\\include\\tcpdf_static.php', 1811)
 2 APPPATH\ThirdParty\TCPDFmain\include\tcpdf_static.php(1811): fopen('example.pdf', 'wb')
 3 APPPATH\ThirdParty\TCPDFmain\tcpdf.php(7769): TCPDF_STATIC::fopenLocal('example.pdf', 'wb')
 4 APPPATH\Controllers\PdfController.php(86): TCPDF->Output('example.pdf', 'F')
 5 SYSTEMPATH\CodeIgniter.php(942): App\Controllers\PdfController->index()
 6 SYSTEMPATH\CodeIgniter.php(502): CodeIgniter\CodeIgniter->runController(Object(App\Controllers\PdfController))
 7 SYSTEMPATH\CodeIgniter.php(361): CodeIgniter\CodeIgniter->handleRequest(null, Object(Config\Cache), false)
 8 FCPATH\index.php(79): CodeIgniter\CodeIgniter->run()
CRITICAL - 2024-01-23 20:39:53 --> fopen(example.pdf): Failed to open stream: Resource temporarily unavailable
in APPPATH\ThirdParty\TCPDFmain\include\tcpdf_static.php on line 1811.
 1 [internal function]: CodeIgniter\Debug\Exceptions->errorHandler(2, 'fopen(example.pdf): Failed to open stream: Resource temporarily unavailable', 'C:\\xampp\\htdocs\\Bib\\app\\ThirdParty\\TCPDFmain\\include\\tcpdf_static.php', 1811)
 2 APPPATH\ThirdParty\TCPDFmain\include\tcpdf_static.php(1811): fopen('example.pdf', 'wb')
 3 APPPATH\ThirdParty\TCPDFmain\tcpdf.php(7769): TCPDF_STATIC::fopenLocal('example.pdf', 'wb')
 4 APPPATH\Controllers\PdfController.php(86): TCPDF->Output('example.pdf', 'F')
 5 SYSTEMPATH\CodeIgniter.php(942): App\Controllers\PdfController->index()
 6 SYSTEMPATH\CodeIgniter.php(502): CodeIgniter\CodeIgniter->runController(Object(App\Controllers\PdfController))
 7 SYSTEMPATH\CodeIgniter.php(361): CodeIgniter\CodeIgniter->handleRequest(null, Object(Config\Cache), false)
 8 FCPATH\index.php(79): CodeIgniter\CodeIgniter->run()
