ERROR - 2024-03-14 21:56:04 --> Error connecting to the database: mysqli_sql_exception: No se puede establecer una conexión ya que el equipo de destino denegó expresamente dicha conexión in C:\xampp\htdocs\Bib\system\Database\MySQLi\Connection.php:185
Stack trace:
#0 C:\xampp\htdocs\Bib\system\Database\MySQLi\Connection.php(185): mysqli->real_connect('localhost', 'root', '', 'biblioteca', 3306, '', 0)
#1 C:\xampp\htdocs\Bib\system\Database\BaseConnection.php(392): CodeIgniter\Database\MySQLi\Connection->connect(false)
#2 C:\xampp\htdocs\Bib\system\Database\BaseConnection.php(575): CodeIgniter\Database\BaseConnection->initialize()
#3 C:\xampp\htdocs\Bib\app\Models\Principal.php(63): CodeIgniter\Database\BaseConnection->query('SELECT Asiento ...')
#4 C:\xampp\htdocs\Bib\app\Controllers\ControllerPrincipal.php(69): App\Models\Principal->ListarAsientos()
#5 C:\xampp\htdocs\Bib\system\CodeIgniter.php(942): App\Controllers\ControllerPrincipal->listar_asientos()
#6 C:\xampp\htdocs\Bib\system\CodeIgniter.php(502): CodeIgniter\CodeIgniter->runController(Object(App\Controllers\ControllerPrincipal))
#7 C:\xampp\htdocs\Bib\system\CodeIgniter.php(361): CodeIgniter\CodeIgniter->handleRequest(NULL, Object(Config\Cache), false)
#8 C:\xampp\htdocs\Bib\public\index.php(79): CodeIgniter\CodeIgniter->run()
#9 {main}

Next CodeIgniter\Database\Exceptions\DatabaseException: No se puede establecer una conexión ya que el equipo de destino denegó expresamente dicha conexión in C:\xampp\htdocs\Bib\system\Database\MySQLi\Connection.php:229
Stack trace:
#0 C:\xampp\htdocs\Bib\system\Database\BaseConnection.php(392): CodeIgniter\Database\MySQLi\Connection->connect(false)
#1 C:\xampp\htdocs\Bib\system\Database\BaseConnection.php(575): CodeIgniter\Database\BaseConnection->initialize()
#2 C:\xampp\htdocs\Bib\app\Models\Principal.php(63): CodeIgniter\Database\BaseConnection->query('SELECT Asiento ...')
#3 C:\xampp\htdocs\Bib\app\Controllers\ControllerPrincipal.php(69): App\Models\Principal->ListarAsientos()
#4 C:\xampp\htdocs\Bib\system\CodeIgniter.php(942): App\Controllers\ControllerPrincipal->listar_asientos()
#5 C:\xampp\htdocs\Bib\system\CodeIgniter.php(502): CodeIgniter\CodeIgniter->runController(Object(App\Controllers\ControllerPrincipal))
#6 C:\xampp\htdocs\Bib\system\CodeIgniter.php(361): CodeIgniter\CodeIgniter->handleRequest(NULL, Object(Config\Cache), false)
#7 C:\xampp\htdocs\Bib\public\index.php(79): CodeIgniter\CodeIgniter->run()
#8 {main}
CRITICAL - 2024-03-14 21:56:04 --> Unable to connect to the database.
Main connection [MySQLi]: No se puede establecer una conexión ya que el equipo de destino denegó expresamente dicha conexión
in SYSTEMPATH\Database\BaseConnection.php on line 428.
 1 SYSTEMPATH\Database\BaseConnection.php(575): CodeIgniter\Database\BaseConnection->initialize()
 2 APPPATH\Models\Principal.php(63): CodeIgniter\Database\BaseConnection->query('SELECT Asiento FROM asientos')
 3 APPPATH\Controllers\ControllerPrincipal.php(69): App\Models\Principal->ListarAsientos()
 4 SYSTEMPATH\CodeIgniter.php(942): App\Controllers\ControllerPrincipal->listar_asientos()
 5 SYSTEMPATH\CodeIgniter.php(502): CodeIgniter\CodeIgniter->runController(Object(App\Controllers\ControllerPrincipal))
 6 SYSTEMPATH\CodeIgniter.php(361): CodeIgniter\CodeIgniter->handleRequest(null, Object(Config\Cache), false)
 7 FCPATH\index.php(79): CodeIgniter\CodeIgniter->run()
ERROR - 2024-03-14 21:56:04 --> Error connecting to the database: mysqli_sql_exception: No se puede establecer una conexión ya que el equipo de destino denegó expresamente dicha conexión in C:\xampp\htdocs\Bib\system\Database\MySQLi\Connection.php:185
Stack trace:
#0 C:\xampp\htdocs\Bib\system\Database\MySQLi\Connection.php(185): mysqli->real_connect('localhost', 'root', '', 'biblioteca', 3306, '', 0)
#1 C:\xampp\htdocs\Bib\system\Database\BaseConnection.php(392): CodeIgniter\Database\MySQLi\Connection->connect(false)
#2 C:\xampp\htdocs\Bib\system\Database\BaseConnection.php(575): CodeIgniter\Database\BaseConnection->initialize()
#3 C:\xampp\htdocs\Bib\app\Models\Principal.php(63): CodeIgniter\Database\BaseConnection->query('SELECT Asiento ...')
#4 C:\xampp\htdocs\Bib\app\Controllers\ControllerPrincipal.php(69): App\Models\Principal->ListarAsientos()
#5 C:\xampp\htdocs\Bib\system\CodeIgniter.php(942): App\Controllers\ControllerPrincipal->listar_asientos()
#6 C:\xampp\htdocs\Bib\system\CodeIgniter.php(502): CodeIgniter\CodeIgniter->runController(Object(App\Controllers\ControllerPrincipal))
#7 C:\xampp\htdocs\Bib\system\CodeIgniter.php(361): CodeIgniter\CodeIgniter->handleRequest(NULL, Object(Config\Cache), false)
#8 C:\xampp\htdocs\Bib\public\index.php(79): CodeIgniter\CodeIgniter->run()
#9 {main}

Next CodeIgniter\Database\Exceptions\DatabaseException: No se puede establecer una conexión ya que el equipo de destino denegó expresamente dicha conexión in C:\xampp\htdocs\Bib\system\Database\MySQLi\Connection.php:229
Stack trace:
#0 C:\xampp\htdocs\Bib\system\Database\BaseConnection.php(392): CodeIgniter\Database\MySQLi\Connection->connect(false)
#1 C:\xampp\htdocs\Bib\system\Database\BaseConnection.php(575): CodeIgniter\Database\BaseConnection->initialize()
#2 C:\xampp\htdocs\Bib\app\Models\Principal.php(63): CodeIgniter\Database\BaseConnection->query('SELECT Asiento ...')
#3 C:\xampp\htdocs\Bib\app\Controllers\ControllerPrincipal.php(69): App\Models\Principal->ListarAsientos()
#4 C:\xampp\htdocs\Bib\system\CodeIgniter.php(942): App\Controllers\ControllerPrincipal->listar_asientos()
#5 C:\xampp\htdocs\Bib\system\CodeIgniter.php(502): CodeIgniter\CodeIgniter->runController(Object(App\Controllers\ControllerPrincipal))
#6 C:\xampp\htdocs\Bib\system\CodeIgniter.php(361): CodeIgniter\CodeIgniter->handleRequest(NULL, Object(Config\Cache), false)
#7 C:\xampp\htdocs\Bib\public\index.php(79): CodeIgniter\CodeIgniter->run()
#8 {main}
CRITICAL - 2024-03-14 21:56:04 --> Unable to connect to the database.
Main connection [MySQLi]: No se puede establecer una conexión ya que el equipo de destino denegó expresamente dicha conexión
in SYSTEMPATH\Database\BaseConnection.php on line 428.
 1 SYSTEMPATH\Database\BaseConnection.php(575): CodeIgniter\Database\BaseConnection->initialize()
 2 APPPATH\Models\Principal.php(63): CodeIgniter\Database\BaseConnection->query('SELECT Asiento FROM asientos')
 3 APPPATH\Controllers\ControllerPrincipal.php(69): App\Models\Principal->ListarAsientos()
 4 SYSTEMPATH\CodeIgniter.php(942): App\Controllers\ControllerPrincipal->listar_asientos()
 5 SYSTEMPATH\CodeIgniter.php(502): CodeIgniter\CodeIgniter->runController(Object(App\Controllers\ControllerPrincipal))
 6 SYSTEMPATH\CodeIgniter.php(361): CodeIgniter\CodeIgniter->handleRequest(null, Object(Config\Cache), false)
 7 FCPATH\index.php(79): CodeIgniter\CodeIgniter->run()
