CRITICAL - 2024-01-24 04:22:29 --> Undefined variable $resultadoConsulta
in APPPATH\Controllers\Busquedas.php on line 73.
 1 APPPATH\Controllers\Busquedas.php(73): CodeIgniter\Debug\Exceptions->errorHandler(2, 'Undefined variable $resultadoConsulta', 'C:\\xampp\\htdocs\\Bib\\app\\Controllers\\Busquedas.php', 73)
 2 SYSTEMPATH\CodeIgniter.php(942): App\Controllers\Busquedas->buscarRegistros()
 3 SYSTEMPATH\CodeIgniter.php(502): CodeIgniter\CodeIgniter->runController(Object(App\Controllers\Busquedas))
 4 SYSTEMPATH\CodeIgniter.php(361): CodeIgniter\CodeIgniter->handleRequest(null, Object(Config\Cache), false)
 5 FCPATH\index.php(79): CodeIgniter\CodeIgniter->run()
ERROR - 2024-01-24 05:12:19 --> Email: sendWithMail throwed ErrorException: mail(): Failed to connect to mailserver at &quot;localhost&quot; port 25, verify your &quot;SMTP&quot; and &quot;smtp_port&quot; setting in php.ini or use ini_set() in C:\xampp\htdocs\Bib\system\Email\Email.php:1752
Stack trace:
#0 [internal function]: CodeIgniter\Debug\Exceptions->errorHandler(2, 'mail(): Failed ...', 'C:\\xampp\\htdocs...', 1752)
#1 C:\xampp\htdocs\Bib\system\Email\Email.php(1752): mail('noreply@agendah...', '=?UTF-8?Q?Email...', 'This is a multi...', 'Date: Wed, 24 J...', '-f tu_correo@ex...')
#2 C:\xampp\htdocs\Bib\system\Email\Email.php(1684): CodeIgniter\Email\Email->sendWithMail()
#3 C:\xampp\htdocs\Bib\system\Email\Email.php(1578): CodeIgniter\Email\Email->spoolEmail()
#4 C:\xampp\htdocs\Bib\app\Controllers\ControllerEmail.php(30): CodeIgniter\Email\Email->send()
#5 C:\xampp\htdocs\Bib\system\CodeIgniter.php(942): App\Controllers\ControllerEmail->index()
#6 C:\xampp\htdocs\Bib\system\CodeIgniter.php(502): CodeIgniter\CodeIgniter->runController(Object(App\Controllers\ControllerEmail))
#7 C:\xampp\htdocs\Bib\system\CodeIgniter.php(361): CodeIgniter\CodeIgniter->handleRequest(NULL, Object(Config\Cache), false)
#8 C:\xampp\htdocs\Bib\public\index.php(79): CodeIgniter\CodeIgniter->run()
#9 {main}
ERROR - 2024-01-24 05:12:19 --> Email: Unable to send email using PHP mail(). Your server might not be configured to send mail using this method.
ERROR - 2024-01-24 05:12:19 --> 
ERROR - 2024-01-24 05:13:49 --> Email: sendWithMail throwed ErrorException: mail(): Failed to connect to mailserver at &quot;localhost&quot; port 25, verify your &quot;SMTP&quot; and &quot;smtp_port&quot; setting in php.ini or use ini_set() in C:\xampp\htdocs\Bib\system\Email\Email.php:1752
Stack trace:
#0 [internal function]: CodeIgniter\Debug\Exceptions->errorHandler(2, 'mail(): Failed ...', 'C:\\xampp\\htdocs...', 1752)
#1 C:\xampp\htdocs\Bib\system\Email\Email.php(1752): mail('noreply@agendah...', '=?UTF-8?Q?Email...', 'This is a multi...', 'Date: Wed, 24 J...', '-f tu_correo@ex...')
#2 C:\xampp\htdocs\Bib\system\Email\Email.php(1684): CodeIgniter\Email\Email->sendWithMail()
#3 C:\xampp\htdocs\Bib\system\Email\Email.php(1578): CodeIgniter\Email\Email->spoolEmail()
#4 C:\xampp\htdocs\Bib\app\Controllers\ControllerEmail.php(30): CodeIgniter\Email\Email->send()
#5 C:\xampp\htdocs\Bib\system\CodeIgniter.php(942): App\Controllers\ControllerEmail->index()
#6 C:\xampp\htdocs\Bib\system\CodeIgniter.php(502): CodeIgniter\CodeIgniter->runController(Object(App\Controllers\ControllerEmail))
#7 C:\xampp\htdocs\Bib\system\CodeIgniter.php(361): CodeIgniter\CodeIgniter->handleRequest(NULL, Object(Config\Cache), false)
#8 C:\xampp\htdocs\Bib\public\index.php(79): CodeIgniter\CodeIgniter->run()
#9 {main}
ERROR - 2024-01-24 05:13:49 --> Email: Unable to send email using PHP mail(). Your server might not be configured to send mail using this method.
ERROR - 2024-01-24 05:13:49 --> 
ERROR - 2024-01-24 05:18:10 --> Email: sendWithMail throwed ErrorException: mail(): Failed to connect to mailserver at &quot;localhost&quot; port 25, verify your &quot;SMTP&quot; and &quot;smtp_port&quot; setting in php.ini or use ini_set() in C:\xampp\htdocs\Bib\system\Email\Email.php:1752
Stack trace:
#0 [internal function]: CodeIgniter\Debug\Exceptions->errorHandler(2, 'mail(): Failed ...', 'C:\\xampp\\htdocs...', 1752)
#1 C:\xampp\htdocs\Bib\system\Email\Email.php(1752): mail('noreply@agendah...', '=?UTF-8?Q?Email...', 'This is a multi...', 'Date: Wed, 24 J...', '-f tu_correo@ex...')
#2 C:\xampp\htdocs\Bib\system\Email\Email.php(1684): CodeIgniter\Email\Email->sendWithMail()
#3 C:\xampp\htdocs\Bib\system\Email\Email.php(1578): CodeIgniter\Email\Email->spoolEmail()
#4 C:\xampp\htdocs\Bib\app\Controllers\ControllerEmail.php(30): CodeIgniter\Email\Email->send()
#5 C:\xampp\htdocs\Bib\system\CodeIgniter.php(942): App\Controllers\ControllerEmail->index()
#6 C:\xampp\htdocs\Bib\system\CodeIgniter.php(502): CodeIgniter\CodeIgniter->runController(Object(App\Controllers\ControllerEmail))
#7 C:\xampp\htdocs\Bib\system\CodeIgniter.php(361): CodeIgniter\CodeIgniter->handleRequest(NULL, Object(Config\Cache), false)
#8 C:\xampp\htdocs\Bib\public\index.php(79): CodeIgniter\CodeIgniter->run()
#9 {main}
ERROR - 2024-01-24 05:18:10 --> Email: Unable to send email using PHP mail(). Your server might not be configured to send mail using this method.
ERROR - 2024-01-24 05:18:10 --> 
ERROR - 2024-01-24 05:19:13 --> Email: sendWithMail throwed ErrorException: mail(): Failed to connect to mailserver at &quot;localhost&quot; port 25, verify your &quot;SMTP&quot; and &quot;smtp_port&quot; setting in php.ini or use ini_set() in C:\xampp\htdocs\Bib\system\Email\Email.php:1752
Stack trace:
#0 [internal function]: CodeIgniter\Debug\Exceptions->errorHandler(2, 'mail(): Failed ...', 'C:\\xampp\\htdocs...', 1752)
#1 C:\xampp\htdocs\Bib\system\Email\Email.php(1752): mail('noreply@agendah...', '=?UTF-8?Q?Email...', '<h1>CodeIgniter...', 'Date: Wed, 24 J...', '-f tu_correo@ex...')
#2 C:\xampp\htdocs\Bib\system\Email\Email.php(1684): CodeIgniter\Email\Email->sendWithMail()
#3 C:\xampp\htdocs\Bib\system\Email\Email.php(1578): CodeIgniter\Email\Email->spoolEmail()
#4 C:\xampp\htdocs\Bib\app\Controllers\ControllerEmail.php(30): CodeIgniter\Email\Email->send()
#5 C:\xampp\htdocs\Bib\system\CodeIgniter.php(942): App\Controllers\ControllerEmail->index()
#6 C:\xampp\htdocs\Bib\system\CodeIgniter.php(502): CodeIgniter\CodeIgniter->runController(Object(App\Controllers\ControllerEmail))
#7 C:\xampp\htdocs\Bib\system\CodeIgniter.php(361): CodeIgniter\CodeIgniter->handleRequest(NULL, Object(Config\Cache), false)
#8 C:\xampp\htdocs\Bib\public\index.php(79): CodeIgniter\CodeIgniter->run()
#9 {main}
ERROR - 2024-01-24 05:19:13 --> Email: Unable to send email using PHP mail(). Your server might not be configured to send mail using this method.
ERROR - 2024-01-24 05:19:13 --> 
ERROR - 2024-01-24 05:20:12 --> Email: sendWithMail throwed ErrorException: mail(): Failed to connect to mailserver at &quot;localhost&quot; port 25, verify your &quot;SMTP&quot; and &quot;smtp_port&quot; setting in php.ini or use ini_set() in C:\xampp\htdocs\Bib\system\Email\Email.php:1752
Stack trace:
#0 [internal function]: CodeIgniter\Debug\Exceptions->errorHandler(2, 'mail(): Failed ...', 'C:\\xampp\\htdocs...', 1752)
#1 C:\xampp\htdocs\Bib\system\Email\Email.php(1752): mail('noreply@agendah...', '=?UTF-8?Q?Email...', '<h1>CodeIgniter...', 'Date: Wed, 24 J...', '-f tu_correo@ex...')
#2 C:\xampp\htdocs\Bib\system\Email\Email.php(1684): CodeIgniter\Email\Email->sendWithMail()
#3 C:\xampp\htdocs\Bib\system\Email\Email.php(1578): CodeIgniter\Email\Email->spoolEmail()
#4 C:\xampp\htdocs\Bib\app\Controllers\ControllerEmail.php(30): CodeIgniter\Email\Email->send()
#5 C:\xampp\htdocs\Bib\system\CodeIgniter.php(942): App\Controllers\ControllerEmail->index()
#6 C:\xampp\htdocs\Bib\system\CodeIgniter.php(502): CodeIgniter\CodeIgniter->runController(Object(App\Controllers\ControllerEmail))
#7 C:\xampp\htdocs\Bib\system\CodeIgniter.php(361): CodeIgniter\CodeIgniter->handleRequest(NULL, Object(Config\Cache), false)
#8 C:\xampp\htdocs\Bib\public\index.php(79): CodeIgniter\CodeIgniter->run()
#9 {main}
ERROR - 2024-01-24 05:20:12 --> Email: Unable to send email using PHP mail(). Your server might not be configured to send mail using this method.
ERROR - 2024-01-24 05:20:12 --> 
ERROR - 2024-01-24 05:22:16 --> Email: sendWithMail throwed ErrorException: mail(): Failed to connect to mailserver at &quot;localhost&quot; port 25, verify your &quot;SMTP&quot; and &quot;smtp_port&quot; setting in php.ini or use ini_set() in C:\xampp\htdocs\Bib\system\Email\Email.php:1752
Stack trace:
#0 [internal function]: CodeIgniter\Debug\Exceptions->errorHandler(2, 'mail(): Failed ...', 'C:\\xampp\\htdocs...', 1752)
#1 C:\xampp\htdocs\Bib\system\Email\Email.php(1752): mail('noreply@agendah...', '=?UTF-8?Q?Email...', 'This is a multi...', 'Date: Wed, 24 J...', '-f tu_correo@ex...')
#2 C:\xampp\htdocs\Bib\system\Email\Email.php(1684): CodeIgniter\Email\Email->sendWithMail()
#3 C:\xampp\htdocs\Bib\system\Email\Email.php(1578): CodeIgniter\Email\Email->spoolEmail()
#4 C:\xampp\htdocs\Bib\app\Controllers\ControllerEmail.php(30): CodeIgniter\Email\Email->send()
#5 C:\xampp\htdocs\Bib\system\CodeIgniter.php(942): App\Controllers\ControllerEmail->index()
#6 C:\xampp\htdocs\Bib\system\CodeIgniter.php(502): CodeIgniter\CodeIgniter->runController(Object(App\Controllers\ControllerEmail))
#7 C:\xampp\htdocs\Bib\system\CodeIgniter.php(361): CodeIgniter\CodeIgniter->handleRequest(NULL, Object(Config\Cache), false)
#8 C:\xampp\htdocs\Bib\public\index.php(79): CodeIgniter\CodeIgniter->run()
#9 {main}
ERROR - 2024-01-24 05:22:16 --> Email: Unable to send email using PHP mail(). Your server might not be configured to send mail using this method.
ERROR - 2024-01-24 05:22:16 --> 
ERROR - 2024-01-24 05:22:27 --> Email: sendWithMail throwed ErrorException: mail(): Failed to connect to mailserver at &quot;localhost&quot; port 25, verify your &quot;SMTP&quot; and &quot;smtp_port&quot; setting in php.ini or use ini_set() in C:\xampp\htdocs\Bib\system\Email\Email.php:1752
Stack trace:
#0 [internal function]: CodeIgniter\Debug\Exceptions->errorHandler(2, 'mail(): Failed ...', 'C:\\xampp\\htdocs...', 1752)
#1 C:\xampp\htdocs\Bib\system\Email\Email.php(1752): mail('noreply@agendah...', '=?UTF-8?Q?Email...', '<h1>CodeIgniter...', 'Date: Wed, 24 J...', '-f tu_correo@ex...')
#2 C:\xampp\htdocs\Bib\system\Email\Email.php(1684): CodeIgniter\Email\Email->sendWithMail()
#3 C:\xampp\htdocs\Bib\system\Email\Email.php(1578): CodeIgniter\Email\Email->spoolEmail()
#4 C:\xampp\htdocs\Bib\app\Controllers\ControllerEmail.php(30): CodeIgniter\Email\Email->send()
#5 C:\xampp\htdocs\Bib\system\CodeIgniter.php(942): App\Controllers\ControllerEmail->index()
#6 C:\xampp\htdocs\Bib\system\CodeIgniter.php(502): CodeIgniter\CodeIgniter->runController(Object(App\Controllers\ControllerEmail))
#7 C:\xampp\htdocs\Bib\system\CodeIgniter.php(361): CodeIgniter\CodeIgniter->handleRequest(NULL, Object(Config\Cache), false)
#8 C:\xampp\htdocs\Bib\public\index.php(79): CodeIgniter\CodeIgniter->run()
#9 {main}
ERROR - 2024-01-24 05:22:27 --> Email: Unable to send email using PHP mail(). Your server might not be configured to send mail using this method.
ERROR - 2024-01-24 05:22:27 --> 
ERROR - 2024-01-24 05:23:27 --> Email: sendWithMail throwed ErrorException: mail(): Failed to connect to mailserver at &quot;localhost&quot; port 25, verify your &quot;SMTP&quot; and &quot;smtp_port&quot; setting in php.ini or use ini_set() in C:\xampp\htdocs\Bib\system\Email\Email.php:1752
Stack trace:
#0 [internal function]: CodeIgniter\Debug\Exceptions->errorHandler(2, 'mail(): Failed ...', 'C:\\xampp\\htdocs...', 1752)
#1 C:\xampp\htdocs\Bib\system\Email\Email.php(1752): mail('noreply@agendah...', '=?UTF-8?Q?Email...', '<h1>CodeIgniter...', 'Date: Wed, 24 J...', '-f tu_correo@ex...')
#2 C:\xampp\htdocs\Bib\system\Email\Email.php(1684): CodeIgniter\Email\Email->sendWithMail()
#3 C:\xampp\htdocs\Bib\system\Email\Email.php(1578): CodeIgniter\Email\Email->spoolEmail()
#4 C:\xampp\htdocs\Bib\app\Controllers\ControllerEmail.php(30): CodeIgniter\Email\Email->send()
#5 C:\xampp\htdocs\Bib\system\CodeIgniter.php(942): App\Controllers\ControllerEmail->index()
#6 C:\xampp\htdocs\Bib\system\CodeIgniter.php(502): CodeIgniter\CodeIgniter->runController(Object(App\Controllers\ControllerEmail))
#7 C:\xampp\htdocs\Bib\system\CodeIgniter.php(361): CodeIgniter\CodeIgniter->handleRequest(NULL, Object(Config\Cache), false)
#8 C:\xampp\htdocs\Bib\public\index.php(79): CodeIgniter\CodeIgniter->run()
#9 {main}
ERROR - 2024-01-24 05:23:27 --> Email: Unable to send email using PHP mail(). Your server might not be configured to send mail using this method.
ERROR - 2024-01-24 05:23:27 --> 
ERROR - 2024-01-24 05:24:41 --> Email: sendWithMail throwed ErrorException: mail(): Failed to connect to mailserver at &quot;localhost&quot; port 25, verify your &quot;SMTP&quot; and &quot;smtp_port&quot; setting in php.ini or use ini_set() in C:\xampp\htdocs\Bib\system\Email\Email.php:1752
Stack trace:
#0 [internal function]: CodeIgniter\Debug\Exceptions->errorHandler(2, 'mail(): Failed ...', 'C:\\xampp\\htdocs...', 1752)
#1 C:\xampp\htdocs\Bib\system\Email\Email.php(1752): mail('noreply@agendah...', '=?UTF-8?Q?Email...', '<h1>CodeIgniter...', 'Date: Wed, 24 J...', '-f tu_correo@ex...')
#2 C:\xampp\htdocs\Bib\system\Email\Email.php(1684): CodeIgniter\Email\Email->sendWithMail()
#3 C:\xampp\htdocs\Bib\system\Email\Email.php(1578): CodeIgniter\Email\Email->spoolEmail()
#4 C:\xampp\htdocs\Bib\app\Controllers\ControllerEmail.php(30): CodeIgniter\Email\Email->send()
#5 C:\xampp\htdocs\Bib\system\CodeIgniter.php(942): App\Controllers\ControllerEmail->index()
#6 C:\xampp\htdocs\Bib\system\CodeIgniter.php(502): CodeIgniter\CodeIgniter->runController(Object(App\Controllers\ControllerEmail))
#7 C:\xampp\htdocs\Bib\system\CodeIgniter.php(361): CodeIgniter\CodeIgniter->handleRequest(NULL, Object(Config\Cache), false)
#8 C:\xampp\htdocs\Bib\public\index.php(79): CodeIgniter\CodeIgniter->run()
#9 {main}
ERROR - 2024-01-24 05:24:41 --> Email: Unable to send email using PHP mail(). Your server might not be configured to send mail using this method.
ERROR - 2024-01-24 05:24:41 --> 
ERROR - 2024-01-24 05:25:47 --> Email: sendWithMail throwed ErrorException: mail(): Failed to connect to mailserver at &quot;localhost&quot; port 25, verify your &quot;SMTP&quot; and &quot;smtp_port&quot; setting in php.ini or use ini_set() in C:\xampp\htdocs\Bib\system\Email\Email.php:1752
Stack trace:
#0 [internal function]: CodeIgniter\Debug\Exceptions->errorHandler(2, 'mail(): Failed ...', 'C:\\xampp\\htdocs...', 1752)
#1 C:\xampp\htdocs\Bib\system\Email\Email.php(1752): mail('noreply@agendah...', '=?UTF-8?Q?Email...', '<h1>CodeIgniter...', 'Date: Wed, 24 J...', '-f tu_correo@ex...')
#2 C:\xampp\htdocs\Bib\system\Email\Email.php(1684): CodeIgniter\Email\Email->sendWithMail()
#3 C:\xampp\htdocs\Bib\system\Email\Email.php(1578): CodeIgniter\Email\Email->spoolEmail()
#4 C:\xampp\htdocs\Bib\app\Controllers\ControllerEmail.php(30): CodeIgniter\Email\Email->send()
#5 C:\xampp\htdocs\Bib\system\CodeIgniter.php(942): App\Controllers\ControllerEmail->index()
#6 C:\xampp\htdocs\Bib\system\CodeIgniter.php(502): CodeIgniter\CodeIgniter->runController(Object(App\Controllers\ControllerEmail))
#7 C:\xampp\htdocs\Bib\system\CodeIgniter.php(361): CodeIgniter\CodeIgniter->handleRequest(NULL, Object(Config\Cache), false)
#8 C:\xampp\htdocs\Bib\public\index.php(79): CodeIgniter\CodeIgniter->run()
#9 {main}
ERROR - 2024-01-24 05:25:47 --> Email: Unable to send email using PHP mail(). Your server might not be configured to send mail using this method.
ERROR - 2024-01-24 05:25:47 --> 
ERROR - 2024-01-24 05:26:41 --> Email: sendWithMail throwed ErrorException: mail(): Failed to connect to mailserver at &quot;localhost&quot; port 25, verify your &quot;SMTP&quot; and &quot;smtp_port&quot; setting in php.ini or use ini_set() in C:\xampp\htdocs\Bib\system\Email\Email.php:1752
Stack trace:
#0 [internal function]: CodeIgniter\Debug\Exceptions->errorHandler(2, 'mail(): Failed ...', 'C:\\xampp\\htdocs...', 1752)
#1 C:\xampp\htdocs\Bib\system\Email\Email.php(1752): mail('noreply@agendah...', '=?UTF-8?Q?Email...', '<h1>CodeIgniter...', 'Date: Wed, 24 J...', '-f tu_correo@ex...')
#2 C:\xampp\htdocs\Bib\system\Email\Email.php(1684): CodeIgniter\Email\Email->sendWithMail()
#3 C:\xampp\htdocs\Bib\system\Email\Email.php(1578): CodeIgniter\Email\Email->spoolEmail()
#4 C:\xampp\htdocs\Bib\app\Controllers\ControllerEmail.php(30): CodeIgniter\Email\Email->send()
#5 C:\xampp\htdocs\Bib\system\CodeIgniter.php(942): App\Controllers\ControllerEmail->index()
#6 C:\xampp\htdocs\Bib\system\CodeIgniter.php(502): CodeIgniter\CodeIgniter->runController(Object(App\Controllers\ControllerEmail))
#7 C:\xampp\htdocs\Bib\system\CodeIgniter.php(361): CodeIgniter\CodeIgniter->handleRequest(NULL, Object(Config\Cache), false)
#8 C:\xampp\htdocs\Bib\public\index.php(79): CodeIgniter\CodeIgniter->run()
#9 {main}
ERROR - 2024-01-24 05:26:41 --> Email: Unable to send email using PHP mail(). Your server might not be configured to send mail using this method.
ERROR - 2024-01-24 05:26:41 --> 
ERROR - 2024-01-24 05:28:19 --> Email: sendWithMail throwed ErrorException: mail(): Failed to connect to mailserver at &quot;localhost&quot; port 25, verify your &quot;SMTP&quot; and &quot;smtp_port&quot; setting in php.ini or use ini_set() in C:\xampp\htdocs\Bib\system\Email\Email.php:1752
Stack trace:
#0 [internal function]: CodeIgniter\Debug\Exceptions->errorHandler(2, 'mail(): Failed ...', 'C:\\xampp\\htdocs...', 1752)
#1 C:\xampp\htdocs\Bib\system\Email\Email.php(1752): mail('noreply@agendah...', '=?UTF-8?Q?Email...', '<h1>CodeIgniter...', 'Date: Wed, 24 J...', '-f tu_correo@ex...')
#2 C:\xampp\htdocs\Bib\system\Email\Email.php(1684): CodeIgniter\Email\Email->sendWithMail()
#3 C:\xampp\htdocs\Bib\system\Email\Email.php(1578): CodeIgniter\Email\Email->spoolEmail()
#4 C:\xampp\htdocs\Bib\app\Controllers\ControllerEmail.php(30): CodeIgniter\Email\Email->send()
#5 C:\xampp\htdocs\Bib\system\CodeIgniter.php(942): App\Controllers\ControllerEmail->index()
#6 C:\xampp\htdocs\Bib\system\CodeIgniter.php(502): CodeIgniter\CodeIgniter->runController(Object(App\Controllers\ControllerEmail))
#7 C:\xampp\htdocs\Bib\system\CodeIgniter.php(361): CodeIgniter\CodeIgniter->handleRequest(NULL, Object(Config\Cache), false)
#8 C:\xampp\htdocs\Bib\public\index.php(79): CodeIgniter\CodeIgniter->run()
#9 {main}
ERROR - 2024-01-24 05:28:19 --> Email: Unable to send email using PHP mail(). Your server might not be configured to send mail using this method.
ERROR - 2024-01-24 05:28:19 --> 
ERROR - 2024-01-24 05:28:27 --> Email: sendWithMail throwed ErrorException: mail(): Failed to connect to mailserver at &quot;localhost&quot; port 25, verify your &quot;SMTP&quot; and &quot;smtp_port&quot; setting in php.ini or use ini_set() in C:\xampp\htdocs\Bib\system\Email\Email.php:1752
Stack trace:
#0 [internal function]: CodeIgniter\Debug\Exceptions->errorHandler(2, 'mail(): Failed ...', 'C:\\xampp\\htdocs...', 1752)
#1 C:\xampp\htdocs\Bib\system\Email\Email.php(1752): mail('noreply@agendah...', '=?UTF-8?Q?Email...', '<h1>CodeIgniter...', 'Date: Wed, 24 J...', '-f tu_correo@ex...')
#2 C:\xampp\htdocs\Bib\system\Email\Email.php(1684): CodeIgniter\Email\Email->sendWithMail()
#3 C:\xampp\htdocs\Bib\system\Email\Email.php(1578): CodeIgniter\Email\Email->spoolEmail()
#4 C:\xampp\htdocs\Bib\app\Controllers\ControllerEmail.php(30): CodeIgniter\Email\Email->send()
#5 C:\xampp\htdocs\Bib\system\CodeIgniter.php(942): App\Controllers\ControllerEmail->index()
#6 C:\xampp\htdocs\Bib\system\CodeIgniter.php(502): CodeIgniter\CodeIgniter->runController(Object(App\Controllers\ControllerEmail))
#7 C:\xampp\htdocs\Bib\system\CodeIgniter.php(361): CodeIgniter\CodeIgniter->handleRequest(NULL, Object(Config\Cache), false)
#8 C:\xampp\htdocs\Bib\public\index.php(79): CodeIgniter\CodeIgniter->run()
#9 {main}
ERROR - 2024-01-24 05:28:27 --> Email: Unable to send email using PHP mail(). Your server might not be configured to send mail using this method.
ERROR - 2024-01-24 05:28:27 --> 
ERROR - 2024-01-24 05:29:35 --> Email: sendWithSmtp throwed ErrorException: fsockopen(): SSL operation failed with code 1. OpenSSL Error messages:
error:1408F10B:SSL routines:ssl3_get_record:wrong version number in C:\xampp\htdocs\Bib\system\Email\Email.php:1891
Stack trace:
#0 [internal function]: CodeIgniter\Debug\Exceptions->errorHandler(2, 'fsockopen(): SS...', 'C:\\xampp\\htdocs...', 1891)
#1 C:\xampp\htdocs\Bib\system\Email\Email.php(1891): fsockopen('tls://sandbox.s...', 465, NULL, NULL, 5)
#2 C:\xampp\htdocs\Bib\system\Email\Email.php(1799): CodeIgniter\Email\Email->SMTPConnect()
#3 C:\xampp\htdocs\Bib\system\Email\Email.php(1684): CodeIgniter\Email\Email->sendWithSmtp()
#4 C:\xampp\htdocs\Bib\system\Email\Email.php(1578): CodeIgniter\Email\Email->spoolEmail()
#5 C:\xampp\htdocs\Bib\app\Controllers\ControllerEmail.php(29): CodeIgniter\Email\Email->send()
#6 C:\xampp\htdocs\Bib\system\CodeIgniter.php(942): App\Controllers\ControllerEmail->index()
#7 C:\xampp\htdocs\Bib\system\CodeIgniter.php(502): CodeIgniter\CodeIgniter->runController(Object(App\Controllers\ControllerEmail))
#8 C:\xampp\htdocs\Bib\system\CodeIgniter.php(361): CodeIgniter\CodeIgniter->handleRequest(NULL, Object(Config\Cache), false)
#9 C:\xampp\htdocs\Bib\public\index.php(79): CodeIgniter\CodeIgniter->run()
#10 {main}
ERROR - 2024-01-24 05:29:35 --> Email: Unable to send email using SMTP. Your server might not be configured to send mail using this method.
ERROR - 2024-01-24 05:29:35 --> 
ERROR - 2024-01-24 05:30:16 --> Email: sendWithSmtp throwed ErrorException: fsockopen(): SSL operation failed with code 1. OpenSSL Error messages:
error:1408F10B:SSL routines:ssl3_get_record:wrong version number in C:\xampp\htdocs\Bib\system\Email\Email.php:1891
Stack trace:
#0 [internal function]: CodeIgniter\Debug\Exceptions->errorHandler(2, 'fsockopen(): SS...', 'C:\\xampp\\htdocs...', 1891)
#1 C:\xampp\htdocs\Bib\system\Email\Email.php(1891): fsockopen('tls://sandbox.s...', 465, NULL, NULL, 5)
#2 C:\xampp\htdocs\Bib\system\Email\Email.php(1799): CodeIgniter\Email\Email->SMTPConnect()
#3 C:\xampp\htdocs\Bib\system\Email\Email.php(1684): CodeIgniter\Email\Email->sendWithSmtp()
#4 C:\xampp\htdocs\Bib\system\Email\Email.php(1578): CodeIgniter\Email\Email->spoolEmail()
#5 C:\xampp\htdocs\Bib\app\Controllers\ControllerEmail.php(29): CodeIgniter\Email\Email->send()
#6 C:\xampp\htdocs\Bib\system\CodeIgniter.php(942): App\Controllers\ControllerEmail->index()
#7 C:\xampp\htdocs\Bib\system\CodeIgniter.php(502): CodeIgniter\CodeIgniter->runController(Object(App\Controllers\ControllerEmail))
#8 C:\xampp\htdocs\Bib\system\CodeIgniter.php(361): CodeIgniter\CodeIgniter->handleRequest(NULL, Object(Config\Cache), false)
#9 C:\xampp\htdocs\Bib\public\index.php(79): CodeIgniter\CodeIgniter->run()
#10 {main}
ERROR - 2024-01-24 05:30:16 --> Email: Unable to send email using SMTP. Your server might not be configured to send mail using this method.
ERROR - 2024-01-24 05:30:16 --> 
ERROR - 2024-01-24 05:30:21 --> Email: sendWithSmtp throwed ErrorException: fsockopen(): SSL operation failed with code 1. OpenSSL Error messages:
error:1408F10B:SSL routines:ssl3_get_record:wrong version number in C:\xampp\htdocs\Bib\system\Email\Email.php:1891
Stack trace:
#0 [internal function]: CodeIgniter\Debug\Exceptions->errorHandler(2, 'fsockopen(): SS...', 'C:\\xampp\\htdocs...', 1891)
#1 C:\xampp\htdocs\Bib\system\Email\Email.php(1891): fsockopen('tls://sandbox.s...', 465, NULL, NULL, 5)
#2 C:\xampp\htdocs\Bib\system\Email\Email.php(1799): CodeIgniter\Email\Email->SMTPConnect()
#3 C:\xampp\htdocs\Bib\system\Email\Email.php(1684): CodeIgniter\Email\Email->sendWithSmtp()
#4 C:\xampp\htdocs\Bib\system\Email\Email.php(1578): CodeIgniter\Email\Email->spoolEmail()
#5 C:\xampp\htdocs\Bib\app\Controllers\ControllerEmail.php(29): CodeIgniter\Email\Email->send()
#6 C:\xampp\htdocs\Bib\system\CodeIgniter.php(942): App\Controllers\ControllerEmail->index()
#7 C:\xampp\htdocs\Bib\system\CodeIgniter.php(502): CodeIgniter\CodeIgniter->runController(Object(App\Controllers\ControllerEmail))
#8 C:\xampp\htdocs\Bib\system\CodeIgniter.php(361): CodeIgniter\CodeIgniter->handleRequest(NULL, Object(Config\Cache), false)
#9 C:\xampp\htdocs\Bib\public\index.php(79): CodeIgniter\CodeIgniter->run()
#10 {main}
ERROR - 2024-01-24 05:30:21 --> Email: Unable to send email using SMTP. Your server might not be configured to send mail using this method.
ERROR - 2024-01-24 05:30:21 --> 
ERROR - 2024-01-24 05:30:31 --> Email: sendWithSmtp throwed ErrorException: fsockopen(): SSL operation failed with code 1. OpenSSL Error messages:
error:1408F10B:SSL routines:ssl3_get_record:wrong version number in C:\xampp\htdocs\Bib\system\Email\Email.php:1891
Stack trace:
#0 [internal function]: CodeIgniter\Debug\Exceptions->errorHandler(2, 'fsockopen(): SS...', 'C:\\xampp\\htdocs...', 1891)
#1 C:\xampp\htdocs\Bib\system\Email\Email.php(1891): fsockopen('tls://sandbox.s...', 465, NULL, NULL, 5)
#2 C:\xampp\htdocs\Bib\system\Email\Email.php(1799): CodeIgniter\Email\Email->SMTPConnect()
#3 C:\xampp\htdocs\Bib\system\Email\Email.php(1684): CodeIgniter\Email\Email->sendWithSmtp()
#4 C:\xampp\htdocs\Bib\system\Email\Email.php(1578): CodeIgniter\Email\Email->spoolEmail()
#5 C:\xampp\htdocs\Bib\app\Controllers\ControllerEmail.php(29): CodeIgniter\Email\Email->send()
#6 C:\xampp\htdocs\Bib\system\CodeIgniter.php(942): App\Controllers\ControllerEmail->index()
#7 C:\xampp\htdocs\Bib\system\CodeIgniter.php(502): CodeIgniter\CodeIgniter->runController(Object(App\Controllers\ControllerEmail))
#8 C:\xampp\htdocs\Bib\system\CodeIgniter.php(361): CodeIgniter\CodeIgniter->handleRequest(NULL, Object(Config\Cache), false)
#9 C:\xampp\htdocs\Bib\public\index.php(79): CodeIgniter\CodeIgniter->run()
#10 {main}
ERROR - 2024-01-24 05:30:31 --> Email: Unable to send email using SMTP. Your server might not be configured to send mail using this method.
ERROR - 2024-01-24 05:30:31 --> 
ERROR - 2024-01-24 05:30:33 --> Email: sendWithSmtp throwed ErrorException: fsockopen(): SSL operation failed with code 1. OpenSSL Error messages:
error:1408F10B:SSL routines:ssl3_get_record:wrong version number in C:\xampp\htdocs\Bib\system\Email\Email.php:1891
Stack trace:
#0 [internal function]: CodeIgniter\Debug\Exceptions->errorHandler(2, 'fsockopen(): SS...', 'C:\\xampp\\htdocs...', 1891)
#1 C:\xampp\htdocs\Bib\system\Email\Email.php(1891): fsockopen('tls://sandbox.s...', 465, NULL, NULL, 5)
#2 C:\xampp\htdocs\Bib\system\Email\Email.php(1799): CodeIgniter\Email\Email->SMTPConnect()
#3 C:\xampp\htdocs\Bib\system\Email\Email.php(1684): CodeIgniter\Email\Email->sendWithSmtp()
#4 C:\xampp\htdocs\Bib\system\Email\Email.php(1578): CodeIgniter\Email\Email->spoolEmail()
#5 C:\xampp\htdocs\Bib\app\Controllers\ControllerEmail.php(29): CodeIgniter\Email\Email->send()
#6 C:\xampp\htdocs\Bib\system\CodeIgniter.php(942): App\Controllers\ControllerEmail->index()
#7 C:\xampp\htdocs\Bib\system\CodeIgniter.php(502): CodeIgniter\CodeIgniter->runController(Object(App\Controllers\ControllerEmail))
#8 C:\xampp\htdocs\Bib\system\CodeIgniter.php(361): CodeIgniter\CodeIgniter->handleRequest(NULL, Object(Config\Cache), false)
#9 C:\xampp\htdocs\Bib\public\index.php(79): CodeIgniter\CodeIgniter->run()
#10 {main}
ERROR - 2024-01-24 05:30:33 --> Email: Unable to send email using SMTP. Your server might not be configured to send mail using this method.
ERROR - 2024-01-24 05:30:33 --> 
ERROR - 2024-01-24 05:30:52 --> Email: sendWithSmtp throwed ErrorException: fsockopen(): Unable to connect to sandbox.smtp.mailtrap.io:25 (Se produjo un error durante el intento de conexión ya que la parte conectada no respondió adecuadamente tras un periodo de tiempo, o bien se produjo un error en la conexión establecida ya que el host conectado no ha podido responder) in C:\xampp\htdocs\Bib\system\Email\Email.php:1891
Stack trace:
#0 [internal function]: CodeIgniter\Debug\Exceptions->errorHandler(2, 'fsockopen(): Un...', 'C:\\xampp\\htdocs...', 1891)
#1 C:\xampp\htdocs\Bib\system\Email\Email.php(1891): fsockopen('sandbox.smtp.ma...', 25, NULL, NULL, 5)
#2 C:\xampp\htdocs\Bib\system\Email\Email.php(1799): CodeIgniter\Email\Email->SMTPConnect()
#3 C:\xampp\htdocs\Bib\system\Email\Email.php(1684): CodeIgniter\Email\Email->sendWithSmtp()
#4 C:\xampp\htdocs\Bib\system\Email\Email.php(1578): CodeIgniter\Email\Email->spoolEmail()
#5 C:\xampp\htdocs\Bib\app\Controllers\ControllerEmail.php(29): CodeIgniter\Email\Email->send()
#6 C:\xampp\htdocs\Bib\system\CodeIgniter.php(942): App\Controllers\ControllerEmail->index()
#7 C:\xampp\htdocs\Bib\system\CodeIgniter.php(502): CodeIgniter\CodeIgniter->runController(Object(App\Controllers\ControllerEmail))
#8 C:\xampp\htdocs\Bib\system\CodeIgniter.php(361): CodeIgniter\CodeIgniter->handleRequest(NULL, Object(Config\Cache), false)
#9 C:\xampp\htdocs\Bib\public\index.php(79): CodeIgniter\CodeIgniter->run()
#10 {main}
ERROR - 2024-01-24 05:30:52 --> Email: Unable to send email using SMTP. Your server might not be configured to send mail using this method.
ERROR - 2024-01-24 05:30:52 --> 
ERROR - 2024-01-24 05:32:43 --> Email: sendWithSmtp throwed ErrorException: fsockopen(): Unable to connect to sandbox.smtp.mailtrap.io:25 (Se produjo un error durante el intento de conexión ya que la parte conectada no respondió adecuadamente tras un periodo de tiempo, o bien se produjo un error en la conexión establecida ya que el host conectado no ha podido responder) in C:\xampp\htdocs\Bib\system\Email\Email.php:1891
Stack trace:
#0 [internal function]: CodeIgniter\Debug\Exceptions->errorHandler(2, 'fsockopen(): Un...', 'C:\\xampp\\htdocs...', 1891)
#1 C:\xampp\htdocs\Bib\system\Email\Email.php(1891): fsockopen('sandbox.smtp.ma...', 25, NULL, NULL, 5)
#2 C:\xampp\htdocs\Bib\system\Email\Email.php(1799): CodeIgniter\Email\Email->SMTPConnect()
#3 C:\xampp\htdocs\Bib\system\Email\Email.php(1684): CodeIgniter\Email\Email->sendWithSmtp()
#4 C:\xampp\htdocs\Bib\system\Email\Email.php(1578): CodeIgniter\Email\Email->spoolEmail()
#5 C:\xampp\htdocs\Bib\app\Controllers\ControllerEmail.php(29): CodeIgniter\Email\Email->send()
#6 C:\xampp\htdocs\Bib\system\CodeIgniter.php(942): App\Controllers\ControllerEmail->index()
#7 C:\xampp\htdocs\Bib\system\CodeIgniter.php(502): CodeIgniter\CodeIgniter->runController(Object(App\Controllers\ControllerEmail))
#8 C:\xampp\htdocs\Bib\system\CodeIgniter.php(361): CodeIgniter\CodeIgniter->handleRequest(NULL, Object(Config\Cache), false)
#9 C:\xampp\htdocs\Bib\public\index.php(79): CodeIgniter\CodeIgniter->run()
#10 {main}
ERROR - 2024-01-24 05:32:43 --> Email: Unable to send email using SMTP. Your server might not be configured to send mail using this method.
ERROR - 2024-01-24 05:32:43 --> 
ERROR - 2024-01-24 05:33:46 --> Email: sendWithSmtp throwed ErrorException: fsockopen(): Unable to connect to sandbox.smtp.mailtrap.io:25 (Se produjo un error durante el intento de conexión ya que la parte conectada no respondió adecuadamente tras un periodo de tiempo, o bien se produjo un error en la conexión establecida ya que el host conectado no ha podido responder) in C:\xampp\htdocs\Bib\system\Email\Email.php:1891
Stack trace:
#0 [internal function]: CodeIgniter\Debug\Exceptions->errorHandler(2, 'fsockopen(): Un...', 'C:\\xampp\\htdocs...', 1891)
#1 C:\xampp\htdocs\Bib\system\Email\Email.php(1891): fsockopen('sandbox.smtp.ma...', 25, NULL, NULL, 5)
#2 C:\xampp\htdocs\Bib\system\Email\Email.php(1799): CodeIgniter\Email\Email->SMTPConnect()
#3 C:\xampp\htdocs\Bib\system\Email\Email.php(1684): CodeIgniter\Email\Email->sendWithSmtp()
#4 C:\xampp\htdocs\Bib\system\Email\Email.php(1578): CodeIgniter\Email\Email->spoolEmail()
#5 C:\xampp\htdocs\Bib\app\Controllers\ControllerEmail.php(29): CodeIgniter\Email\Email->send()
#6 C:\xampp\htdocs\Bib\system\CodeIgniter.php(942): App\Controllers\ControllerEmail->index()
#7 C:\xampp\htdocs\Bib\system\CodeIgniter.php(502): CodeIgniter\CodeIgniter->runController(Object(App\Controllers\ControllerEmail))
#8 C:\xampp\htdocs\Bib\system\CodeIgniter.php(361): CodeIgniter\CodeIgniter->handleRequest(NULL, Object(Config\Cache), false)
#9 C:\xampp\htdocs\Bib\public\index.php(79): CodeIgniter\CodeIgniter->run()
#10 {main}
ERROR - 2024-01-24 05:33:46 --> Email: Unable to send email using SMTP. Your server might not be configured to send mail using this method.
ERROR - 2024-01-24 05:33:46 --> 
ERROR - 2024-01-24 05:34:23 --> Email: sendWithSmtp throwed ErrorException: fsockopen(): Unable to connect to sandbox.smtp.mailtrap.io:25 (Se produjo un error durante el intento de conexión ya que la parte conectada no respondió adecuadamente tras un periodo de tiempo, o bien se produjo un error en la conexión establecida ya que el host conectado no ha podido responder) in C:\xampp\htdocs\Bib\system\Email\Email.php:1891
Stack trace:
#0 [internal function]: CodeIgniter\Debug\Exceptions->errorHandler(2, 'fsockopen(): Un...', 'C:\\xampp\\htdocs...', 1891)
#1 C:\xampp\htdocs\Bib\system\Email\Email.php(1891): fsockopen('sandbox.smtp.ma...', 25, NULL, NULL, 5)
#2 C:\xampp\htdocs\Bib\system\Email\Email.php(1799): CodeIgniter\Email\Email->SMTPConnect()
#3 C:\xampp\htdocs\Bib\system\Email\Email.php(1684): CodeIgniter\Email\Email->sendWithSmtp()
#4 C:\xampp\htdocs\Bib\system\Email\Email.php(1578): CodeIgniter\Email\Email->spoolEmail()
#5 C:\xampp\htdocs\Bib\app\Controllers\ControllerEmail.php(29): CodeIgniter\Email\Email->send()
#6 C:\xampp\htdocs\Bib\system\CodeIgniter.php(942): App\Controllers\ControllerEmail->index()
#7 C:\xampp\htdocs\Bib\system\CodeIgniter.php(502): CodeIgniter\CodeIgniter->runController(Object(App\Controllers\ControllerEmail))
#8 C:\xampp\htdocs\Bib\system\CodeIgniter.php(361): CodeIgniter\CodeIgniter->handleRequest(NULL, Object(Config\Cache), false)
#9 C:\xampp\htdocs\Bib\public\index.php(79): CodeIgniter\CodeIgniter->run()
#10 {main}
ERROR - 2024-01-24 05:34:23 --> Email: Unable to send email using SMTP. Your server might not be configured to send mail using this method.
ERROR - 2024-01-24 05:34:23 --> 
ERROR - 2024-01-24 05:35:04 --> Email: sendWithMail throwed ErrorException: mail(): Failed to connect to mailserver at &quot;localhost&quot; port 25, verify your &quot;SMTP&quot; and &quot;smtp_port&quot; setting in php.ini or use ini_set() in C:\xampp\htdocs\Bib\system\Email\Email.php:1752
Stack trace:
#0 [internal function]: CodeIgniter\Debug\Exceptions->errorHandler(2, 'mail(): Failed ...', 'C:\\xampp\\htdocs...', 1752)
#1 C:\xampp\htdocs\Bib\system\Email\Email.php(1752): mail('noreply@agendah...', '=?UTF-8?Q?Email...', 'solo un mensaje...', 'Date: Wed, 24 J...', '-f juandig52@gm...')
#2 C:\xampp\htdocs\Bib\system\Email\Email.php(1684): CodeIgniter\Email\Email->sendWithMail()
#3 C:\xampp\htdocs\Bib\system\Email\Email.php(1578): CodeIgniter\Email\Email->spoolEmail()
#4 C:\xampp\htdocs\Bib\app\Controllers\ControllerEmail.php(29): CodeIgniter\Email\Email->send()
#5 C:\xampp\htdocs\Bib\system\CodeIgniter.php(942): App\Controllers\ControllerEmail->index()
#6 C:\xampp\htdocs\Bib\system\CodeIgniter.php(502): CodeIgniter\CodeIgniter->runController(Object(App\Controllers\ControllerEmail))
#7 C:\xampp\htdocs\Bib\system\CodeIgniter.php(361): CodeIgniter\CodeIgniter->handleRequest(NULL, Object(Config\Cache), false)
#8 C:\xampp\htdocs\Bib\public\index.php(79): CodeIgniter\CodeIgniter->run()
#9 {main}
ERROR - 2024-01-24 05:35:04 --> Email: Unable to send email using PHP mail(). Your server might not be configured to send mail using this method.
ERROR - 2024-01-24 05:35:04 --> 
ERROR - 2024-01-24 05:37:00 --> Email: sendWithSmtp throwed ErrorException: fsockopen(): Unable to connect to ssl://sandbox.smtp.mailtrap.io:25 (Se produjo un error durante el intento de conexión ya que la parte conectada no respondió adecuadamente tras un periodo de tiempo, o bien se produjo un error en la conexión establecida ya que el host conectado no ha podido responder) in C:\xampp\htdocs\Bib\system\Email\Email.php:1891
Stack trace:
#0 [internal function]: CodeIgniter\Debug\Exceptions->errorHandler(2, 'fsockopen(): Un...', 'C:\\xampp\\htdocs...', 1891)
#1 C:\xampp\htdocs\Bib\system\Email\Email.php(1891): fsockopen('ssl://sandbox.s...', 25, NULL, NULL, 5)
#2 C:\xampp\htdocs\Bib\system\Email\Email.php(1799): CodeIgniter\Email\Email->SMTPConnect()
#3 C:\xampp\htdocs\Bib\system\Email\Email.php(1684): CodeIgniter\Email\Email->sendWithSmtp()
#4 C:\xampp\htdocs\Bib\system\Email\Email.php(1578): CodeIgniter\Email\Email->spoolEmail()
#5 C:\xampp\htdocs\Bib\app\Controllers\ControllerEmail.php(29): CodeIgniter\Email\Email->send()
#6 C:\xampp\htdocs\Bib\system\CodeIgniter.php(942): App\Controllers\ControllerEmail->index()
#7 C:\xampp\htdocs\Bib\system\CodeIgniter.php(502): CodeIgniter\CodeIgniter->runController(Object(App\Controllers\ControllerEmail))
#8 C:\xampp\htdocs\Bib\system\CodeIgniter.php(361): CodeIgniter\CodeIgniter->handleRequest(NULL, Object(Config\Cache), false)
#9 C:\xampp\htdocs\Bib\public\index.php(79): CodeIgniter\CodeIgniter->run()
#10 {main}
ERROR - 2024-01-24 05:37:00 --> Email: Unable to send email using SMTP. Your server might not be configured to send mail using this method.
ERROR - 2024-01-24 05:37:00 --> 
ERROR - 2024-01-24 05:39:13 --> Email: sendWithSmtp throwed ErrorException: fsockopen(): Unable to connect to ssl://sandbox.smtp.mailtrap.io:25 (Se produjo un error durante el intento de conexión ya que la parte conectada no respondió adecuadamente tras un periodo de tiempo, o bien se produjo un error en la conexión establecida ya que el host conectado no ha podido responder) in C:\xampp\htdocs\Bib\system\Email\Email.php:1891
Stack trace:
#0 [internal function]: CodeIgniter\Debug\Exceptions->errorHandler(2, 'fsockopen(): Un...', 'C:\\xampp\\htdocs...', 1891)
#1 C:\xampp\htdocs\Bib\system\Email\Email.php(1891): fsockopen('ssl://sandbox.s...', 25, NULL, NULL, 5)
#2 C:\xampp\htdocs\Bib\system\Email\Email.php(1799): CodeIgniter\Email\Email->SMTPConnect()
#3 C:\xampp\htdocs\Bib\system\Email\Email.php(1684): CodeIgniter\Email\Email->sendWithSmtp()
#4 C:\xampp\htdocs\Bib\system\Email\Email.php(1578): CodeIgniter\Email\Email->spoolEmail()
#5 C:\xampp\htdocs\Bib\app\Controllers\ControllerEmail.php(29): CodeIgniter\Email\Email->send()
#6 C:\xampp\htdocs\Bib\system\CodeIgniter.php(942): App\Controllers\ControllerEmail->index()
#7 C:\xampp\htdocs\Bib\system\CodeIgniter.php(502): CodeIgniter\CodeIgniter->runController(Object(App\Controllers\ControllerEmail))
#8 C:\xampp\htdocs\Bib\system\CodeIgniter.php(361): CodeIgniter\CodeIgniter->handleRequest(NULL, Object(Config\Cache), false)
#9 C:\xampp\htdocs\Bib\public\index.php(79): CodeIgniter\CodeIgniter->run()
#10 {main}
ERROR - 2024-01-24 05:39:13 --> Email: Unable to send email using SMTP. Your server might not be configured to send mail using this method.
ERROR - 2024-01-24 05:39:13 --> 
ERROR - 2024-01-24 05:40:38 --> Email: sendWithSmtp throwed ErrorException: fsockopen(): Unable to connect to sandbox.smtp.mailtrap.io:25 (Se produjo un error durante el intento de conexión ya que la parte conectada no respondió adecuadamente tras un periodo de tiempo, o bien se produjo un error en la conexión establecida ya que el host conectado no ha podido responder) in C:\xampp\htdocs\Bib\system\Email\Email.php:1891
Stack trace:
#0 [internal function]: CodeIgniter\Debug\Exceptions->errorHandler(2, 'fsockopen(): Un...', 'C:\\xampp\\htdocs...', 1891)
#1 C:\xampp\htdocs\Bib\system\Email\Email.php(1891): fsockopen('sandbox.smtp.ma...', 25, NULL, NULL, 5)
#2 C:\xampp\htdocs\Bib\system\Email\Email.php(1799): CodeIgniter\Email\Email->SMTPConnect()
#3 C:\xampp\htdocs\Bib\system\Email\Email.php(1684): CodeIgniter\Email\Email->sendWithSmtp()
#4 C:\xampp\htdocs\Bib\system\Email\Email.php(1578): CodeIgniter\Email\Email->spoolEmail()
#5 C:\xampp\htdocs\Bib\app\Controllers\ControllerEmail.php(29): CodeIgniter\Email\Email->send()
#6 C:\xampp\htdocs\Bib\system\CodeIgniter.php(942): App\Controllers\ControllerEmail->index()
#7 C:\xampp\htdocs\Bib\system\CodeIgniter.php(502): CodeIgniter\CodeIgniter->runController(Object(App\Controllers\ControllerEmail))
#8 C:\xampp\htdocs\Bib\system\CodeIgniter.php(361): CodeIgniter\CodeIgniter->handleRequest(NULL, Object(Config\Cache), false)
#9 C:\xampp\htdocs\Bib\public\index.php(79): CodeIgniter\CodeIgniter->run()
#10 {main}
ERROR - 2024-01-24 05:40:38 --> Email: Unable to send email using SMTP. Your server might not be configured to send mail using this method.
ERROR - 2024-01-24 05:40:38 --> 
ERROR - 2024-01-24 05:42:06 --> Email: sendWithSmtp throwed ErrorException: fsockopen(): Unable to connect to sandbox.smtp.mailtrap.io:25 (Se produjo un error durante el intento de conexión ya que la parte conectada no respondió adecuadamente tras un periodo de tiempo, o bien se produjo un error en la conexión establecida ya que el host conectado no ha podido responder) in C:\xampp\htdocs\Bib\system\Email\Email.php:1891
Stack trace:
#0 [internal function]: CodeIgniter\Debug\Exceptions->errorHandler(2, 'fsockopen(): Un...', 'C:\\xampp\\htdocs...', 1891)
#1 C:\xampp\htdocs\Bib\system\Email\Email.php(1891): fsockopen('sandbox.smtp.ma...', 25, NULL, NULL, 5)
#2 C:\xampp\htdocs\Bib\system\Email\Email.php(1799): CodeIgniter\Email\Email->SMTPConnect()
#3 C:\xampp\htdocs\Bib\system\Email\Email.php(1684): CodeIgniter\Email\Email->sendWithSmtp()
#4 C:\xampp\htdocs\Bib\system\Email\Email.php(1578): CodeIgniter\Email\Email->spoolEmail()
#5 C:\xampp\htdocs\Bib\app\Controllers\ControllerEmail.php(29): CodeIgniter\Email\Email->send()
#6 C:\xampp\htdocs\Bib\system\CodeIgniter.php(942): App\Controllers\ControllerEmail->index()
#7 C:\xampp\htdocs\Bib\system\CodeIgniter.php(502): CodeIgniter\CodeIgniter->runController(Object(App\Controllers\ControllerEmail))
#8 C:\xampp\htdocs\Bib\system\CodeIgniter.php(361): CodeIgniter\CodeIgniter->handleRequest(NULL, Object(Config\Cache), false)
#9 C:\xampp\htdocs\Bib\public\index.php(79): CodeIgniter\CodeIgniter->run()
#10 {main}
ERROR - 2024-01-24 05:42:06 --> Email: Unable to send email using SMTP. Your server might not be configured to send mail using this method.
ERROR - 2024-01-24 05:42:06 --> 
ERROR - 2024-01-24 05:42:40 --> Email: sendWithSmtp throwed ErrorException: fsockopen(): Unable to connect to sandbox.smtp.mailtrap.io:25 (Se produjo un error durante el intento de conexión ya que la parte conectada no respondió adecuadamente tras un periodo de tiempo, o bien se produjo un error en la conexión establecida ya que el host conectado no ha podido responder) in C:\xampp\htdocs\Bib\system\Email\Email.php:1891
Stack trace:
#0 [internal function]: CodeIgniter\Debug\Exceptions->errorHandler(2, 'fsockopen(): Un...', 'C:\\xampp\\htdocs...', 1891)
#1 C:\xampp\htdocs\Bib\system\Email\Email.php(1891): fsockopen('sandbox.smtp.ma...', 25, NULL, NULL, 5)
#2 C:\xampp\htdocs\Bib\system\Email\Email.php(1799): CodeIgniter\Email\Email->SMTPConnect()
#3 C:\xampp\htdocs\Bib\system\Email\Email.php(1684): CodeIgniter\Email\Email->sendWithSmtp()
#4 C:\xampp\htdocs\Bib\system\Email\Email.php(1578): CodeIgniter\Email\Email->spoolEmail()
#5 C:\xampp\htdocs\Bib\app\Controllers\ControllerEmail.php(31): CodeIgniter\Email\Email->send()
#6 C:\xampp\htdocs\Bib\system\CodeIgniter.php(942): App\Controllers\ControllerEmail->index()
#7 C:\xampp\htdocs\Bib\system\CodeIgniter.php(502): CodeIgniter\CodeIgniter->runController(Object(App\Controllers\ControllerEmail))
#8 C:\xampp\htdocs\Bib\system\CodeIgniter.php(361): CodeIgniter\CodeIgniter->handleRequest(NULL, Object(Config\Cache), false)
#9 C:\xampp\htdocs\Bib\public\index.php(79): CodeIgniter\CodeIgniter->run()
#10 {main}
ERROR - 2024-01-24 05:42:40 --> Email: Unable to send email using SMTP. Your server might not be configured to send mail using this method.
ERROR - 2024-01-24 05:42:40 --> 
ERROR - 2024-01-24 05:54:05 --> Email: sendWithSmtp throwed ErrorException: fsockopen(): Unable to connect to sandbox.smtp.mailtrap.io:25 (Se produjo un error durante el intento de conexión ya que la parte conectada no respondió adecuadamente tras un periodo de tiempo, o bien se produjo un error en la conexión establecida ya que el host conectado no ha podido responder) in C:\xampp\htdocs\Bib\system\Email\Email.php:1891
Stack trace:
#0 [internal function]: CodeIgniter\Debug\Exceptions->errorHandler(2, 'fsockopen(): Un...', 'C:\\xampp\\htdocs...', 1891)
#1 C:\xampp\htdocs\Bib\system\Email\Email.php(1891): fsockopen('sandbox.smtp.ma...', 25, NULL, NULL, 5)
#2 C:\xampp\htdocs\Bib\system\Email\Email.php(1799): CodeIgniter\Email\Email->SMTPConnect()
#3 C:\xampp\htdocs\Bib\system\Email\Email.php(1684): CodeIgniter\Email\Email->sendWithSmtp()
#4 C:\xampp\htdocs\Bib\system\Email\Email.php(1578): CodeIgniter\Email\Email->spoolEmail()
#5 C:\xampp\htdocs\Bib\app\Controllers\ControllerEmail.php(31): CodeIgniter\Email\Email->send()
#6 C:\xampp\htdocs\Bib\system\CodeIgniter.php(942): App\Controllers\ControllerEmail->index()
#7 C:\xampp\htdocs\Bib\system\CodeIgniter.php(502): CodeIgniter\CodeIgniter->runController(Object(App\Controllers\ControllerEmail))
#8 C:\xampp\htdocs\Bib\system\CodeIgniter.php(361): CodeIgniter\CodeIgniter->handleRequest(NULL, Object(Config\Cache), false)
#9 C:\xampp\htdocs\Bib\public\index.php(79): CodeIgniter\CodeIgniter->run()
#10 {main}
ERROR - 2024-01-24 05:54:05 --> Email: Unable to send email using SMTP. Your server might not be configured to send mail using this method.
ERROR - 2024-01-24 05:54:05 --> 
ERROR - 2024-01-24 05:54:27 --> Email: sendWithSmtp throwed ErrorException: fsockopen(): Unable to connect to sandbox.smtp.mailtrap.io:25 (Se produjo un error durante el intento de conexión ya que la parte conectada no respondió adecuadamente tras un periodo de tiempo, o bien se produjo un error en la conexión establecida ya que el host conectado no ha podido responder) in C:\xampp\htdocs\Bib\system\Email\Email.php:1891
Stack trace:
#0 [internal function]: CodeIgniter\Debug\Exceptions->errorHandler(2, 'fsockopen(): Un...', 'C:\\xampp\\htdocs...', 1891)
#1 C:\xampp\htdocs\Bib\system\Email\Email.php(1891): fsockopen('sandbox.smtp.ma...', 25, NULL, NULL, 5)
#2 C:\xampp\htdocs\Bib\system\Email\Email.php(1799): CodeIgniter\Email\Email->SMTPConnect()
#3 C:\xampp\htdocs\Bib\system\Email\Email.php(1684): CodeIgniter\Email\Email->sendWithSmtp()
#4 C:\xampp\htdocs\Bib\system\Email\Email.php(1578): CodeIgniter\Email\Email->spoolEmail()
#5 C:\xampp\htdocs\Bib\app\Controllers\ControllerEmail.php(31): CodeIgniter\Email\Email->send()
#6 C:\xampp\htdocs\Bib\system\CodeIgniter.php(942): App\Controllers\ControllerEmail->index()
#7 C:\xampp\htdocs\Bib\system\CodeIgniter.php(502): CodeIgniter\CodeIgniter->runController(Object(App\Controllers\ControllerEmail))
#8 C:\xampp\htdocs\Bib\system\CodeIgniter.php(361): CodeIgniter\CodeIgniter->handleRequest(NULL, Object(Config\Cache), false)
#9 C:\xampp\htdocs\Bib\public\index.php(79): CodeIgniter\CodeIgniter->run()
#10 {main}
ERROR - 2024-01-24 05:54:27 --> Email: Unable to send email using SMTP. Your server might not be configured to send mail using this method.
ERROR - 2024-01-24 05:54:27 --> 
ERROR - 2024-01-24 06:03:09 --> Email: sendWithSmtp throwed ErrorException: fsockopen(): Unable to connect to sandbox.smtp.mailtrap.io:25 (Se produjo un error durante el intento de conexión ya que la parte conectada no respondió adecuadamente tras un periodo de tiempo, o bien se produjo un error en la conexión establecida ya que el host conectado no ha podido responder) in C:\xampp\htdocs\Bib\system\Email\Email.php:1891
Stack trace:
#0 [internal function]: CodeIgniter\Debug\Exceptions->errorHandler(2, 'fsockopen(): Un...', 'C:\\xampp\\htdocs...', 1891)
#1 C:\xampp\htdocs\Bib\system\Email\Email.php(1891): fsockopen('sandbox.smtp.ma...', 25, NULL, NULL, 5)
#2 C:\xampp\htdocs\Bib\system\Email\Email.php(1799): CodeIgniter\Email\Email->SMTPConnect()
#3 C:\xampp\htdocs\Bib\system\Email\Email.php(1684): CodeIgniter\Email\Email->sendWithSmtp()
#4 C:\xampp\htdocs\Bib\system\Email\Email.php(1578): CodeIgniter\Email\Email->spoolEmail()
#5 C:\xampp\htdocs\Bib\app\Controllers\ControllerEmail.php(41): CodeIgniter\Email\Email->send()
#6 C:\xampp\htdocs\Bib\system\CodeIgniter.php(942): App\Controllers\ControllerEmail->index()
#7 C:\xampp\htdocs\Bib\system\CodeIgniter.php(502): CodeIgniter\CodeIgniter->runController(Object(App\Controllers\ControllerEmail))
#8 C:\xampp\htdocs\Bib\system\CodeIgniter.php(361): CodeIgniter\CodeIgniter->handleRequest(NULL, Object(Config\Cache), false)
#9 C:\xampp\htdocs\Bib\public\index.php(79): CodeIgniter\CodeIgniter->run()
#10 {main}
ERROR - 2024-01-24 06:03:09 --> Email: Unable to send email using SMTP. Your server might not be configured to send mail using this method.
ERROR - 2024-01-24 06:03:09 --> 
ERROR - 2024-01-24 06:06:26 --> Email: sendWithSmtp throwed ErrorException: fsockopen(): Unable to connect to sandbox.smtp.mailtrap.io:25 (Se produjo un error durante el intento de conexión ya que la parte conectada no respondió adecuadamente tras un periodo de tiempo, o bien se produjo un error en la conexión establecida ya que el host conectado no ha podido responder) in C:\xampp\htdocs\Bib\system\Email\Email.php:1891
Stack trace:
#0 [internal function]: CodeIgniter\Debug\Exceptions->errorHandler(2, 'fsockopen(): Un...', 'C:\\xampp\\htdocs...', 1891)
#1 C:\xampp\htdocs\Bib\system\Email\Email.php(1891): fsockopen('sandbox.smtp.ma...', 25, NULL, NULL, 5)
#2 C:\xampp\htdocs\Bib\system\Email\Email.php(1799): CodeIgniter\Email\Email->SMTPConnect()
#3 C:\xampp\htdocs\Bib\system\Email\Email.php(1684): CodeIgniter\Email\Email->sendWithSmtp()
#4 C:\xampp\htdocs\Bib\system\Email\Email.php(1578): CodeIgniter\Email\Email->spoolEmail()
#5 C:\xampp\htdocs\Bib\app\Controllers\ControllerEmail.php(41): CodeIgniter\Email\Email->send()
#6 C:\xampp\htdocs\Bib\system\CodeIgniter.php(942): App\Controllers\ControllerEmail->index()
#7 C:\xampp\htdocs\Bib\system\CodeIgniter.php(502): CodeIgniter\CodeIgniter->runController(Object(App\Controllers\ControllerEmail))
#8 C:\xampp\htdocs\Bib\system\CodeIgniter.php(361): CodeIgniter\CodeIgniter->handleRequest(NULL, Object(Config\Cache), false)
#9 C:\xampp\htdocs\Bib\public\index.php(79): CodeIgniter\CodeIgniter->run()
#10 {main}
ERROR - 2024-01-24 06:06:26 --> Email: Unable to send email using SMTP. Your server might not be configured to send mail using this method.
ERROR - 2024-01-24 06:06:26 --> 
ERROR - 2024-01-24 06:30:29 --> mysqli_sql_exception: PROCEDURE biblioteca.ConsultarUsuario does not exist in C:\xampp\htdocs\Bib\system\Database\MySQLi\Connection.php:306
Stack trace:
#0 C:\xampp\htdocs\Bib\system\Database\MySQLi\Connection.php(306): mysqli->query('CALL ConsultarU...', 0)
#1 C:\xampp\htdocs\Bib\system\Database\BaseConnection.php(693): CodeIgniter\Database\MySQLi\Connection->execute('CALL ConsultarU...')
#2 C:\xampp\htdocs\Bib\system\Database\BaseConnection.php(607): CodeIgniter\Database\BaseConnection->simpleQuery('CALL ConsultarU...')
#3 C:\xampp\htdocs\Bib\app\Models\Login.php(40): CodeIgniter\Database\BaseConnection->query('CALL ConsultarU...', Array)
#4 C:\xampp\htdocs\Bib\app\Controllers\ControllerLogin.php(32): App\Models\Login->obtenerAdminLogin('qsqss', 'qssqqs')
#5 C:\xampp\htdocs\Bib\system\CodeIgniter.php(942): App\Controllers\ControllerLogin->obtener_admin()
#6 C:\xampp\htdocs\Bib\system\CodeIgniter.php(502): CodeIgniter\CodeIgniter->runController(Object(App\Controllers\ControllerLogin))
#7 C:\xampp\htdocs\Bib\system\CodeIgniter.php(361): CodeIgniter\CodeIgniter->handleRequest(NULL, Object(Config\Cache), false)
#8 C:\xampp\htdocs\Bib\public\index.php(79): CodeIgniter\CodeIgniter->run()
#9 {main}
CRITICAL - 2024-01-24 06:30:29 --> PROCEDURE biblioteca.ConsultarUsuario does not exist
in SYSTEMPATH\Database\BaseConnection.php on line 647.
 1 APPPATH\Models\Login.php(40): CodeIgniter\Database\BaseConnection->query('CALL ConsultarUsuario(1, ?, ?)', [...])
 2 APPPATH\Controllers\ControllerLogin.php(32): App\Models\Login->obtenerAdminLogin('qsqss', 'qssqqs')
 3 SYSTEMPATH\CodeIgniter.php(942): App\Controllers\ControllerLogin->obtener_admin()
 4 SYSTEMPATH\CodeIgniter.php(502): CodeIgniter\CodeIgniter->runController(Object(App\Controllers\ControllerLogin))
 5 SYSTEMPATH\CodeIgniter.php(361): CodeIgniter\CodeIgniter->handleRequest(null, Object(Config\Cache), false)
 6 FCPATH\index.php(79): CodeIgniter\CodeIgniter->run()
ERROR - 2024-01-24 06:33:03 --> mysqli_sql_exception: PROCEDURE biblioteca.ConsultarUsuario does not exist in C:\xampp\htdocs\Bib\system\Database\MySQLi\Connection.php:306
Stack trace:
#0 C:\xampp\htdocs\Bib\system\Database\MySQLi\Connection.php(306): mysqli->query('CALL ConsultarU...', 0)
#1 C:\xampp\htdocs\Bib\system\Database\BaseConnection.php(693): CodeIgniter\Database\MySQLi\Connection->execute('CALL ConsultarU...')
#2 C:\xampp\htdocs\Bib\system\Database\BaseConnection.php(607): CodeIgniter\Database\BaseConnection->simpleQuery('CALL ConsultarU...')
#3 C:\xampp\htdocs\Bib\app\Models\Login.php(40): CodeIgniter\Database\BaseConnection->query('CALL ConsultarU...', Array)
#4 C:\xampp\htdocs\Bib\app\Controllers\ControllerLogin.php(32): App\Models\Login->obtenerAdminLogin('juan', '1234')
#5 C:\xampp\htdocs\Bib\system\CodeIgniter.php(942): App\Controllers\ControllerLogin->obtener_admin()
#6 C:\xampp\htdocs\Bib\system\CodeIgniter.php(502): CodeIgniter\CodeIgniter->runController(Object(App\Controllers\ControllerLogin))
#7 C:\xampp\htdocs\Bib\system\CodeIgniter.php(361): CodeIgniter\CodeIgniter->handleRequest(NULL, Object(Config\Cache), false)
#8 C:\xampp\htdocs\Bib\public\index.php(79): CodeIgniter\CodeIgniter->run()
#9 {main}
CRITICAL - 2024-01-24 06:33:03 --> PROCEDURE biblioteca.ConsultarUsuario does not exist
in SYSTEMPATH\Database\BaseConnection.php on line 647.
 1 APPPATH\Models\Login.php(40): CodeIgniter\Database\BaseConnection->query('CALL ConsultarUsuario(1, ?, ?)', [...])
 2 APPPATH\Controllers\ControllerLogin.php(32): App\Models\Login->obtenerAdminLogin('juan', '1234')
 3 SYSTEMPATH\CodeIgniter.php(942): App\Controllers\ControllerLogin->obtener_admin()
 4 SYSTEMPATH\CodeIgniter.php(502): CodeIgniter\CodeIgniter->runController(Object(App\Controllers\ControllerLogin))
 5 SYSTEMPATH\CodeIgniter.php(361): CodeIgniter\CodeIgniter->handleRequest(null, Object(Config\Cache), false)
 6 FCPATH\index.php(79): CodeIgniter\CodeIgniter->run()
ERROR - 2024-01-24 06:33:14 --> mysqli_sql_exception: PROCEDURE biblioteca.ConsultarUsuario does not exist in C:\xampp\htdocs\Bib\system\Database\MySQLi\Connection.php:306
Stack trace:
#0 C:\xampp\htdocs\Bib\system\Database\MySQLi\Connection.php(306): mysqli->query('CALL ConsultarU...', 0)
#1 C:\xampp\htdocs\Bib\system\Database\BaseConnection.php(693): CodeIgniter\Database\MySQLi\Connection->execute('CALL ConsultarU...')
#2 C:\xampp\htdocs\Bib\system\Database\BaseConnection.php(607): CodeIgniter\Database\BaseConnection->simpleQuery('CALL ConsultarU...')
#3 C:\xampp\htdocs\Bib\app\Models\Login.php(40): CodeIgniter\Database\BaseConnection->query('CALL ConsultarU...', Array)
#4 C:\xampp\htdocs\Bib\app\Controllers\ControllerLogin.php(32): App\Models\Login->obtenerAdminLogin('juan', '1234')
#5 C:\xampp\htdocs\Bib\system\CodeIgniter.php(942): App\Controllers\ControllerLogin->obtener_admin()
#6 C:\xampp\htdocs\Bib\system\CodeIgniter.php(502): CodeIgniter\CodeIgniter->runController(Object(App\Controllers\ControllerLogin))
#7 C:\xampp\htdocs\Bib\system\CodeIgniter.php(361): CodeIgniter\CodeIgniter->handleRequest(NULL, Object(Config\Cache), false)
#8 C:\xampp\htdocs\Bib\public\index.php(79): CodeIgniter\CodeIgniter->run()
#9 {main}
CRITICAL - 2024-01-24 06:33:14 --> PROCEDURE biblioteca.ConsultarUsuario does not exist
in SYSTEMPATH\Database\BaseConnection.php on line 647.
 1 APPPATH\Models\Login.php(40): CodeIgniter\Database\BaseConnection->query('CALL ConsultarUsuario(1, ?, ?)', [...])
 2 APPPATH\Controllers\ControllerLogin.php(32): App\Models\Login->obtenerAdminLogin('juan', '1234')
 3 SYSTEMPATH\CodeIgniter.php(942): App\Controllers\ControllerLogin->obtener_admin()
 4 SYSTEMPATH\CodeIgniter.php(502): CodeIgniter\CodeIgniter->runController(Object(App\Controllers\ControllerLogin))
 5 SYSTEMPATH\CodeIgniter.php(361): CodeIgniter\CodeIgniter->handleRequest(null, Object(Config\Cache), false)
 6 FCPATH\index.php(79): CodeIgniter\CodeIgniter->run()
ERROR - 2024-01-24 06:36:17 --> mysqli_sql_exception: PROCEDURE biblioteca.ConsultarUsuario does not exist in C:\xampp\htdocs\Bib\system\Database\MySQLi\Connection.php:306
Stack trace:
#0 C:\xampp\htdocs\Bib\system\Database\MySQLi\Connection.php(306): mysqli->query('CALL ConsultarU...', 0)
#1 C:\xampp\htdocs\Bib\system\Database\BaseConnection.php(693): CodeIgniter\Database\MySQLi\Connection->execute('CALL ConsultarU...')
#2 C:\xampp\htdocs\Bib\system\Database\BaseConnection.php(607): CodeIgniter\Database\BaseConnection->simpleQuery('CALL ConsultarU...')
#3 C:\xampp\htdocs\Bib\app\Models\Login.php(40): CodeIgniter\Database\BaseConnection->query('CALL ConsultarU...', Array)
#4 C:\xampp\htdocs\Bib\app\Controllers\ControllerLogin.php(22): App\Models\Login->obtenerAdminLogin('juan', '1234')
#5 C:\xampp\htdocs\Bib\system\CodeIgniter.php(942): App\Controllers\ControllerLogin->obtener_admin()
#6 C:\xampp\htdocs\Bib\system\CodeIgniter.php(502): CodeIgniter\CodeIgniter->runController(Object(App\Controllers\ControllerLogin))
#7 C:\xampp\htdocs\Bib\system\CodeIgniter.php(361): CodeIgniter\CodeIgniter->handleRequest(NULL, Object(Config\Cache), false)
#8 C:\xampp\htdocs\Bib\public\index.php(79): CodeIgniter\CodeIgniter->run()
#9 {main}
CRITICAL - 2024-01-24 06:36:17 --> PROCEDURE biblioteca.ConsultarUsuario does not exist
in SYSTEMPATH\Database\BaseConnection.php on line 647.
 1 APPPATH\Models\Login.php(40): CodeIgniter\Database\BaseConnection->query('CALL ConsultarUsuario(1, ?, ?)', [...])
 2 APPPATH\Controllers\ControllerLogin.php(22): App\Models\Login->obtenerAdminLogin('juan', '1234')
 3 SYSTEMPATH\CodeIgniter.php(942): App\Controllers\ControllerLogin->obtener_admin()
 4 SYSTEMPATH\CodeIgniter.php(502): CodeIgniter\CodeIgniter->runController(Object(App\Controllers\ControllerLogin))
 5 SYSTEMPATH\CodeIgniter.php(361): CodeIgniter\CodeIgniter->handleRequest(null, Object(Config\Cache), false)
 6 FCPATH\index.php(79): CodeIgniter\CodeIgniter->run()
CRITICAL - 2024-01-24 07:05:39 --> The route for "http://localhost/Bib/public/Principal" cannot be found.
in SYSTEMPATH\HTTP\RedirectResponse.php on line 62.
 1 SYSTEMPATH\HTTP\RedirectResponse.php(62): CodeIgniter\HTTP\Exceptions\HTTPException::forInvalidRedirectRoute('http://localhost/Bib/public/Principal')
 2 SYSTEMPATH\Common.php(878): CodeIgniter\HTTP\RedirectResponse->route(false)
 3 APPPATH\Views\layouts\layout.php(18): redirect('http://localhost/Bib/public/Principal')
 4 SYSTEMPATH\View\View.php(228): include('C:\\xampp\\htdocs\\Bib\\app\\Views\\layouts\\layout.php')
 5 SYSTEMPATH\View\View.php(231): CodeIgniter\View\View->CodeIgniter\View\{closure}()
 6 SYSTEMPATH\Common.php(1190): CodeIgniter\View\View->render('layouts/layout', [], true)
 7 APPPATH\Controllers\ControllerAlumno.php(19): view('layouts/layout', [...])
 8 SYSTEMPATH\CodeIgniter.php(942): App\Controllers\ControllerAlumno->index()
 9 SYSTEMPATH\CodeIgniter.php(502): CodeIgniter\CodeIgniter->runController(Object(App\Controllers\ControllerAlumno))
10 SYSTEMPATH\CodeIgniter.php(361): CodeIgniter\CodeIgniter->handleRequest(null, Object(Config\Cache), false)
11 FCPATH\index.php(79): CodeIgniter\CodeIgniter->run()
CRITICAL - 2024-01-24 07:06:27 --> The route for "http://localhost/Bib/public/Principal" cannot be found.
in SYSTEMPATH\HTTP\RedirectResponse.php on line 62.
 1 SYSTEMPATH\HTTP\RedirectResponse.php(62): CodeIgniter\HTTP\Exceptions\HTTPException::forInvalidRedirectRoute('http://localhost/Bib/public/Principal')
 2 SYSTEMPATH\Common.php(878): CodeIgniter\HTTP\RedirectResponse->route(false)
 3 APPPATH\Views\layouts\layout.php(18): redirect('http://localhost/Bib/public/Principal')
 4 SYSTEMPATH\View\View.php(228): include('C:\\xampp\\htdocs\\Bib\\app\\Views\\layouts\\layout.php')
 5 SYSTEMPATH\View\View.php(231): CodeIgniter\View\View->CodeIgniter\View\{closure}()
 6 SYSTEMPATH\Common.php(1190): CodeIgniter\View\View->render('layouts/layout', [], true)
 7 APPPATH\Controllers\ControllerAlumno.php(19): view('layouts/layout', [...])
 8 SYSTEMPATH\CodeIgniter.php(942): App\Controllers\ControllerAlumno->index()
 9 SYSTEMPATH\CodeIgniter.php(502): CodeIgniter\CodeIgniter->runController(Object(App\Controllers\ControllerAlumno))
10 SYSTEMPATH\CodeIgniter.php(361): CodeIgniter\CodeIgniter->handleRequest(null, Object(Config\Cache), false)
11 FCPATH\index.php(79): CodeIgniter\CodeIgniter->run()
ERROR - 2024-01-24 14:30:26 --> mysqli_sql_exception: PROCEDURE biblioteca.ConsultarUsuario does not exist in C:\xampp\htdocs\Bib\system\Database\MySQLi\Connection.php:306
Stack trace:
#0 C:\xampp\htdocs\Bib\system\Database\MySQLi\Connection.php(306): mysqli->query('CALL ConsultarU...', 0)
#1 C:\xampp\htdocs\Bib\system\Database\BaseConnection.php(693): CodeIgniter\Database\MySQLi\Connection->execute('CALL ConsultarU...')
#2 C:\xampp\htdocs\Bib\system\Database\BaseConnection.php(607): CodeIgniter\Database\BaseConnection->simpleQuery('CALL ConsultarU...')
#3 C:\xampp\htdocs\Bib\app\Models\Login.php(40): CodeIgniter\Database\BaseConnection->query('CALL ConsultarU...', Array)
#4 C:\xampp\htdocs\Bib\app\Controllers\ControllerLogin.php(22): App\Models\Login->obtenerAdminLogin('juan', '1234')
#5 C:\xampp\htdocs\Bib\system\CodeIgniter.php(942): App\Controllers\ControllerLogin->obtener_admin()
#6 C:\xampp\htdocs\Bib\system\CodeIgniter.php(502): CodeIgniter\CodeIgniter->runController(Object(App\Controllers\ControllerLogin))
#7 C:\xampp\htdocs\Bib\system\CodeIgniter.php(361): CodeIgniter\CodeIgniter->handleRequest(NULL, Object(Config\Cache), false)
#8 C:\xampp\htdocs\Bib\public\index.php(79): CodeIgniter\CodeIgniter->run()
#9 {main}
CRITICAL - 2024-01-24 14:30:26 --> PROCEDURE biblioteca.ConsultarUsuario does not exist
in SYSTEMPATH\Database\BaseConnection.php on line 647.
 1 APPPATH\Models\Login.php(40): CodeIgniter\Database\BaseConnection->query('CALL ConsultarUsuario(1, ?, ?)', [...])
 2 APPPATH\Controllers\ControllerLogin.php(22): App\Models\Login->obtenerAdminLogin('juan', '1234')
 3 SYSTEMPATH\CodeIgniter.php(942): App\Controllers\ControllerLogin->obtener_admin()
 4 SYSTEMPATH\CodeIgniter.php(502): CodeIgniter\CodeIgniter->runController(Object(App\Controllers\ControllerLogin))
 5 SYSTEMPATH\CodeIgniter.php(361): CodeIgniter\CodeIgniter->handleRequest(null, Object(Config\Cache), false)
 6 FCPATH\index.php(79): CodeIgniter\CodeIgniter->run()
