CRITICAL - 2024-02-04 19:47:06 --> Undefined variable $resultadoConsulta
in APPPATH\Controllers\Busquedas.php on line 86.
 1 APPPATH\Controllers\Busquedas.php(86): CodeIgniter\Debug\Exceptions->errorHandler(2, 'Undefined variable $resultadoConsulta', 'C:\\xampp\\htdocs\\Bib\\app\\Controllers\\Busquedas.php', 86)
 2 SYSTEMPATH\CodeIgniter.php(942): App\Controllers\Busquedas->buscarRegistros()
 3 SYSTEMPATH\CodeIgniter.php(502): CodeIgniter\CodeIgniter->runController(Object(App\Controllers\Busquedas))
 4 SYSTEMPATH\CodeIgniter.php(361): CodeIgniter\CodeIgniter->handleRequest(null, Object(Config\Cache), false)
 5 FCPATH\index.php(79): CodeIgniter\CodeIgniter->run()
CRITICAL - 2024-02-04 19:49:42 --> Class "PHPMailer\PHPMailer\PHPMailer" not found
in APPPATH\Controllers\ControllerEmail.php on line 18.
 1 SYSTEMPATH\CodeIgniter.php(942): App\Controllers\ControllerEmail->index()
 2 SYSTEMPATH\CodeIgniter.php(502): CodeIgniter\CodeIgniter->runController(Object(App\Controllers\ControllerEmail))
 3 SYSTEMPATH\CodeIgniter.php(361): CodeIgniter\CodeIgniter->handleRequest(null, Object(Config\Cache), false)
 4 FCPATH\index.php(79): CodeIgniter\CodeIgniter->run()
CRITICAL - 2024-02-04 19:50:41 --> file_get_contents(contents.html): Failed to open stream: No such file or directory
in APPPATH\Controllers\ControllerEmail.php on line 45.
 1 [internal function]: CodeIgniter\Debug\Exceptions->errorHandler(2, 'file_get_contents(contents.html): Failed to open stream: No such file or directory', 'C:\\xampp\\htdocs\\Bib\\app\\Controllers\\ControllerEmail.php', 45)
 2 APPPATH\Controllers\ControllerEmail.php(45): file_get_contents('contents.html')
 3 SYSTEMPATH\CodeIgniter.php(942): App\Controllers\ControllerEmail->index()
 4 SYSTEMPATH\CodeIgniter.php(502): CodeIgniter\CodeIgniter->runController(Object(App\Controllers\ControllerEmail))
 5 SYSTEMPATH\CodeIgniter.php(361): CodeIgniter\CodeIgniter->handleRequest(null, Object(Config\Cache), false)
 6 FCPATH\index.php(79): CodeIgniter\CodeIgniter->run()
CRITICAL - 2024-02-04 19:58:00 --> Maximum execution time of 120 seconds exceeded
in APPPATH\ThirdParty\PHPMailer-master\src\SMTP.php on line 1443.
 1 [internal function]: CodeIgniter\Debug\Exceptions->shutdownHandler()
CRITICAL - 2024-02-04 19:58:14 --> Maximum execution time of 120 seconds exceeded
in APPPATH\ThirdParty\PHPMailer-master\src\SMTP.php on line 1443.
 1 [internal function]: CodeIgniter\Debug\Exceptions->shutdownHandler()
CRITICAL - 2024-02-04 20:00:11 --> Maximum execution time of 120 seconds exceeded
in APPPATH\ThirdParty\PHPMailer-master\src\SMTP.php on line 1443.
 1 [internal function]: CodeIgniter\Debug\Exceptions->shutdownHandler()
