CRITICAL - 2023-12-11 20:58:01 --> Undefined variable $Apellido_P
in APPPATH\Views\administrativo.php on line 34.
 1 APPPATH\Views\administrativo.php(34): CodeIgniter\Debug\Exceptions->errorHandler(2, 'Undefined variable $Apellido_P', 'C:\\xampp\\htdocs\\Bib\\app\\Views\\administrativo.php', 34)
 2 SYSTEMPATH\View\View.php(228): include('C:\\xampp\\htdocs\\Bib\\app\\Views\\administrativo.php')
 3 SYSTEMPATH\View\View.php(231): CodeIgniter\View\View->CodeIgniter\View\{closure}()
 4 SYSTEMPATH\Common.php(1190): CodeIgniter\View\View->render('administrativo', [], true)
 5 APPPATH\Controllers\ControllerAdministrativo.php(23): view('administrativo', [...])
 6 SYSTEMPATH\CodeIgniter.php(942): App\Controllers\ControllerAdministrativo->index()
 7 SYSTEMPATH\CodeIgniter.php(502): CodeIgniter\CodeIgniter->runController(Object(App\Controllers\ControllerAdministrativo))
 8 SYSTEMPATH\CodeIgniter.php(361): CodeIgniter\CodeIgniter->handleRequest(null, Object(Config\Cache), false)
 9 FCPATH\index.php(79): CodeIgniter\CodeIgniter->run()
CRITICAL - 2023-12-11 21:00:11 --> Undefined variable $area
in APPPATH\Views\administrativo.php on line 35.
 1 APPPATH\Views\administrativo.php(35): CodeIgniter\Debug\Exceptions->errorHandler(2, 'Undefined variable $area', 'C:\\xampp\\htdocs\\Bib\\app\\Views\\administrativo.php', 35)
 2 SYSTEMPATH\View\View.php(228): include('C:\\xampp\\htdocs\\Bib\\app\\Views\\administrativo.php')
 3 SYSTEMPATH\View\View.php(231): CodeIgniter\View\View->CodeIgniter\View\{closure}()
 4 SYSTEMPATH\Common.php(1190): CodeIgniter\View\View->render('administrativo', [], true)
 5 APPPATH\Controllers\ControllerAdministrativo.php(23): view('administrativo', [...])
 6 SYSTEMPATH\CodeIgniter.php(942): App\Controllers\ControllerAdministrativo->index()
 7 SYSTEMPATH\CodeIgniter.php(502): CodeIgniter\CodeIgniter->runController(Object(App\Controllers\ControllerAdministrativo))
 8 SYSTEMPATH\CodeIgniter.php(361): CodeIgniter\CodeIgniter->handleRequest(null, Object(Config\Cache), false)
 9 FCPATH\index.php(79): CodeIgniter\CodeIgniter->run()
ERROR - 2023-12-11 21:04:04 --> mysqli_sql_exception: Duplicate entry '1' for key 'PRIMARY' in C:\xampp\htdocs\Bib\system\Database\MySQLi\Connection.php:306
Stack trace:
#0 C:\xampp\htdocs\Bib\system\Database\MySQLi\Connection.php(306): mysqli->query('CALL InsertarAd...', 0)
#1 C:\xampp\htdocs\Bib\system\Database\BaseConnection.php(693): CodeIgniter\Database\MySQLi\Connection->execute('CALL InsertarAd...')
#2 C:\xampp\htdocs\Bib\system\Database\BaseConnection.php(607): CodeIgniter\Database\BaseConnection->simpleQuery('CALL InsertarAd...')
#3 C:\xampp\htdocs\Bib\app\Models\Administrativos.php(15): CodeIgniter\Database\BaseConnection->query('CALL InsertarAd...', Array)
#4 C:\xampp\htdocs\Bib\app\Controllers\ControllerAdministrativo.php(45): App\Models\Administrativos->insertarAdministrativo(Array)
#5 C:\xampp\htdocs\Bib\system\CodeIgniter.php(942): App\Controllers\ControllerAdministrativo->add()
#6 C:\xampp\htdocs\Bib\system\CodeIgniter.php(502): CodeIgniter\CodeIgniter->runController(Object(App\Controllers\ControllerAdministrativo))
#7 C:\xampp\htdocs\Bib\system\CodeIgniter.php(361): CodeIgniter\CodeIgniter->handleRequest(NULL, Object(Config\Cache), false)
#8 C:\xampp\htdocs\Bib\public\index.php(79): CodeIgniter\CodeIgniter->run()
#9 {main}
CRITICAL - 2023-12-11 21:04:04 --> Duplicate entry '1' for key 'PRIMARY'
in SYSTEMPATH\Database\BaseConnection.php on line 647.
 1 APPPATH\Models\Administrativos.php(15): CodeIgniter\Database\BaseConnection->query('CALL InsertarAdministrativo(?, ?, ?, ?, ?, ?, ?)', [...])
 2 APPPATH\Controllers\ControllerAdministrativo.php(45): App\Models\Administrativos->insertarAdministrativo([...])
 3 SYSTEMPATH\CodeIgniter.php(942): App\Controllers\ControllerAdministrativo->add()
 4 SYSTEMPATH\CodeIgniter.php(502): CodeIgniter\CodeIgniter->runController(Object(App\Controllers\ControllerAdministrativo))
 5 SYSTEMPATH\CodeIgniter.php(361): CodeIgniter\CodeIgniter->handleRequest(null, Object(Config\Cache), false)
 6 FCPATH\index.php(79): CodeIgniter\CodeIgniter->run()
ERROR - 2023-12-11 21:04:05 --> mysqli_sql_exception: Duplicate entry '1' for key 'PRIMARY' in C:\xampp\htdocs\Bib\system\Database\MySQLi\Connection.php:306
Stack trace:
#0 C:\xampp\htdocs\Bib\system\Database\MySQLi\Connection.php(306): mysqli->query('CALL InsertarAd...', 0)
#1 C:\xampp\htdocs\Bib\system\Database\BaseConnection.php(693): CodeIgniter\Database\MySQLi\Connection->execute('CALL InsertarAd...')
#2 C:\xampp\htdocs\Bib\system\Database\BaseConnection.php(607): CodeIgniter\Database\BaseConnection->simpleQuery('CALL InsertarAd...')
#3 C:\xampp\htdocs\Bib\app\Models\Administrativos.php(15): CodeIgniter\Database\BaseConnection->query('CALL InsertarAd...', Array)
#4 C:\xampp\htdocs\Bib\app\Controllers\ControllerAdministrativo.php(45): App\Models\Administrativos->insertarAdministrativo(Array)
#5 C:\xampp\htdocs\Bib\system\CodeIgniter.php(942): App\Controllers\ControllerAdministrativo->add()
#6 C:\xampp\htdocs\Bib\system\CodeIgniter.php(502): CodeIgniter\CodeIgniter->runController(Object(App\Controllers\ControllerAdministrativo))
#7 C:\xampp\htdocs\Bib\system\CodeIgniter.php(361): CodeIgniter\CodeIgniter->handleRequest(NULL, Object(Config\Cache), false)
#8 C:\xampp\htdocs\Bib\public\index.php(79): CodeIgniter\CodeIgniter->run()
#9 {main}
CRITICAL - 2023-12-11 21:04:05 --> Duplicate entry '1' for key 'PRIMARY'
in SYSTEMPATH\Database\BaseConnection.php on line 647.
 1 APPPATH\Models\Administrativos.php(15): CodeIgniter\Database\BaseConnection->query('CALL InsertarAdministrativo(?, ?, ?, ?, ?, ?, ?)', [...])
 2 APPPATH\Controllers\ControllerAdministrativo.php(45): App\Models\Administrativos->insertarAdministrativo([...])
 3 SYSTEMPATH\CodeIgniter.php(942): App\Controllers\ControllerAdministrativo->add()
 4 SYSTEMPATH\CodeIgniter.php(502): CodeIgniter\CodeIgniter->runController(Object(App\Controllers\ControllerAdministrativo))
 5 SYSTEMPATH\CodeIgniter.php(361): CodeIgniter\CodeIgniter->handleRequest(null, Object(Config\Cache), false)
 6 FCPATH\index.php(79): CodeIgniter\CodeIgniter->run()
ERROR - 2023-12-11 21:04:05 --> mysqli_sql_exception: Duplicate entry '1' for key 'PRIMARY' in C:\xampp\htdocs\Bib\system\Database\MySQLi\Connection.php:306
Stack trace:
#0 C:\xampp\htdocs\Bib\system\Database\MySQLi\Connection.php(306): mysqli->query('CALL InsertarAd...', 0)
#1 C:\xampp\htdocs\Bib\system\Database\BaseConnection.php(693): CodeIgniter\Database\MySQLi\Connection->execute('CALL InsertarAd...')
#2 C:\xampp\htdocs\Bib\system\Database\BaseConnection.php(607): CodeIgniter\Database\BaseConnection->simpleQuery('CALL InsertarAd...')
#3 C:\xampp\htdocs\Bib\app\Models\Administrativos.php(15): CodeIgniter\Database\BaseConnection->query('CALL InsertarAd...', Array)
#4 C:\xampp\htdocs\Bib\app\Controllers\ControllerAdministrativo.php(45): App\Models\Administrativos->insertarAdministrativo(Array)
#5 C:\xampp\htdocs\Bib\system\CodeIgniter.php(942): App\Controllers\ControllerAdministrativo->add()
#6 C:\xampp\htdocs\Bib\system\CodeIgniter.php(502): CodeIgniter\CodeIgniter->runController(Object(App\Controllers\ControllerAdministrativo))
#7 C:\xampp\htdocs\Bib\system\CodeIgniter.php(361): CodeIgniter\CodeIgniter->handleRequest(NULL, Object(Config\Cache), false)
#8 C:\xampp\htdocs\Bib\public\index.php(79): CodeIgniter\CodeIgniter->run()
#9 {main}
CRITICAL - 2023-12-11 21:04:05 --> Duplicate entry '1' for key 'PRIMARY'
in SYSTEMPATH\Database\BaseConnection.php on line 647.
 1 APPPATH\Models\Administrativos.php(15): CodeIgniter\Database\BaseConnection->query('CALL InsertarAdministrativo(?, ?, ?, ?, ?, ?, ?)', [...])
 2 APPPATH\Controllers\ControllerAdministrativo.php(45): App\Models\Administrativos->insertarAdministrativo([...])
 3 SYSTEMPATH\CodeIgniter.php(942): App\Controllers\ControllerAdministrativo->add()
 4 SYSTEMPATH\CodeIgniter.php(502): CodeIgniter\CodeIgniter->runController(Object(App\Controllers\ControllerAdministrativo))
 5 SYSTEMPATH\CodeIgniter.php(361): CodeIgniter\CodeIgniter->handleRequest(null, Object(Config\Cache), false)
 6 FCPATH\index.php(79): CodeIgniter\CodeIgniter->run()
ERROR - 2023-12-11 21:04:06 --> mysqli_sql_exception: Duplicate entry '1' for key 'PRIMARY' in C:\xampp\htdocs\Bib\system\Database\MySQLi\Connection.php:306
Stack trace:
#0 C:\xampp\htdocs\Bib\system\Database\MySQLi\Connection.php(306): mysqli->query('CALL InsertarAd...', 0)
#1 C:\xampp\htdocs\Bib\system\Database\BaseConnection.php(693): CodeIgniter\Database\MySQLi\Connection->execute('CALL InsertarAd...')
#2 C:\xampp\htdocs\Bib\system\Database\BaseConnection.php(607): CodeIgniter\Database\BaseConnection->simpleQuery('CALL InsertarAd...')
#3 C:\xampp\htdocs\Bib\app\Models\Administrativos.php(15): CodeIgniter\Database\BaseConnection->query('CALL InsertarAd...', Array)
#4 C:\xampp\htdocs\Bib\app\Controllers\ControllerAdministrativo.php(45): App\Models\Administrativos->insertarAdministrativo(Array)
#5 C:\xampp\htdocs\Bib\system\CodeIgniter.php(942): App\Controllers\ControllerAdministrativo->add()
#6 C:\xampp\htdocs\Bib\system\CodeIgniter.php(502): CodeIgniter\CodeIgniter->runController(Object(App\Controllers\ControllerAdministrativo))
#7 C:\xampp\htdocs\Bib\system\CodeIgniter.php(361): CodeIgniter\CodeIgniter->handleRequest(NULL, Object(Config\Cache), false)
#8 C:\xampp\htdocs\Bib\public\index.php(79): CodeIgniter\CodeIgniter->run()
#9 {main}
CRITICAL - 2023-12-11 21:04:06 --> Duplicate entry '1' for key 'PRIMARY'
in SYSTEMPATH\Database\BaseConnection.php on line 647.
 1 APPPATH\Models\Administrativos.php(15): CodeIgniter\Database\BaseConnection->query('CALL InsertarAdministrativo(?, ?, ?, ?, ?, ?, ?)', [...])
 2 APPPATH\Controllers\ControllerAdministrativo.php(45): App\Models\Administrativos->insertarAdministrativo([...])
 3 SYSTEMPATH\CodeIgniter.php(942): App\Controllers\ControllerAdministrativo->add()
 4 SYSTEMPATH\CodeIgniter.php(502): CodeIgniter\CodeIgniter->runController(Object(App\Controllers\ControllerAdministrativo))
 5 SYSTEMPATH\CodeIgniter.php(361): CodeIgniter\CodeIgniter->handleRequest(null, Object(Config\Cache), false)
 6 FCPATH\index.php(79): CodeIgniter\CodeIgniter->run()
