CRITICAL - 2024-02-07 02:57:32 --> Undefined variable $resultadoConsulta
in APPPATH\Controllers\Busquedas.php on line 87.
 1 APPPATH\Controllers\Busquedas.php(87): CodeIgniter\Debug\Exceptions->errorHandler(2, 'Undefined variable $resultadoConsulta', 'C:\\xampp\\htdocs\\Bib\\app\\Controllers\\Busquedas.php', 87)
 2 SYSTEMPATH\CodeIgniter.php(942): App\Controllers\Busquedas->buscarRegistros()
 3 SYSTEMPATH\CodeIgniter.php(502): CodeIgniter\CodeIgniter->runController(Object(App\Controllers\Busquedas))
 4 SYSTEMPATH\CodeIgniter.php(361): CodeIgniter\CodeIgniter->handleRequest(null, Object(Config\Cache), false)
 5 FCPATH\index.php(79): CodeIgniter\CodeIgniter->run()
ERROR - 2024-02-07 14:56:58 --> Error connecting to the database: mysqli_sql_exception: Access denied for user 'root'@'localhost' (using password: YES) in C:\xampp\htdocs\Bib\system\Database\MySQLi\Connection.php:185
Stack trace:
#0 C:\xampp\htdocs\Bib\system\Database\MySQLi\Connection.php(185): mysqli->real_connect('localhost', 'root', '1234', 'biblioteca', 3306, '', 0)
#1 C:\xampp\htdocs\Bib\system\Database\BaseConnection.php(392): CodeIgniter\Database\MySQLi\Connection->connect(false)
#2 C:\xampp\htdocs\Bib\system\Database\BaseConnection.php(575): CodeIgniter\Database\BaseConnection->initialize()
#3 C:\xampp\htdocs\Bib\app\Models\Alumno.php(24): CodeIgniter\Database\BaseConnection->query('SELECT u.NoCuen...')
#4 C:\xampp\htdocs\Bib\app\Controllers\ControllerAlumno.php(14): App\Models\Alumno->ListarAlumnos()
#5 C:\xampp\htdocs\Bib\system\CodeIgniter.php(942): App\Controllers\ControllerAlumno->index()
#6 C:\xampp\htdocs\Bib\system\CodeIgniter.php(502): CodeIgniter\CodeIgniter->runController(Object(App\Controllers\ControllerAlumno))
#7 C:\xampp\htdocs\Bib\system\CodeIgniter.php(361): CodeIgniter\CodeIgniter->handleRequest(NULL, Object(Config\Cache), false)
#8 C:\xampp\htdocs\Bib\public\index.php(79): CodeIgniter\CodeIgniter->run()
#9 {main}

Next CodeIgniter\Database\Exceptions\DatabaseException: Access denied for user '****'@'localhost' (using password: YES) in C:\xampp\htdocs\Bib\system\Database\MySQLi\Connection.php:229
Stack trace:
#0 C:\xampp\htdocs\Bib\system\Database\BaseConnection.php(392): CodeIgniter\Database\MySQLi\Connection->connect(false)
#1 C:\xampp\htdocs\Bib\system\Database\BaseConnection.php(575): CodeIgniter\Database\BaseConnection->initialize()
#2 C:\xampp\htdocs\Bib\app\Models\Alumno.php(24): CodeIgniter\Database\BaseConnection->query('SELECT u.NoCuen...')
#3 C:\xampp\htdocs\Bib\app\Controllers\ControllerAlumno.php(14): App\Models\Alumno->ListarAlumnos()
#4 C:\xampp\htdocs\Bib\system\CodeIgniter.php(942): App\Controllers\ControllerAlumno->index()
#5 C:\xampp\htdocs\Bib\system\CodeIgniter.php(502): CodeIgniter\CodeIgniter->runController(Object(App\Controllers\ControllerAlumno))
#6 C:\xampp\htdocs\Bib\system\CodeIgniter.php(361): CodeIgniter\CodeIgniter->handleRequest(NULL, Object(Config\Cache), false)
#7 C:\xampp\htdocs\Bib\public\index.php(79): CodeIgniter\CodeIgniter->run()
#8 {main}
CRITICAL - 2024-02-07 14:56:58 --> Unable to connect to the database.
Main connection [MySQLi]: Access denied for user '****'@'localhost' (using password: YES)
in SYSTEMPATH\Database\BaseConnection.php on line 428.
 1 SYSTEMPATH\Database\BaseConnection.php(575): CodeIgniter\Database\BaseConnection->initialize()
 2 APPPATH\Models\Alumno.php(24): CodeIgniter\Database\BaseConnection->query('SELECT u.NoCuenta, u.Nombre, u.area, a.semestre, a.grupo FROM user u INNER JOIN Alumno a ON u.NoCuenta = a.NoCuenta')
 3 APPPATH\Controllers\ControllerAlumno.php(14): App\Models\Alumno->ListarAlumnos()
 4 SYSTEMPATH\CodeIgniter.php(942): App\Controllers\ControllerAlumno->index()
 5 SYSTEMPATH\CodeIgniter.php(502): CodeIgniter\CodeIgniter->runController(Object(App\Controllers\ControllerAlumno))
 6 SYSTEMPATH\CodeIgniter.php(361): CodeIgniter\CodeIgniter->handleRequest(null, Object(Config\Cache), false)
 7 FCPATH\index.php(79): CodeIgniter\CodeIgniter->run()
ERROR - 2024-02-07 22:04:04 --> mysqli_sql_exception: Cannot delete or update a parent row: a foreign key constraint fails (`biblioteca`.`record`, CONSTRAINT `record_ibfk_1` FOREIGN KEY (`NoCuenta`) REFERENCES `user` (`NoCuenta`)) in C:\xampp\htdocs\Bib\system\Database\MySQLi\Connection.php:306
Stack trace:
#0 C:\xampp\htdocs\Bib\system\Database\MySQLi\Connection.php(306): mysqli->query('CALL EliminarAl...', 0)
#1 C:\xampp\htdocs\Bib\system\Database\BaseConnection.php(693): CodeIgniter\Database\MySQLi\Connection->execute('CALL EliminarAl...')
#2 C:\xampp\htdocs\Bib\system\Database\BaseConnection.php(607): CodeIgniter\Database\BaseConnection->simpleQuery('CALL EliminarAl...')
#3 C:\xampp\htdocs\Bib\app\Models\Alumno.php(28): CodeIgniter\Database\BaseConnection->query('CALL EliminarAl...', Array)
#4 C:\xampp\htdocs\Bib\app\Controllers\ControllerAlumno.php(65): App\Models\Alumno->eliminarAlumno('5')
#5 C:\xampp\htdocs\Bib\system\CodeIgniter.php(942): App\Controllers\ControllerAlumno->eliminar_alumno('5')
#6 C:\xampp\htdocs\Bib\system\CodeIgniter.php(502): CodeIgniter\CodeIgniter->runController(Object(App\Controllers\ControllerAlumno))
#7 C:\xampp\htdocs\Bib\system\CodeIgniter.php(361): CodeIgniter\CodeIgniter->handleRequest(NULL, Object(Config\Cache), false)
#8 C:\xampp\htdocs\Bib\public\index.php(79): CodeIgniter\CodeIgniter->run()
#9 {main}
CRITICAL - 2024-02-07 22:04:04 --> Cannot delete or update a parent row: a foreign key constraint fails (`biblioteca`.`record`, CONSTRAINT `record_ibfk_1` FOREIGN KEY (`NoCuenta`) REFERENCES `user` (`NoCuenta`))
in SYSTEMPATH\Database\BaseConnection.php on line 647.
 1 APPPATH\Models\Alumno.php(28): CodeIgniter\Database\BaseConnection->query('CALL EliminarAlumno(?)', [...])
 2 APPPATH\Controllers\ControllerAlumno.php(65): App\Models\Alumno->eliminarAlumno('5')
 3 SYSTEMPATH\CodeIgniter.php(942): App\Controllers\ControllerAlumno->eliminar_alumno('5')
 4 SYSTEMPATH\CodeIgniter.php(502): CodeIgniter\CodeIgniter->runController(Object(App\Controllers\ControllerAlumno))
 5 SYSTEMPATH\CodeIgniter.php(361): CodeIgniter\CodeIgniter->handleRequest(null, Object(Config\Cache), false)
 6 FCPATH\index.php(79): CodeIgniter\CodeIgniter->run()
ERROR - 2024-02-07 22:04:09 --> mysqli_sql_exception: Cannot delete or update a parent row: a foreign key constraint fails (`biblioteca`.`record`, CONSTRAINT `record_ibfk_1` FOREIGN KEY (`NoCuenta`) REFERENCES `user` (`NoCuenta`)) in C:\xampp\htdocs\Bib\system\Database\MySQLi\Connection.php:306
Stack trace:
#0 C:\xampp\htdocs\Bib\system\Database\MySQLi\Connection.php(306): mysqli->query('CALL EliminarAl...', 0)
#1 C:\xampp\htdocs\Bib\system\Database\BaseConnection.php(693): CodeIgniter\Database\MySQLi\Connection->execute('CALL EliminarAl...')
#2 C:\xampp\htdocs\Bib\system\Database\BaseConnection.php(607): CodeIgniter\Database\BaseConnection->simpleQuery('CALL EliminarAl...')
#3 C:\xampp\htdocs\Bib\app\Models\Alumno.php(28): CodeIgniter\Database\BaseConnection->query('CALL EliminarAl...', Array)
#4 C:\xampp\htdocs\Bib\app\Controllers\ControllerAlumno.php(65): App\Models\Alumno->eliminarAlumno('5')
#5 C:\xampp\htdocs\Bib\system\CodeIgniter.php(942): App\Controllers\ControllerAlumno->eliminar_alumno('5')
#6 C:\xampp\htdocs\Bib\system\CodeIgniter.php(502): CodeIgniter\CodeIgniter->runController(Object(App\Controllers\ControllerAlumno))
#7 C:\xampp\htdocs\Bib\system\CodeIgniter.php(361): CodeIgniter\CodeIgniter->handleRequest(NULL, Object(Config\Cache), false)
#8 C:\xampp\htdocs\Bib\public\index.php(79): CodeIgniter\CodeIgniter->run()
#9 {main}
CRITICAL - 2024-02-07 22:04:09 --> Cannot delete or update a parent row: a foreign key constraint fails (`biblioteca`.`record`, CONSTRAINT `record_ibfk_1` FOREIGN KEY (`NoCuenta`) REFERENCES `user` (`NoCuenta`))
in SYSTEMPATH\Database\BaseConnection.php on line 647.
 1 APPPATH\Models\Alumno.php(28): CodeIgniter\Database\BaseConnection->query('CALL EliminarAlumno(?)', [...])
 2 APPPATH\Controllers\ControllerAlumno.php(65): App\Models\Alumno->eliminarAlumno('5')
 3 SYSTEMPATH\CodeIgniter.php(942): App\Controllers\ControllerAlumno->eliminar_alumno('5')
 4 SYSTEMPATH\CodeIgniter.php(502): CodeIgniter\CodeIgniter->runController(Object(App\Controllers\ControllerAlumno))
 5 SYSTEMPATH\CodeIgniter.php(361): CodeIgniter\CodeIgniter->handleRequest(null, Object(Config\Cache), false)
 6 FCPATH\index.php(79): CodeIgniter\CodeIgniter->run()
