CRITICAL - 2024-01-22 04:34:40 --> Call to undefined function App\Controllers\NOW()
in APPPATH\Controllers\PdfController.php on line 140.
 1 APPPATH\ThirdParty\TCPDFmain\tcpdf.php(3665): App\Controllers\MYPDF->Footer()
 2 APPPATH\ThirdParty\TCPDFmain\tcpdf.php(3211): TCPDF->setFooter()
 3 APPPATH\ThirdParty\TCPDFmain\tcpdf.php(3059): TCPDF->endPage()
 4 APPPATH\ThirdParty\TCPDFmain\tcpdf.php(7649): TCPDF->Close()
 5 APPPATH\Controllers\PdfController.php(119): TCPDF->Output('example.pdf', 'I')
 6 SYSTEMPATH\CodeIgniter.php(942): App\Controllers\PdfController->index()
 7 SYSTEMPATH\CodeIgniter.php(502): CodeIgniter\CodeIgniter->runController(Object(App\Controllers\PdfController))
 8 SYSTEMPATH\CodeIgniter.php(361): CodeIgniter\CodeIgniter->handleRequest(null, Object(Config\Cache), false)
 9 FCPATH\index.php(79): CodeIgniter\CodeIgniter->run()
CRITICAL - 2024-01-22 04:34:41 --> Call to undefined function App\Controllers\NOW()
in APPPATH\Controllers\PdfController.php on line 140.
 1 APPPATH\ThirdParty\TCPDFmain\tcpdf.php(3665): App\Controllers\MYPDF->Footer()
 2 APPPATH\ThirdParty\TCPDFmain\tcpdf.php(3211): TCPDF->setFooter()
 3 APPPATH\ThirdParty\TCPDFmain\tcpdf.php(3059): TCPDF->endPage()
 4 APPPATH\ThirdParty\TCPDFmain\tcpdf.php(7649): TCPDF->Close()
 5 APPPATH\Controllers\PdfController.php(119): TCPDF->Output('example.pdf', 'I')
 6 SYSTEMPATH\CodeIgniter.php(942): App\Controllers\PdfController->index()
 7 SYSTEMPATH\CodeIgniter.php(502): CodeIgniter\CodeIgniter->runController(Object(App\Controllers\PdfController))
 8 SYSTEMPATH\CodeIgniter.php(361): CodeIgniter\CodeIgniter->handleRequest(null, Object(Config\Cache), false)
 9 FCPATH\index.php(79): CodeIgniter\CodeIgniter->run()
CRITICAL - 2024-01-22 04:34:41 --> Call to undefined function App\Controllers\NOW()
in APPPATH\Controllers\PdfController.php on line 140.
 1 APPPATH\ThirdParty\TCPDFmain\tcpdf.php(3665): App\Controllers\MYPDF->Footer()
 2 APPPATH\ThirdParty\TCPDFmain\tcpdf.php(3211): TCPDF->setFooter()
 3 APPPATH\ThirdParty\TCPDFmain\tcpdf.php(3059): TCPDF->endPage()
 4 APPPATH\ThirdParty\TCPDFmain\tcpdf.php(7649): TCPDF->Close()
 5 APPPATH\Controllers\PdfController.php(119): TCPDF->Output('example.pdf', 'I')
 6 SYSTEMPATH\CodeIgniter.php(942): App\Controllers\PdfController->index()
 7 SYSTEMPATH\CodeIgniter.php(502): CodeIgniter\CodeIgniter->runController(Object(App\Controllers\PdfController))
 8 SYSTEMPATH\CodeIgniter.php(361): CodeIgniter\CodeIgniter->handleRequest(null, Object(Config\Cache), false)
 9 FCPATH\index.php(79): CodeIgniter\CodeIgniter->run()
