ERROR - 2024-02-23 04:00:13 --> Error connecting to the database: mysqli_sql_exception: Access denied for user 'root'@'localhost' (using password: NO) in C:\xampp\htdocs\Bib\system\Database\MySQLi\Connection.php:185
Stack trace:
#0 C:\xampp\htdocs\Bib\system\Database\MySQLi\Connection.php(185): mysqli->real_connect('localhost', 'root', '', 'biblioteca', 3306, '', 0)
#1 C:\xampp\htdocs\Bib\system\Database\BaseConnection.php(392): CodeIgniter\Database\MySQLi\Connection->connect(false)
#2 C:\xampp\htdocs\Bib\system\Database\BaseConnection.php(575): CodeIgniter\Database\BaseConnection->initialize()
#3 C:\xampp\htdocs\Bib\app\Models\Alumno.php(24): CodeIgniter\Database\BaseConnection->query('SELECT u.NoCuen...')
#4 C:\xampp\htdocs\Bib\app\Controllers\ControllerAlumno.php(14): App\Models\Alumno->ListarAlumnos()
#5 C:\xampp\htdocs\Bib\system\CodeIgniter.php(942): App\Controllers\ControllerAlumno->index()
#6 C:\xampp\htdocs\Bib\system\CodeIgniter.php(502): CodeIgniter\CodeIgniter->runController(Object(App\Controllers\ControllerAlumno))
#7 C:\xampp\htdocs\Bib\system\CodeIgniter.php(361): CodeIgniter\CodeIgniter->handleRequest(NULL, Object(Config\Cache), false)
#8 C:\xampp\htdocs\Bib\public\index.php(79): CodeIgniter\CodeIgniter->run()
#9 {main}

Next CodeIgniter\Database\Exceptions\DatabaseException: Access denied for user '****'@'localhost' (using password: NO) in C:\xampp\htdocs\Bib\system\Database\MySQLi\Connection.php:229
Stack trace:
#0 C:\xampp\htdocs\Bib\system\Database\BaseConnection.php(392): CodeIgniter\Database\MySQLi\Connection->connect(false)
#1 C:\xampp\htdocs\Bib\system\Database\BaseConnection.php(575): CodeIgniter\Database\BaseConnection->initialize()
#2 C:\xampp\htdocs\Bib\app\Models\Alumno.php(24): CodeIgniter\Database\BaseConnection->query('SELECT u.NoCuen...')
#3 C:\xampp\htdocs\Bib\app\Controllers\ControllerAlumno.php(14): App\Models\Alumno->ListarAlumnos()
#4 C:\xampp\htdocs\Bib\system\CodeIgniter.php(942): App\Controllers\ControllerAlumno->index()
#5 C:\xampp\htdocs\Bib\system\CodeIgniter.php(502): CodeIgniter\CodeIgniter->runController(Object(App\Controllers\ControllerAlumno))
#6 C:\xampp\htdocs\Bib\system\CodeIgniter.php(361): CodeIgniter\CodeIgniter->handleRequest(NULL, Object(Config\Cache), false)
#7 C:\xampp\htdocs\Bib\public\index.php(79): CodeIgniter\CodeIgniter->run()
#8 {main}
CRITICAL - 2024-02-23 04:00:13 --> Unable to connect to the database.
Main connection [MySQLi]: Access denied for user '****'@'localhost' (using password: NO)
in SYSTEMPATH\Database\BaseConnection.php on line 428.
 1 SYSTEMPATH\Database\BaseConnection.php(575): CodeIgniter\Database\BaseConnection->initialize()
 2 APPPATH\Models\Alumno.php(24): CodeIgniter\Database\BaseConnection->query('SELECT u.NoCuenta, u.Nombre, u.area, a.semestre, a.grupo FROM user u INNER JOIN Alumno a ON u.NoCuenta = a.NoCuenta')
 3 APPPATH\Controllers\ControllerAlumno.php(14): App\Models\Alumno->ListarAlumnos()
 4 SYSTEMPATH\CodeIgniter.php(942): App\Controllers\ControllerAlumno->index()
 5 SYSTEMPATH\CodeIgniter.php(502): CodeIgniter\CodeIgniter->runController(Object(App\Controllers\ControllerAlumno))
 6 SYSTEMPATH\CodeIgniter.php(361): CodeIgniter\CodeIgniter->handleRequest(null, Object(Config\Cache), false)
 7 FCPATH\index.php(79): CodeIgniter\CodeIgniter->run()
CRITICAL - 2024-02-23 22:03:33 --> Undefined variable $fecha
in APPPATH\Views\Monitoreo.php on line 43.
 1 APPPATH\Views\Monitoreo.php(43): CodeIgniter\Debug\Exceptions->errorHandler(2, 'Undefined variable $fecha', 'C:\\xampp\\htdocs\\Bib\\app\\Views\\Monitoreo.php', 43)
 2 SYSTEMPATH\View\View.php(228): include('C:\\xampp\\htdocs\\Bib\\app\\Views\\Monitoreo.php')
 3 SYSTEMPATH\View\View.php(231): CodeIgniter\View\View->CodeIgniter\View\{closure}()
 4 SYSTEMPATH\Common.php(1190): CodeIgniter\View\View->render('Monitoreo', [], true)
 5 APPPATH\Controllers\ControllerMonitoreo.php(23): view('Monitoreo', [...])
 6 SYSTEMPATH\CodeIgniter.php(942): App\Controllers\ControllerMonitoreo->index()
 7 SYSTEMPATH\CodeIgniter.php(502): CodeIgniter\CodeIgniter->runController(Object(App\Controllers\ControllerMonitoreo))
 8 SYSTEMPATH\CodeIgniter.php(361): CodeIgniter\CodeIgniter->handleRequest(null, Object(Config\Cache), false)
 9 FCPATH\index.php(79): CodeIgniter\CodeIgniter->run()
CRITICAL - 2024-02-23 22:03:45 --> Undefined variable $fecha
in APPPATH\Views\Monitoreo.php on line 43.
 1 APPPATH\Views\Monitoreo.php(43): CodeIgniter\Debug\Exceptions->errorHandler(2, 'Undefined variable $fecha', 'C:\\xampp\\htdocs\\Bib\\app\\Views\\Monitoreo.php', 43)
 2 SYSTEMPATH\View\View.php(228): include('C:\\xampp\\htdocs\\Bib\\app\\Views\\Monitoreo.php')
 3 SYSTEMPATH\View\View.php(231): CodeIgniter\View\View->CodeIgniter\View\{closure}()
 4 SYSTEMPATH\Common.php(1190): CodeIgniter\View\View->render('Monitoreo', [], true)
 5 APPPATH\Controllers\ControllerMonitoreo.php(23): view('Monitoreo', [...])
 6 SYSTEMPATH\CodeIgniter.php(942): App\Controllers\ControllerMonitoreo->index()
 7 SYSTEMPATH\CodeIgniter.php(502): CodeIgniter\CodeIgniter->runController(Object(App\Controllers\ControllerMonitoreo))
 8 SYSTEMPATH\CodeIgniter.php(361): CodeIgniter\CodeIgniter->handleRequest(null, Object(Config\Cache), false)
 9 FCPATH\index.php(79): CodeIgniter\CodeIgniter->run()
