ERROR - 2024-03-11 15:15:47 --> mysqli_sql_exception: Duplicate entry '0318140037' for key 'PRIMARY' in C:\xampp\htdocs\Bib\system\Database\MySQLi\Connection.php:306
Stack trace:
#0 C:\xampp\htdocs\Bib\system\Database\MySQLi\Connection.php(306): mysqli->query('INSERT INTO asi...', 0)
#1 C:\xampp\htdocs\Bib\system\Database\BaseConnection.php(693): CodeIgniter\Database\MySQLi\Connection->execute('INSERT INTO asi...')
#2 C:\xampp\htdocs\Bib\system\Database\BaseConnection.php(607): CodeIgniter\Database\BaseConnection->simpleQuery('INSERT INTO asi...')
#3 C:\xampp\htdocs\Bib\app\Models\Principal.php(20): CodeIgniter\Database\BaseConnection->query('INSERT INTO asi...', Array)
#4 C:\xampp\htdocs\Bib\app\Controllers\ControllerPrincipal.php(36): App\Models\Principal->insertarAsiento(Array)
#5 C:\xampp\htdocs\Bib\system\CodeIgniter.php(942): App\Controllers\ControllerPrincipal->add()
#6 C:\xampp\htdocs\Bib\system\CodeIgniter.php(502): CodeIgniter\CodeIgniter->runController(Object(App\Controllers\ControllerPrincipal))
#7 C:\xampp\htdocs\Bib\system\CodeIgniter.php(361): CodeIgniter\CodeIgniter->handleRequest(NULL, Object(Config\Cache), false)
#8 C:\xampp\htdocs\Bib\public\index.php(79): CodeIgniter\CodeIgniter->run()
#9 {main}
CRITICAL - 2024-03-11 15:15:47 --> Duplicate entry '0318140037' for key 'PRIMARY'
in SYSTEMPATH\Database\BaseConnection.php on line 647.
 1 APPPATH\Models\Principal.php(20): CodeIgniter\Database\BaseConnection->query('INSERT INTO asientos VALUES (?, ?)', [...])
 2 APPPATH\Controllers\ControllerPrincipal.php(36): App\Models\Principal->insertarAsiento([...])
 3 SYSTEMPATH\CodeIgniter.php(942): App\Controllers\ControllerPrincipal->add()
 4 SYSTEMPATH\CodeIgniter.php(502): CodeIgniter\CodeIgniter->runController(Object(App\Controllers\ControllerPrincipal))
 5 SYSTEMPATH\CodeIgniter.php(361): CodeIgniter\CodeIgniter->handleRequest(null, Object(Config\Cache), false)
 6 FCPATH\index.php(79): CodeIgniter\CodeIgniter->run()
ERROR - 2024-03-11 16:26:40 --> mysqli_sql_exception: Duplicate entry '0323140031' for key 'PRIMARY' in C:\xampp\htdocs\Bib\system\Database\MySQLi\Connection.php:306
Stack trace:
#0 C:\xampp\htdocs\Bib\system\Database\MySQLi\Connection.php(306): mysqli->query('INSERT INTO asi...', 0)
#1 C:\xampp\htdocs\Bib\system\Database\BaseConnection.php(693): CodeIgniter\Database\MySQLi\Connection->execute('INSERT INTO asi...')
#2 C:\xampp\htdocs\Bib\system\Database\BaseConnection.php(607): CodeIgniter\Database\BaseConnection->simpleQuery('INSERT INTO asi...')
#3 C:\xampp\htdocs\Bib\app\Models\Principal.php(20): CodeIgniter\Database\BaseConnection->query('INSERT INTO asi...', Array)
#4 C:\xampp\htdocs\Bib\app\Controllers\ControllerPrincipal.php(36): App\Models\Principal->insertarAsiento(Array)
#5 C:\xampp\htdocs\Bib\system\CodeIgniter.php(942): App\Controllers\ControllerPrincipal->add()
#6 C:\xampp\htdocs\Bib\system\CodeIgniter.php(502): CodeIgniter\CodeIgniter->runController(Object(App\Controllers\ControllerPrincipal))
#7 C:\xampp\htdocs\Bib\system\CodeIgniter.php(361): CodeIgniter\CodeIgniter->handleRequest(NULL, Object(Config\Cache), false)
#8 C:\xampp\htdocs\Bib\public\index.php(79): CodeIgniter\CodeIgniter->run()
#9 {main}
CRITICAL - 2024-03-11 16:26:40 --> Duplicate entry '0323140031' for key 'PRIMARY'
in SYSTEMPATH\Database\BaseConnection.php on line 647.
 1 APPPATH\Models\Principal.php(20): CodeIgniter\Database\BaseConnection->query('INSERT INTO asientos VALUES (?, ?)', [...])
 2 APPPATH\Controllers\ControllerPrincipal.php(36): App\Models\Principal->insertarAsiento([...])
 3 SYSTEMPATH\CodeIgniter.php(942): App\Controllers\ControllerPrincipal->add()
 4 SYSTEMPATH\CodeIgniter.php(502): CodeIgniter\CodeIgniter->runController(Object(App\Controllers\ControllerPrincipal))
 5 SYSTEMPATH\CodeIgniter.php(361): CodeIgniter\CodeIgniter->handleRequest(null, Object(Config\Cache), false)
 6 FCPATH\index.php(79): CodeIgniter\CodeIgniter->run()
CRITICAL - 2024-03-11 18:48:51 --> date(): Argument #2 ($timestamp) must be of type ?int, string given
in APPPATH\Controllers\Busquedas.php on line 94.
 1 APPPATH\Controllers\Busquedas.php(94): date('Y-m-d', 'NaN')
 2 SYSTEMPATH\CodeIgniter.php(942): App\Controllers\Busquedas->RGAFecha()
 3 SYSTEMPATH\CodeIgniter.php(502): CodeIgniter\CodeIgniter->runController(Object(App\Controllers\Busquedas))
 4 SYSTEMPATH\CodeIgniter.php(361): CodeIgniter\CodeIgniter->handleRequest(null, Object(Config\Cache), false)
 5 FCPATH\index.php(79): CodeIgniter\CodeIgniter->run()
CRITICAL - 2024-03-11 18:49:04 --> date(): Argument #2 ($timestamp) must be of type ?int, string given
in APPPATH\Controllers\Busquedas.php on line 94.
 1 APPPATH\Controllers\Busquedas.php(94): date('Y-m-d', 'NaN')
 2 SYSTEMPATH\CodeIgniter.php(942): App\Controllers\Busquedas->RGAFecha()
 3 SYSTEMPATH\CodeIgniter.php(502): CodeIgniter\CodeIgniter->runController(Object(App\Controllers\Busquedas))
 4 SYSTEMPATH\CodeIgniter.php(361): CodeIgniter\CodeIgniter->handleRequest(null, Object(Config\Cache), false)
 5 FCPATH\index.php(79): CodeIgniter\CodeIgniter->run()
CRITICAL - 2024-03-11 18:49:13 --> date(): Argument #2 ($timestamp) must be of type ?int, string given
in APPPATH\Controllers\Busquedas.php on line 94.
 1 APPPATH\Controllers\Busquedas.php(94): date('Y-m-d', 'NaN')
 2 SYSTEMPATH\CodeIgniter.php(942): App\Controllers\Busquedas->RGAFecha()
 3 SYSTEMPATH\CodeIgniter.php(502): CodeIgniter\CodeIgniter->runController(Object(App\Controllers\Busquedas))
 4 SYSTEMPATH\CodeIgniter.php(361): CodeIgniter\CodeIgniter->handleRequest(null, Object(Config\Cache), false)
 5 FCPATH\index.php(79): CodeIgniter\CodeIgniter->run()
CRITICAL - 2024-03-11 18:49:21 --> date(): Argument #2 ($timestamp) must be of type ?int, string given
in APPPATH\Controllers\Busquedas.php on line 94.
 1 APPPATH\Controllers\Busquedas.php(94): date('Y-m-d', 'NaN')
 2 SYSTEMPATH\CodeIgniter.php(942): App\Controllers\Busquedas->RGAFecha()
 3 SYSTEMPATH\CodeIgniter.php(502): CodeIgniter\CodeIgniter->runController(Object(App\Controllers\Busquedas))
 4 SYSTEMPATH\CodeIgniter.php(361): CodeIgniter\CodeIgniter->handleRequest(null, Object(Config\Cache), false)
 5 FCPATH\index.php(79): CodeIgniter\CodeIgniter->run()
CRITICAL - 2024-03-11 18:58:57 --> date(): Argument #2 ($timestamp) must be of type ?int, string given
in APPPATH\Controllers\Busquedas.php on line 94.
 1 APPPATH\Controllers\Busquedas.php(94): date('Y-m-d', 'NaN')
 2 SYSTEMPATH\CodeIgniter.php(942): App\Controllers\Busquedas->RGAFecha()
 3 SYSTEMPATH\CodeIgniter.php(502): CodeIgniter\CodeIgniter->runController(Object(App\Controllers\Busquedas))
 4 SYSTEMPATH\CodeIgniter.php(361): CodeIgniter\CodeIgniter->handleRequest(null, Object(Config\Cache), false)
 5 FCPATH\index.php(79): CodeIgniter\CodeIgniter->run()
CRITICAL - 2024-03-11 19:09:17 --> date(): Argument #2 ($timestamp) must be of type ?int, string given
in APPPATH\Controllers\Busquedas.php on line 94.
 1 APPPATH\Controllers\Busquedas.php(94): date('Y-m-d', 'NaN')
 2 SYSTEMPATH\CodeIgniter.php(942): App\Controllers\Busquedas->RGAFecha()
 3 SYSTEMPATH\CodeIgniter.php(502): CodeIgniter\CodeIgniter->runController(Object(App\Controllers\Busquedas))
 4 SYSTEMPATH\CodeIgniter.php(361): CodeIgniter\CodeIgniter->handleRequest(null, Object(Config\Cache), false)
 5 FCPATH\index.php(79): CodeIgniter\CodeIgniter->run()
CRITICAL - 2024-03-11 19:09:38 --> date(): Argument #2 ($timestamp) must be of type ?int, string given
in APPPATH\Controllers\Busquedas.php on line 94.
 1 APPPATH\Controllers\Busquedas.php(94): date('Y-m-d', 'NaN')
 2 SYSTEMPATH\CodeIgniter.php(942): App\Controllers\Busquedas->RGAFecha()
 3 SYSTEMPATH\CodeIgniter.php(502): CodeIgniter\CodeIgniter->runController(Object(App\Controllers\Busquedas))
 4 SYSTEMPATH\CodeIgniter.php(361): CodeIgniter\CodeIgniter->handleRequest(null, Object(Config\Cache), false)
 5 FCPATH\index.php(79): CodeIgniter\CodeIgniter->run()
CRITICAL - 2024-03-11 19:09:55 --> date(): Argument #2 ($timestamp) must be of type ?int, string given
in APPPATH\Controllers\Busquedas.php on line 94.
 1 APPPATH\Controllers\Busquedas.php(94): date('Y-m-d', 'NaN')
 2 SYSTEMPATH\CodeIgniter.php(942): App\Controllers\Busquedas->RGAFecha()
 3 SYSTEMPATH\CodeIgniter.php(502): CodeIgniter\CodeIgniter->runController(Object(App\Controllers\Busquedas))
 4 SYSTEMPATH\CodeIgniter.php(361): CodeIgniter\CodeIgniter->handleRequest(null, Object(Config\Cache), false)
 5 FCPATH\index.php(79): CodeIgniter\CodeIgniter->run()
CRITICAL - 2024-03-11 19:09:58 --> date(): Argument #2 ($timestamp) must be of type ?int, string given
in APPPATH\Controllers\Busquedas.php on line 94.
 1 APPPATH\Controllers\Busquedas.php(94): date('Y-m-d', 'NaN')
 2 SYSTEMPATH\CodeIgniter.php(942): App\Controllers\Busquedas->RGAFecha()
 3 SYSTEMPATH\CodeIgniter.php(502): CodeIgniter\CodeIgniter->runController(Object(App\Controllers\Busquedas))
 4 SYSTEMPATH\CodeIgniter.php(361): CodeIgniter\CodeIgniter->handleRequest(null, Object(Config\Cache), false)
 5 FCPATH\index.php(79): CodeIgniter\CodeIgniter->run()
CRITICAL - 2024-03-11 19:10:23 --> date(): Argument #2 ($timestamp) must be of type ?int, string given
in APPPATH\Controllers\Busquedas.php on line 94.
 1 APPPATH\Controllers\Busquedas.php(94): date('Y-m-d', 'NaN')
 2 SYSTEMPATH\CodeIgniter.php(942): App\Controllers\Busquedas->RGAFecha()
 3 SYSTEMPATH\CodeIgniter.php(502): CodeIgniter\CodeIgniter->runController(Object(App\Controllers\Busquedas))
 4 SYSTEMPATH\CodeIgniter.php(361): CodeIgniter\CodeIgniter->handleRequest(null, Object(Config\Cache), false)
 5 FCPATH\index.php(79): CodeIgniter\CodeIgniter->run()
CRITICAL - 2024-03-11 19:11:43 --> date(): Argument #2 ($timestamp) must be of type ?int, string given
in APPPATH\Controllers\Busquedas.php on line 94.
 1 APPPATH\Controllers\Busquedas.php(94): date('Y-m-d', 'NaN')
 2 SYSTEMPATH\CodeIgniter.php(942): App\Controllers\Busquedas->RGAFecha()
 3 SYSTEMPATH\CodeIgniter.php(502): CodeIgniter\CodeIgniter->runController(Object(App\Controllers\Busquedas))
 4 SYSTEMPATH\CodeIgniter.php(361): CodeIgniter\CodeIgniter->handleRequest(null, Object(Config\Cache), false)
 5 FCPATH\index.php(79): CodeIgniter\CodeIgniter->run()
CRITICAL - 2024-03-11 19:13:02 --> date(): Argument #2 ($timestamp) must be of type ?int, string given
in APPPATH\Controllers\Busquedas.php on line 94.
 1 APPPATH\Controllers\Busquedas.php(94): date('Y-m-d', 'NaN')
 2 SYSTEMPATH\CodeIgniter.php(942): App\Controllers\Busquedas->RGAFecha()
 3 SYSTEMPATH\CodeIgniter.php(502): CodeIgniter\CodeIgniter->runController(Object(App\Controllers\Busquedas))
 4 SYSTEMPATH\CodeIgniter.php(361): CodeIgniter\CodeIgniter->handleRequest(null, Object(Config\Cache), false)
 5 FCPATH\index.php(79): CodeIgniter\CodeIgniter->run()
CRITICAL - 2024-03-11 19:13:30 --> date(): Argument #2 ($timestamp) must be of type ?int, string given
in APPPATH\Controllers\Busquedas.php on line 94.
 1 APPPATH\Controllers\Busquedas.php(94): date('Y-m-d', 'NaN')
 2 SYSTEMPATH\CodeIgniter.php(942): App\Controllers\Busquedas->RGAFecha()
 3 SYSTEMPATH\CodeIgniter.php(502): CodeIgniter\CodeIgniter->runController(Object(App\Controllers\Busquedas))
 4 SYSTEMPATH\CodeIgniter.php(361): CodeIgniter\CodeIgniter->handleRequest(null, Object(Config\Cache), false)
 5 FCPATH\index.php(79): CodeIgniter\CodeIgniter->run()
CRITICAL - 2024-03-11 19:14:49 --> date(): Argument #2 ($timestamp) must be of type ?int, string given
in APPPATH\Controllers\Busquedas.php on line 94.
 1 APPPATH\Controllers\Busquedas.php(94): date('Y-m-d', 'NaN')
 2 SYSTEMPATH\CodeIgniter.php(942): App\Controllers\Busquedas->RGAFecha()
 3 SYSTEMPATH\CodeIgniter.php(502): CodeIgniter\CodeIgniter->runController(Object(App\Controllers\Busquedas))
 4 SYSTEMPATH\CodeIgniter.php(361): CodeIgniter\CodeIgniter->handleRequest(null, Object(Config\Cache), false)
 5 FCPATH\index.php(79): CodeIgniter\CodeIgniter->run()
CRITICAL - 2024-03-11 19:15:49 --> date(): Argument #2 ($timestamp) must be of type ?int, string given
in APPPATH\Controllers\Busquedas.php on line 94.
 1 APPPATH\Controllers\Busquedas.php(94): date('Y-m-d', 'NaN')
 2 SYSTEMPATH\CodeIgniter.php(942): App\Controllers\Busquedas->RGAFecha()
 3 SYSTEMPATH\CodeIgniter.php(502): CodeIgniter\CodeIgniter->runController(Object(App\Controllers\Busquedas))
 4 SYSTEMPATH\CodeIgniter.php(361): CodeIgniter\CodeIgniter->handleRequest(null, Object(Config\Cache), false)
 5 FCPATH\index.php(79): CodeIgniter\CodeIgniter->run()
CRITICAL - 2024-03-11 19:16:07 --> date(): Argument #2 ($timestamp) must be of type ?int, string given
in APPPATH\Controllers\Busquedas.php on line 94.
 1 APPPATH\Controllers\Busquedas.php(94): date('Y-m-d', 'NaN')
 2 SYSTEMPATH\CodeIgniter.php(942): App\Controllers\Busquedas->RGAFecha()
 3 SYSTEMPATH\CodeIgniter.php(502): CodeIgniter\CodeIgniter->runController(Object(App\Controllers\Busquedas))
 4 SYSTEMPATH\CodeIgniter.php(361): CodeIgniter\CodeIgniter->handleRequest(null, Object(Config\Cache), false)
 5 FCPATH\index.php(79): CodeIgniter\CodeIgniter->run()
CRITICAL - 2024-03-11 19:16:36 --> date(): Argument #2 ($timestamp) must be of type ?int, string given
in APPPATH\Controllers\Busquedas.php on line 94.
 1 APPPATH\Controllers\Busquedas.php(94): date('Y-m-d', 'NaN')
 2 SYSTEMPATH\CodeIgniter.php(942): App\Controllers\Busquedas->RGAFecha()
 3 SYSTEMPATH\CodeIgniter.php(502): CodeIgniter\CodeIgniter->runController(Object(App\Controllers\Busquedas))
 4 SYSTEMPATH\CodeIgniter.php(361): CodeIgniter\CodeIgniter->handleRequest(null, Object(Config\Cache), false)
 5 FCPATH\index.php(79): CodeIgniter\CodeIgniter->run()
CRITICAL - 2024-03-11 19:16:40 --> date(): Argument #2 ($timestamp) must be of type ?int, string given
in APPPATH\Controllers\Busquedas.php on line 94.
 1 APPPATH\Controllers\Busquedas.php(94): date('Y-m-d', 'NaN')
 2 SYSTEMPATH\CodeIgniter.php(942): App\Controllers\Busquedas->RGAFecha()
 3 SYSTEMPATH\CodeIgniter.php(502): CodeIgniter\CodeIgniter->runController(Object(App\Controllers\Busquedas))
 4 SYSTEMPATH\CodeIgniter.php(361): CodeIgniter\CodeIgniter->handleRequest(null, Object(Config\Cache), false)
 5 FCPATH\index.php(79): CodeIgniter\CodeIgniter->run()
CRITICAL - 2024-03-11 19:18:24 --> date(): Argument #2 ($timestamp) must be of type ?int, string given
in APPPATH\Controllers\Busquedas.php on line 94.
 1 APPPATH\Controllers\Busquedas.php(94): date('Y-m-d', 'NaN')
 2 SYSTEMPATH\CodeIgniter.php(942): App\Controllers\Busquedas->RGAFecha()
 3 SYSTEMPATH\CodeIgniter.php(502): CodeIgniter\CodeIgniter->runController(Object(App\Controllers\Busquedas))
 4 SYSTEMPATH\CodeIgniter.php(361): CodeIgniter\CodeIgniter->handleRequest(null, Object(Config\Cache), false)
 5 FCPATH\index.php(79): CodeIgniter\CodeIgniter->run()
CRITICAL - 2024-03-11 19:18:29 --> date(): Argument #2 ($timestamp) must be of type ?int, string given
in APPPATH\Controllers\Busquedas.php on line 94.
 1 APPPATH\Controllers\Busquedas.php(94): date('Y-m-d', 'NaN')
 2 SYSTEMPATH\CodeIgniter.php(942): App\Controllers\Busquedas->RGAFecha()
 3 SYSTEMPATH\CodeIgniter.php(502): CodeIgniter\CodeIgniter->runController(Object(App\Controllers\Busquedas))
 4 SYSTEMPATH\CodeIgniter.php(361): CodeIgniter\CodeIgniter->handleRequest(null, Object(Config\Cache), false)
 5 FCPATH\index.php(79): CodeIgniter\CodeIgniter->run()
CRITICAL - 2024-03-11 19:18:35 --> date(): Argument #2 ($timestamp) must be of type ?int, string given
in APPPATH\Controllers\ControllerMonitoreo_Computo.php on line 113.
 1 APPPATH\Controllers\ControllerMonitoreo_Computo.php(113): date('Y-m-d', 'NaN')
 2 SYSTEMPATH\CodeIgniter.php(942): App\Controllers\ControllerMonitoreo_Computo->RGAFechaComputo()
 3 SYSTEMPATH\CodeIgniter.php(502): CodeIgniter\CodeIgniter->runController(Object(App\Controllers\ControllerMonitoreo_Computo))
 4 SYSTEMPATH\CodeIgniter.php(361): CodeIgniter\CodeIgniter->handleRequest(null, Object(Config\Cache), false)
 5 FCPATH\index.php(79): CodeIgniter\CodeIgniter->run()
CRITICAL - 2024-03-11 19:18:39 --> date(): Argument #2 ($timestamp) must be of type ?int, string given
in APPPATH\Controllers\ControllerMonitoreo_Computo.php on line 113.
 1 APPPATH\Controllers\ControllerMonitoreo_Computo.php(113): date('Y-m-d', 'NaN')
 2 SYSTEMPATH\CodeIgniter.php(942): App\Controllers\ControllerMonitoreo_Computo->RGAFechaComputo()
 3 SYSTEMPATH\CodeIgniter.php(502): CodeIgniter\CodeIgniter->runController(Object(App\Controllers\ControllerMonitoreo_Computo))
 4 SYSTEMPATH\CodeIgniter.php(361): CodeIgniter\CodeIgniter->handleRequest(null, Object(Config\Cache), false)
 5 FCPATH\index.php(79): CodeIgniter\CodeIgniter->run()
ERROR - 2024-03-11 19:26:12 --> mysqli_sql_exception: Column count doesn't match value count at row 1 in C:\xampp\htdocs\Bib\system\Database\MySQLi\Connection.php:306
Stack trace:
#0 C:\xampp\htdocs\Bib\system\Database\MySQLi\Connection.php(306): mysqli->query('INSERT INTO asi...', 0)
#1 C:\xampp\htdocs\Bib\system\Database\BaseConnection.php(693): CodeIgniter\Database\MySQLi\Connection->execute('INSERT INTO asi...')
#2 C:\xampp\htdocs\Bib\system\Database\BaseConnection.php(607): CodeIgniter\Database\BaseConnection->simpleQuery('INSERT INTO asi...')
#3 C:\xampp\htdocs\Bib\app\Models\Principal.php(20): CodeIgniter\Database\BaseConnection->query('INSERT INTO asi...', Array)
#4 C:\xampp\htdocs\Bib\app\Controllers\ControllerPrincipal.php(36): App\Models\Principal->insertarAsiento(Array)
#5 C:\xampp\htdocs\Bib\system\CodeIgniter.php(942): App\Controllers\ControllerPrincipal->add()
#6 C:\xampp\htdocs\Bib\system\CodeIgniter.php(502): CodeIgniter\CodeIgniter->runController(Object(App\Controllers\ControllerPrincipal))
#7 C:\xampp\htdocs\Bib\system\CodeIgniter.php(361): CodeIgniter\CodeIgniter->handleRequest(NULL, Object(Config\Cache), false)
#8 C:\xampp\htdocs\Bib\public\index.php(79): CodeIgniter\CodeIgniter->run()
#9 {main}
CRITICAL - 2024-03-11 19:26:12 --> Column count doesn't match value count at row 1
in SYSTEMPATH\Database\BaseConnection.php on line 647.
 1 APPPATH\Models\Principal.php(20): CodeIgniter\Database\BaseConnection->query('INSERT INTO asientos VALUES (?, ?)', [...])
 2 APPPATH\Controllers\ControllerPrincipal.php(36): App\Models\Principal->insertarAsiento([...])
 3 SYSTEMPATH\CodeIgniter.php(942): App\Controllers\ControllerPrincipal->add()
 4 SYSTEMPATH\CodeIgniter.php(502): CodeIgniter\CodeIgniter->runController(Object(App\Controllers\ControllerPrincipal))
 5 SYSTEMPATH\CodeIgniter.php(361): CodeIgniter\CodeIgniter->handleRequest(null, Object(Config\Cache), false)
 6 FCPATH\index.php(79): CodeIgniter\CodeIgniter->run()
ERROR - 2024-03-11 19:26:44 --> mysqli_sql_exception: Column count doesn't match value count at row 1 in C:\xampp\htdocs\Bib\system\Database\MySQLi\Connection.php:306
Stack trace:
#0 C:\xampp\htdocs\Bib\system\Database\MySQLi\Connection.php(306): mysqli->query('INSERT INTO asi...', 0)
#1 C:\xampp\htdocs\Bib\system\Database\BaseConnection.php(693): CodeIgniter\Database\MySQLi\Connection->execute('INSERT INTO asi...')
#2 C:\xampp\htdocs\Bib\system\Database\BaseConnection.php(607): CodeIgniter\Database\BaseConnection->simpleQuery('INSERT INTO asi...')
#3 C:\xampp\htdocs\Bib\app\Models\Principal.php(20): CodeIgniter\Database\BaseConnection->query('INSERT INTO asi...', Array)
#4 C:\xampp\htdocs\Bib\app\Controllers\ControllerPrincipal.php(36): App\Models\Principal->insertarAsiento(Array)
#5 C:\xampp\htdocs\Bib\system\CodeIgniter.php(942): App\Controllers\ControllerPrincipal->add()
#6 C:\xampp\htdocs\Bib\system\CodeIgniter.php(502): CodeIgniter\CodeIgniter->runController(Object(App\Controllers\ControllerPrincipal))
#7 C:\xampp\htdocs\Bib\system\CodeIgniter.php(361): CodeIgniter\CodeIgniter->handleRequest(NULL, Object(Config\Cache), false)
#8 C:\xampp\htdocs\Bib\public\index.php(79): CodeIgniter\CodeIgniter->run()
#9 {main}
CRITICAL - 2024-03-11 19:26:44 --> Column count doesn't match value count at row 1
in SYSTEMPATH\Database\BaseConnection.php on line 647.
 1 APPPATH\Models\Principal.php(20): CodeIgniter\Database\BaseConnection->query('INSERT INTO asientos VALUES (?, ?)', [...])
 2 APPPATH\Controllers\ControllerPrincipal.php(36): App\Models\Principal->insertarAsiento([...])
 3 SYSTEMPATH\CodeIgniter.php(942): App\Controllers\ControllerPrincipal->add()
 4 SYSTEMPATH\CodeIgniter.php(502): CodeIgniter\CodeIgniter->runController(Object(App\Controllers\ControllerPrincipal))
 5 SYSTEMPATH\CodeIgniter.php(361): CodeIgniter\CodeIgniter->handleRequest(null, Object(Config\Cache), false)
 6 FCPATH\index.php(79): CodeIgniter\CodeIgniter->run()
ERROR - 2024-03-11 19:31:13 --> mysqli_sql_exception: Column count doesn't match value count at row 1 in C:\xampp\htdocs\Bib\system\Database\MySQLi\Connection.php:306
Stack trace:
#0 C:\xampp\htdocs\Bib\system\Database\MySQLi\Connection.php(306): mysqli->query('INSERT INTO asi...', 0)
#1 C:\xampp\htdocs\Bib\system\Database\BaseConnection.php(693): CodeIgniter\Database\MySQLi\Connection->execute('INSERT INTO asi...')
#2 C:\xampp\htdocs\Bib\system\Database\BaseConnection.php(607): CodeIgniter\Database\BaseConnection->simpleQuery('INSERT INTO asi...')
#3 C:\xampp\htdocs\Bib\app\Models\Principal.php(20): CodeIgniter\Database\BaseConnection->query('INSERT INTO asi...', Array)
#4 C:\xampp\htdocs\Bib\app\Controllers\ControllerPrincipal.php(36): App\Models\Principal->insertarAsiento(Array)
#5 C:\xampp\htdocs\Bib\system\CodeIgniter.php(942): App\Controllers\ControllerPrincipal->add()
#6 C:\xampp\htdocs\Bib\system\CodeIgniter.php(502): CodeIgniter\CodeIgniter->runController(Object(App\Controllers\ControllerPrincipal))
#7 C:\xampp\htdocs\Bib\system\CodeIgniter.php(361): CodeIgniter\CodeIgniter->handleRequest(NULL, Object(Config\Cache), false)
#8 C:\xampp\htdocs\Bib\public\index.php(79): CodeIgniter\CodeIgniter->run()
#9 {main}
CRITICAL - 2024-03-11 19:31:13 --> Column count doesn't match value count at row 1
in SYSTEMPATH\Database\BaseConnection.php on line 647.
 1 APPPATH\Models\Principal.php(20): CodeIgniter\Database\BaseConnection->query('INSERT INTO asientos VALUES (?, ?)', [...])
 2 APPPATH\Controllers\ControllerPrincipal.php(36): App\Models\Principal->insertarAsiento([...])
 3 SYSTEMPATH\CodeIgniter.php(942): App\Controllers\ControllerPrincipal->add()
 4 SYSTEMPATH\CodeIgniter.php(502): CodeIgniter\CodeIgniter->runController(Object(App\Controllers\ControllerPrincipal))
 5 SYSTEMPATH\CodeIgniter.php(361): CodeIgniter\CodeIgniter->handleRequest(null, Object(Config\Cache), false)
 6 FCPATH\index.php(79): CodeIgniter\CodeIgniter->run()
CRITICAL - 2024-03-11 13:35:23 --> Invalid file: "Monitoreo.php"
in SYSTEMPATH\Exceptions\FrameworkException.php on line 39.
 1 SYSTEMPATH\View\View.php(216): CodeIgniter\Exceptions\FrameworkException::forInvalidFile('Monitoreo.php')
 2 SYSTEMPATH\Common.php(1190): CodeIgniter\View\View->render('Monitoreo', [], true)
 3 APPPATH\Controllers\ControllerMonitoreo.php(23): view('Monitoreo', [...])
 4 SYSTEMPATH\CodeIgniter.php(942): App\Controllers\ControllerMonitoreo->index()
 5 SYSTEMPATH\CodeIgniter.php(502): CodeIgniter\CodeIgniter->runController(Object(App\Controllers\ControllerMonitoreo))
 6 SYSTEMPATH\CodeIgniter.php(361): CodeIgniter\CodeIgniter->handleRequest(null, Object(Config\Cache), false)
 7 FCPATH\index.php(79): CodeIgniter\CodeIgniter->run()
CRITICAL - 2024-03-11 19:37:52 --> date(): Argument #2 ($timestamp) must be of type ?int, string given
in APPPATH\Controllers\Busquedas.php on line 94.
 1 APPPATH\Controllers\Busquedas.php(94): date('Y-m-d', 'NaN')
 2 SYSTEMPATH\CodeIgniter.php(942): App\Controllers\Busquedas->RGAFecha()
 3 SYSTEMPATH\CodeIgniter.php(502): CodeIgniter\CodeIgniter->runController(Object(App\Controllers\Busquedas))
 4 SYSTEMPATH\CodeIgniter.php(361): CodeIgniter\CodeIgniter->handleRequest(null, Object(Config\Cache), false)
 5 FCPATH\index.php(79): CodeIgniter\CodeIgniter->run()
CRITICAL - 2024-03-11 19:37:56 --> date(): Argument #2 ($timestamp) must be of type ?int, string given
in APPPATH\Controllers\Busquedas.php on line 94.
 1 APPPATH\Controllers\Busquedas.php(94): date('Y-m-d', 'NaN')
 2 SYSTEMPATH\CodeIgniter.php(942): App\Controllers\Busquedas->RGAFecha()
 3 SYSTEMPATH\CodeIgniter.php(502): CodeIgniter\CodeIgniter->runController(Object(App\Controllers\Busquedas))
 4 SYSTEMPATH\CodeIgniter.php(361): CodeIgniter\CodeIgniter->handleRequest(null, Object(Config\Cache), false)
 5 FCPATH\index.php(79): CodeIgniter\CodeIgniter->run()
CRITICAL - 2024-03-11 13:39:22 --> Invalid file: "Monitoreo.php"
in SYSTEMPATH\Exceptions\FrameworkException.php on line 39.
 1 SYSTEMPATH\View\View.php(216): CodeIgniter\Exceptions\FrameworkException::forInvalidFile('Monitoreo.php')
 2 SYSTEMPATH\Common.php(1190): CodeIgniter\View\View->render('Monitoreo', [], true)
 3 APPPATH\Controllers\ControllerMonitoreo.php(23): view('Monitoreo', [...])
 4 SYSTEMPATH\CodeIgniter.php(942): App\Controllers\ControllerMonitoreo->index()
 5 SYSTEMPATH\CodeIgniter.php(502): CodeIgniter\CodeIgniter->runController(Object(App\Controllers\ControllerMonitoreo))
 6 SYSTEMPATH\CodeIgniter.php(361): CodeIgniter\CodeIgniter->handleRequest(null, Object(Config\Cache), false)
 7 FCPATH\index.php(79): CodeIgniter\CodeIgniter->run()
CRITICAL - 2024-03-11 19:44:50 --> date(): Argument #2 ($timestamp) must be of type ?int, string given
in APPPATH\Controllers\Busquedas.php on line 94.
 1 APPPATH\Controllers\Busquedas.php(94): date('Y-m-d', 'NaN')
 2 SYSTEMPATH\CodeIgniter.php(942): App\Controllers\Busquedas->RGAFecha()
 3 SYSTEMPATH\CodeIgniter.php(502): CodeIgniter\CodeIgniter->runController(Object(App\Controllers\Busquedas))
 4 SYSTEMPATH\CodeIgniter.php(361): CodeIgniter\CodeIgniter->handleRequest(null, Object(Config\Cache), false)
 5 FCPATH\index.php(79): CodeIgniter\CodeIgniter->run()
CRITICAL - 2024-03-11 19:44:53 --> date(): Argument #2 ($timestamp) must be of type ?int, string given
in APPPATH\Controllers\Busquedas.php on line 94.
 1 APPPATH\Controllers\Busquedas.php(94): date('Y-m-d', 'NaN')
 2 SYSTEMPATH\CodeIgniter.php(942): App\Controllers\Busquedas->RGAFecha()
 3 SYSTEMPATH\CodeIgniter.php(502): CodeIgniter\CodeIgniter->runController(Object(App\Controllers\Busquedas))
 4 SYSTEMPATH\CodeIgniter.php(361): CodeIgniter\CodeIgniter->handleRequest(null, Object(Config\Cache), false)
 5 FCPATH\index.php(79): CodeIgniter\CodeIgniter->run()
CRITICAL - 2024-03-11 19:45:24 --> date(): Argument #2 ($timestamp) must be of type ?int, string given
in APPPATH\Controllers\ControllerMonitoreo_Computo.php on line 113.
 1 APPPATH\Controllers\ControllerMonitoreo_Computo.php(113): date('Y-m-d', 'NaN')
 2 SYSTEMPATH\CodeIgniter.php(942): App\Controllers\ControllerMonitoreo_Computo->RGAFechaComputo()
 3 SYSTEMPATH\CodeIgniter.php(502): CodeIgniter\CodeIgniter->runController(Object(App\Controllers\ControllerMonitoreo_Computo))
 4 SYSTEMPATH\CodeIgniter.php(361): CodeIgniter\CodeIgniter->handleRequest(null, Object(Config\Cache), false)
 5 FCPATH\index.php(79): CodeIgniter\CodeIgniter->run()
CRITICAL - 2024-03-11 19:45:28 --> date(): Argument #2 ($timestamp) must be of type ?int, string given
in APPPATH\Controllers\ControllerMonitoreo_Computo.php on line 113.
 1 APPPATH\Controllers\ControllerMonitoreo_Computo.php(113): date('Y-m-d', 'NaN')
 2 SYSTEMPATH\CodeIgniter.php(942): App\Controllers\ControllerMonitoreo_Computo->RGAFechaComputo()
 3 SYSTEMPATH\CodeIgniter.php(502): CodeIgniter\CodeIgniter->runController(Object(App\Controllers\ControllerMonitoreo_Computo))
 4 SYSTEMPATH\CodeIgniter.php(361): CodeIgniter\CodeIgniter->handleRequest(null, Object(Config\Cache), false)
 5 FCPATH\index.php(79): CodeIgniter\CodeIgniter->run()
ERROR - 2024-03-11 19:54:02 --> mysqli_sql_exception: Duplicate entry '0318140037' for key 'PRIMARY' in C:\xampp\htdocs\Bib\system\Database\MySQLi\Connection.php:306
Stack trace:
#0 C:\xampp\htdocs\Bib\system\Database\MySQLi\Connection.php(306): mysqli->query('INSERT INTO asi...', 0)
#1 C:\xampp\htdocs\Bib\system\Database\BaseConnection.php(693): CodeIgniter\Database\MySQLi\Connection->execute('INSERT INTO asi...')
#2 C:\xampp\htdocs\Bib\system\Database\BaseConnection.php(607): CodeIgniter\Database\BaseConnection->simpleQuery('INSERT INTO asi...')
#3 C:\xampp\htdocs\Bib\app\Models\Principal.php(20): CodeIgniter\Database\BaseConnection->query('INSERT INTO asi...', Array)
#4 C:\xampp\htdocs\Bib\app\Controllers\ControllerPrincipal.php(36): App\Models\Principal->insertarAsiento(Array)
#5 C:\xampp\htdocs\Bib\system\CodeIgniter.php(942): App\Controllers\ControllerPrincipal->add()
#6 C:\xampp\htdocs\Bib\system\CodeIgniter.php(502): CodeIgniter\CodeIgniter->runController(Object(App\Controllers\ControllerPrincipal))
#7 C:\xampp\htdocs\Bib\system\CodeIgniter.php(361): CodeIgniter\CodeIgniter->handleRequest(NULL, Object(Config\Cache), false)
#8 C:\xampp\htdocs\Bib\public\index.php(79): CodeIgniter\CodeIgniter->run()
#9 {main}
CRITICAL - 2024-03-11 19:54:02 --> Duplicate entry '0318140037' for key 'PRIMARY'
in SYSTEMPATH\Database\BaseConnection.php on line 647.
 1 APPPATH\Models\Principal.php(20): CodeIgniter\Database\BaseConnection->query('INSERT INTO asientos VALUES (?, ?)', [...])
 2 APPPATH\Controllers\ControllerPrincipal.php(36): App\Models\Principal->insertarAsiento([...])
 3 SYSTEMPATH\CodeIgniter.php(942): App\Controllers\ControllerPrincipal->add()
 4 SYSTEMPATH\CodeIgniter.php(502): CodeIgniter\CodeIgniter->runController(Object(App\Controllers\ControllerPrincipal))
 5 SYSTEMPATH\CodeIgniter.php(361): CodeIgniter\CodeIgniter->handleRequest(null, Object(Config\Cache), false)
 6 FCPATH\index.php(79): CodeIgniter\CodeIgniter->run()
ERROR - 2024-03-11 19:55:36 --> mysqli_sql_exception: Duplicate entry '0319140014' for key 'PRIMARY' in C:\xampp\htdocs\Bib\system\Database\MySQLi\Connection.php:306
Stack trace:
#0 C:\xampp\htdocs\Bib\system\Database\MySQLi\Connection.php(306): mysqli->query('INSERT INTO asi...', 0)
#1 C:\xampp\htdocs\Bib\system\Database\BaseConnection.php(693): CodeIgniter\Database\MySQLi\Connection->execute('INSERT INTO asi...')
#2 C:\xampp\htdocs\Bib\system\Database\BaseConnection.php(607): CodeIgniter\Database\BaseConnection->simpleQuery('INSERT INTO asi...')
#3 C:\xampp\htdocs\Bib\app\Models\Principal.php(20): CodeIgniter\Database\BaseConnection->query('INSERT INTO asi...', Array)
#4 C:\xampp\htdocs\Bib\app\Controllers\ControllerPrincipal.php(36): App\Models\Principal->insertarAsiento(Array)
#5 C:\xampp\htdocs\Bib\system\CodeIgniter.php(942): App\Controllers\ControllerPrincipal->add()
#6 C:\xampp\htdocs\Bib\system\CodeIgniter.php(502): CodeIgniter\CodeIgniter->runController(Object(App\Controllers\ControllerPrincipal))
#7 C:\xampp\htdocs\Bib\system\CodeIgniter.php(361): CodeIgniter\CodeIgniter->handleRequest(NULL, Object(Config\Cache), false)
#8 C:\xampp\htdocs\Bib\public\index.php(79): CodeIgniter\CodeIgniter->run()
#9 {main}
CRITICAL - 2024-03-11 19:55:36 --> Duplicate entry '0319140014' for key 'PRIMARY'
in SYSTEMPATH\Database\BaseConnection.php on line 647.
 1 APPPATH\Models\Principal.php(20): CodeIgniter\Database\BaseConnection->query('INSERT INTO asientos VALUES (?, ?)', [...])
 2 APPPATH\Controllers\ControllerPrincipal.php(36): App\Models\Principal->insertarAsiento([...])
 3 SYSTEMPATH\CodeIgniter.php(942): App\Controllers\ControllerPrincipal->add()
 4 SYSTEMPATH\CodeIgniter.php(502): CodeIgniter\CodeIgniter->runController(Object(App\Controllers\ControllerPrincipal))
 5 SYSTEMPATH\CodeIgniter.php(361): CodeIgniter\CodeIgniter->handleRequest(null, Object(Config\Cache), false)
 6 FCPATH\index.php(79): CodeIgniter\CodeIgniter->run()
CRITICAL - 2024-03-11 20:09:07 --> date(): Argument #2 ($timestamp) must be of type ?int, string given
in APPPATH\Controllers\ControllerMonitoreo_Computo.php on line 113.
 1 APPPATH\Controllers\ControllerMonitoreo_Computo.php(113): date('Y-m-d', 'NaN')
 2 SYSTEMPATH\CodeIgniter.php(942): App\Controllers\ControllerMonitoreo_Computo->RGAFechaComputo()
 3 SYSTEMPATH\CodeIgniter.php(502): CodeIgniter\CodeIgniter->runController(Object(App\Controllers\ControllerMonitoreo_Computo))
 4 SYSTEMPATH\CodeIgniter.php(361): CodeIgniter\CodeIgniter->handleRequest(null, Object(Config\Cache), false)
 5 FCPATH\index.php(79): CodeIgniter\CodeIgniter->run()
CRITICAL - 2024-03-11 20:09:09 --> date(): Argument #2 ($timestamp) must be of type ?int, string given
in APPPATH\Controllers\ControllerMonitoreo_Computo.php on line 113.
 1 APPPATH\Controllers\ControllerMonitoreo_Computo.php(113): date('Y-m-d', 'NaN')
 2 SYSTEMPATH\CodeIgniter.php(942): App\Controllers\ControllerMonitoreo_Computo->RGAFechaComputo()
 3 SYSTEMPATH\CodeIgniter.php(502): CodeIgniter\CodeIgniter->runController(Object(App\Controllers\ControllerMonitoreo_Computo))
 4 SYSTEMPATH\CodeIgniter.php(361): CodeIgniter\CodeIgniter->handleRequest(null, Object(Config\Cache), false)
 5 FCPATH\index.php(79): CodeIgniter\CodeIgniter->run()
CRITICAL - 2024-03-11 20:09:12 --> date(): Argument #2 ($timestamp) must be of type ?int, string given
in APPPATH\Controllers\Busquedas.php on line 94.
 1 APPPATH\Controllers\Busquedas.php(94): date('Y-m-d', 'NaN')
 2 SYSTEMPATH\CodeIgniter.php(942): App\Controllers\Busquedas->RGAFecha()
 3 SYSTEMPATH\CodeIgniter.php(502): CodeIgniter\CodeIgniter->runController(Object(App\Controllers\Busquedas))
 4 SYSTEMPATH\CodeIgniter.php(361): CodeIgniter\CodeIgniter->handleRequest(null, Object(Config\Cache), false)
 5 FCPATH\index.php(79): CodeIgniter\CodeIgniter->run()
CRITICAL - 2024-03-11 20:09:14 --> date(): Argument #2 ($timestamp) must be of type ?int, string given
in APPPATH\Controllers\Busquedas.php on line 94.
 1 APPPATH\Controllers\Busquedas.php(94): date('Y-m-d', 'NaN')
 2 SYSTEMPATH\CodeIgniter.php(942): App\Controllers\Busquedas->RGAFecha()
 3 SYSTEMPATH\CodeIgniter.php(502): CodeIgniter\CodeIgniter->runController(Object(App\Controllers\Busquedas))
 4 SYSTEMPATH\CodeIgniter.php(361): CodeIgniter\CodeIgniter->handleRequest(null, Object(Config\Cache), false)
 5 FCPATH\index.php(79): CodeIgniter\CodeIgniter->run()
CRITICAL - 2024-03-11 20:58:39 --> date(): Argument #2 ($timestamp) must be of type ?int, string given
in APPPATH\Controllers\Busquedas.php on line 94.
 1 APPPATH\Controllers\Busquedas.php(94): date('Y-m-d', 'NaN')
 2 SYSTEMPATH\CodeIgniter.php(942): App\Controllers\Busquedas->RGAFecha()
 3 SYSTEMPATH\CodeIgniter.php(502): CodeIgniter\CodeIgniter->runController(Object(App\Controllers\Busquedas))
 4 SYSTEMPATH\CodeIgniter.php(361): CodeIgniter\CodeIgniter->handleRequest(null, Object(Config\Cache), false)
 5 FCPATH\index.php(79): CodeIgniter\CodeIgniter->run()
CRITICAL - 2024-03-11 20:58:42 --> date(): Argument #2 ($timestamp) must be of type ?int, string given
in APPPATH\Controllers\Busquedas.php on line 94.
 1 APPPATH\Controllers\Busquedas.php(94): date('Y-m-d', 'NaN')
 2 SYSTEMPATH\CodeIgniter.php(942): App\Controllers\Busquedas->RGAFecha()
 3 SYSTEMPATH\CodeIgniter.php(502): CodeIgniter\CodeIgniter->runController(Object(App\Controllers\Busquedas))
 4 SYSTEMPATH\CodeIgniter.php(361): CodeIgniter\CodeIgniter->handleRequest(null, Object(Config\Cache), false)
 5 FCPATH\index.php(79): CodeIgniter\CodeIgniter->run()
