CRITICAL - 2023-11-29 02:45:21 --> Undefined variable $datos
in APPPATH\Views\CrudProfesor.php on line 25.
 1 APPPATH\Views\CrudProfesor.php(25): CodeIgniter\Debug\Exceptions->errorHandler(2, 'Undefined variable $datos', 'C:\\xampp\\htdocs\\Bib\\app\\Views\\CrudProfesor.php', 25)
 2 SYSTEMPATH\View\View.php(228): include('C:\\xampp\\htdocs\\Bib\\app\\Views\\CrudProfesor.php')
 3 SYSTEMPATH\View\View.php(231): CodeIgniter\View\View->CodeIgniter\View\{closure}()
 4 SYSTEMPATH\Common.php(1190): CodeIgniter\View\View->render('CrudProfesor', [], true)
 5 APPPATH\Controllers\ControladprProfesor.php(13): view('CrudProfesor', [...])
 6 SYSTEMPATH\CodeIgniter.php(942): App\Controllers\ControladprProfesor->index()
 7 SYSTEMPATH\CodeIgniter.php(502): CodeIgniter\CodeIgniter->runController(Object(App\Controllers\ControladprProfesor))
 8 SYSTEMPATH\CodeIgniter.php(361): CodeIgniter\CodeIgniter->handleRequest(null, Object(Config\Cache), false)
 9 FCPATH\index.php(79): CodeIgniter\CodeIgniter->run()
CRITICAL - 2023-11-29 02:46:06 --> Undefined variable $datos
in APPPATH\Views\CrudProfesor.php on line 25.
 1 APPPATH\Views\CrudProfesor.php(25): CodeIgniter\Debug\Exceptions->errorHandler(2, 'Undefined variable $datos', 'C:\\xampp\\htdocs\\Bib\\app\\Views\\CrudProfesor.php', 25)
 2 SYSTEMPATH\View\View.php(228): include('C:\\xampp\\htdocs\\Bib\\app\\Views\\CrudProfesor.php')
 3 SYSTEMPATH\View\View.php(231): CodeIgniter\View\View->CodeIgniter\View\{closure}()
 4 SYSTEMPATH\Common.php(1190): CodeIgniter\View\View->render('CrudProfesor', [], true)
 5 APPPATH\Controllers\ControladprProfesor.php(13): view('CrudProfesor', [...])
 6 SYSTEMPATH\CodeIgniter.php(942): App\Controllers\ControladprProfesor->index()
 7 SYSTEMPATH\CodeIgniter.php(502): CodeIgniter\CodeIgniter->runController(Object(App\Controllers\ControladprProfesor))
 8 SYSTEMPATH\CodeIgniter.php(361): CodeIgniter\CodeIgniter->handleRequest(null, Object(Config\Cache), false)
 9 FCPATH\index.php(79): CodeIgniter\CodeIgniter->run()
CRITICAL - 2023-11-29 02:51:59 --> Undefined array key 0
in APPPATH\Views\CrudProfesor.php on line 44.
 1 APPPATH\Views\CrudProfesor.php(44): CodeIgniter\Debug\Exceptions->errorHandler(2, 'Undefined array key 0', 'C:\\xampp\\htdocs\\Bib\\app\\Views\\CrudProfesor.php', 44)
 2 SYSTEMPATH\View\View.php(228): include('C:\\xampp\\htdocs\\Bib\\app\\Views\\CrudProfesor.php')
 3 SYSTEMPATH\View\View.php(231): CodeIgniter\View\View->CodeIgniter\View\{closure}()
 4 SYSTEMPATH\Common.php(1190): CodeIgniter\View\View->render('CrudProfesor', [], true)
 5 APPPATH\Controllers\ControladprProfesor.php(13): view('CrudProfesor', [...])
 6 SYSTEMPATH\CodeIgniter.php(942): App\Controllers\ControladprProfesor->index()
 7 SYSTEMPATH\CodeIgniter.php(502): CodeIgniter\CodeIgniter->runController(Object(App\Controllers\ControladprProfesor))
 8 SYSTEMPATH\CodeIgniter.php(361): CodeIgniter\CodeIgniter->handleRequest(null, Object(Config\Cache), false)
 9 FCPATH\index.php(79): CodeIgniter\CodeIgniter->run()
CRITICAL - 2023-11-29 03:39:47 --> print_r() expects at least 1 argument, 0 given
in APPPATH\Controllers\ControladprProfesor.php on line 24.
 1 APPPATH\Controllers\ControladprProfesor.php(24): print_r()
 2 SYSTEMPATH\CodeIgniter.php(942): App\Controllers\ControladprProfesor->guardar()
 3 SYSTEMPATH\CodeIgniter.php(502): CodeIgniter\CodeIgniter->runController(Object(App\Controllers\ControladprProfesor))
 4 SYSTEMPATH\CodeIgniter.php(361): CodeIgniter\CodeIgniter->handleRequest(null, Object(Config\Cache), false)
 5 FCPATH\index.php(79): CodeIgniter\CodeIgniter->run()
CRITICAL - 2023-11-29 03:47:45 --> Undefined variable $profesores
in APPPATH\Views\CrudProfesor.php on line 25.
 1 APPPATH\Views\CrudProfesor.php(25): CodeIgniter\Debug\Exceptions->errorHandler(2, 'Undefined variable $profesores', 'C:\\xampp\\htdocs\\Bib\\app\\Views\\CrudProfesor.php', 25)
 2 SYSTEMPATH\View\View.php(228): include('C:\\xampp\\htdocs\\Bib\\app\\Views\\CrudProfesor.php')
 3 SYSTEMPATH\View\View.php(231): CodeIgniter\View\View->CodeIgniter\View\{closure}()
 4 SYSTEMPATH\Common.php(1190): CodeIgniter\View\View->render('CrudProfesor', [], true)
 5 APPPATH\Controllers\Home.php(13): view('CrudProfesor')
 6 SYSTEMPATH\CodeIgniter.php(942): App\Controllers\Home->ver()
 7 SYSTEMPATH\CodeIgniter.php(502): CodeIgniter\CodeIgniter->runController(Object(App\Controllers\Home))
 8 SYSTEMPATH\CodeIgniter.php(361): CodeIgniter\CodeIgniter->handleRequest(null, Object(Config\Cache), false)
 9 FCPATH\index.php(79): CodeIgniter\CodeIgniter->run()
CRITICAL - 2023-11-29 03:49:38 --> Array to string conversion
in APPPATH\Controllers\ControladprProfesor.php on line 31.
 1 APPPATH\Controllers\ControladprProfesor.php(31): CodeIgniter\Debug\Exceptions->errorHandler(2, 'Array to string conversion', 'C:\\xampp\\htdocs\\Bib\\app\\Controllers\\ControladprProfesor.php', 31)
 2 SYSTEMPATH\CodeIgniter.php(942): App\Controllers\ControladprProfesor->borrar('123456')
 3 SYSTEMPATH\CodeIgniter.php(502): CodeIgniter\CodeIgniter->runController(Object(App\Controllers\ControladprProfesor))
 4 SYSTEMPATH\CodeIgniter.php(361): CodeIgniter\CodeIgniter->handleRequest(null, Object(Config\Cache), false)
 5 FCPATH\index.php(79): CodeIgniter\CodeIgniter->run()
CRITICAL - 2023-11-29 04:16:10 --> Undefined variable $libro
in APPPATH\Controllers\ControladprProfesor.php on line 52.
 1 APPPATH\Controllers\ControladprProfesor.php(52): CodeIgniter\Debug\Exceptions->errorHandler(2, 'Undefined variable $libro', 'C:\\xampp\\htdocs\\Bib\\app\\Controllers\\ControladprProfesor.php', 52)
 2 SYSTEMPATH\CodeIgniter.php(942): App\Controllers\ControladprProfesor->actualizar()
 3 SYSTEMPATH\CodeIgniter.php(502): CodeIgniter\CodeIgniter->runController(Object(App\Controllers\ControladprProfesor))
 4 SYSTEMPATH\CodeIgniter.php(361): CodeIgniter\CodeIgniter->handleRequest(null, Object(Config\Cache), false)
 5 FCPATH\index.php(79): CodeIgniter\CodeIgniter->run()
CRITICAL - 2023-11-29 04:25:58 --> Undefined variable $profesorModel
in APPPATH\Controllers\ControladprProfesor.php on line 44.
 1 APPPATH\Controllers\ControladprProfesor.php(44): CodeIgniter\Debug\Exceptions->errorHandler(2, 'Undefined variable $profesorModel', 'C:\\xampp\\htdocs\\Bib\\app\\Controllers\\ControladprProfesor.php', 44)
 2 SYSTEMPATH\CodeIgniter.php(942): App\Controllers\ControladprProfesor->guardar()
 3 SYSTEMPATH\CodeIgniter.php(502): CodeIgniter\CodeIgniter->runController(Object(App\Controllers\ControladprProfesor))
 4 SYSTEMPATH\CodeIgniter.php(361): CodeIgniter\CodeIgniter->handleRequest(null, Object(Config\Cache), false)
 5 FCPATH\index.php(79): CodeIgniter\CodeIgniter->run()
CRITICAL - 2023-11-29 04:33:25 --> Undefined variable $profesorModel
in APPPATH\Controllers\ControladprProfesor.php on line 97.
 1 APPPATH\Controllers\ControladprProfesor.php(97): CodeIgniter\Debug\Exceptions->errorHandler(2, 'Undefined variable $profesorModel', 'C:\\xampp\\htdocs\\Bib\\app\\Controllers\\ControladprProfesor.php', 97)
 2 SYSTEMPATH\CodeIgniter.php(942): App\Controllers\ControladprProfesor->actualizar()
 3 SYSTEMPATH\CodeIgniter.php(502): CodeIgniter\CodeIgniter->runController(Object(App\Controllers\ControladprProfesor))
 4 SYSTEMPATH\CodeIgniter.php(361): CodeIgniter\CodeIgniter->handleRequest(null, Object(Config\Cache), false)
 5 FCPATH\index.php(79): CodeIgniter\CodeIgniter->run()
CRITICAL - 2023-11-29 04:45:59 --> Cannot use object of type mysqli as array
in APPPATH\Views\CrudProfesor.php on line 44.
 1 SYSTEMPATH\View\View.php(228): include()
 2 SYSTEMPATH\View\View.php(231): CodeIgniter\View\View->CodeIgniter\View\{closure}()
 3 SYSTEMPATH\Common.php(1190): CodeIgniter\View\View->render('CrudProfesor', [], true)
 4 APPPATH\Controllers\ControladprProfesor.php(13): view('CrudProfesor', [...])
 5 SYSTEMPATH\CodeIgniter.php(942): App\Controllers\ControladprProfesor->index()
 6 SYSTEMPATH\CodeIgniter.php(502): CodeIgniter\CodeIgniter->runController(Object(App\Controllers\ControladprProfesor))
 7 SYSTEMPATH\CodeIgniter.php(361): CodeIgniter\CodeIgniter->handleRequest(null, Object(Config\Cache), false)
 8 FCPATH\index.php(79): CodeIgniter\CodeIgniter->run()
CRITICAL - 2023-11-29 04:46:21 --> Cannot use object of type mysqli as array
in APPPATH\Views\CrudProfesor.php on line 44.
 1 SYSTEMPATH\View\View.php(228): include()
 2 SYSTEMPATH\View\View.php(231): CodeIgniter\View\View->CodeIgniter\View\{closure}()
 3 SYSTEMPATH\Common.php(1190): CodeIgniter\View\View->render('CrudProfesor', [], true)
 4 APPPATH\Controllers\ControladprProfesor.php(13): view('CrudProfesor', [...])
 5 SYSTEMPATH\CodeIgniter.php(942): App\Controllers\ControladprProfesor->index()
 6 SYSTEMPATH\CodeIgniter.php(502): CodeIgniter\CodeIgniter->runController(Object(App\Controllers\ControladprProfesor))
 7 SYSTEMPATH\CodeIgniter.php(361): CodeIgniter\CodeIgniter->handleRequest(null, Object(Config\Cache), false)
 8 FCPATH\index.php(79): CodeIgniter\CodeIgniter->run()
CRITICAL - 2023-11-29 04:46:23 --> Cannot use object of type mysqli as array
in APPPATH\Views\CrudProfesor.php on line 44.
 1 SYSTEMPATH\View\View.php(228): include()
 2 SYSTEMPATH\View\View.php(231): CodeIgniter\View\View->CodeIgniter\View\{closure}()
 3 SYSTEMPATH\Common.php(1190): CodeIgniter\View\View->render('CrudProfesor', [], true)
 4 APPPATH\Controllers\ControladprProfesor.php(13): view('CrudProfesor', [...])
 5 SYSTEMPATH\CodeIgniter.php(942): App\Controllers\ControladprProfesor->index()
 6 SYSTEMPATH\CodeIgniter.php(502): CodeIgniter\CodeIgniter->runController(Object(App\Controllers\ControladprProfesor))
 7 SYSTEMPATH\CodeIgniter.php(361): CodeIgniter\CodeIgniter->handleRequest(null, Object(Config\Cache), false)
 8 FCPATH\index.php(79): CodeIgniter\CodeIgniter->run()
CRITICAL - 2023-11-29 04:52:20 --> Undefined array key "NoCuenta"
in APPPATH\Views\CrudProfesor.php on line 44.
 1 APPPATH\Views\CrudProfesor.php(44): CodeIgniter\Debug\Exceptions->errorHandler(2, 'Undefined array key "NoCuenta"', 'C:\\xampp\\htdocs\\Bib\\app\\Views\\CrudProfesor.php', 44)
 2 SYSTEMPATH\View\View.php(228): include('C:\\xampp\\htdocs\\Bib\\app\\Views\\CrudProfesor.php')
 3 SYSTEMPATH\View\View.php(231): CodeIgniter\View\View->CodeIgniter\View\{closure}()
 4 SYSTEMPATH\Common.php(1190): CodeIgniter\View\View->render('CrudProfesor', [], true)
 5 APPPATH\Controllers\ControladprProfesor.php(18): view('CrudProfesor', [...])
 6 SYSTEMPATH\CodeIgniter.php(942): App\Controllers\ControladprProfesor->index()
 7 SYSTEMPATH\CodeIgniter.php(502): CodeIgniter\CodeIgniter->runController(Object(App\Controllers\ControladprProfesor))
 8 SYSTEMPATH\CodeIgniter.php(361): CodeIgniter\CodeIgniter->handleRequest(null, Object(Config\Cache), false)
 9 FCPATH\index.php(79): CodeIgniter\CodeIgniter->run()
CRITICAL - 2023-11-29 04:53:58 --> Undefined array key "cargo"
in APPPATH\Views\CrudProfesor.php on line 45.
 1 APPPATH\Views\CrudProfesor.php(45): CodeIgniter\Debug\Exceptions->errorHandler(2, 'Undefined array key "cargo"', 'C:\\xampp\\htdocs\\Bib\\app\\Views\\CrudProfesor.php', 45)
 2 SYSTEMPATH\View\View.php(228): include('C:\\xampp\\htdocs\\Bib\\app\\Views\\CrudProfesor.php')
 3 SYSTEMPATH\View\View.php(231): CodeIgniter\View\View->CodeIgniter\View\{closure}()
 4 SYSTEMPATH\Common.php(1190): CodeIgniter\View\View->render('CrudProfesor', [], true)
 5 APPPATH\Controllers\ControladprProfesor.php(18): view('CrudProfesor', [...])
 6 SYSTEMPATH\CodeIgniter.php(942): App\Controllers\ControladprProfesor->index()
 7 SYSTEMPATH\CodeIgniter.php(502): CodeIgniter\CodeIgniter->runController(Object(App\Controllers\ControladprProfesor))
 8 SYSTEMPATH\CodeIgniter.php(361): CodeIgniter\CodeIgniter->handleRequest(null, Object(Config\Cache), false)
 9 FCPATH\index.php(79): CodeIgniter\CodeIgniter->run()
CRITICAL - 2023-11-29 04:54:21 --> Undefined array key "cargo"
in APPPATH\Views\CrudProfesor.php on line 45.
 1 APPPATH\Views\CrudProfesor.php(45): CodeIgniter\Debug\Exceptions->errorHandler(2, 'Undefined array key "cargo"', 'C:\\xampp\\htdocs\\Bib\\app\\Views\\CrudProfesor.php', 45)
 2 SYSTEMPATH\View\View.php(228): include('C:\\xampp\\htdocs\\Bib\\app\\Views\\CrudProfesor.php')
 3 SYSTEMPATH\View\View.php(231): CodeIgniter\View\View->CodeIgniter\View\{closure}()
 4 SYSTEMPATH\Common.php(1190): CodeIgniter\View\View->render('CrudProfesor', [], true)
 5 APPPATH\Controllers\ControladprProfesor.php(18): view('CrudProfesor', [...])
 6 SYSTEMPATH\CodeIgniter.php(942): App\Controllers\ControladprProfesor->index()
 7 SYSTEMPATH\CodeIgniter.php(502): CodeIgniter\CodeIgniter->runController(Object(App\Controllers\ControladprProfesor))
 8 SYSTEMPATH\CodeIgniter.php(361): CodeIgniter\CodeIgniter->handleRequest(null, Object(Config\Cache), false)
 9 FCPATH\index.php(79): CodeIgniter\CodeIgniter->run()
CRITICAL - 2023-11-29 04:56:06 --> Undefined array key "NoCuenta"
in APPPATH\Views\CrudProfesor.php on line 44.
 1 APPPATH\Views\CrudProfesor.php(44): CodeIgniter\Debug\Exceptions->errorHandler(2, 'Undefined array key "NoCuenta"', 'C:\\xampp\\htdocs\\Bib\\app\\Views\\CrudProfesor.php', 44)
 2 SYSTEMPATH\View\View.php(228): include('C:\\xampp\\htdocs\\Bib\\app\\Views\\CrudProfesor.php')
 3 SYSTEMPATH\View\View.php(231): CodeIgniter\View\View->CodeIgniter\View\{closure}()
 4 SYSTEMPATH\Common.php(1190): CodeIgniter\View\View->render('CrudProfesor', [], true)
 5 APPPATH\Controllers\ControladprProfesor.php(18): view('CrudProfesor', [...])
 6 SYSTEMPATH\CodeIgniter.php(942): App\Controllers\ControladprProfesor->index()
 7 SYSTEMPATH\CodeIgniter.php(502): CodeIgniter\CodeIgniter->runController(Object(App\Controllers\ControladprProfesor))
 8 SYSTEMPATH\CodeIgniter.php(361): CodeIgniter\CodeIgniter->handleRequest(null, Object(Config\Cache), false)
 9 FCPATH\index.php(79): CodeIgniter\CodeIgniter->run()
CRITICAL - 2023-11-29 04:59:24 --> Undefined array key "NoCuenta"
in APPPATH\Views\CrudProfesor.php on line 44.
 1 APPPATH\Views\CrudProfesor.php(44): CodeIgniter\Debug\Exceptions->errorHandler(2, 'Undefined array key "NoCuenta"', 'C:\\xampp\\htdocs\\Bib\\app\\Views\\CrudProfesor.php', 44)
 2 SYSTEMPATH\View\View.php(228): include('C:\\xampp\\htdocs\\Bib\\app\\Views\\CrudProfesor.php')
 3 SYSTEMPATH\View\View.php(231): CodeIgniter\View\View->CodeIgniter\View\{closure}()
 4 SYSTEMPATH\Common.php(1190): CodeIgniter\View\View->render('CrudProfesor', [], true)
 5 APPPATH\Controllers\ControladprProfesor.php(18): view('CrudProfesor', [...])
 6 SYSTEMPATH\CodeIgniter.php(942): App\Controllers\ControladprProfesor->index()
 7 SYSTEMPATH\CodeIgniter.php(502): CodeIgniter\CodeIgniter->runController(Object(App\Controllers\ControladprProfesor))
 8 SYSTEMPATH\CodeIgniter.php(361): CodeIgniter\CodeIgniter->handleRequest(null, Object(Config\Cache), false)
 9 FCPATH\index.php(79): CodeIgniter\CodeIgniter->run()
CRITICAL - 2023-11-29 05:01:04 --> Call to undefined method CodeIgniter\Database\MySQLi\Result::resultArray()
in APPPATH\Controllers\ControladprProfesor.php on line 16.
 1 SYSTEMPATH\CodeIgniter.php(942): App\Controllers\ControladprProfesor->index()
 2 SYSTEMPATH\CodeIgniter.php(502): CodeIgniter\CodeIgniter->runController(Object(App\Controllers\ControladprProfesor))
 3 SYSTEMPATH\CodeIgniter.php(361): CodeIgniter\CodeIgniter->handleRequest(null, Object(Config\Cache), false)
 4 FCPATH\index.php(79): CodeIgniter\CodeIgniter->run()
CRITICAL - 2023-11-29 05:02:06 --> Invalid file: "vista_profesores.php"
in SYSTEMPATH\Exceptions\FrameworkException.php on line 39.
 1 SYSTEMPATH\View\View.php(216): CodeIgniter\Exceptions\FrameworkException::forInvalidFile('vista_profesores.php')
 2 SYSTEMPATH\Common.php(1190): CodeIgniter\View\View->render('vista_profesores', [], true)
 3 APPPATH\Controllers\ControladprProfesor.php(19): view('vista_profesores', [...])
 4 SYSTEMPATH\CodeIgniter.php(942): App\Controllers\ControladprProfesor->index()
 5 SYSTEMPATH\CodeIgniter.php(502): CodeIgniter\CodeIgniter->runController(Object(App\Controllers\ControladprProfesor))
 6 SYSTEMPATH\CodeIgniter.php(361): CodeIgniter\CodeIgniter->handleRequest(null, Object(Config\Cache), false)
 7 FCPATH\index.php(79): CodeIgniter\CodeIgniter->run()
CRITICAL - 2023-11-29 05:07:29 --> Undefined array key "Nombre"
in APPPATH\Views\Editar.php on line 19.
 1 APPPATH\Views\Editar.php(19): CodeIgniter\Debug\Exceptions->errorHandler(2, 'Undefined array key "Nombre"', 'C:\\xampp\\htdocs\\Bib\\app\\Views\\Editar.php', 19)
 2 SYSTEMPATH\View\View.php(228): include('C:\\xampp\\htdocs\\Bib\\app\\Views\\Editar.php')
 3 SYSTEMPATH\View\View.php(231): CodeIgniter\View\View->CodeIgniter\View\{closure}()
 4 SYSTEMPATH\Common.php(1190): CodeIgniter\View\View->render('Editar', [], true)
 5 APPPATH\Controllers\ControladprProfesor.php(82): view('Editar', [...])
 6 SYSTEMPATH\CodeIgniter.php(942): App\Controllers\ControladprProfesor->editar('1')
 7 SYSTEMPATH\CodeIgniter.php(502): CodeIgniter\CodeIgniter->runController(Object(App\Controllers\ControladprProfesor))
 8 SYSTEMPATH\CodeIgniter.php(361): CodeIgniter\CodeIgniter->handleRequest(null, Object(Config\Cache), false)
 9 FCPATH\index.php(79): CodeIgniter\CodeIgniter->run()
CRITICAL - 2023-11-29 05:28:31 --> Undefined variable $profesor
in APPPATH\Views\Editar.php on line 9.
 1 APPPATH\Views\Editar.php(9): CodeIgniter\Debug\Exceptions->errorHandler(2, 'Undefined variable $profesor', 'C:\\xampp\\htdocs\\Bib\\app\\Views\\Editar.php', 9)
 2 SYSTEMPATH\View\View.php(228): include('C:\\xampp\\htdocs\\Bib\\app\\Views\\Editar.php')
 3 SYSTEMPATH\View\View.php(231): CodeIgniter\View\View->CodeIgniter\View\{closure}()
 4 SYSTEMPATH\Common.php(1190): CodeIgniter\View\View->render('Editar', [], true)
 5 APPPATH\Controllers\ControladprProfesor.php(87): view('Editar', [...])
 6 SYSTEMPATH\CodeIgniter.php(942): App\Controllers\ControladprProfesor->editar('1')
 7 SYSTEMPATH\CodeIgniter.php(502): CodeIgniter\CodeIgniter->runController(Object(App\Controllers\ControladprProfesor))
 8 SYSTEMPATH\CodeIgniter.php(361): CodeIgniter\CodeIgniter->handleRequest(null, Object(Config\Cache), false)
 9 FCPATH\index.php(79): CodeIgniter\CodeIgniter->run()
CRITICAL - 2023-11-29 05:28:34 --> Undefined variable $profesor
in APPPATH\Views\Editar.php on line 9.
 1 APPPATH\Views\Editar.php(9): CodeIgniter\Debug\Exceptions->errorHandler(2, 'Undefined variable $profesor', 'C:\\xampp\\htdocs\\Bib\\app\\Views\\Editar.php', 9)
 2 SYSTEMPATH\View\View.php(228): include('C:\\xampp\\htdocs\\Bib\\app\\Views\\Editar.php')
 3 SYSTEMPATH\View\View.php(231): CodeIgniter\View\View->CodeIgniter\View\{closure}()
 4 SYSTEMPATH\Common.php(1190): CodeIgniter\View\View->render('Editar', [], true)
 5 APPPATH\Controllers\ControladprProfesor.php(87): view('Editar', [...])
 6 SYSTEMPATH\CodeIgniter.php(942): App\Controllers\ControladprProfesor->editar('1')
 7 SYSTEMPATH\CodeIgniter.php(502): CodeIgniter\CodeIgniter->runController(Object(App\Controllers\ControladprProfesor))
 8 SYSTEMPATH\CodeIgniter.php(361): CodeIgniter\CodeIgniter->handleRequest(null, Object(Config\Cache), false)
 9 FCPATH\index.php(79): CodeIgniter\CodeIgniter->run()
CRITICAL - 2023-11-29 05:29:20 --> Undefined variable $profesor
in APPPATH\Views\Editar.php on line 9.
 1 APPPATH\Views\Editar.php(9): CodeIgniter\Debug\Exceptions->errorHandler(2, 'Undefined variable $profesor', 'C:\\xampp\\htdocs\\Bib\\app\\Views\\Editar.php', 9)
 2 SYSTEMPATH\View\View.php(228): include('C:\\xampp\\htdocs\\Bib\\app\\Views\\Editar.php')
 3 SYSTEMPATH\View\View.php(231): CodeIgniter\View\View->CodeIgniter\View\{closure}()
 4 SYSTEMPATH\Common.php(1190): CodeIgniter\View\View->render('Editar', [], true)
 5 APPPATH\Controllers\ControladprProfesor.php(87): view('Editar', [...])
 6 SYSTEMPATH\CodeIgniter.php(942): App\Controllers\ControladprProfesor->editar('1')
 7 SYSTEMPATH\CodeIgniter.php(502): CodeIgniter\CodeIgniter->runController(Object(App\Controllers\ControladprProfesor))
 8 SYSTEMPATH\CodeIgniter.php(361): CodeIgniter\CodeIgniter->handleRequest(null, Object(Config\Cache), false)
 9 FCPATH\index.php(79): CodeIgniter\CodeIgniter->run()
CRITICAL - 2023-11-29 05:29:43 --> Undefined variable $profesor
in APPPATH\Views\Editar.php on line 9.
 1 APPPATH\Views\Editar.php(9): CodeIgniter\Debug\Exceptions->errorHandler(2, 'Undefined variable $profesor', 'C:\\xampp\\htdocs\\Bib\\app\\Views\\Editar.php', 9)
 2 SYSTEMPATH\View\View.php(228): include('C:\\xampp\\htdocs\\Bib\\app\\Views\\Editar.php')
 3 SYSTEMPATH\View\View.php(231): CodeIgniter\View\View->CodeIgniter\View\{closure}()
 4 SYSTEMPATH\Common.php(1190): CodeIgniter\View\View->render('Editar', [], true)
 5 APPPATH\Controllers\ControladprProfesor.php(87): view('Editar', [...])
 6 SYSTEMPATH\CodeIgniter.php(942): App\Controllers\ControladprProfesor->editar('1')
 7 SYSTEMPATH\CodeIgniter.php(502): CodeIgniter\CodeIgniter->runController(Object(App\Controllers\ControladprProfesor))
 8 SYSTEMPATH\CodeIgniter.php(361): CodeIgniter\CodeIgniter->handleRequest(null, Object(Config\Cache), false)
 9 FCPATH\index.php(79): CodeIgniter\CodeIgniter->run()
CRITICAL - 2023-11-29 05:29:57 --> Undefined variable $profesor
in APPPATH\Views\Editar.php on line 19.
 1 APPPATH\Views\Editar.php(19): CodeIgniter\Debug\Exceptions->errorHandler(2, 'Undefined variable $profesor', 'C:\\xampp\\htdocs\\Bib\\app\\Views\\Editar.php', 19)
 2 SYSTEMPATH\View\View.php(228): include('C:\\xampp\\htdocs\\Bib\\app\\Views\\Editar.php')
 3 SYSTEMPATH\View\View.php(231): CodeIgniter\View\View->CodeIgniter\View\{closure}()
 4 SYSTEMPATH\Common.php(1190): CodeIgniter\View\View->render('Editar', [], true)
 5 APPPATH\Controllers\ControladprProfesor.php(87): view('Editar', [...])
 6 SYSTEMPATH\CodeIgniter.php(942): App\Controllers\ControladprProfesor->editar('1')
 7 SYSTEMPATH\CodeIgniter.php(502): CodeIgniter\CodeIgniter->runController(Object(App\Controllers\ControladprProfesor))
 8 SYSTEMPATH\CodeIgniter.php(361): CodeIgniter\CodeIgniter->handleRequest(null, Object(Config\Cache), false)
 9 FCPATH\index.php(79): CodeIgniter\CodeIgniter->run()
CRITICAL - 2023-11-29 05:49:43 --> view(): Argument #3 ($options) must be of type array, string given, called in C:\xampp\htdocs\Bib\app\Controllers\ControladprProfesor.php on line 19
in SYSTEMPATH\Common.php on line 1178.
 1 APPPATH\Controllers\ControladprProfesor.php(19): view('CrudProfesor', [...], 'migual')
 2 SYSTEMPATH\CodeIgniter.php(942): App\Controllers\ControladprProfesor->index()
 3 SYSTEMPATH\CodeIgniter.php(502): CodeIgniter\CodeIgniter->runController(Object(App\Controllers\ControladprProfesor))
 4 SYSTEMPATH\CodeIgniter.php(361): CodeIgniter\CodeIgniter->handleRequest(null, Object(Config\Cache), false)
 5 FCPATH\index.php(79): CodeIgniter\CodeIgniter->run()
CRITICAL - 2023-11-29 05:50:01 --> view(): Argument #3 ($options) must be of type array, string given, called in C:\xampp\htdocs\Bib\app\Controllers\ControladprProfesor.php on line 19
in SYSTEMPATH\Common.php on line 1178.
 1 APPPATH\Controllers\ControladprProfesor.php(19): view('CrudProfesor', [...], 'migual')
 2 SYSTEMPATH\CodeIgniter.php(942): App\Controllers\ControladprProfesor->index()
 3 SYSTEMPATH\CodeIgniter.php(502): CodeIgniter\CodeIgniter->runController(Object(App\Controllers\ControladprProfesor))
 4 SYSTEMPATH\CodeIgniter.php(361): CodeIgniter\CodeIgniter->handleRequest(null, Object(Config\Cache), false)
 5 FCPATH\index.php(79): CodeIgniter\CodeIgniter->run()
CRITICAL - 2023-11-29 05:50:09 --> view(): Argument #3 ($options) must be of type array, string given, called in C:\xampp\htdocs\Bib\app\Controllers\ControladprProfesor.php on line 19
in SYSTEMPATH\Common.php on line 1178.
 1 APPPATH\Controllers\ControladprProfesor.php(19): view('CrudProfesor', [...], 'migual')
 2 SYSTEMPATH\CodeIgniter.php(942): App\Controllers\ControladprProfesor->index()
 3 SYSTEMPATH\CodeIgniter.php(502): CodeIgniter\CodeIgniter->runController(Object(App\Controllers\ControladprProfesor))
 4 SYSTEMPATH\CodeIgniter.php(361): CodeIgniter\CodeIgniter->handleRequest(null, Object(Config\Cache), false)
 5 FCPATH\index.php(79): CodeIgniter\CodeIgniter->run()
CRITICAL - 2023-11-29 05:50:12 --> view(): Argument #2 ($data) must be of type array, null given, called in C:\xampp\htdocs\Bib\app\Controllers\ControladprProfesor.php on line 87
in SYSTEMPATH\Common.php on line 1178.
 1 APPPATH\Controllers\ControladprProfesor.php(87): view('Editar', null)
 2 SYSTEMPATH\CodeIgniter.php(942): App\Controllers\ControladprProfesor->editar('3')
 3 SYSTEMPATH\CodeIgniter.php(502): CodeIgniter\CodeIgniter->runController(Object(App\Controllers\ControladprProfesor))
 4 SYSTEMPATH\CodeIgniter.php(361): CodeIgniter\CodeIgniter->handleRequest(null, Object(Config\Cache), false)
 5 FCPATH\index.php(79): CodeIgniter\CodeIgniter->run()
CRITICAL - 2023-11-29 05:50:19 --> view(): Argument #2 ($data) must be of type array, null given, called in C:\xampp\htdocs\Bib\app\Controllers\ControladprProfesor.php on line 87
in SYSTEMPATH\Common.php on line 1178.
 1 APPPATH\Controllers\ControladprProfesor.php(87): view('Editar', null)
 2 SYSTEMPATH\CodeIgniter.php(942): App\Controllers\ControladprProfesor->editar('3')
 3 SYSTEMPATH\CodeIgniter.php(502): CodeIgniter\CodeIgniter->runController(Object(App\Controllers\ControladprProfesor))
 4 SYSTEMPATH\CodeIgniter.php(361): CodeIgniter\CodeIgniter->handleRequest(null, Object(Config\Cache), false)
 5 FCPATH\index.php(79): CodeIgniter\CodeIgniter->run()
CRITICAL - 2023-11-29 05:50:22 --> view(): Argument #2 ($data) must be of type array, null given, called in C:\xampp\htdocs\Bib\app\Controllers\ControladprProfesor.php on line 87
in SYSTEMPATH\Common.php on line 1178.
 1 APPPATH\Controllers\ControladprProfesor.php(87): view('Editar', null)
 2 SYSTEMPATH\CodeIgniter.php(942): App\Controllers\ControladprProfesor->editar('3')
 3 SYSTEMPATH\CodeIgniter.php(502): CodeIgniter\CodeIgniter->runController(Object(App\Controllers\ControladprProfesor))
 4 SYSTEMPATH\CodeIgniter.php(361): CodeIgniter\CodeIgniter->handleRequest(null, Object(Config\Cache), false)
 5 FCPATH\index.php(79): CodeIgniter\CodeIgniter->run()
CRITICAL - 2023-11-29 05:50:40 --> view(): Argument #2 ($data) must be of type array, null given, called in C:\xampp\htdocs\Bib\app\Controllers\ControladprProfesor.php on line 86
in SYSTEMPATH\Common.php on line 1178.
 1 APPPATH\Controllers\ControladprProfesor.php(86): view('Editar', null)
 2 SYSTEMPATH\CodeIgniter.php(942): App\Controllers\ControladprProfesor->editar('3')
 3 SYSTEMPATH\CodeIgniter.php(502): CodeIgniter\CodeIgniter->runController(Object(App\Controllers\ControladprProfesor))
 4 SYSTEMPATH\CodeIgniter.php(361): CodeIgniter\CodeIgniter->handleRequest(null, Object(Config\Cache), false)
 5 FCPATH\index.php(79): CodeIgniter\CodeIgniter->run()
CRITICAL - 2023-11-29 07:08:33 --> The framework needs the following extension(s) installed and loaded: intl.
in SYSTEMPATH\CodeIgniter.php on line 252.
 1 SYSTEMPATH\CodeIgniter.php(252): CodeIgniter\Exceptions\FrameworkException::forMissingExtension('intl')
 2 SYSTEMPATH\CodeIgniter.php(214): CodeIgniter\CodeIgniter->resolvePlatformExtensions()
 3 FCPATH\index.php(67): CodeIgniter\CodeIgniter->initialize()
CRITICAL - 2023-11-29 07:20:41 --> The framework needs the following extension(s) installed and loaded: intl.
in SYSTEMPATH\CodeIgniter.php on line 252.
 1 SYSTEMPATH\CodeIgniter.php(252): CodeIgniter\Exceptions\FrameworkException::forMissingExtension('intl')
 2 SYSTEMPATH\CodeIgniter.php(214): CodeIgniter\CodeIgniter->resolvePlatformExtensions()
 3 FCPATH\index.php(67): CodeIgniter\CodeIgniter->initialize()
CRITICAL - 2023-11-29 07:24:24 --> The framework needs the following extension(s) installed and loaded: intl.
in SYSTEMPATH\CodeIgniter.php on line 252.
 1 SYSTEMPATH\CodeIgniter.php(252): CodeIgniter\Exceptions\FrameworkException::forMissingExtension('intl')
 2 SYSTEMPATH\CodeIgniter.php(214): CodeIgniter\CodeIgniter->resolvePlatformExtensions()
 3 FCPATH\index.php(67): CodeIgniter\CodeIgniter->initialize()
CRITICAL - 2023-11-29 07:28:05 --> The framework needs the following extension(s) installed and loaded: intl.
in SYSTEMPATH\CodeIgniter.php on line 252.
 1 SYSTEMPATH\CodeIgniter.php(252): CodeIgniter\Exceptions\FrameworkException::forMissingExtension('intl')
 2 SYSTEMPATH\CodeIgniter.php(214): CodeIgniter\CodeIgniter->resolvePlatformExtensions()
 3 FCPATH\index.php(67): CodeIgniter\CodeIgniter->initialize()
CRITICAL - 2023-11-29 07:28:05 --> The framework needs the following extension(s) installed and loaded: intl.
in SYSTEMPATH\CodeIgniter.php on line 252.
 1 SYSTEMPATH\CodeIgniter.php(252): CodeIgniter\Exceptions\FrameworkException::forMissingExtension('intl')
 2 SYSTEMPATH\CodeIgniter.php(214): CodeIgniter\CodeIgniter->resolvePlatformExtensions()
 3 FCPATH\index.php(67): CodeIgniter\CodeIgniter->initialize()
CRITICAL - 2023-11-29 07:28:06 --> The framework needs the following extension(s) installed and loaded: intl.
in SYSTEMPATH\CodeIgniter.php on line 252.
 1 SYSTEMPATH\CodeIgniter.php(252): CodeIgniter\Exceptions\FrameworkException::forMissingExtension('intl')
 2 SYSTEMPATH\CodeIgniter.php(214): CodeIgniter\CodeIgniter->resolvePlatformExtensions()
 3 FCPATH\index.php(67): CodeIgniter\CodeIgniter->initialize()
CRITICAL - 2023-11-29 07:28:06 --> The framework needs the following extension(s) installed and loaded: intl.
in SYSTEMPATH\CodeIgniter.php on line 252.
 1 SYSTEMPATH\CodeIgniter.php(252): CodeIgniter\Exceptions\FrameworkException::forMissingExtension('intl')
 2 SYSTEMPATH\CodeIgniter.php(214): CodeIgniter\CodeIgniter->resolvePlatformExtensions()
 3 FCPATH\index.php(67): CodeIgniter\CodeIgniter->initialize()
CRITICAL - 2023-11-29 07:28:07 --> The framework needs the following extension(s) installed and loaded: intl.
in SYSTEMPATH\CodeIgniter.php on line 252.
 1 SYSTEMPATH\CodeIgniter.php(252): CodeIgniter\Exceptions\FrameworkException::forMissingExtension('intl')
 2 SYSTEMPATH\CodeIgniter.php(214): CodeIgniter\CodeIgniter->resolvePlatformExtensions()
 3 FCPATH\index.php(67): CodeIgniter\CodeIgniter->initialize()
CRITICAL - 2023-11-29 07:29:21 --> The framework needs the following extension(s) installed and loaded: intl.
in SYSTEMPATH\CodeIgniter.php on line 252.
 1 SYSTEMPATH\CodeIgniter.php(252): CodeIgniter\Exceptions\FrameworkException::forMissingExtension('intl')
 2 SYSTEMPATH\CodeIgniter.php(214): CodeIgniter\CodeIgniter->resolvePlatformExtensions()
 3 FCPATH\index.php(67): CodeIgniter\CodeIgniter->initialize()
CRITICAL - 2023-11-29 07:29:23 --> The framework needs the following extension(s) installed and loaded: intl.
in SYSTEMPATH\CodeIgniter.php on line 252.
 1 SYSTEMPATH\CodeIgniter.php(252): CodeIgniter\Exceptions\FrameworkException::forMissingExtension('intl')
 2 SYSTEMPATH\CodeIgniter.php(214): CodeIgniter\CodeIgniter->resolvePlatformExtensions()
 3 FCPATH\index.php(67): CodeIgniter\CodeIgniter->initialize()
ERROR - 2023-11-29 06:33:33 --> Error connecting to the database: mysqli_sql_exception: Access denied for user 'root'@'localhost' (using password: NO) in C:\xampp\htdocs\Bib\system\Database\MySQLi\Connection.php:185
Stack trace:
#0 C:\xampp\htdocs\Bib\system\Database\MySQLi\Connection.php(185): mysqli->real_connect('localhost', 'root', '', 'biblioteca', 3306, '', 0)
#1 C:\xampp\htdocs\Bib\system\Database\BaseConnection.php(392): CodeIgniter\Database\MySQLi\Connection->connect(false)
#2 C:\xampp\htdocs\Bib\system\Database\BaseConnection.php(575): CodeIgniter\Database\BaseConnection->initialize()
#3 C:\xampp\htdocs\Bib\app\Models\Profesores.php(23): CodeIgniter\Database\BaseConnection->query('CALL ConsultarT...')
#4 C:\xampp\htdocs\Bib\app\Controllers\ControladprProfesor.php(11): App\Models\Profesores->ListarProfesores()
#5 C:\xampp\htdocs\Bib\system\CodeIgniter.php(942): App\Controllers\ControladprProfesor->index()
#6 C:\xampp\htdocs\Bib\system\CodeIgniter.php(502): CodeIgniter\CodeIgniter->runController(Object(App\Controllers\ControladprProfesor))
#7 C:\xampp\htdocs\Bib\system\CodeIgniter.php(361): CodeIgniter\CodeIgniter->handleRequest(NULL, Object(Config\Cache), false)
#8 C:\xampp\htdocs\Bib\public\index.php(79): CodeIgniter\CodeIgniter->run()
#9 {main}

Next CodeIgniter\Database\Exceptions\DatabaseException: Access denied for user '****'@'localhost' (using password: NO) in C:\xampp\htdocs\Bib\system\Database\MySQLi\Connection.php:229
Stack trace:
#0 C:\xampp\htdocs\Bib\system\Database\BaseConnection.php(392): CodeIgniter\Database\MySQLi\Connection->connect(false)
#1 C:\xampp\htdocs\Bib\system\Database\BaseConnection.php(575): CodeIgniter\Database\BaseConnection->initialize()
#2 C:\xampp\htdocs\Bib\app\Models\Profesores.php(23): CodeIgniter\Database\BaseConnection->query('CALL ConsultarT...')
#3 C:\xampp\htdocs\Bib\app\Controllers\ControladprProfesor.php(11): App\Models\Profesores->ListarProfesores()
#4 C:\xampp\htdocs\Bib\system\CodeIgniter.php(942): App\Controllers\ControladprProfesor->index()
#5 C:\xampp\htdocs\Bib\system\CodeIgniter.php(502): CodeIgniter\CodeIgniter->runController(Object(App\Controllers\ControladprProfesor))
#6 C:\xampp\htdocs\Bib\system\CodeIgniter.php(361): CodeIgniter\CodeIgniter->handleRequest(NULL, Object(Config\Cache), false)
#7 C:\xampp\htdocs\Bib\public\index.php(79): CodeIgniter\CodeIgniter->run()
#8 {main}
CRITICAL - 2023-11-29 06:33:33 --> Unable to connect to the database.
Main connection [MySQLi]: Access denied for user '****'@'localhost' (using password: NO)
in SYSTEMPATH\Database\BaseConnection.php on line 428.
 1 SYSTEMPATH\Database\BaseConnection.php(575): CodeIgniter\Database\BaseConnection->initialize()
 2 APPPATH\Models\Profesores.php(23): CodeIgniter\Database\BaseConnection->query('CALL ConsultarTodosLosProfesores()')
 3 APPPATH\Controllers\ControladprProfesor.php(11): App\Models\Profesores->ListarProfesores()
 4 SYSTEMPATH\CodeIgniter.php(942): App\Controllers\ControladprProfesor->index()
 5 SYSTEMPATH\CodeIgniter.php(502): CodeIgniter\CodeIgniter->runController(Object(App\Controllers\ControladprProfesor))
 6 SYSTEMPATH\CodeIgniter.php(361): CodeIgniter\CodeIgniter->handleRequest(null, Object(Config\Cache), false)
 7 FCPATH\index.php(79): CodeIgniter\CodeIgniter->run()
ERROR - 2023-11-29 06:33:57 --> mysqli_sql_exception: PROCEDURE biblioteca.ConsultarTodosLosProfesores does not exist in C:\xampp\htdocs\Bib\system\Database\MySQLi\Connection.php:306
Stack trace:
#0 C:\xampp\htdocs\Bib\system\Database\MySQLi\Connection.php(306): mysqli->query('CALL ConsultarT...', 0)
#1 C:\xampp\htdocs\Bib\system\Database\BaseConnection.php(693): CodeIgniter\Database\MySQLi\Connection->execute('CALL ConsultarT...')
#2 C:\xampp\htdocs\Bib\system\Database\BaseConnection.php(607): CodeIgniter\Database\BaseConnection->simpleQuery('CALL ConsultarT...')
#3 C:\xampp\htdocs\Bib\app\Models\Profesores.php(23): CodeIgniter\Database\BaseConnection->query('CALL ConsultarT...')
#4 C:\xampp\htdocs\Bib\app\Controllers\ControladprProfesor.php(11): App\Models\Profesores->ListarProfesores()
#5 C:\xampp\htdocs\Bib\system\CodeIgniter.php(942): App\Controllers\ControladprProfesor->index()
#6 C:\xampp\htdocs\Bib\system\CodeIgniter.php(502): CodeIgniter\CodeIgniter->runController(Object(App\Controllers\ControladprProfesor))
#7 C:\xampp\htdocs\Bib\system\CodeIgniter.php(361): CodeIgniter\CodeIgniter->handleRequest(NULL, Object(Config\Cache), false)
#8 C:\xampp\htdocs\Bib\public\index.php(79): CodeIgniter\CodeIgniter->run()
#9 {main}
CRITICAL - 2023-11-29 06:33:57 --> PROCEDURE biblioteca.ConsultarTodosLosProfesores does not exist
in SYSTEMPATH\Database\BaseConnection.php on line 647.
 1 APPPATH\Models\Profesores.php(23): CodeIgniter\Database\BaseConnection->query('CALL ConsultarTodosLosProfesores()')
 2 APPPATH\Controllers\ControladprProfesor.php(11): App\Models\Profesores->ListarProfesores()
 3 SYSTEMPATH\CodeIgniter.php(942): App\Controllers\ControladprProfesor->index()
 4 SYSTEMPATH\CodeIgniter.php(502): CodeIgniter\CodeIgniter->runController(Object(App\Controllers\ControladprProfesor))
 5 SYSTEMPATH\CodeIgniter.php(361): CodeIgniter\CodeIgniter->handleRequest(null, Object(Config\Cache), false)
 6 FCPATH\index.php(79): CodeIgniter\CodeIgniter->run()
ERROR - 2023-11-29 06:34:29 --> mysqli_sql_exception: PROCEDURE biblioteca.ConsultarTodosLosProfesores does not exist in C:\xampp\htdocs\Bib\system\Database\MySQLi\Connection.php:306
Stack trace:
#0 C:\xampp\htdocs\Bib\system\Database\MySQLi\Connection.php(306): mysqli->query('CALL ConsultarT...', 0)
#1 C:\xampp\htdocs\Bib\system\Database\BaseConnection.php(693): CodeIgniter\Database\MySQLi\Connection->execute('CALL ConsultarT...')
#2 C:\xampp\htdocs\Bib\system\Database\BaseConnection.php(607): CodeIgniter\Database\BaseConnection->simpleQuery('CALL ConsultarT...')
#3 C:\xampp\htdocs\Bib\app\Models\Profesores.php(23): CodeIgniter\Database\BaseConnection->query('CALL ConsultarT...')
#4 C:\xampp\htdocs\Bib\app\Controllers\ControladprProfesor.php(11): App\Models\Profesores->ListarProfesores()
#5 C:\xampp\htdocs\Bib\system\CodeIgniter.php(942): App\Controllers\ControladprProfesor->index()
#6 C:\xampp\htdocs\Bib\system\CodeIgniter.php(502): CodeIgniter\CodeIgniter->runController(Object(App\Controllers\ControladprProfesor))
#7 C:\xampp\htdocs\Bib\system\CodeIgniter.php(361): CodeIgniter\CodeIgniter->handleRequest(NULL, Object(Config\Cache), false)
#8 C:\xampp\htdocs\Bib\public\index.php(79): CodeIgniter\CodeIgniter->run()
#9 {main}
CRITICAL - 2023-11-29 06:34:29 --> PROCEDURE biblioteca.ConsultarTodosLosProfesores does not exist
in SYSTEMPATH\Database\BaseConnection.php on line 647.
 1 APPPATH\Models\Profesores.php(23): CodeIgniter\Database\BaseConnection->query('CALL ConsultarTodosLosProfesores()')
 2 APPPATH\Controllers\ControladprProfesor.php(11): App\Models\Profesores->ListarProfesores()
 3 SYSTEMPATH\CodeIgniter.php(942): App\Controllers\ControladprProfesor->index()
 4 SYSTEMPATH\CodeIgniter.php(502): CodeIgniter\CodeIgniter->runController(Object(App\Controllers\ControladprProfesor))
 5 SYSTEMPATH\CodeIgniter.php(361): CodeIgniter\CodeIgniter->handleRequest(null, Object(Config\Cache), false)
 6 FCPATH\index.php(79): CodeIgniter\CodeIgniter->run()
