ERROR - 2024-05-02 14:50:24 --> mysqli_sql_exception: Duplicate entry '0319150001' for key 'PRIMARY' in C:\xampp\htdocs\Bib\system\Database\MySQLi\Connection.php:306
Stack trace:
#0 C:\xampp\htdocs\Bib\system\Database\MySQLi\Connection.php(306): mysqli->query('INSERT INTO asi...', 0)
#1 C:\xampp\htdocs\Bib\system\Database\BaseConnection.php(693): CodeIgniter\Database\MySQLi\Connection->execute('INSERT INTO asi...')
#2 C:\xampp\htdocs\Bib\system\Database\BaseConnection.php(607): CodeIgniter\Database\BaseConnection->simpleQuery('INSERT INTO asi...')
#3 C:\xampp\htdocs\Bib\app\Models\PrincipalComputo.php(21): CodeIgniter\Database\BaseConnection->query('INSERT INTO asi...', Array)
#4 C:\xampp\htdocs\Bib\app\Controllers\ControllerPrincipalComputo.php(36): App\Models\PrincipalComputo->insertarAsiento(Array)
#5 C:\xampp\htdocs\Bib\system\CodeIgniter.php(942): App\Controllers\ControllerPrincipalComputo->add()
#6 C:\xampp\htdocs\Bib\system\CodeIgniter.php(502): CodeIgniter\CodeIgniter->runController(Object(App\Controllers\ControllerPrincipalComputo))
#7 C:\xampp\htdocs\Bib\system\CodeIgniter.php(361): CodeIgniter\CodeIgniter->handleRequest(NULL, Object(Config\Cache), false)
#8 C:\xampp\htdocs\Bib\public\index.php(79): CodeIgniter\CodeIgniter->run()
#9 {main}
CRITICAL - 2024-05-02 14:50:24 --> Duplicate entry '0319150001' for key 'PRIMARY'
in SYSTEMPATH\Database\MySQLi\Connection.php on line 311.
 1 SYSTEMPATH\Database\BaseConnection.php(693): CodeIgniter\Database\MySQLi\Connection->execute('INSERT INTO asientos_computo VALUES (\'0319150001\', \'C-1\')')
 2 SYSTEMPATH\Database\BaseConnection.php(607): CodeIgniter\Database\BaseConnection->simpleQuery('INSERT INTO asientos_computo VALUES (\'0319150001\', \'C-1\')')
 3 APPPATH\Models\PrincipalComputo.php(21): CodeIgniter\Database\BaseConnection->query('INSERT INTO asientos_computo VALUES (?, ?)', [...])
 4 APPPATH\Controllers\ControllerPrincipalComputo.php(36): App\Models\PrincipalComputo->insertarAsiento([...])
 5 SYSTEMPATH\CodeIgniter.php(942): App\Controllers\ControllerPrincipalComputo->add()
 6 SYSTEMPATH\CodeIgniter.php(502): CodeIgniter\CodeIgniter->runController(Object(App\Controllers\ControllerPrincipalComputo))
 7 SYSTEMPATH\CodeIgniter.php(361): CodeIgniter\CodeIgniter->handleRequest(null, Object(Config\Cache), false)
 8 FCPATH\index.php(79): CodeIgniter\CodeIgniter->run()
ERROR - 2024-05-02 15:08:42 --> mysqli_sql_exception: computadora, in C:\xampp\htdocs\Bib\system\Database\MySQLi\Connection.php:306
Stack trace:
#0 C:\xampp\htdocs\Bib\system\Database\MySQLi\Connection.php(306): mysqli->query('INSERT INTO asi...', 0)
#1 C:\xampp\htdocs\Bib\system\Database\BaseConnection.php(693): CodeIgniter\Database\MySQLi\Connection->execute('INSERT INTO asi...')
#2 C:\xampp\htdocs\Bib\system\Database\BaseConnection.php(607): CodeIgniter\Database\BaseConnection->simpleQuery('INSERT INTO asi...')
#3 C:\xampp\htdocs\Bib\app\Models\Principal.php(110): CodeIgniter\Database\BaseConnection->query('INSERT INTO asi...', Array)
#4 C:\xampp\htdocs\Bib\app\Controllers\ControllerPrincipal.php(189): App\Models\Principal->ValidarAll(Array)
#5 C:\xampp\htdocs\Bib\system\CodeIgniter.php(942): App\Controllers\ControllerPrincipal->ValidarAll('0319150015', 'A17')
#6 C:\xampp\htdocs\Bib\system\CodeIgniter.php(502): CodeIgniter\CodeIgniter->runController(Object(App\Controllers\ControllerPrincipal))
#7 C:\xampp\htdocs\Bib\system\CodeIgniter.php(361): CodeIgniter\CodeIgniter->handleRequest(NULL, Object(Config\Cache), false)
#8 C:\xampp\htdocs\Bib\public\index.php(79): CodeIgniter\CodeIgniter->run()
#9 {main}
ERROR - 2024-05-02 15:08:56 --> mysqli_sql_exception: computadora, in C:\xampp\htdocs\Bib\system\Database\MySQLi\Connection.php:306
Stack trace:
#0 C:\xampp\htdocs\Bib\system\Database\MySQLi\Connection.php(306): mysqli->query('INSERT INTO asi...', 0)
#1 C:\xampp\htdocs\Bib\system\Database\BaseConnection.php(693): CodeIgniter\Database\MySQLi\Connection->execute('INSERT INTO asi...')
#2 C:\xampp\htdocs\Bib\system\Database\BaseConnection.php(607): CodeIgniter\Database\BaseConnection->simpleQuery('INSERT INTO asi...')
#3 C:\xampp\htdocs\Bib\app\Models\Principal.php(110): CodeIgniter\Database\BaseConnection->query('INSERT INTO asi...', Array)
#4 C:\xampp\htdocs\Bib\app\Controllers\ControllerPrincipal.php(189): App\Models\Principal->ValidarAll(Array)
#5 C:\xampp\htdocs\Bib\system\CodeIgniter.php(942): App\Controllers\ControllerPrincipal->ValidarAll('0319150015', 'A17')
#6 C:\xampp\htdocs\Bib\system\CodeIgniter.php(502): CodeIgniter\CodeIgniter->runController(Object(App\Controllers\ControllerPrincipal))
#7 C:\xampp\htdocs\Bib\system\CodeIgniter.php(361): CodeIgniter\CodeIgniter->handleRequest(NULL, Object(Config\Cache), false)
#8 C:\xampp\htdocs\Bib\public\index.php(79): CodeIgniter\CodeIgniter->run()
#9 {main}
