CRITICAL - 2024-02-01 03:34:00 --> Undefined variable $entrada
in APPPATH\Views\Monitoreo.php on line 42.
 1 APPPATH\Views\Monitoreo.php(42): CodeIgniter\Debug\Exceptions->errorHandler(2, 'Undefined variable $entrada', 'C:\\xampp\\htdocs\\Bib\\app\\Views\\Monitoreo.php', 42)
 2 SYSTEMPATH\View\View.php(228): include('C:\\xampp\\htdocs\\Bib\\app\\Views\\Monitoreo.php')
 3 SYSTEMPATH\View\View.php(231): CodeIgniter\View\View->CodeIgniter\View\{closure}()
 4 SYSTEMPATH\Common.php(1190): CodeIgniter\View\View->render('Monitoreo', [], true)
 5 APPPATH\Controllers\ControllerMonitoreo.php(23): view('Monitoreo', [...])
 6 SYSTEMPATH\CodeIgniter.php(942): App\Controllers\ControllerMonitoreo->index()
 7 SYSTEMPATH\CodeIgniter.php(502): CodeIgniter\CodeIgniter->runController(Object(App\Controllers\ControllerMonitoreo))
 8 SYSTEMPATH\CodeIgniter.php(361): CodeIgniter\CodeIgniter->handleRequest(null, Object(Config\Cache), false)
 9 FCPATH\index.php(79): CodeIgniter\CodeIgniter->run()
CRITICAL - 2024-02-01 03:35:36 --> Undefined variable $entrada
in APPPATH\Views\Monitoreo.php on line 679.
 1 APPPATH\Views\Monitoreo.php(679): CodeIgniter\Debug\Exceptions->errorHandler(2, 'Undefined variable $entrada', 'C:\\xampp\\htdocs\\Bib\\app\\Views\\Monitoreo.php', 679)
 2 SYSTEMPATH\View\View.php(228): include('C:\\xampp\\htdocs\\Bib\\app\\Views\\Monitoreo.php')
 3 SYSTEMPATH\View\View.php(231): CodeIgniter\View\View->CodeIgniter\View\{closure}()
 4 SYSTEMPATH\Common.php(1190): CodeIgniter\View\View->render('Monitoreo', [], true)
 5 APPPATH\Controllers\ControllerMonitoreo.php(23): view('Monitoreo', [...])
 6 SYSTEMPATH\CodeIgniter.php(942): App\Controllers\ControllerMonitoreo->index()
 7 SYSTEMPATH\CodeIgniter.php(502): CodeIgniter\CodeIgniter->runController(Object(App\Controllers\ControllerMonitoreo))
 8 SYSTEMPATH\CodeIgniter.php(361): CodeIgniter\CodeIgniter->handleRequest(null, Object(Config\Cache), false)
 9 FCPATH\index.php(79): CodeIgniter\CodeIgniter->run()
CRITICAL - 2024-02-01 03:35:49 --> Undefined variable $entrada
in APPPATH\Views\Monitoreo.php on line 679.
 1 APPPATH\Views\Monitoreo.php(679): CodeIgniter\Debug\Exceptions->errorHandler(2, 'Undefined variable $entrada', 'C:\\xampp\\htdocs\\Bib\\app\\Views\\Monitoreo.php', 679)
 2 SYSTEMPATH\View\View.php(228): include('C:\\xampp\\htdocs\\Bib\\app\\Views\\Monitoreo.php')
 3 SYSTEMPATH\View\View.php(231): CodeIgniter\View\View->CodeIgniter\View\{closure}()
 4 SYSTEMPATH\Common.php(1190): CodeIgniter\View\View->render('Monitoreo', [], true)
 5 APPPATH\Controllers\ControllerMonitoreo.php(23): view('Monitoreo', [...])
 6 SYSTEMPATH\CodeIgniter.php(942): App\Controllers\ControllerMonitoreo->index()
 7 SYSTEMPATH\CodeIgniter.php(502): CodeIgniter\CodeIgniter->runController(Object(App\Controllers\ControllerMonitoreo))
 8 SYSTEMPATH\CodeIgniter.php(361): CodeIgniter\CodeIgniter->handleRequest(null, Object(Config\Cache), false)
 9 FCPATH\index.php(79): CodeIgniter\CodeIgniter->run()
CRITICAL - 2024-02-01 03:35:49 --> Undefined variable $entrada
in APPPATH\Views\Monitoreo.php on line 679.
 1 APPPATH\Views\Monitoreo.php(679): CodeIgniter\Debug\Exceptions->errorHandler(2, 'Undefined variable $entrada', 'C:\\xampp\\htdocs\\Bib\\app\\Views\\Monitoreo.php', 679)
 2 SYSTEMPATH\View\View.php(228): include('C:\\xampp\\htdocs\\Bib\\app\\Views\\Monitoreo.php')
 3 SYSTEMPATH\View\View.php(231): CodeIgniter\View\View->CodeIgniter\View\{closure}()
 4 SYSTEMPATH\Common.php(1190): CodeIgniter\View\View->render('Monitoreo', [], true)
 5 APPPATH\Controllers\ControllerMonitoreo.php(23): view('Monitoreo', [...])
 6 SYSTEMPATH\CodeIgniter.php(942): App\Controllers\ControllerMonitoreo->index()
 7 SYSTEMPATH\CodeIgniter.php(502): CodeIgniter\CodeIgniter->runController(Object(App\Controllers\ControllerMonitoreo))
 8 SYSTEMPATH\CodeIgniter.php(361): CodeIgniter\CodeIgniter->handleRequest(null, Object(Config\Cache), false)
 9 FCPATH\index.php(79): CodeIgniter\CodeIgniter->run()
CRITICAL - 2024-02-01 05:43:14 --> Call to undefined method App\Models\Profesores::BuscarIndividualProfesor
in SYSTEMPATH\Model.php on line 873.
 1 APPPATH\Controllers\ControladorProfesor.php(115): CodeIgniter\Model->__call('BuscarIndividualProfesor', [...])
 2 SYSTEMPATH\CodeIgniter.php(942): App\Controllers\ControladorProfesor->BuscarProfesorNombres()
 3 SYSTEMPATH\CodeIgniter.php(502): CodeIgniter\CodeIgniter->runController(Object(App\Controllers\ControladorProfesor))
 4 SYSTEMPATH\CodeIgniter.php(361): CodeIgniter\CodeIgniter->handleRequest(null, Object(Config\Cache), false)
 5 FCPATH\index.php(79): CodeIgniter\CodeIgniter->run()
CRITICAL - 2024-02-01 05:43:14 --> Call to undefined method App\Models\Profesores::BuscarIndividualProfesor
in SYSTEMPATH\Model.php on line 873.
 1 APPPATH\Controllers\ControladorProfesor.php(115): CodeIgniter\Model->__call('BuscarIndividualProfesor', [...])
 2 SYSTEMPATH\CodeIgniter.php(942): App\Controllers\ControladorProfesor->BuscarProfesorNombres()
 3 SYSTEMPATH\CodeIgniter.php(502): CodeIgniter\CodeIgniter->runController(Object(App\Controllers\ControladorProfesor))
 4 SYSTEMPATH\CodeIgniter.php(361): CodeIgniter\CodeIgniter->handleRequest(null, Object(Config\Cache), false)
 5 FCPATH\index.php(79): CodeIgniter\CodeIgniter->run()
CRITICAL - 2024-02-01 05:43:14 --> Call to undefined method App\Models\Profesores::BuscarIndividualProfesor
in SYSTEMPATH\Model.php on line 873.
 1 APPPATH\Controllers\ControladorProfesor.php(115): CodeIgniter\Model->__call('BuscarIndividualProfesor', [...])
 2 SYSTEMPATH\CodeIgniter.php(942): App\Controllers\ControladorProfesor->BuscarProfesorNombres()
 3 SYSTEMPATH\CodeIgniter.php(502): CodeIgniter\CodeIgniter->runController(Object(App\Controllers\ControladorProfesor))
 4 SYSTEMPATH\CodeIgniter.php(361): CodeIgniter\CodeIgniter->handleRequest(null, Object(Config\Cache), false)
 5 FCPATH\index.php(79): CodeIgniter\CodeIgniter->run()
CRITICAL - 2024-02-01 05:43:15 --> Call to undefined method App\Models\Profesores::BuscarIndividualProfesor
in SYSTEMPATH\Model.php on line 873.
 1 APPPATH\Controllers\ControladorProfesor.php(115): CodeIgniter\Model->__call('BuscarIndividualProfesor', [...])
 2 SYSTEMPATH\CodeIgniter.php(942): App\Controllers\ControladorProfesor->BuscarProfesorNombres()
 3 SYSTEMPATH\CodeIgniter.php(502): CodeIgniter\CodeIgniter->runController(Object(App\Controllers\ControladorProfesor))
 4 SYSTEMPATH\CodeIgniter.php(361): CodeIgniter\CodeIgniter->handleRequest(null, Object(Config\Cache), false)
 5 FCPATH\index.php(79): CodeIgniter\CodeIgniter->run()
CRITICAL - 2024-02-01 05:43:15 --> Call to undefined method App\Models\Profesores::BuscarIndividualProfesor
in SYSTEMPATH\Model.php on line 873.
 1 APPPATH\Controllers\ControladorProfesor.php(115): CodeIgniter\Model->__call('BuscarIndividualProfesor', [...])
 2 SYSTEMPATH\CodeIgniter.php(942): App\Controllers\ControladorProfesor->BuscarProfesorNombres()
 3 SYSTEMPATH\CodeIgniter.php(502): CodeIgniter\CodeIgniter->runController(Object(App\Controllers\ControladorProfesor))
 4 SYSTEMPATH\CodeIgniter.php(361): CodeIgniter\CodeIgniter->handleRequest(null, Object(Config\Cache), false)
 5 FCPATH\index.php(79): CodeIgniter\CodeIgniter->run()
CRITICAL - 2024-02-01 05:43:15 --> Call to undefined method App\Models\Profesores::BuscarIndividualProfesor
in SYSTEMPATH\Model.php on line 873.
 1 APPPATH\Controllers\ControladorProfesor.php(115): CodeIgniter\Model->__call('BuscarIndividualProfesor', [...])
 2 SYSTEMPATH\CodeIgniter.php(942): App\Controllers\ControladorProfesor->BuscarProfesorNombres()
 3 SYSTEMPATH\CodeIgniter.php(502): CodeIgniter\CodeIgniter->runController(Object(App\Controllers\ControladorProfesor))
 4 SYSTEMPATH\CodeIgniter.php(361): CodeIgniter\CodeIgniter->handleRequest(null, Object(Config\Cache), false)
 5 FCPATH\index.php(79): CodeIgniter\CodeIgniter->run()
CRITICAL - 2024-02-01 05:43:15 --> Call to undefined method App\Models\Profesores::BuscarIndividualProfesor
in SYSTEMPATH\Model.php on line 873.
 1 APPPATH\Controllers\ControladorProfesor.php(115): CodeIgniter\Model->__call('BuscarIndividualProfesor', [...])
 2 SYSTEMPATH\CodeIgniter.php(942): App\Controllers\ControladorProfesor->BuscarProfesorNombres()
 3 SYSTEMPATH\CodeIgniter.php(502): CodeIgniter\CodeIgniter->runController(Object(App\Controllers\ControladorProfesor))
 4 SYSTEMPATH\CodeIgniter.php(361): CodeIgniter\CodeIgniter->handleRequest(null, Object(Config\Cache), false)
 5 FCPATH\index.php(79): CodeIgniter\CodeIgniter->run()
CRITICAL - 2024-02-01 05:43:15 --> Call to undefined method App\Models\Profesores::BuscarIndividualProfesor
in SYSTEMPATH\Model.php on line 873.
 1 APPPATH\Controllers\ControladorProfesor.php(115): CodeIgniter\Model->__call('BuscarIndividualProfesor', [...])
 2 SYSTEMPATH\CodeIgniter.php(942): App\Controllers\ControladorProfesor->BuscarProfesorNombres()
 3 SYSTEMPATH\CodeIgniter.php(502): CodeIgniter\CodeIgniter->runController(Object(App\Controllers\ControladorProfesor))
 4 SYSTEMPATH\CodeIgniter.php(361): CodeIgniter\CodeIgniter->handleRequest(null, Object(Config\Cache), false)
 5 FCPATH\index.php(79): CodeIgniter\CodeIgniter->run()
CRITICAL - 2024-02-01 05:43:16 --> Call to undefined method App\Models\Profesores::BuscarIndividualProfesor
in SYSTEMPATH\Model.php on line 873.
 1 APPPATH\Controllers\ControladorProfesor.php(115): CodeIgniter\Model->__call('BuscarIndividualProfesor', [...])
 2 SYSTEMPATH\CodeIgniter.php(942): App\Controllers\ControladorProfesor->BuscarProfesorNombres()
 3 SYSTEMPATH\CodeIgniter.php(502): CodeIgniter\CodeIgniter->runController(Object(App\Controllers\ControladorProfesor))
 4 SYSTEMPATH\CodeIgniter.php(361): CodeIgniter\CodeIgniter->handleRequest(null, Object(Config\Cache), false)
 5 FCPATH\index.php(79): CodeIgniter\CodeIgniter->run()
CRITICAL - 2024-02-01 05:43:16 --> Call to undefined method App\Models\Profesores::BuscarIndividualProfesor
in SYSTEMPATH\Model.php on line 873.
 1 APPPATH\Controllers\ControladorProfesor.php(115): CodeIgniter\Model->__call('BuscarIndividualProfesor', [...])
 2 SYSTEMPATH\CodeIgniter.php(942): App\Controllers\ControladorProfesor->BuscarProfesorNombres()
 3 SYSTEMPATH\CodeIgniter.php(502): CodeIgniter\CodeIgniter->runController(Object(App\Controllers\ControladorProfesor))
 4 SYSTEMPATH\CodeIgniter.php(361): CodeIgniter\CodeIgniter->handleRequest(null, Object(Config\Cache), false)
 5 FCPATH\index.php(79): CodeIgniter\CodeIgniter->run()
CRITICAL - 2024-02-01 05:43:17 --> Call to undefined method App\Models\Profesores::BuscarIndividualProfesor
in SYSTEMPATH\Model.php on line 873.
 1 APPPATH\Controllers\ControladorProfesor.php(115): CodeIgniter\Model->__call('BuscarIndividualProfesor', [...])
 2 SYSTEMPATH\CodeIgniter.php(942): App\Controllers\ControladorProfesor->BuscarProfesorNombres()
 3 SYSTEMPATH\CodeIgniter.php(502): CodeIgniter\CodeIgniter->runController(Object(App\Controllers\ControladorProfesor))
 4 SYSTEMPATH\CodeIgniter.php(361): CodeIgniter\CodeIgniter->handleRequest(null, Object(Config\Cache), false)
 5 FCPATH\index.php(79): CodeIgniter\CodeIgniter->run()
CRITICAL - 2024-02-01 05:43:18 --> Call to undefined method App\Models\Profesores::BuscarIndividualProfesor
in SYSTEMPATH\Model.php on line 873.
 1 APPPATH\Controllers\ControladorProfesor.php(115): CodeIgniter\Model->__call('BuscarIndividualProfesor', [...])
 2 SYSTEMPATH\CodeIgniter.php(942): App\Controllers\ControladorProfesor->BuscarProfesorNombres()
 3 SYSTEMPATH\CodeIgniter.php(502): CodeIgniter\CodeIgniter->runController(Object(App\Controllers\ControladorProfesor))
 4 SYSTEMPATH\CodeIgniter.php(361): CodeIgniter\CodeIgniter->handleRequest(null, Object(Config\Cache), false)
 5 FCPATH\index.php(79): CodeIgniter\CodeIgniter->run()
CRITICAL - 2024-02-01 05:43:18 --> Call to undefined method App\Models\Profesores::BuscarIndividualProfesor
in SYSTEMPATH\Model.php on line 873.
 1 APPPATH\Controllers\ControladorProfesor.php(115): CodeIgniter\Model->__call('BuscarIndividualProfesor', [...])
 2 SYSTEMPATH\CodeIgniter.php(942): App\Controllers\ControladorProfesor->BuscarProfesorNombres()
 3 SYSTEMPATH\CodeIgniter.php(502): CodeIgniter\CodeIgniter->runController(Object(App\Controllers\ControladorProfesor))
 4 SYSTEMPATH\CodeIgniter.php(361): CodeIgniter\CodeIgniter->handleRequest(null, Object(Config\Cache), false)
 5 FCPATH\index.php(79): CodeIgniter\CodeIgniter->run()
CRITICAL - 2024-02-01 05:43:19 --> Call to undefined method App\Models\Profesores::BuscarIndividualProfesor
in SYSTEMPATH\Model.php on line 873.
 1 APPPATH\Controllers\ControladorProfesor.php(115): CodeIgniter\Model->__call('BuscarIndividualProfesor', [...])
 2 SYSTEMPATH\CodeIgniter.php(942): App\Controllers\ControladorProfesor->BuscarProfesorNombres()
 3 SYSTEMPATH\CodeIgniter.php(502): CodeIgniter\CodeIgniter->runController(Object(App\Controllers\ControladorProfesor))
 4 SYSTEMPATH\CodeIgniter.php(361): CodeIgniter\CodeIgniter->handleRequest(null, Object(Config\Cache), false)
 5 FCPATH\index.php(79): CodeIgniter\CodeIgniter->run()
CRITICAL - 2024-02-01 05:43:19 --> Call to undefined method App\Models\Profesores::BuscarIndividualProfesor
in SYSTEMPATH\Model.php on line 873.
 1 APPPATH\Controllers\ControladorProfesor.php(115): CodeIgniter\Model->__call('BuscarIndividualProfesor', [...])
 2 SYSTEMPATH\CodeIgniter.php(942): App\Controllers\ControladorProfesor->BuscarProfesorNombres()
 3 SYSTEMPATH\CodeIgniter.php(502): CodeIgniter\CodeIgniter->runController(Object(App\Controllers\ControladorProfesor))
 4 SYSTEMPATH\CodeIgniter.php(361): CodeIgniter\CodeIgniter->handleRequest(null, Object(Config\Cache), false)
 5 FCPATH\index.php(79): CodeIgniter\CodeIgniter->run()
CRITICAL - 2024-02-01 05:43:19 --> Call to undefined method App\Models\Profesores::BuscarIndividualProfesor
in SYSTEMPATH\Model.php on line 873.
 1 APPPATH\Controllers\ControladorProfesor.php(115): CodeIgniter\Model->__call('BuscarIndividualProfesor', [...])
 2 SYSTEMPATH\CodeIgniter.php(942): App\Controllers\ControladorProfesor->BuscarProfesorNombres()
 3 SYSTEMPATH\CodeIgniter.php(502): CodeIgniter\CodeIgniter->runController(Object(App\Controllers\ControladorProfesor))
 4 SYSTEMPATH\CodeIgniter.php(361): CodeIgniter\CodeIgniter->handleRequest(null, Object(Config\Cache), false)
 5 FCPATH\index.php(79): CodeIgniter\CodeIgniter->run()
CRITICAL - 2024-02-01 05:44:04 --> Call to undefined method App\Models\Profesores::BuscarIndividualProfesor
in SYSTEMPATH\Model.php on line 873.
 1 APPPATH\Controllers\ControladorProfesor.php(115): CodeIgniter\Model->__call('BuscarIndividualProfesor', [...])
 2 SYSTEMPATH\CodeIgniter.php(942): App\Controllers\ControladorProfesor->BuscarProfesorNombres()
 3 SYSTEMPATH\CodeIgniter.php(502): CodeIgniter\CodeIgniter->runController(Object(App\Controllers\ControladorProfesor))
 4 SYSTEMPATH\CodeIgniter.php(361): CodeIgniter\CodeIgniter->handleRequest(null, Object(Config\Cache), false)
 5 FCPATH\index.php(79): CodeIgniter\CodeIgniter->run()
CRITICAL - 2024-02-01 05:44:05 --> Call to undefined method App\Models\Profesores::BuscarIndividualProfesor
in SYSTEMPATH\Model.php on line 873.
 1 APPPATH\Controllers\ControladorProfesor.php(115): CodeIgniter\Model->__call('BuscarIndividualProfesor', [...])
 2 SYSTEMPATH\CodeIgniter.php(942): App\Controllers\ControladorProfesor->BuscarProfesorNombres()
 3 SYSTEMPATH\CodeIgniter.php(502): CodeIgniter\CodeIgniter->runController(Object(App\Controllers\ControladorProfesor))
 4 SYSTEMPATH\CodeIgniter.php(361): CodeIgniter\CodeIgniter->handleRequest(null, Object(Config\Cache), false)
 5 FCPATH\index.php(79): CodeIgniter\CodeIgniter->run()
CRITICAL - 2024-02-01 05:44:06 --> Call to undefined method App\Models\Profesores::BuscarIndividualProfesor
in SYSTEMPATH\Model.php on line 873.
 1 APPPATH\Controllers\ControladorProfesor.php(115): CodeIgniter\Model->__call('BuscarIndividualProfesor', [...])
 2 SYSTEMPATH\CodeIgniter.php(942): App\Controllers\ControladorProfesor->BuscarProfesorNombres()
 3 SYSTEMPATH\CodeIgniter.php(502): CodeIgniter\CodeIgniter->runController(Object(App\Controllers\ControladorProfesor))
 4 SYSTEMPATH\CodeIgniter.php(361): CodeIgniter\CodeIgniter->handleRequest(null, Object(Config\Cache), false)
 5 FCPATH\index.php(79): CodeIgniter\CodeIgniter->run()
CRITICAL - 2024-02-01 05:44:07 --> Call to undefined method App\Models\Profesores::BuscarIndividualProfesor
in SYSTEMPATH\Model.php on line 873.
 1 APPPATH\Controllers\ControladorProfesor.php(115): CodeIgniter\Model->__call('BuscarIndividualProfesor', [...])
 2 SYSTEMPATH\CodeIgniter.php(942): App\Controllers\ControladorProfesor->BuscarProfesorNombres()
 3 SYSTEMPATH\CodeIgniter.php(502): CodeIgniter\CodeIgniter->runController(Object(App\Controllers\ControladorProfesor))
 4 SYSTEMPATH\CodeIgniter.php(361): CodeIgniter\CodeIgniter->handleRequest(null, Object(Config\Cache), false)
 5 FCPATH\index.php(79): CodeIgniter\CodeIgniter->run()
CRITICAL - 2024-02-01 05:44:09 --> Call to undefined method App\Models\Profesores::BuscarIndividualProfesor
in SYSTEMPATH\Model.php on line 873.
 1 APPPATH\Controllers\ControladorProfesor.php(115): CodeIgniter\Model->__call('BuscarIndividualProfesor', [...])
 2 SYSTEMPATH\CodeIgniter.php(942): App\Controllers\ControladorProfesor->BuscarProfesorNombres()
 3 SYSTEMPATH\CodeIgniter.php(502): CodeIgniter\CodeIgniter->runController(Object(App\Controllers\ControladorProfesor))
 4 SYSTEMPATH\CodeIgniter.php(361): CodeIgniter\CodeIgniter->handleRequest(null, Object(Config\Cache), false)
 5 FCPATH\index.php(79): CodeIgniter\CodeIgniter->run()
CRITICAL - 2024-02-01 05:44:09 --> Call to undefined method App\Models\Profesores::BuscarIndividualProfesor
in SYSTEMPATH\Model.php on line 873.
 1 APPPATH\Controllers\ControladorProfesor.php(115): CodeIgniter\Model->__call('BuscarIndividualProfesor', [...])
 2 SYSTEMPATH\CodeIgniter.php(942): App\Controllers\ControladorProfesor->BuscarProfesorNombres()
 3 SYSTEMPATH\CodeIgniter.php(502): CodeIgniter\CodeIgniter->runController(Object(App\Controllers\ControladorProfesor))
 4 SYSTEMPATH\CodeIgniter.php(361): CodeIgniter\CodeIgniter->handleRequest(null, Object(Config\Cache), false)
 5 FCPATH\index.php(79): CodeIgniter\CodeIgniter->run()
CRITICAL - 2024-02-01 05:44:10 --> Call to undefined method App\Models\Profesores::BuscarIndividualProfesor
in SYSTEMPATH\Model.php on line 873.
 1 APPPATH\Controllers\ControladorProfesor.php(115): CodeIgniter\Model->__call('BuscarIndividualProfesor', [...])
 2 SYSTEMPATH\CodeIgniter.php(942): App\Controllers\ControladorProfesor->BuscarProfesorNombres()
 3 SYSTEMPATH\CodeIgniter.php(502): CodeIgniter\CodeIgniter->runController(Object(App\Controllers\ControladorProfesor))
 4 SYSTEMPATH\CodeIgniter.php(361): CodeIgniter\CodeIgniter->handleRequest(null, Object(Config\Cache), false)
 5 FCPATH\index.php(79): CodeIgniter\CodeIgniter->run()
CRITICAL - 2024-02-01 05:44:10 --> Call to undefined method App\Models\Profesores::BuscarIndividualProfesor
in SYSTEMPATH\Model.php on line 873.
 1 APPPATH\Controllers\ControladorProfesor.php(115): CodeIgniter\Model->__call('BuscarIndividualProfesor', [...])
 2 SYSTEMPATH\CodeIgniter.php(942): App\Controllers\ControladorProfesor->BuscarProfesorNombres()
 3 SYSTEMPATH\CodeIgniter.php(502): CodeIgniter\CodeIgniter->runController(Object(App\Controllers\ControladorProfesor))
 4 SYSTEMPATH\CodeIgniter.php(361): CodeIgniter\CodeIgniter->handleRequest(null, Object(Config\Cache), false)
 5 FCPATH\index.php(79): CodeIgniter\CodeIgniter->run()
CRITICAL - 2024-02-01 05:44:11 --> Call to undefined method App\Models\Profesores::BuscarIndividualProfesor
in SYSTEMPATH\Model.php on line 873.
 1 APPPATH\Controllers\ControladorProfesor.php(115): CodeIgniter\Model->__call('BuscarIndividualProfesor', [...])
 2 SYSTEMPATH\CodeIgniter.php(942): App\Controllers\ControladorProfesor->BuscarProfesorNombres()
 3 SYSTEMPATH\CodeIgniter.php(502): CodeIgniter\CodeIgniter->runController(Object(App\Controllers\ControladorProfesor))
 4 SYSTEMPATH\CodeIgniter.php(361): CodeIgniter\CodeIgniter->handleRequest(null, Object(Config\Cache), false)
 5 FCPATH\index.php(79): CodeIgniter\CodeIgniter->run()
CRITICAL - 2024-02-01 05:44:11 --> Call to undefined method App\Models\Profesores::BuscarIndividualProfesor
in SYSTEMPATH\Model.php on line 873.
 1 APPPATH\Controllers\ControladorProfesor.php(115): CodeIgniter\Model->__call('BuscarIndividualProfesor', [...])
 2 SYSTEMPATH\CodeIgniter.php(942): App\Controllers\ControladorProfesor->BuscarProfesorNombres()
 3 SYSTEMPATH\CodeIgniter.php(502): CodeIgniter\CodeIgniter->runController(Object(App\Controllers\ControladorProfesor))
 4 SYSTEMPATH\CodeIgniter.php(361): CodeIgniter\CodeIgniter->handleRequest(null, Object(Config\Cache), false)
 5 FCPATH\index.php(79): CodeIgniter\CodeIgniter->run()
CRITICAL - 2024-02-01 05:44:11 --> Call to undefined method App\Models\Profesores::BuscarIndividualProfesor
in SYSTEMPATH\Model.php on line 873.
 1 APPPATH\Controllers\ControladorProfesor.php(115): CodeIgniter\Model->__call('BuscarIndividualProfesor', [...])
 2 SYSTEMPATH\CodeIgniter.php(942): App\Controllers\ControladorProfesor->BuscarProfesorNombres()
 3 SYSTEMPATH\CodeIgniter.php(502): CodeIgniter\CodeIgniter->runController(Object(App\Controllers\ControladorProfesor))
 4 SYSTEMPATH\CodeIgniter.php(361): CodeIgniter\CodeIgniter->handleRequest(null, Object(Config\Cache), false)
 5 FCPATH\index.php(79): CodeIgniter\CodeIgniter->run()
CRITICAL - 2024-02-01 05:44:11 --> Call to undefined method App\Models\Profesores::BuscarIndividualProfesor
in SYSTEMPATH\Model.php on line 873.
 1 APPPATH\Controllers\ControladorProfesor.php(115): CodeIgniter\Model->__call('BuscarIndividualProfesor', [...])
 2 SYSTEMPATH\CodeIgniter.php(942): App\Controllers\ControladorProfesor->BuscarProfesorNombres()
 3 SYSTEMPATH\CodeIgniter.php(502): CodeIgniter\CodeIgniter->runController(Object(App\Controllers\ControladorProfesor))
 4 SYSTEMPATH\CodeIgniter.php(361): CodeIgniter\CodeIgniter->handleRequest(null, Object(Config\Cache), false)
 5 FCPATH\index.php(79): CodeIgniter\CodeIgniter->run()
CRITICAL - 2024-02-01 05:44:11 --> Call to undefined method App\Models\Profesores::BuscarIndividualProfesor
in SYSTEMPATH\Model.php on line 873.
 1 APPPATH\Controllers\ControladorProfesor.php(115): CodeIgniter\Model->__call('BuscarIndividualProfesor', [...])
 2 SYSTEMPATH\CodeIgniter.php(942): App\Controllers\ControladorProfesor->BuscarProfesorNombres()
 3 SYSTEMPATH\CodeIgniter.php(502): CodeIgniter\CodeIgniter->runController(Object(App\Controllers\ControladorProfesor))
 4 SYSTEMPATH\CodeIgniter.php(361): CodeIgniter\CodeIgniter->handleRequest(null, Object(Config\Cache), false)
 5 FCPATH\index.php(79): CodeIgniter\CodeIgniter->run()
CRITICAL - 2024-02-01 05:44:12 --> Call to undefined method App\Models\Profesores::BuscarIndividualProfesor
in SYSTEMPATH\Model.php on line 873.
 1 APPPATH\Controllers\ControladorProfesor.php(115): CodeIgniter\Model->__call('BuscarIndividualProfesor', [...])
 2 SYSTEMPATH\CodeIgniter.php(942): App\Controllers\ControladorProfesor->BuscarProfesorNombres()
 3 SYSTEMPATH\CodeIgniter.php(502): CodeIgniter\CodeIgniter->runController(Object(App\Controllers\ControladorProfesor))
 4 SYSTEMPATH\CodeIgniter.php(361): CodeIgniter\CodeIgniter->handleRequest(null, Object(Config\Cache), false)
 5 FCPATH\index.php(79): CodeIgniter\CodeIgniter->run()
CRITICAL - 2024-02-01 05:44:20 --> Call to undefined method App\Models\Profesores::BuscarIndividualProfesor
in SYSTEMPATH\Model.php on line 873.
 1 APPPATH\Controllers\ControladorProfesor.php(115): CodeIgniter\Model->__call('BuscarIndividualProfesor', [...])
 2 SYSTEMPATH\CodeIgniter.php(942): App\Controllers\ControladorProfesor->BuscarProfesorNombres()
 3 SYSTEMPATH\CodeIgniter.php(502): CodeIgniter\CodeIgniter->runController(Object(App\Controllers\ControladorProfesor))
 4 SYSTEMPATH\CodeIgniter.php(361): CodeIgniter\CodeIgniter->handleRequest(null, Object(Config\Cache), false)
 5 FCPATH\index.php(79): CodeIgniter\CodeIgniter->run()
CRITICAL - 2024-02-01 05:44:21 --> Call to undefined method App\Models\Profesores::BuscarIndividualProfesor
in SYSTEMPATH\Model.php on line 873.
 1 APPPATH\Controllers\ControladorProfesor.php(115): CodeIgniter\Model->__call('BuscarIndividualProfesor', [...])
 2 SYSTEMPATH\CodeIgniter.php(942): App\Controllers\ControladorProfesor->BuscarProfesorNombres()
 3 SYSTEMPATH\CodeIgniter.php(502): CodeIgniter\CodeIgniter->runController(Object(App\Controllers\ControladorProfesor))
 4 SYSTEMPATH\CodeIgniter.php(361): CodeIgniter\CodeIgniter->handleRequest(null, Object(Config\Cache), false)
 5 FCPATH\index.php(79): CodeIgniter\CodeIgniter->run()
CRITICAL - 2024-02-01 05:44:21 --> Call to undefined method App\Models\Profesores::BuscarIndividualProfesor
in SYSTEMPATH\Model.php on line 873.
 1 APPPATH\Controllers\ControladorProfesor.php(115): CodeIgniter\Model->__call('BuscarIndividualProfesor', [...])
 2 SYSTEMPATH\CodeIgniter.php(942): App\Controllers\ControladorProfesor->BuscarProfesorNombres()
 3 SYSTEMPATH\CodeIgniter.php(502): CodeIgniter\CodeIgniter->runController(Object(App\Controllers\ControladorProfesor))
 4 SYSTEMPATH\CodeIgniter.php(361): CodeIgniter\CodeIgniter->handleRequest(null, Object(Config\Cache), false)
 5 FCPATH\index.php(79): CodeIgniter\CodeIgniter->run()
CRITICAL - 2024-02-01 05:44:21 --> Call to undefined method App\Models\Profesores::BuscarIndividualProfesor
in SYSTEMPATH\Model.php on line 873.
 1 APPPATH\Controllers\ControladorProfesor.php(115): CodeIgniter\Model->__call('BuscarIndividualProfesor', [...])
 2 SYSTEMPATH\CodeIgniter.php(942): App\Controllers\ControladorProfesor->BuscarProfesorNombres()
 3 SYSTEMPATH\CodeIgniter.php(502): CodeIgniter\CodeIgniter->runController(Object(App\Controllers\ControladorProfesor))
 4 SYSTEMPATH\CodeIgniter.php(361): CodeIgniter\CodeIgniter->handleRequest(null, Object(Config\Cache), false)
 5 FCPATH\index.php(79): CodeIgniter\CodeIgniter->run()
CRITICAL - 2024-02-01 05:44:21 --> Call to undefined method App\Models\Profesores::BuscarIndividualProfesor
in SYSTEMPATH\Model.php on line 873.
 1 APPPATH\Controllers\ControladorProfesor.php(115): CodeIgniter\Model->__call('BuscarIndividualProfesor', [...])
 2 SYSTEMPATH\CodeIgniter.php(942): App\Controllers\ControladorProfesor->BuscarProfesorNombres()
 3 SYSTEMPATH\CodeIgniter.php(502): CodeIgniter\CodeIgniter->runController(Object(App\Controllers\ControladorProfesor))
 4 SYSTEMPATH\CodeIgniter.php(361): CodeIgniter\CodeIgniter->handleRequest(null, Object(Config\Cache), false)
 5 FCPATH\index.php(79): CodeIgniter\CodeIgniter->run()
CRITICAL - 2024-02-01 05:46:31 --> Call to undefined method App\Models\Profesores::BuscarIndividualProfesor
in SYSTEMPATH\Model.php on line 873.
 1 APPPATH\Controllers\ControladorProfesor.php(115): CodeIgniter\Model->__call('BuscarIndividualProfesor', [...])
 2 SYSTEMPATH\CodeIgniter.php(942): App\Controllers\ControladorProfesor->BuscarProfesorNombres()
 3 SYSTEMPATH\CodeIgniter.php(502): CodeIgniter\CodeIgniter->runController(Object(App\Controllers\ControladorProfesor))
 4 SYSTEMPATH\CodeIgniter.php(361): CodeIgniter\CodeIgniter->handleRequest(null, Object(Config\Cache), false)
 5 FCPATH\index.php(79): CodeIgniter\CodeIgniter->run()
CRITICAL - 2024-02-01 05:46:31 --> Call to undefined method App\Models\Profesores::BuscarIndividualProfesor
in SYSTEMPATH\Model.php on line 873.
 1 APPPATH\Controllers\ControladorProfesor.php(115): CodeIgniter\Model->__call('BuscarIndividualProfesor', [...])
 2 SYSTEMPATH\CodeIgniter.php(942): App\Controllers\ControladorProfesor->BuscarProfesorNombres()
 3 SYSTEMPATH\CodeIgniter.php(502): CodeIgniter\CodeIgniter->runController(Object(App\Controllers\ControladorProfesor))
 4 SYSTEMPATH\CodeIgniter.php(361): CodeIgniter\CodeIgniter->handleRequest(null, Object(Config\Cache), false)
 5 FCPATH\index.php(79): CodeIgniter\CodeIgniter->run()
CRITICAL - 2024-02-01 05:46:32 --> Call to undefined method App\Models\Profesores::BuscarIndividualProfesor
in SYSTEMPATH\Model.php on line 873.
 1 APPPATH\Controllers\ControladorProfesor.php(115): CodeIgniter\Model->__call('BuscarIndividualProfesor', [...])
 2 SYSTEMPATH\CodeIgniter.php(942): App\Controllers\ControladorProfesor->BuscarProfesorNombres()
 3 SYSTEMPATH\CodeIgniter.php(502): CodeIgniter\CodeIgniter->runController(Object(App\Controllers\ControladorProfesor))
 4 SYSTEMPATH\CodeIgniter.php(361): CodeIgniter\CodeIgniter->handleRequest(null, Object(Config\Cache), false)
 5 FCPATH\index.php(79): CodeIgniter\CodeIgniter->run()
CRITICAL - 2024-02-01 05:46:32 --> Call to undefined method App\Models\Profesores::BuscarIndividualProfesor
in SYSTEMPATH\Model.php on line 873.
 1 APPPATH\Controllers\ControladorProfesor.php(115): CodeIgniter\Model->__call('BuscarIndividualProfesor', [...])
 2 SYSTEMPATH\CodeIgniter.php(942): App\Controllers\ControladorProfesor->BuscarProfesorNombres()
 3 SYSTEMPATH\CodeIgniter.php(502): CodeIgniter\CodeIgniter->runController(Object(App\Controllers\ControladorProfesor))
 4 SYSTEMPATH\CodeIgniter.php(361): CodeIgniter\CodeIgniter->handleRequest(null, Object(Config\Cache), false)
 5 FCPATH\index.php(79): CodeIgniter\CodeIgniter->run()
ERROR - 2024-02-01 21:18:27 --> mysqli_sql_exception: Duplicate entry '2147483647' for key 'PRIMARY' in C:\xampp\htdocs\Bib\system\Database\MySQLi\Connection.php:306
Stack trace:
#0 C:\xampp\htdocs\Bib\system\Database\MySQLi\Connection.php(306): mysqli->query('CALL InsertarAd...', 0)
#1 C:\xampp\htdocs\Bib\system\Database\BaseConnection.php(693): CodeIgniter\Database\MySQLi\Connection->execute('CALL InsertarAd...')
#2 C:\xampp\htdocs\Bib\system\Database\BaseConnection.php(607): CodeIgniter\Database\BaseConnection->simpleQuery('CALL InsertarAd...')
#3 C:\xampp\htdocs\Bib\app\Models\Administrativos.php(15): CodeIgniter\Database\BaseConnection->query('CALL InsertarAd...', Array)
#4 C:\xampp\htdocs\Bib\app\Controllers\ControllerAdministrativo.php(57): App\Models\Administrativos->insertarAdministrativo(Array)
#5 C:\xampp\htdocs\Bib\system\CodeIgniter.php(942): App\Controllers\ControllerAdministrativo->add()
#6 C:\xampp\htdocs\Bib\system\CodeIgniter.php(502): CodeIgniter\CodeIgniter->runController(Object(App\Controllers\ControllerAdministrativo))
#7 C:\xampp\htdocs\Bib\system\CodeIgniter.php(361): CodeIgniter\CodeIgniter->handleRequest(NULL, Object(Config\Cache), false)
#8 C:\xampp\htdocs\Bib\public\index.php(79): CodeIgniter\CodeIgniter->run()
#9 {main}
CRITICAL - 2024-02-01 21:18:27 --> Duplicate entry '2147483647' for key 'PRIMARY'
in SYSTEMPATH\Database\BaseConnection.php on line 647.
 1 APPPATH\Models\Administrativos.php(15): CodeIgniter\Database\BaseConnection->query('CALL InsertarAdministrativo(?, ?, ?, ?, ?)', [...])
 2 APPPATH\Controllers\ControllerAdministrativo.php(57): App\Models\Administrativos->insertarAdministrativo([...])
 3 SYSTEMPATH\CodeIgniter.php(942): App\Controllers\ControllerAdministrativo->add()
 4 SYSTEMPATH\CodeIgniter.php(502): CodeIgniter\CodeIgniter->runController(Object(App\Controllers\ControllerAdministrativo))
 5 SYSTEMPATH\CodeIgniter.php(361): CodeIgniter\CodeIgniter->handleRequest(null, Object(Config\Cache), false)
 6 FCPATH\index.php(79): CodeIgniter\CodeIgniter->run()
ERROR - 2024-02-01 21:18:59 --> mysqli_sql_exception: Duplicate entry '2112' for key 'PRIMARY' in C:\xampp\htdocs\Bib\system\Database\MySQLi\Connection.php:306
Stack trace:
#0 C:\xampp\htdocs\Bib\system\Database\MySQLi\Connection.php(306): mysqli->query('CALL InsertarAd...', 0)
#1 C:\xampp\htdocs\Bib\system\Database\BaseConnection.php(693): CodeIgniter\Database\MySQLi\Connection->execute('CALL InsertarAd...')
#2 C:\xampp\htdocs\Bib\system\Database\BaseConnection.php(607): CodeIgniter\Database\BaseConnection->simpleQuery('CALL InsertarAd...')
#3 C:\xampp\htdocs\Bib\app\Models\Administrativos.php(15): CodeIgniter\Database\BaseConnection->query('CALL InsertarAd...', Array)
#4 C:\xampp\htdocs\Bib\app\Controllers\ControllerAdministrativo.php(57): App\Models\Administrativos->insertarAdministrativo(Array)
#5 C:\xampp\htdocs\Bib\system\CodeIgniter.php(942): App\Controllers\ControllerAdministrativo->add()
#6 C:\xampp\htdocs\Bib\system\CodeIgniter.php(502): CodeIgniter\CodeIgniter->runController(Object(App\Controllers\ControllerAdministrativo))
#7 C:\xampp\htdocs\Bib\system\CodeIgniter.php(361): CodeIgniter\CodeIgniter->handleRequest(NULL, Object(Config\Cache), false)
#8 C:\xampp\htdocs\Bib\public\index.php(79): CodeIgniter\CodeIgniter->run()
#9 {main}
CRITICAL - 2024-02-01 21:18:59 --> Duplicate entry '2112' for key 'PRIMARY'
in SYSTEMPATH\Database\BaseConnection.php on line 647.
 1 APPPATH\Models\Administrativos.php(15): CodeIgniter\Database\BaseConnection->query('CALL InsertarAdministrativo(?, ?, ?, ?, ?)', [...])
 2 APPPATH\Controllers\ControllerAdministrativo.php(57): App\Models\Administrativos->insertarAdministrativo([...])
 3 SYSTEMPATH\CodeIgniter.php(942): App\Controllers\ControllerAdministrativo->add()
 4 SYSTEMPATH\CodeIgniter.php(502): CodeIgniter\CodeIgniter->runController(Object(App\Controllers\ControllerAdministrativo))
 5 SYSTEMPATH\CodeIgniter.php(361): CodeIgniter\CodeIgniter->handleRequest(null, Object(Config\Cache), false)
 6 FCPATH\index.php(79): CodeIgniter\CodeIgniter->run()
ERROR - 2024-02-01 21:32:24 --> mysqli_sql_exception: Cannot delete or update a parent row: a foreign key constraint fails (`biblioteca`.`profesor`, CONSTRAINT `profesor_ibfk_1` FOREIGN KEY (`NoCuenta`) REFERENCES `user` (`NoCuenta`)) in C:\xampp\htdocs\Bib\system\Database\MySQLi\Connection.php:306
Stack trace:
#0 C:\xampp\htdocs\Bib\system\Database\MySQLi\Connection.php(306): mysqli->query('CALL EliminarAd...', 0)
#1 C:\xampp\htdocs\Bib\system\Database\BaseConnection.php(693): CodeIgniter\Database\MySQLi\Connection->execute('CALL EliminarAd...')
#2 C:\xampp\htdocs\Bib\system\Database\BaseConnection.php(607): CodeIgniter\Database\BaseConnection->simpleQuery('CALL EliminarAd...')
#3 C:\xampp\htdocs\Bib\app\Models\Administrativos.php(30): CodeIgniter\Database\BaseConnection->query('CALL EliminarAd...', Array)
#4 C:\xampp\htdocs\Bib\app\Controllers\ControllerAdministrativo.php(80): App\Models\Administrativos->eliminarAdministrativo('2112')
#5 C:\xampp\htdocs\Bib\system\CodeIgniter.php(942): App\Controllers\ControllerAdministrativo->eliminar_administrativo('2112')
#6 C:\xampp\htdocs\Bib\system\CodeIgniter.php(502): CodeIgniter\CodeIgniter->runController(Object(App\Controllers\ControllerAdministrativo))
#7 C:\xampp\htdocs\Bib\system\CodeIgniter.php(361): CodeIgniter\CodeIgniter->handleRequest(NULL, Object(Config\Cache), false)
#8 C:\xampp\htdocs\Bib\public\index.php(79): CodeIgniter\CodeIgniter->run()
#9 {main}
CRITICAL - 2024-02-01 21:32:24 --> Cannot delete or update a parent row: a foreign key constraint fails (`biblioteca`.`profesor`, CONSTRAINT `profesor_ibfk_1` FOREIGN KEY (`NoCuenta`) REFERENCES `user` (`NoCuenta`))
in SYSTEMPATH\Database\BaseConnection.php on line 647.
 1 APPPATH\Models\Administrativos.php(30): CodeIgniter\Database\BaseConnection->query('CALL EliminarAdministrativo(?)', [...])
 2 APPPATH\Controllers\ControllerAdministrativo.php(80): App\Models\Administrativos->eliminarAdministrativo('2112')
 3 SYSTEMPATH\CodeIgniter.php(942): App\Controllers\ControllerAdministrativo->eliminar_administrativo('2112')
 4 SYSTEMPATH\CodeIgniter.php(502): CodeIgniter\CodeIgniter->runController(Object(App\Controllers\ControllerAdministrativo))
 5 SYSTEMPATH\CodeIgniter.php(361): CodeIgniter\CodeIgniter->handleRequest(null, Object(Config\Cache), false)
 6 FCPATH\index.php(79): CodeIgniter\CodeIgniter->run()
ERROR - 2024-02-01 21:32:27 --> mysqli_sql_exception: Cannot delete or update a parent row: a foreign key constraint fails (`biblioteca`.`profesor`, CONSTRAINT `profesor_ibfk_1` FOREIGN KEY (`NoCuenta`) REFERENCES `user` (`NoCuenta`)) in C:\xampp\htdocs\Bib\system\Database\MySQLi\Connection.php:306
Stack trace:
#0 C:\xampp\htdocs\Bib\system\Database\MySQLi\Connection.php(306): mysqli->query('CALL EliminarAd...', 0)
#1 C:\xampp\htdocs\Bib\system\Database\BaseConnection.php(693): CodeIgniter\Database\MySQLi\Connection->execute('CALL EliminarAd...')
#2 C:\xampp\htdocs\Bib\system\Database\BaseConnection.php(607): CodeIgniter\Database\BaseConnection->simpleQuery('CALL EliminarAd...')
#3 C:\xampp\htdocs\Bib\app\Models\Administrativos.php(30): CodeIgniter\Database\BaseConnection->query('CALL EliminarAd...', Array)
#4 C:\xampp\htdocs\Bib\app\Controllers\ControllerAdministrativo.php(80): App\Models\Administrativos->eliminarAdministrativo('2112')
#5 C:\xampp\htdocs\Bib\system\CodeIgniter.php(942): App\Controllers\ControllerAdministrativo->eliminar_administrativo('2112')
#6 C:\xampp\htdocs\Bib\system\CodeIgniter.php(502): CodeIgniter\CodeIgniter->runController(Object(App\Controllers\ControllerAdministrativo))
#7 C:\xampp\htdocs\Bib\system\CodeIgniter.php(361): CodeIgniter\CodeIgniter->handleRequest(NULL, Object(Config\Cache), false)
#8 C:\xampp\htdocs\Bib\public\index.php(79): CodeIgniter\CodeIgniter->run()
#9 {main}
CRITICAL - 2024-02-01 21:32:27 --> Cannot delete or update a parent row: a foreign key constraint fails (`biblioteca`.`profesor`, CONSTRAINT `profesor_ibfk_1` FOREIGN KEY (`NoCuenta`) REFERENCES `user` (`NoCuenta`))
in SYSTEMPATH\Database\BaseConnection.php on line 647.
 1 APPPATH\Models\Administrativos.php(30): CodeIgniter\Database\BaseConnection->query('CALL EliminarAdministrativo(?)', [...])
 2 APPPATH\Controllers\ControllerAdministrativo.php(80): App\Models\Administrativos->eliminarAdministrativo('2112')
 3 SYSTEMPATH\CodeIgniter.php(942): App\Controllers\ControllerAdministrativo->eliminar_administrativo('2112')
 4 SYSTEMPATH\CodeIgniter.php(502): CodeIgniter\CodeIgniter->runController(Object(App\Controllers\ControllerAdministrativo))
 5 SYSTEMPATH\CodeIgniter.php(361): CodeIgniter\CodeIgniter->handleRequest(null, Object(Config\Cache), false)
 6 FCPATH\index.php(79): CodeIgniter\CodeIgniter->run()
ERROR - 2024-02-01 21:32:27 --> mysqli_sql_exception: Cannot delete or update a parent row: a foreign key constraint fails (`biblioteca`.`profesor`, CONSTRAINT `profesor_ibfk_1` FOREIGN KEY (`NoCuenta`) REFERENCES `user` (`NoCuenta`)) in C:\xampp\htdocs\Bib\system\Database\MySQLi\Connection.php:306
Stack trace:
#0 C:\xampp\htdocs\Bib\system\Database\MySQLi\Connection.php(306): mysqli->query('CALL EliminarAd...', 0)
#1 C:\xampp\htdocs\Bib\system\Database\BaseConnection.php(693): CodeIgniter\Database\MySQLi\Connection->execute('CALL EliminarAd...')
#2 C:\xampp\htdocs\Bib\system\Database\BaseConnection.php(607): CodeIgniter\Database\BaseConnection->simpleQuery('CALL EliminarAd...')
#3 C:\xampp\htdocs\Bib\app\Models\Administrativos.php(30): CodeIgniter\Database\BaseConnection->query('CALL EliminarAd...', Array)
#4 C:\xampp\htdocs\Bib\app\Controllers\ControllerAdministrativo.php(80): App\Models\Administrativos->eliminarAdministrativo('2112')
#5 C:\xampp\htdocs\Bib\system\CodeIgniter.php(942): App\Controllers\ControllerAdministrativo->eliminar_administrativo('2112')
#6 C:\xampp\htdocs\Bib\system\CodeIgniter.php(502): CodeIgniter\CodeIgniter->runController(Object(App\Controllers\ControllerAdministrativo))
#7 C:\xampp\htdocs\Bib\system\CodeIgniter.php(361): CodeIgniter\CodeIgniter->handleRequest(NULL, Object(Config\Cache), false)
#8 C:\xampp\htdocs\Bib\public\index.php(79): CodeIgniter\CodeIgniter->run()
#9 {main}
CRITICAL - 2024-02-01 21:32:27 --> Cannot delete or update a parent row: a foreign key constraint fails (`biblioteca`.`profesor`, CONSTRAINT `profesor_ibfk_1` FOREIGN KEY (`NoCuenta`) REFERENCES `user` (`NoCuenta`))
in SYSTEMPATH\Database\BaseConnection.php on line 647.
 1 APPPATH\Models\Administrativos.php(30): CodeIgniter\Database\BaseConnection->query('CALL EliminarAdministrativo(?)', [...])
 2 APPPATH\Controllers\ControllerAdministrativo.php(80): App\Models\Administrativos->eliminarAdministrativo('2112')
 3 SYSTEMPATH\CodeIgniter.php(942): App\Controllers\ControllerAdministrativo->eliminar_administrativo('2112')
 4 SYSTEMPATH\CodeIgniter.php(502): CodeIgniter\CodeIgniter->runController(Object(App\Controllers\ControllerAdministrativo))
 5 SYSTEMPATH\CodeIgniter.php(361): CodeIgniter\CodeIgniter->handleRequest(null, Object(Config\Cache), false)
 6 FCPATH\index.php(79): CodeIgniter\CodeIgniter->run()
ERROR - 2024-02-01 21:32:31 --> mysqli_sql_exception: Cannot delete or update a parent row: a foreign key constraint fails (`biblioteca`.`profesor`, CONSTRAINT `profesor_ibfk_1` FOREIGN KEY (`NoCuenta`) REFERENCES `user` (`NoCuenta`)) in C:\xampp\htdocs\Bib\system\Database\MySQLi\Connection.php:306
Stack trace:
#0 C:\xampp\htdocs\Bib\system\Database\MySQLi\Connection.php(306): mysqli->query('CALL EliminarAd...', 0)
#1 C:\xampp\htdocs\Bib\system\Database\BaseConnection.php(693): CodeIgniter\Database\MySQLi\Connection->execute('CALL EliminarAd...')
#2 C:\xampp\htdocs\Bib\system\Database\BaseConnection.php(607): CodeIgniter\Database\BaseConnection->simpleQuery('CALL EliminarAd...')
#3 C:\xampp\htdocs\Bib\app\Models\Administrativos.php(30): CodeIgniter\Database\BaseConnection->query('CALL EliminarAd...', Array)
#4 C:\xampp\htdocs\Bib\app\Controllers\ControllerAdministrativo.php(80): App\Models\Administrativos->eliminarAdministrativo('2112')
#5 C:\xampp\htdocs\Bib\system\CodeIgniter.php(942): App\Controllers\ControllerAdministrativo->eliminar_administrativo('2112')
#6 C:\xampp\htdocs\Bib\system\CodeIgniter.php(502): CodeIgniter\CodeIgniter->runController(Object(App\Controllers\ControllerAdministrativo))
#7 C:\xampp\htdocs\Bib\system\CodeIgniter.php(361): CodeIgniter\CodeIgniter->handleRequest(NULL, Object(Config\Cache), false)
#8 C:\xampp\htdocs\Bib\public\index.php(79): CodeIgniter\CodeIgniter->run()
#9 {main}
CRITICAL - 2024-02-01 21:32:31 --> Cannot delete or update a parent row: a foreign key constraint fails (`biblioteca`.`profesor`, CONSTRAINT `profesor_ibfk_1` FOREIGN KEY (`NoCuenta`) REFERENCES `user` (`NoCuenta`))
in SYSTEMPATH\Database\BaseConnection.php on line 647.
 1 APPPATH\Models\Administrativos.php(30): CodeIgniter\Database\BaseConnection->query('CALL EliminarAdministrativo(?)', [...])
 2 APPPATH\Controllers\ControllerAdministrativo.php(80): App\Models\Administrativos->eliminarAdministrativo('2112')
 3 SYSTEMPATH\CodeIgniter.php(942): App\Controllers\ControllerAdministrativo->eliminar_administrativo('2112')
 4 SYSTEMPATH\CodeIgniter.php(502): CodeIgniter\CodeIgniter->runController(Object(App\Controllers\ControllerAdministrativo))
 5 SYSTEMPATH\CodeIgniter.php(361): CodeIgniter\CodeIgniter->handleRequest(null, Object(Config\Cache), false)
 6 FCPATH\index.php(79): CodeIgniter\CodeIgniter->run()
ERROR - 2024-02-01 21:32:31 --> mysqli_sql_exception: Cannot delete or update a parent row: a foreign key constraint fails (`biblioteca`.`profesor`, CONSTRAINT `profesor_ibfk_1` FOREIGN KEY (`NoCuenta`) REFERENCES `user` (`NoCuenta`)) in C:\xampp\htdocs\Bib\system\Database\MySQLi\Connection.php:306
Stack trace:
#0 C:\xampp\htdocs\Bib\system\Database\MySQLi\Connection.php(306): mysqli->query('CALL EliminarAd...', 0)
#1 C:\xampp\htdocs\Bib\system\Database\BaseConnection.php(693): CodeIgniter\Database\MySQLi\Connection->execute('CALL EliminarAd...')
#2 C:\xampp\htdocs\Bib\system\Database\BaseConnection.php(607): CodeIgniter\Database\BaseConnection->simpleQuery('CALL EliminarAd...')
#3 C:\xampp\htdocs\Bib\app\Models\Administrativos.php(30): CodeIgniter\Database\BaseConnection->query('CALL EliminarAd...', Array)
#4 C:\xampp\htdocs\Bib\app\Controllers\ControllerAdministrativo.php(80): App\Models\Administrativos->eliminarAdministrativo('2112')
#5 C:\xampp\htdocs\Bib\system\CodeIgniter.php(942): App\Controllers\ControllerAdministrativo->eliminar_administrativo('2112')
#6 C:\xampp\htdocs\Bib\system\CodeIgniter.php(502): CodeIgniter\CodeIgniter->runController(Object(App\Controllers\ControllerAdministrativo))
#7 C:\xampp\htdocs\Bib\system\CodeIgniter.php(361): CodeIgniter\CodeIgniter->handleRequest(NULL, Object(Config\Cache), false)
#8 C:\xampp\htdocs\Bib\public\index.php(79): CodeIgniter\CodeIgniter->run()
#9 {main}
CRITICAL - 2024-02-01 21:32:31 --> Cannot delete or update a parent row: a foreign key constraint fails (`biblioteca`.`profesor`, CONSTRAINT `profesor_ibfk_1` FOREIGN KEY (`NoCuenta`) REFERENCES `user` (`NoCuenta`))
in SYSTEMPATH\Database\BaseConnection.php on line 647.
 1 APPPATH\Models\Administrativos.php(30): CodeIgniter\Database\BaseConnection->query('CALL EliminarAdministrativo(?)', [...])
 2 APPPATH\Controllers\ControllerAdministrativo.php(80): App\Models\Administrativos->eliminarAdministrativo('2112')
 3 SYSTEMPATH\CodeIgniter.php(942): App\Controllers\ControllerAdministrativo->eliminar_administrativo('2112')
 4 SYSTEMPATH\CodeIgniter.php(502): CodeIgniter\CodeIgniter->runController(Object(App\Controllers\ControllerAdministrativo))
 5 SYSTEMPATH\CodeIgniter.php(361): CodeIgniter\CodeIgniter->handleRequest(null, Object(Config\Cache), false)
 6 FCPATH\index.php(79): CodeIgniter\CodeIgniter->run()
CRITICAL - 2024-02-01 22:29:57 --> date(): Argument #2 ($timestamp) must be of type ?int, string given
in APPPATH\Controllers\Busquedas.php on line 109.
 1 APPPATH\Controllers\Busquedas.php(109): date('Y-m-d', 'NaN')
 2 SYSTEMPATH\CodeIgniter.php(942): App\Controllers\Busquedas->RGAFecha()
 3 SYSTEMPATH\CodeIgniter.php(502): CodeIgniter\CodeIgniter->runController(Object(App\Controllers\Busquedas))
 4 SYSTEMPATH\CodeIgniter.php(361): CodeIgniter\CodeIgniter->handleRequest(null, Object(Config\Cache), false)
 5 FCPATH\index.php(79): CodeIgniter\CodeIgniter->run()
CRITICAL - 2024-02-01 22:32:42 --> Undefined variable $resultadoConsulta
in APPPATH\Controllers\Busquedas.php on line 86.
 1 APPPATH\Controllers\Busquedas.php(86): CodeIgniter\Debug\Exceptions->errorHandler(2, 'Undefined variable $resultadoConsulta', 'C:\\xampp\\htdocs\\Bib\\app\\Controllers\\Busquedas.php', 86)
 2 SYSTEMPATH\CodeIgniter.php(942): App\Controllers\Busquedas->buscarRegistros()
 3 SYSTEMPATH\CodeIgniter.php(502): CodeIgniter\CodeIgniter->runController(Object(App\Controllers\Busquedas))
 4 SYSTEMPATH\CodeIgniter.php(361): CodeIgniter\CodeIgniter->handleRequest(null, Object(Config\Cache), false)
 5 FCPATH\index.php(79): CodeIgniter\CodeIgniter->run()
