ERROR - 2024-01-04 16:01:07 --> mysqli_sql_exception: Unknown column 'u.Apellido_P' in 'field list' in C:\xampp\htdocs\Bib\system\Database\MySQLi\Connection.php:306
Stack trace:
#0 C:\xampp\htdocs\Bib\system\Database\MySQLi\Connection.php(306): mysqli->query('CALL ConsultarT...', 0)
#1 C:\xampp\htdocs\Bib\system\Database\BaseConnection.php(693): CodeIgniter\Database\MySQLi\Connection->execute('CALL ConsultarT...')
#2 C:\xampp\htdocs\Bib\system\Database\BaseConnection.php(607): CodeIgniter\Database\BaseConnection->simpleQuery('CALL ConsultarT...')
#3 C:\xampp\htdocs\Bib\app\Models\Profesores.php(23): CodeIgniter\Database\BaseConnection->query('CALL ConsultarT...')
#4 C:\xampp\htdocs\Bib\app\Controllers\ControladorProfesor.php(13): App\Models\Profesores->ListarProfesores()
#5 C:\xampp\htdocs\Bib\system\CodeIgniter.php(942): App\Controllers\ControladorProfesor->index()
#6 C:\xampp\htdocs\Bib\system\CodeIgniter.php(502): CodeIgniter\CodeIgniter->runController(Object(App\Controllers\ControladorProfesor))
#7 C:\xampp\htdocs\Bib\system\CodeIgniter.php(361): CodeIgniter\CodeIgniter->handleRequest(NULL, Object(Config\Cache), false)
#8 C:\xampp\htdocs\Bib\public\index.php(79): CodeIgniter\CodeIgniter->run()
#9 {main}
CRITICAL - 2024-01-04 16:01:07 --> Unknown column 'u.Apellido_P' in 'field list'
in SYSTEMPATH\Database\BaseConnection.php on line 647.
 1 APPPATH\Models\Profesores.php(23): CodeIgniter\Database\BaseConnection->query('CALL ConsultarTodosLosProfesores()')
 2 APPPATH\Controllers\ControladorProfesor.php(13): App\Models\Profesores->ListarProfesores()
 3 SYSTEMPATH\CodeIgniter.php(942): App\Controllers\ControladorProfesor->index()
 4 SYSTEMPATH\CodeIgniter.php(502): CodeIgniter\CodeIgniter->runController(Object(App\Controllers\ControladorProfesor))
 5 SYSTEMPATH\CodeIgniter.php(361): CodeIgniter\CodeIgniter->handleRequest(null, Object(Config\Cache), false)
 6 FCPATH\index.php(79): CodeIgniter\CodeIgniter->run()
CRITICAL - 2024-01-04 16:52:57 --> require_once(C:\xampp\htdocs\Bib\app\ThirdParty\tcpdf/include/tcpdf_font_data.php): Failed to open stream: No such file or directory
in APPPATH\ThirdParty\tcpdf\tcpdf.php on line 113.
 1 APPPATH\ThirdParty\tcpdf\tcpdf.php(113): CodeIgniter\Debug\Exceptions->errorHandler(2, 'require_once(C:\\xampp\\htdocs\\Bib\\app\\ThirdParty\\tcpdf/include/tcpdf_font_data.php): Failed to open stream: No such file or directory', 'C:\\xampp\\htdocs\\Bib\\app\\ThirdParty\\tcpdf\\tcpdf.php', 113)
 2 APPPATH\ThirdParty\tcpdf\tcpdf.php(113): require_once()
 3 SYSTEMPATH\Autoloader\Autoloader.php(312): include_once('C:\\xampp\\htdocs\\Bib\\app\\ThirdParty\\tcpdf\\tcpdf.php')
 4 SYSTEMPATH\Autoloader\Autoloader.php(291): CodeIgniter\Autoloader\Autoloader->includeFile('C:\\xampp\\htdocs\\Bib\\app\\ThirdParty\\tcpdf\\tcpdf.php')
 5 SYSTEMPATH\Autoloader\Autoloader.php(269): CodeIgniter\Autoloader\Autoloader->loadInNamespace('App\\ThirdParty\\tcpdf\\tcpdf')
 6 APPPATH\Controllers\PdfController.php(16): CodeIgniter\Autoloader\Autoloader->loadClass('App\\ThirdParty\\tcpdf\\tcpdf')
 7 SYSTEMPATH\CodeIgniter.php(942): App\Controllers\PdfController->index()
 8 SYSTEMPATH\CodeIgniter.php(502): CodeIgniter\CodeIgniter->runController(Object(App\Controllers\PdfController))
 9 SYSTEMPATH\CodeIgniter.php(361): CodeIgniter\CodeIgniter->handleRequest(null, Object(Config\Cache), false)
10 FCPATH\index.php(79): CodeIgniter\CodeIgniter->run()
CRITICAL - 2024-01-04 16:54:39 --> require_once(C:\xampp\htdocs\Bib\app\ThirdParty\tcpdfinclude/tcpdf_font_data.php): Failed to open stream: No such file or directory
in APPPATH\ThirdParty\tcpdf\tcpdf.php on line 113.
 1 APPPATH\ThirdParty\tcpdf\tcpdf.php(113): CodeIgniter\Debug\Exceptions->errorHandler(2, 'require_once(C:\\xampp\\htdocs\\Bib\\app\\ThirdParty\\tcpdfinclude/tcpdf_font_data.php): Failed to open stream: No such file or directory', 'C:\\xampp\\htdocs\\Bib\\app\\ThirdParty\\tcpdf\\tcpdf.php', 113)
 2 APPPATH\ThirdParty\tcpdf\tcpdf.php(113): require_once()
 3 SYSTEMPATH\Autoloader\Autoloader.php(312): include_once('C:\\xampp\\htdocs\\Bib\\app\\ThirdParty\\tcpdf\\tcpdf.php')
 4 SYSTEMPATH\Autoloader\Autoloader.php(291): CodeIgniter\Autoloader\Autoloader->includeFile('C:\\xampp\\htdocs\\Bib\\app\\ThirdParty\\tcpdf\\tcpdf.php')
 5 SYSTEMPATH\Autoloader\Autoloader.php(269): CodeIgniter\Autoloader\Autoloader->loadInNamespace('App\\ThirdParty\\tcpdf\\tcpdf')
 6 APPPATH\Controllers\PdfController.php(16): CodeIgniter\Autoloader\Autoloader->loadClass('App\\ThirdParty\\tcpdf\\tcpdf')
 7 SYSTEMPATH\CodeIgniter.php(942): App\Controllers\PdfController->index()
 8 SYSTEMPATH\CodeIgniter.php(502): CodeIgniter\CodeIgniter->runController(Object(App\Controllers\PdfController))
 9 SYSTEMPATH\CodeIgniter.php(361): CodeIgniter\CodeIgniter->handleRequest(null, Object(Config\Cache), false)
10 FCPATH\index.php(79): CodeIgniter\CodeIgniter->run()
CRITICAL - 2024-01-04 16:54:47 --> require_once(C:\xampp\htdocs\Bib\app\ThirdParty\tcpdf../include/tcpdf_font_data.php): Failed to open stream: No such file or directory
in APPPATH\ThirdParty\tcpdf\tcpdf.php on line 113.
 1 APPPATH\ThirdParty\tcpdf\tcpdf.php(113): CodeIgniter\Debug\Exceptions->errorHandler(2, 'require_once(C:\\xampp\\htdocs\\Bib\\app\\ThirdParty\\tcpdf../include/tcpdf_font_data.php): Failed to open stream: No such file or directory', 'C:\\xampp\\htdocs\\Bib\\app\\ThirdParty\\tcpdf\\tcpdf.php', 113)
 2 APPPATH\ThirdParty\tcpdf\tcpdf.php(113): require_once()
 3 SYSTEMPATH\Autoloader\Autoloader.php(312): include_once('C:\\xampp\\htdocs\\Bib\\app\\ThirdParty\\tcpdf\\tcpdf.php')
 4 SYSTEMPATH\Autoloader\Autoloader.php(291): CodeIgniter\Autoloader\Autoloader->includeFile('C:\\xampp\\htdocs\\Bib\\app\\ThirdParty\\tcpdf\\tcpdf.php')
 5 SYSTEMPATH\Autoloader\Autoloader.php(269): CodeIgniter\Autoloader\Autoloader->loadInNamespace('App\\ThirdParty\\tcpdf\\tcpdf')
 6 APPPATH\Controllers\PdfController.php(16): CodeIgniter\Autoloader\Autoloader->loadClass('App\\ThirdParty\\tcpdf\\tcpdf')
 7 SYSTEMPATH\CodeIgniter.php(942): App\Controllers\PdfController->index()
 8 SYSTEMPATH\CodeIgniter.php(502): CodeIgniter\CodeIgniter->runController(Object(App\Controllers\PdfController))
 9 SYSTEMPATH\CodeIgniter.php(361): CodeIgniter\CodeIgniter->handleRequest(null, Object(Config\Cache), false)
10 FCPATH\index.php(79): CodeIgniter\CodeIgniter->run()
CRITICAL - 2024-01-04 16:54:53 --> require_once(C:\xampp\htdocs\Bib\app\ThirdParty\tcpdf/include/tcpdf_font_data.php): Failed to open stream: No such file or directory
in APPPATH\ThirdParty\tcpdf\tcpdf.php on line 113.
 1 APPPATH\ThirdParty\tcpdf\tcpdf.php(113): CodeIgniter\Debug\Exceptions->errorHandler(2, 'require_once(C:\\xampp\\htdocs\\Bib\\app\\ThirdParty\\tcpdf/include/tcpdf_font_data.php): Failed to open stream: No such file or directory', 'C:\\xampp\\htdocs\\Bib\\app\\ThirdParty\\tcpdf\\tcpdf.php', 113)
 2 APPPATH\ThirdParty\tcpdf\tcpdf.php(113): require_once()
 3 SYSTEMPATH\Autoloader\Autoloader.php(312): include_once('C:\\xampp\\htdocs\\Bib\\app\\ThirdParty\\tcpdf\\tcpdf.php')
 4 SYSTEMPATH\Autoloader\Autoloader.php(291): CodeIgniter\Autoloader\Autoloader->includeFile('C:\\xampp\\htdocs\\Bib\\app\\ThirdParty\\tcpdf\\tcpdf.php')
 5 SYSTEMPATH\Autoloader\Autoloader.php(269): CodeIgniter\Autoloader\Autoloader->loadInNamespace('App\\ThirdParty\\tcpdf\\tcpdf')
 6 APPPATH\Controllers\PdfController.php(16): CodeIgniter\Autoloader\Autoloader->loadClass('App\\ThirdParty\\tcpdf\\tcpdf')
 7 SYSTEMPATH\CodeIgniter.php(942): App\Controllers\PdfController->index()
 8 SYSTEMPATH\CodeIgniter.php(502): CodeIgniter\CodeIgniter->runController(Object(App\Controllers\PdfController))
 9 SYSTEMPATH\CodeIgniter.php(361): CodeIgniter\CodeIgniter->handleRequest(null, Object(Config\Cache), false)
10 FCPATH\index.php(79): CodeIgniter\CodeIgniter->run()
CRITICAL - 2024-01-04 16:54:58 --> require_once(C:\xampp\htdocs\Bib\app\ThirdParty\tcpdfinclude/tcpdf_font_data.php): Failed to open stream: No such file or directory
in APPPATH\ThirdParty\tcpdf\tcpdf.php on line 113.
 1 APPPATH\ThirdParty\tcpdf\tcpdf.php(113): CodeIgniter\Debug\Exceptions->errorHandler(2, 'require_once(C:\\xampp\\htdocs\\Bib\\app\\ThirdParty\\tcpdfinclude/tcpdf_font_data.php): Failed to open stream: No such file or directory', 'C:\\xampp\\htdocs\\Bib\\app\\ThirdParty\\tcpdf\\tcpdf.php', 113)
 2 APPPATH\ThirdParty\tcpdf\tcpdf.php(113): require_once()
 3 SYSTEMPATH\Autoloader\Autoloader.php(312): include_once('C:\\xampp\\htdocs\\Bib\\app\\ThirdParty\\tcpdf\\tcpdf.php')
 4 SYSTEMPATH\Autoloader\Autoloader.php(291): CodeIgniter\Autoloader\Autoloader->includeFile('C:\\xampp\\htdocs\\Bib\\app\\ThirdParty\\tcpdf\\tcpdf.php')
 5 SYSTEMPATH\Autoloader\Autoloader.php(269): CodeIgniter\Autoloader\Autoloader->loadInNamespace('App\\ThirdParty\\tcpdf\\tcpdf')
 6 APPPATH\Controllers\PdfController.php(16): CodeIgniter\Autoloader\Autoloader->loadClass('App\\ThirdParty\\tcpdf\\tcpdf')
 7 SYSTEMPATH\CodeIgniter.php(942): App\Controllers\PdfController->index()
 8 SYSTEMPATH\CodeIgniter.php(502): CodeIgniter\CodeIgniter->runController(Object(App\Controllers\PdfController))
 9 SYSTEMPATH\CodeIgniter.php(361): CodeIgniter\CodeIgniter->handleRequest(null, Object(Config\Cache), false)
10 FCPATH\index.php(79): CodeIgniter\CodeIgniter->run()
CRITICAL - 2024-01-04 16:55:41 --> require_once(C:\xampp\htdocs\Bib\app\ThirdParty\tcpdfinclude/tcpdf_fonts.php): Failed to open stream: No such file or directory
in APPPATH\ThirdParty\tcpdf\tcpdf.php on line 113.
 1 APPPATH\ThirdParty\tcpdf\tcpdf.php(113): CodeIgniter\Debug\Exceptions->errorHandler(2, 'require_once(C:\\xampp\\htdocs\\Bib\\app\\ThirdParty\\tcpdfinclude/tcpdf_fonts.php): Failed to open stream: No such file or directory', 'C:\\xampp\\htdocs\\Bib\\app\\ThirdParty\\tcpdf\\tcpdf.php', 113)
 2 APPPATH\ThirdParty\tcpdf\tcpdf.php(113): require_once()
 3 SYSTEMPATH\Autoloader\Autoloader.php(312): include_once('C:\\xampp\\htdocs\\Bib\\app\\ThirdParty\\tcpdf\\tcpdf.php')
 4 SYSTEMPATH\Autoloader\Autoloader.php(291): CodeIgniter\Autoloader\Autoloader->includeFile('C:\\xampp\\htdocs\\Bib\\app\\ThirdParty\\tcpdf\\tcpdf.php')
 5 SYSTEMPATH\Autoloader\Autoloader.php(269): CodeIgniter\Autoloader\Autoloader->loadInNamespace('App\\ThirdParty\\tcpdf\\tcpdf')
 6 APPPATH\Controllers\PdfController.php(16): CodeIgniter\Autoloader\Autoloader->loadClass('App\\ThirdParty\\tcpdf\\tcpdf')
 7 SYSTEMPATH\CodeIgniter.php(942): App\Controllers\PdfController->index()
 8 SYSTEMPATH\CodeIgniter.php(502): CodeIgniter\CodeIgniter->runController(Object(App\Controllers\PdfController))
 9 SYSTEMPATH\CodeIgniter.php(361): CodeIgniter\CodeIgniter->handleRequest(null, Object(Config\Cache), false)
10 FCPATH\index.php(79): CodeIgniter\CodeIgniter->run()
CRITICAL - 2024-01-04 16:56:13 --> require_once(C:\xampp\htdocs\Bib\app\ThirdParty\tcpdf/app/ThirdParty/tcpdf/include/tcpdf_fonts.php): Failed to open stream: No such file or directory
in APPPATH\ThirdParty\tcpdf\tcpdf.php on line 113.
 1 APPPATH\ThirdParty\tcpdf\tcpdf.php(113): CodeIgniter\Debug\Exceptions->errorHandler(2, 'require_once(C:\\xampp\\htdocs\\Bib\\app\\ThirdParty\\tcpdf/app/ThirdParty/tcpdf/include/tcpdf_fonts.php): Failed to open stream: No such file or directory', 'C:\\xampp\\htdocs\\Bib\\app\\ThirdParty\\tcpdf\\tcpdf.php', 113)
 2 APPPATH\ThirdParty\tcpdf\tcpdf.php(113): require_once()
 3 SYSTEMPATH\Autoloader\Autoloader.php(312): include_once('C:\\xampp\\htdocs\\Bib\\app\\ThirdParty\\tcpdf\\tcpdf.php')
 4 SYSTEMPATH\Autoloader\Autoloader.php(291): CodeIgniter\Autoloader\Autoloader->includeFile('C:\\xampp\\htdocs\\Bib\\app\\ThirdParty\\tcpdf\\tcpdf.php')
 5 SYSTEMPATH\Autoloader\Autoloader.php(269): CodeIgniter\Autoloader\Autoloader->loadInNamespace('App\\ThirdParty\\tcpdf\\tcpdf')
 6 APPPATH\Controllers\PdfController.php(16): CodeIgniter\Autoloader\Autoloader->loadClass('App\\ThirdParty\\tcpdf\\tcpdf')
 7 SYSTEMPATH\CodeIgniter.php(942): App\Controllers\PdfController->index()
 8 SYSTEMPATH\CodeIgniter.php(502): CodeIgniter\CodeIgniter->runController(Object(App\Controllers\PdfController))
 9 SYSTEMPATH\CodeIgniter.php(361): CodeIgniter\CodeIgniter->handleRequest(null, Object(Config\Cache), false)
10 FCPATH\index.php(79): CodeIgniter\CodeIgniter->run()
CRITICAL - 2024-01-04 16:56:35 --> require_once(C:\xampp\htdocs\Bib\app\ThirdParty\tcpdf/include/tcpdf_fonts.php): Failed to open stream: No such file or directory
in APPPATH\ThirdParty\tcpdf\tcpdf.php on line 113.
 1 APPPATH\ThirdParty\tcpdf\tcpdf.php(113): CodeIgniter\Debug\Exceptions->errorHandler(2, 'require_once(C:\\xampp\\htdocs\\Bib\\app\\ThirdParty\\tcpdf/include/tcpdf_fonts.php): Failed to open stream: No such file or directory', 'C:\\xampp\\htdocs\\Bib\\app\\ThirdParty\\tcpdf\\tcpdf.php', 113)
 2 APPPATH\ThirdParty\tcpdf\tcpdf.php(113): require_once()
 3 SYSTEMPATH\Autoloader\Autoloader.php(312): include_once('C:\\xampp\\htdocs\\Bib\\app\\ThirdParty\\tcpdf\\tcpdf.php')
 4 SYSTEMPATH\Autoloader\Autoloader.php(291): CodeIgniter\Autoloader\Autoloader->includeFile('C:\\xampp\\htdocs\\Bib\\app\\ThirdParty\\tcpdf\\tcpdf.php')
 5 SYSTEMPATH\Autoloader\Autoloader.php(269): CodeIgniter\Autoloader\Autoloader->loadInNamespace('App\\ThirdParty\\tcpdf\\tcpdf')
 6 APPPATH\Controllers\PdfController.php(16): CodeIgniter\Autoloader\Autoloader->loadClass('App\\ThirdParty\\tcpdf\\tcpdf')
 7 SYSTEMPATH\CodeIgniter.php(942): App\Controllers\PdfController->index()
 8 SYSTEMPATH\CodeIgniter.php(502): CodeIgniter\CodeIgniter->runController(Object(App\Controllers\PdfController))
 9 SYSTEMPATH\CodeIgniter.php(361): CodeIgniter\CodeIgniter->handleRequest(null, Object(Config\Cache), false)
10 FCPATH\index.php(79): CodeIgniter\CodeIgniter->run()
CRITICAL - 2024-01-04 16:56:54 --> Class "App\ThirdParty\tcpdf\tcpdf" not found
in APPPATH\Controllers\PdfController.php on line 16.
 1 SYSTEMPATH\CodeIgniter.php(942): App\Controllers\PdfController->index()
 2 SYSTEMPATH\CodeIgniter.php(502): CodeIgniter\CodeIgniter->runController(Object(App\Controllers\PdfController))
 3 SYSTEMPATH\CodeIgniter.php(361): CodeIgniter\CodeIgniter->handleRequest(null, Object(Config\Cache), false)
 4 FCPATH\index.php(79): CodeIgniter\CodeIgniter->run()
CRITICAL - 2024-01-04 16:57:48 --> Class "App\ThirdParty\tcpdf\tcpdf" not found
in APPPATH\Controllers\PdfController.php on line 16.
 1 SYSTEMPATH\CodeIgniter.php(942): App\Controllers\PdfController->index()
 2 SYSTEMPATH\CodeIgniter.php(502): CodeIgniter\CodeIgniter->runController(Object(App\Controllers\PdfController))
 3 SYSTEMPATH\CodeIgniter.php(361): CodeIgniter\CodeIgniter->handleRequest(null, Object(Config\Cache), false)
 4 FCPATH\index.php(79): CodeIgniter\CodeIgniter->run()
CRITICAL - 2024-01-04 16:58:51 --> Class "App\ThirdParty\tcpdf\tcpdf" not found
in APPPATH\Controllers\PdfController.php on line 16.
 1 SYSTEMPATH\CodeIgniter.php(942): App\Controllers\PdfController->index()
 2 SYSTEMPATH\CodeIgniter.php(502): CodeIgniter\CodeIgniter->runController(Object(App\Controllers\PdfController))
 3 SYSTEMPATH\CodeIgniter.php(361): CodeIgniter\CodeIgniter->handleRequest(null, Object(Config\Cache), false)
 4 FCPATH\index.php(79): CodeIgniter\CodeIgniter->run()
CRITICAL - 2024-01-04 17:00:24 --> Class "App\ThirdParty\tcpdf\tcpdf" not found
in APPPATH\Controllers\PdfController.php on line 16.
 1 SYSTEMPATH\CodeIgniter.php(942): App\Controllers\PdfController->index()
 2 SYSTEMPATH\CodeIgniter.php(502): CodeIgniter\CodeIgniter->runController(Object(App\Controllers\PdfController))
 3 SYSTEMPATH\CodeIgniter.php(361): CodeIgniter\CodeIgniter->handleRequest(null, Object(Config\Cache), false)
 4 FCPATH\index.php(79): CodeIgniter\CodeIgniter->run()
CRITICAL - 2024-01-04 17:01:26 --> Class "App\ThirdParty\tcpdf\TCPDF" not found
in APPPATH\Controllers\PdfController.php on line 16.
 1 SYSTEMPATH\CodeIgniter.php(942): App\Controllers\PdfController->index()
 2 SYSTEMPATH\CodeIgniter.php(502): CodeIgniter\CodeIgniter->runController(Object(App\Controllers\PdfController))
 3 SYSTEMPATH\CodeIgniter.php(361): CodeIgniter\CodeIgniter->handleRequest(null, Object(Config\Cache), false)
 4 FCPATH\index.php(79): CodeIgniter\CodeIgniter->run()
CRITICAL - 2024-01-04 17:02:09 --> Class "App\ThirdParty\tcpdf\TCPDF" not found
in APPPATH\Controllers\PdfController.php on line 16.
 1 SYSTEMPATH\CodeIgniter.php(942): App\Controllers\PdfController->index()
 2 SYSTEMPATH\CodeIgniter.php(502): CodeIgniter\CodeIgniter->runController(Object(App\Controllers\PdfController))
 3 SYSTEMPATH\CodeIgniter.php(361): CodeIgniter\CodeIgniter->handleRequest(null, Object(Config\Cache), false)
 4 FCPATH\index.php(79): CodeIgniter\CodeIgniter->run()
CRITICAL - 2024-01-04 17:02:27 --> require_once(tcpdf_include.php): Failed to open stream: No such file or directory
in APPPATH\Controllers\PdfController.php on line 15.
 1 APPPATH\Controllers\PdfController.php(15): CodeIgniter\Debug\Exceptions->errorHandler(2, 'require_once(tcpdf_include.php): Failed to open stream: No such file or directory', 'C:\\xampp\\htdocs\\Bib\\app\\Controllers\\PdfController.php', 15)
 2 APPPATH\Controllers\PdfController.php(15): require_once()
 3 SYSTEMPATH\CodeIgniter.php(942): App\Controllers\PdfController->index()
 4 SYSTEMPATH\CodeIgniter.php(502): CodeIgniter\CodeIgniter->runController(Object(App\Controllers\PdfController))
 5 SYSTEMPATH\CodeIgniter.php(361): CodeIgniter\CodeIgniter->handleRequest(null, Object(Config\Cache), false)
 6 FCPATH\index.php(79): CodeIgniter\CodeIgniter->run()
CRITICAL - 2024-01-04 17:02:53 --> require_once(config/tcpdf_config_alt.php): Failed to open stream: No such file or directory
in APPPATH\Controllers\tcpdf_include.php on line 27.
 1 APPPATH\Controllers\tcpdf_include.php(27): CodeIgniter\Debug\Exceptions->errorHandler(2, 'require_once(config/tcpdf_config_alt.php): Failed to open stream: No such file or directory', 'C:\\xampp\\htdocs\\Bib\\app\\Controllers\\tcpdf_include.php', 27)
 2 APPPATH\Controllers\tcpdf_include.php(27): require_once()
 3 APPPATH\Controllers\PdfController.php(15): require_once('C:\\xampp\\htdocs\\Bib\\app\\Controllers\\tcpdf_include.php')
 4 SYSTEMPATH\CodeIgniter.php(942): App\Controllers\PdfController->index()
 5 SYSTEMPATH\CodeIgniter.php(502): CodeIgniter\CodeIgniter->runController(Object(App\Controllers\PdfController))
 6 SYSTEMPATH\CodeIgniter.php(361): CodeIgniter\CodeIgniter->handleRequest(null, Object(Config\Cache), false)
 7 FCPATH\index.php(79): CodeIgniter\CodeIgniter->run()
CRITICAL - 2024-01-04 17:03:43 --> Class "App\ThirdParty\tcpdf\TCPDF" not found
in APPPATH\Controllers\PdfController.php on line 17.
 1 SYSTEMPATH\CodeIgniter.php(942): App\Controllers\PdfController->index()
 2 SYSTEMPATH\CodeIgniter.php(502): CodeIgniter\CodeIgniter->runController(Object(App\Controllers\PdfController))
 3 SYSTEMPATH\CodeIgniter.php(361): CodeIgniter\CodeIgniter->handleRequest(null, Object(Config\Cache), false)
 4 FCPATH\index.php(79): CodeIgniter\CodeIgniter->run()
CRITICAL - 2024-01-04 17:04:15 --> Class "App\Controllers\TCPDF" not found
in APPPATH\Controllers\PdfController.php on line 17.
 1 SYSTEMPATH\CodeIgniter.php(942): App\Controllers\PdfController->index()
 2 SYSTEMPATH\CodeIgniter.php(502): CodeIgniter\CodeIgniter->runController(Object(App\Controllers\PdfController))
 3 SYSTEMPATH\CodeIgniter.php(361): CodeIgniter\CodeIgniter->handleRequest(null, Object(Config\Cache), false)
 4 FCPATH\index.php(79): CodeIgniter\CodeIgniter->run()
CRITICAL - 2024-01-04 17:04:16 --> Class "App\Controllers\TCPDF" not found
in APPPATH\Controllers\PdfController.php on line 17.
 1 SYSTEMPATH\CodeIgniter.php(942): App\Controllers\PdfController->index()
 2 SYSTEMPATH\CodeIgniter.php(502): CodeIgniter\CodeIgniter->runController(Object(App\Controllers\PdfController))
 3 SYSTEMPATH\CodeIgniter.php(361): CodeIgniter\CodeIgniter->handleRequest(null, Object(Config\Cache), false)
 4 FCPATH\index.php(79): CodeIgniter\CodeIgniter->run()
CRITICAL - 2024-01-04 17:04:17 --> Class "App\Controllers\TCPDF" not found
in APPPATH\Controllers\PdfController.php on line 17.
 1 SYSTEMPATH\CodeIgniter.php(942): App\Controllers\PdfController->index()
 2 SYSTEMPATH\CodeIgniter.php(502): CodeIgniter\CodeIgniter->runController(Object(App\Controllers\PdfController))
 3 SYSTEMPATH\CodeIgniter.php(361): CodeIgniter\CodeIgniter->handleRequest(null, Object(Config\Cache), false)
 4 FCPATH\index.php(79): CodeIgniter\CodeIgniter->run()
CRITICAL - 2024-01-04 17:04:17 --> Class "App\Controllers\TCPDF" not found
in APPPATH\Controllers\PdfController.php on line 17.
 1 SYSTEMPATH\CodeIgniter.php(942): App\Controllers\PdfController->index()
 2 SYSTEMPATH\CodeIgniter.php(502): CodeIgniter\CodeIgniter->runController(Object(App\Controllers\PdfController))
 3 SYSTEMPATH\CodeIgniter.php(361): CodeIgniter\CodeIgniter->handleRequest(null, Object(Config\Cache), false)
 4 FCPATH\index.php(79): CodeIgniter\CodeIgniter->run()
CRITICAL - 2024-01-04 17:04:17 --> Class "App\Controllers\TCPDF" not found
in APPPATH\Controllers\PdfController.php on line 17.
 1 SYSTEMPATH\CodeIgniter.php(942): App\Controllers\PdfController->index()
 2 SYSTEMPATH\CodeIgniter.php(502): CodeIgniter\CodeIgniter->runController(Object(App\Controllers\PdfController))
 3 SYSTEMPATH\CodeIgniter.php(361): CodeIgniter\CodeIgniter->handleRequest(null, Object(Config\Cache), false)
 4 FCPATH\index.php(79): CodeIgniter\CodeIgniter->run()
CRITICAL - 2024-01-04 17:04:17 --> Class "App\Controllers\TCPDF" not found
in APPPATH\Controllers\PdfController.php on line 17.
 1 SYSTEMPATH\CodeIgniter.php(942): App\Controllers\PdfController->index()
 2 SYSTEMPATH\CodeIgniter.php(502): CodeIgniter\CodeIgniter->runController(Object(App\Controllers\PdfController))
 3 SYSTEMPATH\CodeIgniter.php(361): CodeIgniter\CodeIgniter->handleRequest(null, Object(Config\Cache), false)
 4 FCPATH\index.php(79): CodeIgniter\CodeIgniter->run()
CRITICAL - 2024-01-04 17:04:17 --> Class "App\Controllers\TCPDF" not found
in APPPATH\Controllers\PdfController.php on line 17.
 1 SYSTEMPATH\CodeIgniter.php(942): App\Controllers\PdfController->index()
 2 SYSTEMPATH\CodeIgniter.php(502): CodeIgniter\CodeIgniter->runController(Object(App\Controllers\PdfController))
 3 SYSTEMPATH\CodeIgniter.php(361): CodeIgniter\CodeIgniter->handleRequest(null, Object(Config\Cache), false)
 4 FCPATH\index.php(79): CodeIgniter\CodeIgniter->run()
CRITICAL - 2024-01-04 17:04:17 --> Class "App\Controllers\TCPDF" not found
in APPPATH\Controllers\PdfController.php on line 17.
 1 SYSTEMPATH\CodeIgniter.php(942): App\Controllers\PdfController->index()
 2 SYSTEMPATH\CodeIgniter.php(502): CodeIgniter\CodeIgniter->runController(Object(App\Controllers\PdfController))
 3 SYSTEMPATH\CodeIgniter.php(361): CodeIgniter\CodeIgniter->handleRequest(null, Object(Config\Cache), false)
 4 FCPATH\index.php(79): CodeIgniter\CodeIgniter->run()
CRITICAL - 2024-01-04 17:04:18 --> Class "App\Controllers\TCPDF" not found
in APPPATH\Controllers\PdfController.php on line 17.
 1 SYSTEMPATH\CodeIgniter.php(942): App\Controllers\PdfController->index()
 2 SYSTEMPATH\CodeIgniter.php(502): CodeIgniter\CodeIgniter->runController(Object(App\Controllers\PdfController))
 3 SYSTEMPATH\CodeIgniter.php(361): CodeIgniter\CodeIgniter->handleRequest(null, Object(Config\Cache), false)
 4 FCPATH\index.php(79): CodeIgniter\CodeIgniter->run()
CRITICAL - 2024-01-04 17:04:18 --> Class "App\Controllers\TCPDF" not found
in APPPATH\Controllers\PdfController.php on line 17.
 1 SYSTEMPATH\CodeIgniter.php(942): App\Controllers\PdfController->index()
 2 SYSTEMPATH\CodeIgniter.php(502): CodeIgniter\CodeIgniter->runController(Object(App\Controllers\PdfController))
 3 SYSTEMPATH\CodeIgniter.php(361): CodeIgniter\CodeIgniter->handleRequest(null, Object(Config\Cache), false)
 4 FCPATH\index.php(79): CodeIgniter\CodeIgniter->run()
CRITICAL - 2024-01-04 17:04:18 --> Class "App\Controllers\TCPDF" not found
in APPPATH\Controllers\PdfController.php on line 17.
 1 SYSTEMPATH\CodeIgniter.php(942): App\Controllers\PdfController->index()
 2 SYSTEMPATH\CodeIgniter.php(502): CodeIgniter\CodeIgniter->runController(Object(App\Controllers\PdfController))
 3 SYSTEMPATH\CodeIgniter.php(361): CodeIgniter\CodeIgniter->handleRequest(null, Object(Config\Cache), false)
 4 FCPATH\index.php(79): CodeIgniter\CodeIgniter->run()
CRITICAL - 2024-01-04 17:04:18 --> Class "App\Controllers\TCPDF" not found
in APPPATH\Controllers\PdfController.php on line 17.
 1 SYSTEMPATH\CodeIgniter.php(942): App\Controllers\PdfController->index()
 2 SYSTEMPATH\CodeIgniter.php(502): CodeIgniter\CodeIgniter->runController(Object(App\Controllers\PdfController))
 3 SYSTEMPATH\CodeIgniter.php(361): CodeIgniter\CodeIgniter->handleRequest(null, Object(Config\Cache), false)
 4 FCPATH\index.php(79): CodeIgniter\CodeIgniter->run()
CRITICAL - 2024-01-04 17:04:18 --> Class "App\Controllers\TCPDF" not found
in APPPATH\Controllers\PdfController.php on line 17.
 1 SYSTEMPATH\CodeIgniter.php(942): App\Controllers\PdfController->index()
 2 SYSTEMPATH\CodeIgniter.php(502): CodeIgniter\CodeIgniter->runController(Object(App\Controllers\PdfController))
 3 SYSTEMPATH\CodeIgniter.php(361): CodeIgniter\CodeIgniter->handleRequest(null, Object(Config\Cache), false)
 4 FCPATH\index.php(79): CodeIgniter\CodeIgniter->run()
CRITICAL - 2024-01-04 17:04:18 --> Class "App\Controllers\TCPDF" not found
in APPPATH\Controllers\PdfController.php on line 17.
 1 SYSTEMPATH\CodeIgniter.php(942): App\Controllers\PdfController->index()
 2 SYSTEMPATH\CodeIgniter.php(502): CodeIgniter\CodeIgniter->runController(Object(App\Controllers\PdfController))
 3 SYSTEMPATH\CodeIgniter.php(361): CodeIgniter\CodeIgniter->handleRequest(null, Object(Config\Cache), false)
 4 FCPATH\index.php(79): CodeIgniter\CodeIgniter->run()
CRITICAL - 2024-01-04 17:04:19 --> Class "App\Controllers\TCPDF" not found
in APPPATH\Controllers\PdfController.php on line 17.
 1 SYSTEMPATH\CodeIgniter.php(942): App\Controllers\PdfController->index()
 2 SYSTEMPATH\CodeIgniter.php(502): CodeIgniter\CodeIgniter->runController(Object(App\Controllers\PdfController))
 3 SYSTEMPATH\CodeIgniter.php(361): CodeIgniter\CodeIgniter->handleRequest(null, Object(Config\Cache), false)
 4 FCPATH\index.php(79): CodeIgniter\CodeIgniter->run()
CRITICAL - 2024-01-04 17:04:19 --> Class "App\Controllers\TCPDF" not found
in APPPATH\Controllers\PdfController.php on line 17.
 1 SYSTEMPATH\CodeIgniter.php(942): App\Controllers\PdfController->index()
 2 SYSTEMPATH\CodeIgniter.php(502): CodeIgniter\CodeIgniter->runController(Object(App\Controllers\PdfController))
 3 SYSTEMPATH\CodeIgniter.php(361): CodeIgniter\CodeIgniter->handleRequest(null, Object(Config\Cache), false)
 4 FCPATH\index.php(79): CodeIgniter\CodeIgniter->run()
CRITICAL - 2024-01-04 17:04:19 --> Class "App\Controllers\TCPDF" not found
in APPPATH\Controllers\PdfController.php on line 17.
 1 SYSTEMPATH\CodeIgniter.php(942): App\Controllers\PdfController->index()
 2 SYSTEMPATH\CodeIgniter.php(502): CodeIgniter\CodeIgniter->runController(Object(App\Controllers\PdfController))
 3 SYSTEMPATH\CodeIgniter.php(361): CodeIgniter\CodeIgniter->handleRequest(null, Object(Config\Cache), false)
 4 FCPATH\index.php(79): CodeIgniter\CodeIgniter->run()
CRITICAL - 2024-01-04 17:04:19 --> Class "App\Controllers\TCPDF" not found
in APPPATH\Controllers\PdfController.php on line 17.
 1 SYSTEMPATH\CodeIgniter.php(942): App\Controllers\PdfController->index()
 2 SYSTEMPATH\CodeIgniter.php(502): CodeIgniter\CodeIgniter->runController(Object(App\Controllers\PdfController))
 3 SYSTEMPATH\CodeIgniter.php(361): CodeIgniter\CodeIgniter->handleRequest(null, Object(Config\Cache), false)
 4 FCPATH\index.php(79): CodeIgniter\CodeIgniter->run()
CRITICAL - 2024-01-04 17:04:19 --> Class "App\Controllers\TCPDF" not found
in APPPATH\Controllers\PdfController.php on line 17.
 1 SYSTEMPATH\CodeIgniter.php(942): App\Controllers\PdfController->index()
 2 SYSTEMPATH\CodeIgniter.php(502): CodeIgniter\CodeIgniter->runController(Object(App\Controllers\PdfController))
 3 SYSTEMPATH\CodeIgniter.php(361): CodeIgniter\CodeIgniter->handleRequest(null, Object(Config\Cache), false)
 4 FCPATH\index.php(79): CodeIgniter\CodeIgniter->run()
CRITICAL - 2024-01-04 17:04:36 --> Class "App\ThirdParty\tcpdf\TCPDF" not found
in APPPATH\Controllers\PdfController.php on line 16.
 1 SYSTEMPATH\CodeIgniter.php(942): App\Controllers\PdfController->index()
 2 SYSTEMPATH\CodeIgniter.php(502): CodeIgniter\CodeIgniter->runController(Object(App\Controllers\PdfController))
 3 SYSTEMPATH\CodeIgniter.php(361): CodeIgniter\CodeIgniter->handleRequest(null, Object(Config\Cache), false)
 4 FCPATH\index.php(79): CodeIgniter\CodeIgniter->run()
CRITICAL - 2024-01-04 17:05:37 --> Class "App\ThirdParty\tcpdf\TCPDF" not found
in APPPATH\Controllers\PdfController.php on line 16.
 1 SYSTEMPATH\CodeIgniter.php(942): App\Controllers\PdfController->index()
 2 SYSTEMPATH\CodeIgniter.php(502): CodeIgniter\CodeIgniter->runController(Object(App\Controllers\PdfController))
 3 SYSTEMPATH\CodeIgniter.php(361): CodeIgniter\CodeIgniter->handleRequest(null, Object(Config\Cache), false)
 4 FCPATH\index.php(79): CodeIgniter\CodeIgniter->run()
CRITICAL - 2024-01-04 17:05:46 --> Class "App\ThirdParty\tcpdf\TCPDF" not found
in APPPATH\Controllers\PdfController.php on line 16.
 1 SYSTEMPATH\CodeIgniter.php(942): App\Controllers\PdfController->index()
 2 SYSTEMPATH\CodeIgniter.php(502): CodeIgniter\CodeIgniter->runController(Object(App\Controllers\PdfController))
 3 SYSTEMPATH\CodeIgniter.php(361): CodeIgniter\CodeIgniter->handleRequest(null, Object(Config\Cache), false)
 4 FCPATH\index.php(79): CodeIgniter\CodeIgniter->run()
CRITICAL - 2024-01-04 17:05:46 --> Class "App\ThirdParty\tcpdf\TCPDF" not found
in APPPATH\Controllers\PdfController.php on line 16.
 1 SYSTEMPATH\CodeIgniter.php(942): App\Controllers\PdfController->index()
 2 SYSTEMPATH\CodeIgniter.php(502): CodeIgniter\CodeIgniter->runController(Object(App\Controllers\PdfController))
 3 SYSTEMPATH\CodeIgniter.php(361): CodeIgniter\CodeIgniter->handleRequest(null, Object(Config\Cache), false)
 4 FCPATH\index.php(79): CodeIgniter\CodeIgniter->run()
CRITICAL - 2024-01-04 17:05:47 --> Class "App\ThirdParty\tcpdf\TCPDF" not found
in APPPATH\Controllers\PdfController.php on line 16.
 1 SYSTEMPATH\CodeIgniter.php(942): App\Controllers\PdfController->index()
 2 SYSTEMPATH\CodeIgniter.php(502): CodeIgniter\CodeIgniter->runController(Object(App\Controllers\PdfController))
 3 SYSTEMPATH\CodeIgniter.php(361): CodeIgniter\CodeIgniter->handleRequest(null, Object(Config\Cache), false)
 4 FCPATH\index.php(79): CodeIgniter\CodeIgniter->run()
CRITICAL - 2024-01-04 17:05:47 --> Class "App\ThirdParty\tcpdf\TCPDF" not found
in APPPATH\Controllers\PdfController.php on line 16.
 1 SYSTEMPATH\CodeIgniter.php(942): App\Controllers\PdfController->index()
 2 SYSTEMPATH\CodeIgniter.php(502): CodeIgniter\CodeIgniter->runController(Object(App\Controllers\PdfController))
 3 SYSTEMPATH\CodeIgniter.php(361): CodeIgniter\CodeIgniter->handleRequest(null, Object(Config\Cache), false)
 4 FCPATH\index.php(79): CodeIgniter\CodeIgniter->run()
CRITICAL - 2024-01-04 17:05:47 --> Class "App\ThirdParty\tcpdf\TCPDF" not found
in APPPATH\Controllers\PdfController.php on line 16.
 1 SYSTEMPATH\CodeIgniter.php(942): App\Controllers\PdfController->index()
 2 SYSTEMPATH\CodeIgniter.php(502): CodeIgniter\CodeIgniter->runController(Object(App\Controllers\PdfController))
 3 SYSTEMPATH\CodeIgniter.php(361): CodeIgniter\CodeIgniter->handleRequest(null, Object(Config\Cache), false)
 4 FCPATH\index.php(79): CodeIgniter\CodeIgniter->run()
CRITICAL - 2024-01-04 17:07:34 --> Class "App\ThirdParty\tcpdf" not found
in APPPATH\Controllers\PdfController.php on line 16.
 1 SYSTEMPATH\CodeIgniter.php(942): App\Controllers\PdfController->index()
 2 SYSTEMPATH\CodeIgniter.php(502): CodeIgniter\CodeIgniter->runController(Object(App\Controllers\PdfController))
 3 SYSTEMPATH\CodeIgniter.php(361): CodeIgniter\CodeIgniter->handleRequest(null, Object(Config\Cache), false)
 4 FCPATH\index.php(79): CodeIgniter\CodeIgniter->run()
CRITICAL - 2024-01-04 17:07:35 --> Class "App\ThirdParty\tcpdf" not found
in APPPATH\Controllers\PdfController.php on line 16.
 1 SYSTEMPATH\CodeIgniter.php(942): App\Controllers\PdfController->index()
 2 SYSTEMPATH\CodeIgniter.php(502): CodeIgniter\CodeIgniter->runController(Object(App\Controllers\PdfController))
 3 SYSTEMPATH\CodeIgniter.php(361): CodeIgniter\CodeIgniter->handleRequest(null, Object(Config\Cache), false)
 4 FCPATH\index.php(79): CodeIgniter\CodeIgniter->run()
CRITICAL - 2024-01-04 17:07:35 --> Class "App\ThirdParty\tcpdf" not found
in APPPATH\Controllers\PdfController.php on line 16.
 1 SYSTEMPATH\CodeIgniter.php(942): App\Controllers\PdfController->index()
 2 SYSTEMPATH\CodeIgniter.php(502): CodeIgniter\CodeIgniter->runController(Object(App\Controllers\PdfController))
 3 SYSTEMPATH\CodeIgniter.php(361): CodeIgniter\CodeIgniter->handleRequest(null, Object(Config\Cache), false)
 4 FCPATH\index.php(79): CodeIgniter\CodeIgniter->run()
CRITICAL - 2024-01-04 17:07:35 --> Class "App\ThirdParty\tcpdf" not found
in APPPATH\Controllers\PdfController.php on line 16.
 1 SYSTEMPATH\CodeIgniter.php(942): App\Controllers\PdfController->index()
 2 SYSTEMPATH\CodeIgniter.php(502): CodeIgniter\CodeIgniter->runController(Object(App\Controllers\PdfController))
 3 SYSTEMPATH\CodeIgniter.php(361): CodeIgniter\CodeIgniter->handleRequest(null, Object(Config\Cache), false)
 4 FCPATH\index.php(79): CodeIgniter\CodeIgniter->run()
CRITICAL - 2024-01-04 17:07:36 --> Class "App\ThirdParty\tcpdf" not found
in APPPATH\Controllers\PdfController.php on line 16.
 1 SYSTEMPATH\CodeIgniter.php(942): App\Controllers\PdfController->index()
 2 SYSTEMPATH\CodeIgniter.php(502): CodeIgniter\CodeIgniter->runController(Object(App\Controllers\PdfController))
 3 SYSTEMPATH\CodeIgniter.php(361): CodeIgniter\CodeIgniter->handleRequest(null, Object(Config\Cache), false)
 4 FCPATH\index.php(79): CodeIgniter\CodeIgniter->run()
CRITICAL - 2024-01-04 17:07:36 --> Class "App\ThirdParty\tcpdf" not found
in APPPATH\Controllers\PdfController.php on line 16.
 1 SYSTEMPATH\CodeIgniter.php(942): App\Controllers\PdfController->index()
 2 SYSTEMPATH\CodeIgniter.php(502): CodeIgniter\CodeIgniter->runController(Object(App\Controllers\PdfController))
 3 SYSTEMPATH\CodeIgniter.php(361): CodeIgniter\CodeIgniter->handleRequest(null, Object(Config\Cache), false)
 4 FCPATH\index.php(79): CodeIgniter\CodeIgniter->run()
CRITICAL - 2024-01-04 17:07:36 --> Class "App\ThirdParty\tcpdf" not found
in APPPATH\Controllers\PdfController.php on line 16.
 1 SYSTEMPATH\CodeIgniter.php(942): App\Controllers\PdfController->index()
 2 SYSTEMPATH\CodeIgniter.php(502): CodeIgniter\CodeIgniter->runController(Object(App\Controllers\PdfController))
 3 SYSTEMPATH\CodeIgniter.php(361): CodeIgniter\CodeIgniter->handleRequest(null, Object(Config\Cache), false)
 4 FCPATH\index.php(79): CodeIgniter\CodeIgniter->run()
CRITICAL - 2024-01-04 17:07:36 --> Class "App\ThirdParty\tcpdf" not found
in APPPATH\Controllers\PdfController.php on line 16.
 1 SYSTEMPATH\CodeIgniter.php(942): App\Controllers\PdfController->index()
 2 SYSTEMPATH\CodeIgniter.php(502): CodeIgniter\CodeIgniter->runController(Object(App\Controllers\PdfController))
 3 SYSTEMPATH\CodeIgniter.php(361): CodeIgniter\CodeIgniter->handleRequest(null, Object(Config\Cache), false)
 4 FCPATH\index.php(79): CodeIgniter\CodeIgniter->run()
CRITICAL - 2024-01-04 17:07:36 --> Class "App\ThirdParty\tcpdf" not found
in APPPATH\Controllers\PdfController.php on line 16.
 1 SYSTEMPATH\CodeIgniter.php(942): App\Controllers\PdfController->index()
 2 SYSTEMPATH\CodeIgniter.php(502): CodeIgniter\CodeIgniter->runController(Object(App\Controllers\PdfController))
 3 SYSTEMPATH\CodeIgniter.php(361): CodeIgniter\CodeIgniter->handleRequest(null, Object(Config\Cache), false)
 4 FCPATH\index.php(79): CodeIgniter\CodeIgniter->run()
CRITICAL - 2024-01-04 17:07:37 --> Class "App\ThirdParty\tcpdf" not found
in APPPATH\Controllers\PdfController.php on line 16.
 1 SYSTEMPATH\CodeIgniter.php(942): App\Controllers\PdfController->index()
 2 SYSTEMPATH\CodeIgniter.php(502): CodeIgniter\CodeIgniter->runController(Object(App\Controllers\PdfController))
 3 SYSTEMPATH\CodeIgniter.php(361): CodeIgniter\CodeIgniter->handleRequest(null, Object(Config\Cache), false)
 4 FCPATH\index.php(79): CodeIgniter\CodeIgniter->run()
CRITICAL - 2024-01-04 17:07:52 --> Class "App\ThirdParty\tcpdf\TCPDF" not found
in APPPATH\Controllers\PdfController.php on line 16.
 1 SYSTEMPATH\CodeIgniter.php(942): App\Controllers\PdfController->index()
 2 SYSTEMPATH\CodeIgniter.php(502): CodeIgniter\CodeIgniter->runController(Object(App\Controllers\PdfController))
 3 SYSTEMPATH\CodeIgniter.php(361): CodeIgniter\CodeIgniter->handleRequest(null, Object(Config\Cache), false)
 4 FCPATH\index.php(79): CodeIgniter\CodeIgniter->run()
CRITICAL - 2024-01-04 17:10:37 --> Class "App\ThirdParty\tcpdf\TCPDF" not found
in APPPATH\Controllers\PdfController.php on line 16.
 1 SYSTEMPATH\CodeIgniter.php(942): App\Controllers\PdfController->index()
 2 SYSTEMPATH\CodeIgniter.php(502): CodeIgniter\CodeIgniter->runController(Object(App\Controllers\PdfController))
 3 SYSTEMPATH\CodeIgniter.php(361): CodeIgniter\CodeIgniter->handleRequest(null, Object(Config\Cache), false)
 4 FCPATH\index.php(79): CodeIgniter\CodeIgniter->run()
CRITICAL - 2024-01-04 17:10:38 --> Class "App\ThirdParty\tcpdf\TCPDF" not found
in APPPATH\Controllers\PdfController.php on line 16.
 1 SYSTEMPATH\CodeIgniter.php(942): App\Controllers\PdfController->index()
 2 SYSTEMPATH\CodeIgniter.php(502): CodeIgniter\CodeIgniter->runController(Object(App\Controllers\PdfController))
 3 SYSTEMPATH\CodeIgniter.php(361): CodeIgniter\CodeIgniter->handleRequest(null, Object(Config\Cache), false)
 4 FCPATH\index.php(79): CodeIgniter\CodeIgniter->run()
CRITICAL - 2024-01-04 17:10:38 --> Class "App\ThirdParty\tcpdf\TCPDF" not found
in APPPATH\Controllers\PdfController.php on line 16.
 1 SYSTEMPATH\CodeIgniter.php(942): App\Controllers\PdfController->index()
 2 SYSTEMPATH\CodeIgniter.php(502): CodeIgniter\CodeIgniter->runController(Object(App\Controllers\PdfController))
 3 SYSTEMPATH\CodeIgniter.php(361): CodeIgniter\CodeIgniter->handleRequest(null, Object(Config\Cache), false)
 4 FCPATH\index.php(79): CodeIgniter\CodeIgniter->run()
CRITICAL - 2024-01-04 17:10:38 --> Class "App\ThirdParty\tcpdf\TCPDF" not found
in APPPATH\Controllers\PdfController.php on line 16.
 1 SYSTEMPATH\CodeIgniter.php(942): App\Controllers\PdfController->index()
 2 SYSTEMPATH\CodeIgniter.php(502): CodeIgniter\CodeIgniter->runController(Object(App\Controllers\PdfController))
 3 SYSTEMPATH\CodeIgniter.php(361): CodeIgniter\CodeIgniter->handleRequest(null, Object(Config\Cache), false)
 4 FCPATH\index.php(79): CodeIgniter\CodeIgniter->run()
CRITICAL - 2024-01-04 17:10:39 --> Class "App\ThirdParty\tcpdf\TCPDF" not found
in APPPATH\Controllers\PdfController.php on line 16.
 1 SYSTEMPATH\CodeIgniter.php(942): App\Controllers\PdfController->index()
 2 SYSTEMPATH\CodeIgniter.php(502): CodeIgniter\CodeIgniter->runController(Object(App\Controllers\PdfController))
 3 SYSTEMPATH\CodeIgniter.php(361): CodeIgniter\CodeIgniter->handleRequest(null, Object(Config\Cache), false)
 4 FCPATH\index.php(79): CodeIgniter\CodeIgniter->run()
CRITICAL - 2024-01-04 17:12:16 --> Class "App\ThirdParty\tcpdf\tcpdf" not found
in APPPATH\Controllers\PdfController.php on line 16.
 1 SYSTEMPATH\CodeIgniter.php(942): App\Controllers\PdfController->index()
 2 SYSTEMPATH\CodeIgniter.php(502): CodeIgniter\CodeIgniter->runController(Object(App\Controllers\PdfController))
 3 SYSTEMPATH\CodeIgniter.php(361): CodeIgniter\CodeIgniter->handleRequest(null, Object(Config\Cache), false)
 4 FCPATH\index.php(79): CodeIgniter\CodeIgniter->run()
CRITICAL - 2024-01-04 17:12:17 --> Class "App\ThirdParty\tcpdf\tcpdf" not found
in APPPATH\Controllers\PdfController.php on line 16.
 1 SYSTEMPATH\CodeIgniter.php(942): App\Controllers\PdfController->index()
 2 SYSTEMPATH\CodeIgniter.php(502): CodeIgniter\CodeIgniter->runController(Object(App\Controllers\PdfController))
 3 SYSTEMPATH\CodeIgniter.php(361): CodeIgniter\CodeIgniter->handleRequest(null, Object(Config\Cache), false)
 4 FCPATH\index.php(79): CodeIgniter\CodeIgniter->run()
CRITICAL - 2024-01-04 17:12:17 --> Class "App\ThirdParty\tcpdf\tcpdf" not found
in APPPATH\Controllers\PdfController.php on line 16.
 1 SYSTEMPATH\CodeIgniter.php(942): App\Controllers\PdfController->index()
 2 SYSTEMPATH\CodeIgniter.php(502): CodeIgniter\CodeIgniter->runController(Object(App\Controllers\PdfController))
 3 SYSTEMPATH\CodeIgniter.php(361): CodeIgniter\CodeIgniter->handleRequest(null, Object(Config\Cache), false)
 4 FCPATH\index.php(79): CodeIgniter\CodeIgniter->run()
CRITICAL - 2024-01-04 17:12:17 --> Class "App\ThirdParty\tcpdf\tcpdf" not found
in APPPATH\Controllers\PdfController.php on line 16.
 1 SYSTEMPATH\CodeIgniter.php(942): App\Controllers\PdfController->index()
 2 SYSTEMPATH\CodeIgniter.php(502): CodeIgniter\CodeIgniter->runController(Object(App\Controllers\PdfController))
 3 SYSTEMPATH\CodeIgniter.php(361): CodeIgniter\CodeIgniter->handleRequest(null, Object(Config\Cache), false)
 4 FCPATH\index.php(79): CodeIgniter\CodeIgniter->run()
CRITICAL - 2024-01-04 17:12:17 --> Class "App\ThirdParty\tcpdf\tcpdf" not found
in APPPATH\Controllers\PdfController.php on line 16.
 1 SYSTEMPATH\CodeIgniter.php(942): App\Controllers\PdfController->index()
 2 SYSTEMPATH\CodeIgniter.php(502): CodeIgniter\CodeIgniter->runController(Object(App\Controllers\PdfController))
 3 SYSTEMPATH\CodeIgniter.php(361): CodeIgniter\CodeIgniter->handleRequest(null, Object(Config\Cache), false)
 4 FCPATH\index.php(79): CodeIgniter\CodeIgniter->run()
CRITICAL - 2024-01-04 17:12:17 --> Class "App\ThirdParty\tcpdf\tcpdf" not found
in APPPATH\Controllers\PdfController.php on line 16.
 1 SYSTEMPATH\CodeIgniter.php(942): App\Controllers\PdfController->index()
 2 SYSTEMPATH\CodeIgniter.php(502): CodeIgniter\CodeIgniter->runController(Object(App\Controllers\PdfController))
 3 SYSTEMPATH\CodeIgniter.php(361): CodeIgniter\CodeIgniter->handleRequest(null, Object(Config\Cache), false)
 4 FCPATH\index.php(79): CodeIgniter\CodeIgniter->run()
CRITICAL - 2024-01-04 17:12:17 --> Class "App\ThirdParty\tcpdf\tcpdf" not found
in APPPATH\Controllers\PdfController.php on line 16.
 1 SYSTEMPATH\CodeIgniter.php(942): App\Controllers\PdfController->index()
 2 SYSTEMPATH\CodeIgniter.php(502): CodeIgniter\CodeIgniter->runController(Object(App\Controllers\PdfController))
 3 SYSTEMPATH\CodeIgniter.php(361): CodeIgniter\CodeIgniter->handleRequest(null, Object(Config\Cache), false)
 4 FCPATH\index.php(79): CodeIgniter\CodeIgniter->run()
CRITICAL - 2024-01-04 17:12:18 --> Class "App\ThirdParty\tcpdf\tcpdf" not found
in APPPATH\Controllers\PdfController.php on line 16.
 1 SYSTEMPATH\CodeIgniter.php(942): App\Controllers\PdfController->index()
 2 SYSTEMPATH\CodeIgniter.php(502): CodeIgniter\CodeIgniter->runController(Object(App\Controllers\PdfController))
 3 SYSTEMPATH\CodeIgniter.php(361): CodeIgniter\CodeIgniter->handleRequest(null, Object(Config\Cache), false)
 4 FCPATH\index.php(79): CodeIgniter\CodeIgniter->run()
CRITICAL - 2024-01-04 17:12:18 --> Class "App\ThirdParty\tcpdf\tcpdf" not found
in APPPATH\Controllers\PdfController.php on line 16.
 1 SYSTEMPATH\CodeIgniter.php(942): App\Controllers\PdfController->index()
 2 SYSTEMPATH\CodeIgniter.php(502): CodeIgniter\CodeIgniter->runController(Object(App\Controllers\PdfController))
 3 SYSTEMPATH\CodeIgniter.php(361): CodeIgniter\CodeIgniter->handleRequest(null, Object(Config\Cache), false)
 4 FCPATH\index.php(79): CodeIgniter\CodeIgniter->run()
CRITICAL - 2024-01-04 17:12:18 --> Class "App\ThirdParty\tcpdf\tcpdf" not found
in APPPATH\Controllers\PdfController.php on line 16.
 1 SYSTEMPATH\CodeIgniter.php(942): App\Controllers\PdfController->index()
 2 SYSTEMPATH\CodeIgniter.php(502): CodeIgniter\CodeIgniter->runController(Object(App\Controllers\PdfController))
 3 SYSTEMPATH\CodeIgniter.php(361): CodeIgniter\CodeIgniter->handleRequest(null, Object(Config\Cache), false)
 4 FCPATH\index.php(79): CodeIgniter\CodeIgniter->run()
CRITICAL - 2024-01-04 17:12:18 --> Class "App\ThirdParty\tcpdf\tcpdf" not found
in APPPATH\Controllers\PdfController.php on line 16.
 1 SYSTEMPATH\CodeIgniter.php(942): App\Controllers\PdfController->index()
 2 SYSTEMPATH\CodeIgniter.php(502): CodeIgniter\CodeIgniter->runController(Object(App\Controllers\PdfController))
 3 SYSTEMPATH\CodeIgniter.php(361): CodeIgniter\CodeIgniter->handleRequest(null, Object(Config\Cache), false)
 4 FCPATH\index.php(79): CodeIgniter\CodeIgniter->run()
CRITICAL - 2024-01-04 17:16:02 --> Class "App\ThirdParty\tcpdf\tcpdf" not found
in APPPATH\Controllers\PdfController.php on line 16.
 1 SYSTEMPATH\CodeIgniter.php(942): App\Controllers\PdfController->index()
 2 SYSTEMPATH\CodeIgniter.php(502): CodeIgniter\CodeIgniter->runController(Object(App\Controllers\PdfController))
 3 SYSTEMPATH\CodeIgniter.php(361): CodeIgniter\CodeIgniter->handleRequest(null, Object(Config\Cache), false)
 4 FCPATH\index.php(79): CodeIgniter\CodeIgniter->run()
CRITICAL - 2024-01-04 17:16:03 --> Class "App\ThirdParty\tcpdf\tcpdf" not found
in APPPATH\Controllers\PdfController.php on line 16.
 1 SYSTEMPATH\CodeIgniter.php(942): App\Controllers\PdfController->index()
 2 SYSTEMPATH\CodeIgniter.php(502): CodeIgniter\CodeIgniter->runController(Object(App\Controllers\PdfController))
 3 SYSTEMPATH\CodeIgniter.php(361): CodeIgniter\CodeIgniter->handleRequest(null, Object(Config\Cache), false)
 4 FCPATH\index.php(79): CodeIgniter\CodeIgniter->run()
CRITICAL - 2024-01-04 17:16:03 --> Class "App\ThirdParty\tcpdf\tcpdf" not found
in APPPATH\Controllers\PdfController.php on line 16.
 1 SYSTEMPATH\CodeIgniter.php(942): App\Controllers\PdfController->index()
 2 SYSTEMPATH\CodeIgniter.php(502): CodeIgniter\CodeIgniter->runController(Object(App\Controllers\PdfController))
 3 SYSTEMPATH\CodeIgniter.php(361): CodeIgniter\CodeIgniter->handleRequest(null, Object(Config\Cache), false)
 4 FCPATH\index.php(79): CodeIgniter\CodeIgniter->run()
CRITICAL - 2024-01-04 17:16:03 --> Class "App\ThirdParty\tcpdf\tcpdf" not found
in APPPATH\Controllers\PdfController.php on line 16.
 1 SYSTEMPATH\CodeIgniter.php(942): App\Controllers\PdfController->index()
 2 SYSTEMPATH\CodeIgniter.php(502): CodeIgniter\CodeIgniter->runController(Object(App\Controllers\PdfController))
 3 SYSTEMPATH\CodeIgniter.php(361): CodeIgniter\CodeIgniter->handleRequest(null, Object(Config\Cache), false)
 4 FCPATH\index.php(79): CodeIgniter\CodeIgniter->run()
CRITICAL - 2024-01-04 17:16:03 --> Class "App\ThirdParty\tcpdf\tcpdf" not found
in APPPATH\Controllers\PdfController.php on line 16.
 1 SYSTEMPATH\CodeIgniter.php(942): App\Controllers\PdfController->index()
 2 SYSTEMPATH\CodeIgniter.php(502): CodeIgniter\CodeIgniter->runController(Object(App\Controllers\PdfController))
 3 SYSTEMPATH\CodeIgniter.php(361): CodeIgniter\CodeIgniter->handleRequest(null, Object(Config\Cache), false)
 4 FCPATH\index.php(79): CodeIgniter\CodeIgniter->run()
CRITICAL - 2024-01-04 17:16:03 --> Class "App\ThirdParty\tcpdf\tcpdf" not found
in APPPATH\Controllers\PdfController.php on line 16.
 1 SYSTEMPATH\CodeIgniter.php(942): App\Controllers\PdfController->index()
 2 SYSTEMPATH\CodeIgniter.php(502): CodeIgniter\CodeIgniter->runController(Object(App\Controllers\PdfController))
 3 SYSTEMPATH\CodeIgniter.php(361): CodeIgniter\CodeIgniter->handleRequest(null, Object(Config\Cache), false)
 4 FCPATH\index.php(79): CodeIgniter\CodeIgniter->run()
CRITICAL - 2024-01-04 17:16:04 --> Class "App\ThirdParty\tcpdf\tcpdf" not found
in APPPATH\Controllers\PdfController.php on line 16.
 1 SYSTEMPATH\CodeIgniter.php(942): App\Controllers\PdfController->index()
 2 SYSTEMPATH\CodeIgniter.php(502): CodeIgniter\CodeIgniter->runController(Object(App\Controllers\PdfController))
 3 SYSTEMPATH\CodeIgniter.php(361): CodeIgniter\CodeIgniter->handleRequest(null, Object(Config\Cache), false)
 4 FCPATH\index.php(79): CodeIgniter\CodeIgniter->run()
CRITICAL - 2024-01-04 17:16:04 --> Class "App\ThirdParty\tcpdf\tcpdf" not found
in APPPATH\Controllers\PdfController.php on line 16.
 1 SYSTEMPATH\CodeIgniter.php(942): App\Controllers\PdfController->index()
 2 SYSTEMPATH\CodeIgniter.php(502): CodeIgniter\CodeIgniter->runController(Object(App\Controllers\PdfController))
 3 SYSTEMPATH\CodeIgniter.php(361): CodeIgniter\CodeIgniter->handleRequest(null, Object(Config\Cache), false)
 4 FCPATH\index.php(79): CodeIgniter\CodeIgniter->run()
CRITICAL - 2024-01-04 17:20:41 --> Class "App\ThirdParty\tcpdf\tcpdf" not found
in APPPATH\Controllers\PdfController.php on line 13.
 1 SYSTEMPATH\CodeIgniter.php(942): App\Controllers\PdfController->index()
 2 SYSTEMPATH\CodeIgniter.php(502): CodeIgniter\CodeIgniter->runController(Object(App\Controllers\PdfController))
 3 SYSTEMPATH\CodeIgniter.php(361): CodeIgniter\CodeIgniter->handleRequest(null, Object(Config\Cache), false)
 4 FCPATH\index.php(79): CodeIgniter\CodeIgniter->run()
CRITICAL - 2024-01-04 17:28:57 --> Class "App\ThirdParty\tcpdf\tcpdf" not found
in APPPATH\Controllers\PdfController.php on line 13.
 1 SYSTEMPATH\CodeIgniter.php(942): App\Controllers\PdfController->index()
 2 SYSTEMPATH\CodeIgniter.php(502): CodeIgniter\CodeIgniter->runController(Object(App\Controllers\PdfController))
 3 SYSTEMPATH\CodeIgniter.php(361): CodeIgniter\CodeIgniter->handleRequest(null, Object(Config\Cache), false)
 4 FCPATH\index.php(79): CodeIgniter\CodeIgniter->run()
CRITICAL - 2024-01-04 17:28:58 --> Class "App\ThirdParty\tcpdf\tcpdf" not found
in APPPATH\Controllers\PdfController.php on line 13.
 1 SYSTEMPATH\CodeIgniter.php(942): App\Controllers\PdfController->index()
 2 SYSTEMPATH\CodeIgniter.php(502): CodeIgniter\CodeIgniter->runController(Object(App\Controllers\PdfController))
 3 SYSTEMPATH\CodeIgniter.php(361): CodeIgniter\CodeIgniter->handleRequest(null, Object(Config\Cache), false)
 4 FCPATH\index.php(79): CodeIgniter\CodeIgniter->run()
CRITICAL - 2024-01-04 17:28:58 --> Class "App\ThirdParty\tcpdf\tcpdf" not found
in APPPATH\Controllers\PdfController.php on line 13.
 1 SYSTEMPATH\CodeIgniter.php(942): App\Controllers\PdfController->index()
 2 SYSTEMPATH\CodeIgniter.php(502): CodeIgniter\CodeIgniter->runController(Object(App\Controllers\PdfController))
 3 SYSTEMPATH\CodeIgniter.php(361): CodeIgniter\CodeIgniter->handleRequest(null, Object(Config\Cache), false)
 4 FCPATH\index.php(79): CodeIgniter\CodeIgniter->run()
CRITICAL - 2024-01-04 17:28:59 --> Class "App\ThirdParty\tcpdf\tcpdf" not found
in APPPATH\Controllers\PdfController.php on line 13.
 1 SYSTEMPATH\CodeIgniter.php(942): App\Controllers\PdfController->index()
 2 SYSTEMPATH\CodeIgniter.php(502): CodeIgniter\CodeIgniter->runController(Object(App\Controllers\PdfController))
 3 SYSTEMPATH\CodeIgniter.php(361): CodeIgniter\CodeIgniter->handleRequest(null, Object(Config\Cache), false)
 4 FCPATH\index.php(79): CodeIgniter\CodeIgniter->run()
CRITICAL - 2024-01-04 17:28:59 --> Class "App\ThirdParty\tcpdf\tcpdf" not found
in APPPATH\Controllers\PdfController.php on line 13.
 1 SYSTEMPATH\CodeIgniter.php(942): App\Controllers\PdfController->index()
 2 SYSTEMPATH\CodeIgniter.php(502): CodeIgniter\CodeIgniter->runController(Object(App\Controllers\PdfController))
 3 SYSTEMPATH\CodeIgniter.php(361): CodeIgniter\CodeIgniter->handleRequest(null, Object(Config\Cache), false)
 4 FCPATH\index.php(79): CodeIgniter\CodeIgniter->run()
CRITICAL - 2024-01-04 17:28:59 --> Class "App\ThirdParty\tcpdf\tcpdf" not found
in APPPATH\Controllers\PdfController.php on line 13.
 1 SYSTEMPATH\CodeIgniter.php(942): App\Controllers\PdfController->index()
 2 SYSTEMPATH\CodeIgniter.php(502): CodeIgniter\CodeIgniter->runController(Object(App\Controllers\PdfController))
 3 SYSTEMPATH\CodeIgniter.php(361): CodeIgniter\CodeIgniter->handleRequest(null, Object(Config\Cache), false)
 4 FCPATH\index.php(79): CodeIgniter\CodeIgniter->run()
CRITICAL - 2024-01-04 17:28:59 --> Class "App\ThirdParty\tcpdf\tcpdf" not found
in APPPATH\Controllers\PdfController.php on line 13.
 1 SYSTEMPATH\CodeIgniter.php(942): App\Controllers\PdfController->index()
 2 SYSTEMPATH\CodeIgniter.php(502): CodeIgniter\CodeIgniter->runController(Object(App\Controllers\PdfController))
 3 SYSTEMPATH\CodeIgniter.php(361): CodeIgniter\CodeIgniter->handleRequest(null, Object(Config\Cache), false)
 4 FCPATH\index.php(79): CodeIgniter\CodeIgniter->run()
CRITICAL - 2024-01-04 17:28:59 --> Class "App\ThirdParty\tcpdf\tcpdf" not found
in APPPATH\Controllers\PdfController.php on line 13.
 1 SYSTEMPATH\CodeIgniter.php(942): App\Controllers\PdfController->index()
 2 SYSTEMPATH\CodeIgniter.php(502): CodeIgniter\CodeIgniter->runController(Object(App\Controllers\PdfController))
 3 SYSTEMPATH\CodeIgniter.php(361): CodeIgniter\CodeIgniter->handleRequest(null, Object(Config\Cache), false)
 4 FCPATH\index.php(79): CodeIgniter\CodeIgniter->run()
CRITICAL - 2024-01-04 17:28:59 --> Class "App\ThirdParty\tcpdf\tcpdf" not found
in APPPATH\Controllers\PdfController.php on line 13.
 1 SYSTEMPATH\CodeIgniter.php(942): App\Controllers\PdfController->index()
 2 SYSTEMPATH\CodeIgniter.php(502): CodeIgniter\CodeIgniter->runController(Object(App\Controllers\PdfController))
 3 SYSTEMPATH\CodeIgniter.php(361): CodeIgniter\CodeIgniter->handleRequest(null, Object(Config\Cache), false)
 4 FCPATH\index.php(79): CodeIgniter\CodeIgniter->run()
CRITICAL - 2024-01-04 17:29:00 --> Class "App\ThirdParty\tcpdf\tcpdf" not found
in APPPATH\Controllers\PdfController.php on line 13.
 1 SYSTEMPATH\CodeIgniter.php(942): App\Controllers\PdfController->index()
 2 SYSTEMPATH\CodeIgniter.php(502): CodeIgniter\CodeIgniter->runController(Object(App\Controllers\PdfController))
 3 SYSTEMPATH\CodeIgniter.php(361): CodeIgniter\CodeIgniter->handleRequest(null, Object(Config\Cache), false)
 4 FCPATH\index.php(79): CodeIgniter\CodeIgniter->run()
CRITICAL - 2024-01-04 17:30:15 --> Class "App\ThirdParty\tcpdf\tcpdf\TCPDF" not found
in APPPATH\Controllers\PdfController.php on line 13.
 1 SYSTEMPATH\CodeIgniter.php(942): App\Controllers\PdfController->index()
 2 SYSTEMPATH\CodeIgniter.php(502): CodeIgniter\CodeIgniter->runController(Object(App\Controllers\PdfController))
 3 SYSTEMPATH\CodeIgniter.php(361): CodeIgniter\CodeIgniter->handleRequest(null, Object(Config\Cache), false)
 4 FCPATH\index.php(79): CodeIgniter\CodeIgniter->run()
CRITICAL - 2024-01-04 17:30:16 --> Class "App\ThirdParty\tcpdf\tcpdf\TCPDF" not found
in APPPATH\Controllers\PdfController.php on line 13.
 1 SYSTEMPATH\CodeIgniter.php(942): App\Controllers\PdfController->index()
 2 SYSTEMPATH\CodeIgniter.php(502): CodeIgniter\CodeIgniter->runController(Object(App\Controllers\PdfController))
 3 SYSTEMPATH\CodeIgniter.php(361): CodeIgniter\CodeIgniter->handleRequest(null, Object(Config\Cache), false)
 4 FCPATH\index.php(79): CodeIgniter\CodeIgniter->run()
CRITICAL - 2024-01-04 17:30:16 --> Class "App\ThirdParty\tcpdf\tcpdf\TCPDF" not found
in APPPATH\Controllers\PdfController.php on line 13.
 1 SYSTEMPATH\CodeIgniter.php(942): App\Controllers\PdfController->index()
 2 SYSTEMPATH\CodeIgniter.php(502): CodeIgniter\CodeIgniter->runController(Object(App\Controllers\PdfController))
 3 SYSTEMPATH\CodeIgniter.php(361): CodeIgniter\CodeIgniter->handleRequest(null, Object(Config\Cache), false)
 4 FCPATH\index.php(79): CodeIgniter\CodeIgniter->run()
CRITICAL - 2024-01-04 17:30:16 --> Class "App\ThirdParty\tcpdf\tcpdf\TCPDF" not found
in APPPATH\Controllers\PdfController.php on line 13.
 1 SYSTEMPATH\CodeIgniter.php(942): App\Controllers\PdfController->index()
 2 SYSTEMPATH\CodeIgniter.php(502): CodeIgniter\CodeIgniter->runController(Object(App\Controllers\PdfController))
 3 SYSTEMPATH\CodeIgniter.php(361): CodeIgniter\CodeIgniter->handleRequest(null, Object(Config\Cache), false)
 4 FCPATH\index.php(79): CodeIgniter\CodeIgniter->run()
CRITICAL - 2024-01-04 17:30:16 --> Class "App\ThirdParty\tcpdf\tcpdf\TCPDF" not found
in APPPATH\Controllers\PdfController.php on line 13.
 1 SYSTEMPATH\CodeIgniter.php(942): App\Controllers\PdfController->index()
 2 SYSTEMPATH\CodeIgniter.php(502): CodeIgniter\CodeIgniter->runController(Object(App\Controllers\PdfController))
 3 SYSTEMPATH\CodeIgniter.php(361): CodeIgniter\CodeIgniter->handleRequest(null, Object(Config\Cache), false)
 4 FCPATH\index.php(79): CodeIgniter\CodeIgniter->run()
CRITICAL - 2024-01-04 17:30:16 --> Class "App\ThirdParty\tcpdf\tcpdf\TCPDF" not found
in APPPATH\Controllers\PdfController.php on line 13.
 1 SYSTEMPATH\CodeIgniter.php(942): App\Controllers\PdfController->index()
 2 SYSTEMPATH\CodeIgniter.php(502): CodeIgniter\CodeIgniter->runController(Object(App\Controllers\PdfController))
 3 SYSTEMPATH\CodeIgniter.php(361): CodeIgniter\CodeIgniter->handleRequest(null, Object(Config\Cache), false)
 4 FCPATH\index.php(79): CodeIgniter\CodeIgniter->run()
CRITICAL - 2024-01-04 17:30:16 --> Class "App\ThirdParty\tcpdf\tcpdf\TCPDF" not found
in APPPATH\Controllers\PdfController.php on line 13.
 1 SYSTEMPATH\CodeIgniter.php(942): App\Controllers\PdfController->index()
 2 SYSTEMPATH\CodeIgniter.php(502): CodeIgniter\CodeIgniter->runController(Object(App\Controllers\PdfController))
 3 SYSTEMPATH\CodeIgniter.php(361): CodeIgniter\CodeIgniter->handleRequest(null, Object(Config\Cache), false)
 4 FCPATH\index.php(79): CodeIgniter\CodeIgniter->run()
CRITICAL - 2024-01-04 17:30:17 --> Class "App\ThirdParty\tcpdf\tcpdf\TCPDF" not found
in APPPATH\Controllers\PdfController.php on line 13.
 1 SYSTEMPATH\CodeIgniter.php(942): App\Controllers\PdfController->index()
 2 SYSTEMPATH\CodeIgniter.php(502): CodeIgniter\CodeIgniter->runController(Object(App\Controllers\PdfController))
 3 SYSTEMPATH\CodeIgniter.php(361): CodeIgniter\CodeIgniter->handleRequest(null, Object(Config\Cache), false)
 4 FCPATH\index.php(79): CodeIgniter\CodeIgniter->run()
CRITICAL - 2024-01-04 17:30:17 --> Class "App\ThirdParty\tcpdf\tcpdf\TCPDF" not found
in APPPATH\Controllers\PdfController.php on line 13.
 1 SYSTEMPATH\CodeIgniter.php(942): App\Controllers\PdfController->index()
 2 SYSTEMPATH\CodeIgniter.php(502): CodeIgniter\CodeIgniter->runController(Object(App\Controllers\PdfController))
 3 SYSTEMPATH\CodeIgniter.php(361): CodeIgniter\CodeIgniter->handleRequest(null, Object(Config\Cache), false)
 4 FCPATH\index.php(79): CodeIgniter\CodeIgniter->run()
CRITICAL - 2024-01-04 17:30:17 --> Class "App\ThirdParty\tcpdf\tcpdf\TCPDF" not found
in APPPATH\Controllers\PdfController.php on line 13.
 1 SYSTEMPATH\CodeIgniter.php(942): App\Controllers\PdfController->index()
 2 SYSTEMPATH\CodeIgniter.php(502): CodeIgniter\CodeIgniter->runController(Object(App\Controllers\PdfController))
 3 SYSTEMPATH\CodeIgniter.php(361): CodeIgniter\CodeIgniter->handleRequest(null, Object(Config\Cache), false)
 4 FCPATH\index.php(79): CodeIgniter\CodeIgniter->run()
CRITICAL - 2024-01-04 17:30:17 --> Class "App\ThirdParty\tcpdf\tcpdf\TCPDF" not found
in APPPATH\Controllers\PdfController.php on line 13.
 1 SYSTEMPATH\CodeIgniter.php(942): App\Controllers\PdfController->index()
 2 SYSTEMPATH\CodeIgniter.php(502): CodeIgniter\CodeIgniter->runController(Object(App\Controllers\PdfController))
 3 SYSTEMPATH\CodeIgniter.php(361): CodeIgniter\CodeIgniter->handleRequest(null, Object(Config\Cache), false)
 4 FCPATH\index.php(79): CodeIgniter\CodeIgniter->run()
CRITICAL - 2024-01-04 17:30:17 --> Class "App\ThirdParty\tcpdf\tcpdf\TCPDF" not found
in APPPATH\Controllers\PdfController.php on line 13.
 1 SYSTEMPATH\CodeIgniter.php(942): App\Controllers\PdfController->index()
 2 SYSTEMPATH\CodeIgniter.php(502): CodeIgniter\CodeIgniter->runController(Object(App\Controllers\PdfController))
 3 SYSTEMPATH\CodeIgniter.php(361): CodeIgniter\CodeIgniter->handleRequest(null, Object(Config\Cache), false)
 4 FCPATH\index.php(79): CodeIgniter\CodeIgniter->run()
CRITICAL - 2024-01-04 17:31:31 --> Class "App\ThirdParty\tcpdf\tcpdf" not found
in APPPATH\Controllers\PdfController.php on line 13.
 1 SYSTEMPATH\CodeIgniter.php(942): App\Controllers\PdfController->index()
 2 SYSTEMPATH\CodeIgniter.php(502): CodeIgniter\CodeIgniter->runController(Object(App\Controllers\PdfController))
 3 SYSTEMPATH\CodeIgniter.php(361): CodeIgniter\CodeIgniter->handleRequest(null, Object(Config\Cache), false)
 4 FCPATH\index.php(79): CodeIgniter\CodeIgniter->run()
CRITICAL - 2024-01-04 17:31:32 --> Class "App\ThirdParty\tcpdf\tcpdf" not found
in APPPATH\Controllers\PdfController.php on line 13.
 1 SYSTEMPATH\CodeIgniter.php(942): App\Controllers\PdfController->index()
 2 SYSTEMPATH\CodeIgniter.php(502): CodeIgniter\CodeIgniter->runController(Object(App\Controllers\PdfController))
 3 SYSTEMPATH\CodeIgniter.php(361): CodeIgniter\CodeIgniter->handleRequest(null, Object(Config\Cache), false)
 4 FCPATH\index.php(79): CodeIgniter\CodeIgniter->run()
CRITICAL - 2024-01-04 17:31:32 --> Class "App\ThirdParty\tcpdf\tcpdf" not found
in APPPATH\Controllers\PdfController.php on line 13.
 1 SYSTEMPATH\CodeIgniter.php(942): App\Controllers\PdfController->index()
 2 SYSTEMPATH\CodeIgniter.php(502): CodeIgniter\CodeIgniter->runController(Object(App\Controllers\PdfController))
 3 SYSTEMPATH\CodeIgniter.php(361): CodeIgniter\CodeIgniter->handleRequest(null, Object(Config\Cache), false)
 4 FCPATH\index.php(79): CodeIgniter\CodeIgniter->run()
CRITICAL - 2024-01-04 17:31:32 --> Class "App\ThirdParty\tcpdf\tcpdf" not found
in APPPATH\Controllers\PdfController.php on line 13.
 1 SYSTEMPATH\CodeIgniter.php(942): App\Controllers\PdfController->index()
 2 SYSTEMPATH\CodeIgniter.php(502): CodeIgniter\CodeIgniter->runController(Object(App\Controllers\PdfController))
 3 SYSTEMPATH\CodeIgniter.php(361): CodeIgniter\CodeIgniter->handleRequest(null, Object(Config\Cache), false)
 4 FCPATH\index.php(79): CodeIgniter\CodeIgniter->run()
CRITICAL - 2024-01-04 17:31:32 --> Class "App\ThirdParty\tcpdf\tcpdf" not found
in APPPATH\Controllers\PdfController.php on line 13.
 1 SYSTEMPATH\CodeIgniter.php(942): App\Controllers\PdfController->index()
 2 SYSTEMPATH\CodeIgniter.php(502): CodeIgniter\CodeIgniter->runController(Object(App\Controllers\PdfController))
 3 SYSTEMPATH\CodeIgniter.php(361): CodeIgniter\CodeIgniter->handleRequest(null, Object(Config\Cache), false)
 4 FCPATH\index.php(79): CodeIgniter\CodeIgniter->run()
CRITICAL - 2024-01-04 17:31:32 --> Class "App\ThirdParty\tcpdf\tcpdf" not found
in APPPATH\Controllers\PdfController.php on line 13.
 1 SYSTEMPATH\CodeIgniter.php(942): App\Controllers\PdfController->index()
 2 SYSTEMPATH\CodeIgniter.php(502): CodeIgniter\CodeIgniter->runController(Object(App\Controllers\PdfController))
 3 SYSTEMPATH\CodeIgniter.php(361): CodeIgniter\CodeIgniter->handleRequest(null, Object(Config\Cache), false)
 4 FCPATH\index.php(79): CodeIgniter\CodeIgniter->run()
CRITICAL - 2024-01-04 17:31:33 --> Class "App\ThirdParty\tcpdf\tcpdf" not found
in APPPATH\Controllers\PdfController.php on line 13.
 1 SYSTEMPATH\CodeIgniter.php(942): App\Controllers\PdfController->index()
 2 SYSTEMPATH\CodeIgniter.php(502): CodeIgniter\CodeIgniter->runController(Object(App\Controllers\PdfController))
 3 SYSTEMPATH\CodeIgniter.php(361): CodeIgniter\CodeIgniter->handleRequest(null, Object(Config\Cache), false)
 4 FCPATH\index.php(79): CodeIgniter\CodeIgniter->run()
CRITICAL - 2024-01-04 17:31:33 --> Class "App\ThirdParty\tcpdf\tcpdf" not found
in APPPATH\Controllers\PdfController.php on line 13.
 1 SYSTEMPATH\CodeIgniter.php(942): App\Controllers\PdfController->index()
 2 SYSTEMPATH\CodeIgniter.php(502): CodeIgniter\CodeIgniter->runController(Object(App\Controllers\PdfController))
 3 SYSTEMPATH\CodeIgniter.php(361): CodeIgniter\CodeIgniter->handleRequest(null, Object(Config\Cache), false)
 4 FCPATH\index.php(79): CodeIgniter\CodeIgniter->run()
CRITICAL - 2024-01-04 17:31:33 --> Class "App\ThirdParty\tcpdf\tcpdf" not found
in APPPATH\Controllers\PdfController.php on line 13.
 1 SYSTEMPATH\CodeIgniter.php(942): App\Controllers\PdfController->index()
 2 SYSTEMPATH\CodeIgniter.php(502): CodeIgniter\CodeIgniter->runController(Object(App\Controllers\PdfController))
 3 SYSTEMPATH\CodeIgniter.php(361): CodeIgniter\CodeIgniter->handleRequest(null, Object(Config\Cache), false)
 4 FCPATH\index.php(79): CodeIgniter\CodeIgniter->run()
CRITICAL - 2024-01-04 17:32:54 --> Class "App\ThirdParty\tcpdf\tcpdf" not found
in APPPATH\Controllers\PdfController.php on line 13.
 1 SYSTEMPATH\CodeIgniter.php(942): App\Controllers\PdfController->index()
 2 SYSTEMPATH\CodeIgniter.php(502): CodeIgniter\CodeIgniter->runController(Object(App\Controllers\PdfController))
 3 SYSTEMPATH\CodeIgniter.php(361): CodeIgniter\CodeIgniter->handleRequest(null, Object(Config\Cache), false)
 4 FCPATH\index.php(79): CodeIgniter\CodeIgniter->run()
CRITICAL - 2024-01-04 17:33:30 --> Class "App\ThirdParty\tcpdf\tcpdf" not found
in APPPATH\Controllers\PdfController.php on line 15.
 1 SYSTEMPATH\CodeIgniter.php(942): App\Controllers\PdfController->index()
 2 SYSTEMPATH\CodeIgniter.php(502): CodeIgniter\CodeIgniter->runController(Object(App\Controllers\PdfController))
 3 SYSTEMPATH\CodeIgniter.php(361): CodeIgniter\CodeIgniter->handleRequest(null, Object(Config\Cache), false)
 4 FCPATH\index.php(79): CodeIgniter\CodeIgniter->run()
CRITICAL - 2024-01-04 17:33:31 --> Class "App\ThirdParty\tcpdf\tcpdf" not found
in APPPATH\Controllers\PdfController.php on line 15.
 1 SYSTEMPATH\CodeIgniter.php(942): App\Controllers\PdfController->index()
 2 SYSTEMPATH\CodeIgniter.php(502): CodeIgniter\CodeIgniter->runController(Object(App\Controllers\PdfController))
 3 SYSTEMPATH\CodeIgniter.php(361): CodeIgniter\CodeIgniter->handleRequest(null, Object(Config\Cache), false)
 4 FCPATH\index.php(79): CodeIgniter\CodeIgniter->run()
CRITICAL - 2024-01-04 20:40:14 --> Class "App\ThirdParty\tcpdf\tcpdf" not found
in APPPATH\Controllers\PdfController.php on line 13.
 1 SYSTEMPATH\CodeIgniter.php(942): App\Controllers\PdfController->index()
 2 SYSTEMPATH\CodeIgniter.php(502): CodeIgniter\CodeIgniter->runController(Object(App\Controllers\PdfController))
 3 SYSTEMPATH\CodeIgniter.php(361): CodeIgniter\CodeIgniter->handleRequest(null, Object(Config\Cache), false)
 4 FCPATH\index.php(79): CodeIgniter\CodeIgniter->run()
CRITICAL - 2024-01-04 20:40:49 --> Class "App\ThirdParty\tcpdf\tcpdf" not found
in APPPATH\Controllers\PdfController.php on line 14.
 1 SYSTEMPATH\CodeIgniter.php(942): App\Controllers\PdfController->index()
 2 SYSTEMPATH\CodeIgniter.php(502): CodeIgniter\CodeIgniter->runController(Object(App\Controllers\PdfController))
 3 SYSTEMPATH\CodeIgniter.php(361): CodeIgniter\CodeIgniter->handleRequest(null, Object(Config\Cache), false)
 4 FCPATH\index.php(79): CodeIgniter\CodeIgniter->run()
CRITICAL - 2024-01-04 20:41:56 --> Class "App\ThirdParty\tcpdf" not found
in APPPATH\Controllers\PdfController.php on line 14.
 1 SYSTEMPATH\CodeIgniter.php(942): App\Controllers\PdfController->index()
 2 SYSTEMPATH\CodeIgniter.php(502): CodeIgniter\CodeIgniter->runController(Object(App\Controllers\PdfController))
 3 SYSTEMPATH\CodeIgniter.php(361): CodeIgniter\CodeIgniter->handleRequest(null, Object(Config\Cache), false)
 4 FCPATH\index.php(79): CodeIgniter\CodeIgniter->run()
CRITICAL - 2024-01-04 20:42:14 --> Class "TCPDF_FONT_DATA" not found
in APPPATH\ThirdParty\tcpdf\include\tcpdf_fonts.php on line 2106.
 1 APPPATH\ThirdParty\tcpdf\tcpdf.php(2002): TCPDF_FONTS::utf8Bidi([], '', false, true, null)
 2 APPPATH\Controllers\PdfController.php(14): TCPDF->__construct()
 3 SYSTEMPATH\CodeIgniter.php(942): App\Controllers\PdfController->index()
 4 SYSTEMPATH\CodeIgniter.php(502): CodeIgniter\CodeIgniter->runController(Object(App\Controllers\PdfController))
 5 SYSTEMPATH\CodeIgniter.php(361): CodeIgniter\CodeIgniter->handleRequest(null, Object(Config\Cache), false)
 6 FCPATH\index.php(79): CodeIgniter\CodeIgniter->run()
CRITICAL - 2024-01-04 20:42:39 --> Class "TCPDF" not found
in APPPATH\Controllers\PdfController.php on line 12.
 1 SYSTEMPATH\CodeIgniter.php(942): App\Controllers\PdfController->index()
 2 SYSTEMPATH\CodeIgniter.php(502): CodeIgniter\CodeIgniter->runController(Object(App\Controllers\PdfController))
 3 SYSTEMPATH\CodeIgniter.php(361): CodeIgniter\CodeIgniter->handleRequest(null, Object(Config\Cache), false)
 4 FCPATH\index.php(79): CodeIgniter\CodeIgniter->run()
CRITICAL - 2024-01-04 20:42:48 --> Class "TCPDF" not found
in APPPATH\Controllers\PdfController.php on line 13.
 1 SYSTEMPATH\CodeIgniter.php(942): App\Controllers\PdfController->index()
 2 SYSTEMPATH\CodeIgniter.php(502): CodeIgniter\CodeIgniter->runController(Object(App\Controllers\PdfController))
 3 SYSTEMPATH\CodeIgniter.php(361): CodeIgniter\CodeIgniter->handleRequest(null, Object(Config\Cache), false)
 4 FCPATH\index.php(79): CodeIgniter\CodeIgniter->run()
CRITICAL - 2024-01-04 20:43:39 --> Class "TCPDF" not found
in APPPATH\Controllers\PdfController.php on line 12.
 1 SYSTEMPATH\CodeIgniter.php(942): App\Controllers\PdfController->index()
 2 SYSTEMPATH\CodeIgniter.php(502): CodeIgniter\CodeIgniter->runController(Object(App\Controllers\PdfController))
 3 SYSTEMPATH\CodeIgniter.php(361): CodeIgniter\CodeIgniter->handleRequest(null, Object(Config\Cache), false)
 4 FCPATH\index.php(79): CodeIgniter\CodeIgniter->run()
CRITICAL - 2024-01-04 20:43:48 --> Class "TCPDF" not found
in APPPATH\Controllers\PdfController.php on line 12.
 1 SYSTEMPATH\CodeIgniter.php(942): App\Controllers\PdfController->index()
 2 SYSTEMPATH\CodeIgniter.php(502): CodeIgniter\CodeIgniter->runController(Object(App\Controllers\PdfController))
 3 SYSTEMPATH\CodeIgniter.php(361): CodeIgniter\CodeIgniter->handleRequest(null, Object(Config\Cache), false)
 4 FCPATH\index.php(79): CodeIgniter\CodeIgniter->run()
CRITICAL - 2024-01-04 20:43:49 --> Class "TCPDF" not found
in APPPATH\Controllers\PdfController.php on line 12.
 1 SYSTEMPATH\CodeIgniter.php(942): App\Controllers\PdfController->index()
 2 SYSTEMPATH\CodeIgniter.php(502): CodeIgniter\CodeIgniter->runController(Object(App\Controllers\PdfController))
 3 SYSTEMPATH\CodeIgniter.php(361): CodeIgniter\CodeIgniter->handleRequest(null, Object(Config\Cache), false)
 4 FCPATH\index.php(79): CodeIgniter\CodeIgniter->run()
CRITICAL - 2024-01-04 20:43:49 --> Class "TCPDF" not found
in APPPATH\Controllers\PdfController.php on line 12.
 1 SYSTEMPATH\CodeIgniter.php(942): App\Controllers\PdfController->index()
 2 SYSTEMPATH\CodeIgniter.php(502): CodeIgniter\CodeIgniter->runController(Object(App\Controllers\PdfController))
 3 SYSTEMPATH\CodeIgniter.php(361): CodeIgniter\CodeIgniter->handleRequest(null, Object(Config\Cache), false)
 4 FCPATH\index.php(79): CodeIgniter\CodeIgniter->run()
CRITICAL - 2024-01-04 20:43:49 --> Class "TCPDF" not found
in APPPATH\Controllers\PdfController.php on line 12.
 1 SYSTEMPATH\CodeIgniter.php(942): App\Controllers\PdfController->index()
 2 SYSTEMPATH\CodeIgniter.php(502): CodeIgniter\CodeIgniter->runController(Object(App\Controllers\PdfController))
 3 SYSTEMPATH\CodeIgniter.php(361): CodeIgniter\CodeIgniter->handleRequest(null, Object(Config\Cache), false)
 4 FCPATH\index.php(79): CodeIgniter\CodeIgniter->run()
CRITICAL - 2024-01-04 20:43:50 --> Class "TCPDF" not found
in APPPATH\Controllers\PdfController.php on line 12.
 1 SYSTEMPATH\CodeIgniter.php(942): App\Controllers\PdfController->index()
 2 SYSTEMPATH\CodeIgniter.php(502): CodeIgniter\CodeIgniter->runController(Object(App\Controllers\PdfController))
 3 SYSTEMPATH\CodeIgniter.php(361): CodeIgniter\CodeIgniter->handleRequest(null, Object(Config\Cache), false)
 4 FCPATH\index.php(79): CodeIgniter\CodeIgniter->run()
CRITICAL - 2024-01-04 20:43:50 --> Class "TCPDF" not found
in APPPATH\Controllers\PdfController.php on line 12.
 1 SYSTEMPATH\CodeIgniter.php(942): App\Controllers\PdfController->index()
 2 SYSTEMPATH\CodeIgniter.php(502): CodeIgniter\CodeIgniter->runController(Object(App\Controllers\PdfController))
 3 SYSTEMPATH\CodeIgniter.php(361): CodeIgniter\CodeIgniter->handleRequest(null, Object(Config\Cache), false)
 4 FCPATH\index.php(79): CodeIgniter\CodeIgniter->run()
CRITICAL - 2024-01-04 20:43:50 --> Class "TCPDF" not found
in APPPATH\Controllers\PdfController.php on line 12.
 1 SYSTEMPATH\CodeIgniter.php(942): App\Controllers\PdfController->index()
 2 SYSTEMPATH\CodeIgniter.php(502): CodeIgniter\CodeIgniter->runController(Object(App\Controllers\PdfController))
 3 SYSTEMPATH\CodeIgniter.php(361): CodeIgniter\CodeIgniter->handleRequest(null, Object(Config\Cache), false)
 4 FCPATH\index.php(79): CodeIgniter\CodeIgniter->run()
CRITICAL - 2024-01-04 20:43:58 --> Class "TCPDF_FONT_DATA" not found
in APPPATH\ThirdParty\tcpdf\include\tcpdf_fonts.php on line 2106.
 1 APPPATH\ThirdParty\tcpdf\tcpdf.php(2002): TCPDF_FONTS::utf8Bidi([], '', false, true, null)
 2 APPPATH\Controllers\PdfController.php(12): TCPDF->__construct()
 3 SYSTEMPATH\CodeIgniter.php(942): App\Controllers\PdfController->index()
 4 SYSTEMPATH\CodeIgniter.php(502): CodeIgniter\CodeIgniter->runController(Object(App\Controllers\PdfController))
 5 SYSTEMPATH\CodeIgniter.php(361): CodeIgniter\CodeIgniter->handleRequest(null, Object(Config\Cache), false)
 6 FCPATH\index.php(79): CodeIgniter\CodeIgniter->run()
CRITICAL - 2024-01-04 20:45:02 --> Class "TCPDF_FONT_DATA" not found
in APPPATH\ThirdParty\tcpdf\include\tcpdf_fonts.php on line 2106.
 1 APPPATH\ThirdParty\tcpdf\tcpdf.php(2002): TCPDF_FONTS::utf8Bidi([], '', false, true, null)
 2 APPPATH\Controllers\PdfController.php(12): TCPDF->__construct()
 3 SYSTEMPATH\CodeIgniter.php(942): App\Controllers\PdfController->index()
 4 SYSTEMPATH\CodeIgniter.php(502): CodeIgniter\CodeIgniter->runController(Object(App\Controllers\PdfController))
 5 SYSTEMPATH\CodeIgniter.php(361): CodeIgniter\CodeIgniter->handleRequest(null, Object(Config\Cache), false)
 6 FCPATH\index.php(79): CodeIgniter\CodeIgniter->run()
CRITICAL - 2024-01-04 20:47:47 --> Class "TCPDF_FONT_DATA" not found
in APPPATH\ThirdParty\tcpdf\include\tcpdf_fonts.php on line 2106.
 1 APPPATH\ThirdParty\tcpdf\tcpdf.php(2002): TCPDF_FONTS::utf8Bidi([], '', false, true, null)
 2 APPPATH\Controllers\PdfController.php(12): TCPDF->__construct()
 3 SYSTEMPATH\CodeIgniter.php(942): App\Controllers\PdfController->index()
 4 SYSTEMPATH\CodeIgniter.php(502): CodeIgniter\CodeIgniter->runController(Object(App\Controllers\PdfController))
 5 SYSTEMPATH\CodeIgniter.php(361): CodeIgniter\CodeIgniter->handleRequest(null, Object(Config\Cache), false)
 6 FCPATH\index.php(79): CodeIgniter\CodeIgniter->run()
CRITICAL - 2024-01-04 20:47:49 --> Class "TCPDF_FONT_DATA" not found
in APPPATH\ThirdParty\tcpdf\include\tcpdf_fonts.php on line 2106.
 1 APPPATH\ThirdParty\tcpdf\tcpdf.php(2002): TCPDF_FONTS::utf8Bidi([], '', false, true, null)
 2 APPPATH\Controllers\PdfController.php(12): TCPDF->__construct()
 3 SYSTEMPATH\CodeIgniter.php(942): App\Controllers\PdfController->index()
 4 SYSTEMPATH\CodeIgniter.php(502): CodeIgniter\CodeIgniter->runController(Object(App\Controllers\PdfController))
 5 SYSTEMPATH\CodeIgniter.php(361): CodeIgniter\CodeIgniter->handleRequest(null, Object(Config\Cache), false)
 6 FCPATH\index.php(79): CodeIgniter\CodeIgniter->run()
CRITICAL - 2024-01-04 20:48:55 --> Class "TCPDF_FONT_DATA" not found
in APPPATH\ThirdParty\tcpdf\include\tcpdf_fonts.php on line 2106.
 1 APPPATH\ThirdParty\tcpdf\tcpdf.php(2002): TCPDF_FONTS::utf8Bidi([], '', false, true, null)
 2 APPPATH\Controllers\PdfController.php(12): TCPDF->__construct()
 3 SYSTEMPATH\CodeIgniter.php(942): App\Controllers\PdfController->index()
 4 SYSTEMPATH\CodeIgniter.php(502): CodeIgniter\CodeIgniter->runController(Object(App\Controllers\PdfController))
 5 SYSTEMPATH\CodeIgniter.php(361): CodeIgniter\CodeIgniter->handleRequest(null, Object(Config\Cache), false)
 6 FCPATH\index.php(79): CodeIgniter\CodeIgniter->run()
CRITICAL - 2024-01-04 20:50:48 --> Class "TCPDF" not found
in APPPATH\Controllers\PdfController.php on line 13.
 1 SYSTEMPATH\CodeIgniter.php(942): App\Controllers\PdfController->index()
 2 SYSTEMPATH\CodeIgniter.php(502): CodeIgniter\CodeIgniter->runController(Object(App\Controllers\PdfController))
 3 SYSTEMPATH\CodeIgniter.php(361): CodeIgniter\CodeIgniter->handleRequest(null, Object(Config\Cache), false)
 4 FCPATH\index.php(79): CodeIgniter\CodeIgniter->run()
CRITICAL - 2024-01-04 20:53:16 --> require_once(C:\xampp\htdocs\Bib\app\ThirdParty/tcpdf/TCPDF-main/examples/tcpdf_include.php): Failed to open stream: No such file or directory
in APPPATH\Controllers\PdfController.php on line 6.
 1 APPPATH\Controllers\PdfController.php(6): CodeIgniter\Debug\Exceptions->errorHandler(2, 'require_once(C:\\xampp\\htdocs\\Bib\\app\\ThirdParty/tcpdf/TCPDF-main/examples/tcpdf_include.php): Failed to open stream: No such file or directory', 'C:\\xampp\\htdocs\\Bib\\app\\Controllers\\PdfController.php', 6)
 2 APPPATH\Controllers\PdfController.php(6): require_once()
 3 SYSTEMPATH\Autoloader\Autoloader.php(312): include_once('C:\\xampp\\htdocs\\Bib\\app\\Controllers\\PdfController.php')
 4 SYSTEMPATH\Autoloader\Autoloader.php(291): CodeIgniter\Autoloader\Autoloader->includeFile('C:\\xampp\\htdocs\\Bib\\app\\Controllers\\PdfController.php')
 5 SYSTEMPATH\Autoloader\Autoloader.php(269): CodeIgniter\Autoloader\Autoloader->loadInNamespace('App\\Controllers\\PdfController')
 6 [internal function]: CodeIgniter\Autoloader\Autoloader->loadClass('App\\Controllers\\PdfController')
 7 SYSTEMPATH\CodeIgniter.php(900): class_exists('\\App\\Controllers\\PdfController', true)
 8 SYSTEMPATH\CodeIgniter.php(489): CodeIgniter\CodeIgniter->startController()
 9 SYSTEMPATH\CodeIgniter.php(361): CodeIgniter\CodeIgniter->handleRequest(null, Object(Config\Cache), false)
10 FCPATH\index.php(79): CodeIgniter\CodeIgniter->run()
CRITICAL - 2024-01-04 20:58:03 --> Class "TCPDF" not found
in APPPATH\Controllers\PdfController.php on line 13.
 1 SYSTEMPATH\CodeIgniter.php(942): App\Controllers\PdfController->index()
 2 SYSTEMPATH\CodeIgniter.php(502): CodeIgniter\CodeIgniter->runController(Object(App\Controllers\PdfController))
 3 SYSTEMPATH\CodeIgniter.php(361): CodeIgniter\CodeIgniter->handleRequest(null, Object(Config\Cache), false)
 4 FCPATH\index.php(79): CodeIgniter\CodeIgniter->run()
CRITICAL - 2024-01-04 20:58:56 --> syntax error, unexpected token "-", expecting "," or ";"
in APPPATH\Controllers\PdfController.php on line 7.
 1 SYSTEMPATH\Autoloader\Autoloader.php(291): CodeIgniter\Autoloader\Autoloader->includeFile('C:\\xampp\\htdocs\\Bib\\app\\Controllers\\PdfController.php')
 2 SYSTEMPATH\Autoloader\Autoloader.php(269): CodeIgniter\Autoloader\Autoloader->loadInNamespace('App\\Controllers\\PdfController')
 3 [internal function]: CodeIgniter\Autoloader\Autoloader->loadClass('App\\Controllers\\PdfController')
 4 SYSTEMPATH\CodeIgniter.php(900): class_exists('\\App\\Controllers\\PdfController', true)
 5 SYSTEMPATH\CodeIgniter.php(489): CodeIgniter\CodeIgniter->startController()
 6 SYSTEMPATH\CodeIgniter.php(361): CodeIgniter\CodeIgniter->handleRequest(null, Object(Config\Cache), false)
 7 FCPATH\index.php(79): CodeIgniter\CodeIgniter->run()
CRITICAL - 2024-01-04 20:59:12 --> Class "App\Controllers\TCPDF" not found
in APPPATH\Controllers\PdfController.php on line 13.
 1 SYSTEMPATH\CodeIgniter.php(942): App\Controllers\PdfController->index()
 2 SYSTEMPATH\CodeIgniter.php(502): CodeIgniter\CodeIgniter->runController(Object(App\Controllers\PdfController))
 3 SYSTEMPATH\CodeIgniter.php(361): CodeIgniter\CodeIgniter->handleRequest(null, Object(Config\Cache), false)
 4 FCPATH\index.php(79): CodeIgniter\CodeIgniter->run()
CRITICAL - 2024-01-04 20:59:22 --> Class "TCPDF" not found
in APPPATH\Controllers\PdfController.php on line 13.
 1 SYSTEMPATH\CodeIgniter.php(942): App\Controllers\PdfController->index()
 2 SYSTEMPATH\CodeIgniter.php(502): CodeIgniter\CodeIgniter->runController(Object(App\Controllers\PdfController))
 3 SYSTEMPATH\CodeIgniter.php(361): CodeIgniter\CodeIgniter->handleRequest(null, Object(Config\Cache), false)
 4 FCPATH\index.php(79): CodeIgniter\CodeIgniter->run()
CRITICAL - 2024-01-04 20:59:23 --> Class "TCPDF" not found
in APPPATH\Controllers\PdfController.php on line 13.
 1 SYSTEMPATH\CodeIgniter.php(942): App\Controllers\PdfController->index()
 2 SYSTEMPATH\CodeIgniter.php(502): CodeIgniter\CodeIgniter->runController(Object(App\Controllers\PdfController))
 3 SYSTEMPATH\CodeIgniter.php(361): CodeIgniter\CodeIgniter->handleRequest(null, Object(Config\Cache), false)
 4 FCPATH\index.php(79): CodeIgniter\CodeIgniter->run()
CRITICAL - 2024-01-04 20:59:23 --> Class "TCPDF" not found
in APPPATH\Controllers\PdfController.php on line 13.
 1 SYSTEMPATH\CodeIgniter.php(942): App\Controllers\PdfController->index()
 2 SYSTEMPATH\CodeIgniter.php(502): CodeIgniter\CodeIgniter->runController(Object(App\Controllers\PdfController))
 3 SYSTEMPATH\CodeIgniter.php(361): CodeIgniter\CodeIgniter->handleRequest(null, Object(Config\Cache), false)
 4 FCPATH\index.php(79): CodeIgniter\CodeIgniter->run()
CRITICAL - 2024-01-04 20:59:23 --> Class "TCPDF" not found
in APPPATH\Controllers\PdfController.php on line 13.
 1 SYSTEMPATH\CodeIgniter.php(942): App\Controllers\PdfController->index()
 2 SYSTEMPATH\CodeIgniter.php(502): CodeIgniter\CodeIgniter->runController(Object(App\Controllers\PdfController))
 3 SYSTEMPATH\CodeIgniter.php(361): CodeIgniter\CodeIgniter->handleRequest(null, Object(Config\Cache), false)
 4 FCPATH\index.php(79): CodeIgniter\CodeIgniter->run()
CRITICAL - 2024-01-04 20:59:23 --> Class "TCPDF" not found
in APPPATH\Controllers\PdfController.php on line 13.
 1 SYSTEMPATH\CodeIgniter.php(942): App\Controllers\PdfController->index()
 2 SYSTEMPATH\CodeIgniter.php(502): CodeIgniter\CodeIgniter->runController(Object(App\Controllers\PdfController))
 3 SYSTEMPATH\CodeIgniter.php(361): CodeIgniter\CodeIgniter->handleRequest(null, Object(Config\Cache), false)
 4 FCPATH\index.php(79): CodeIgniter\CodeIgniter->run()
CRITICAL - 2024-01-04 20:59:23 --> Class "TCPDF" not found
in APPPATH\Controllers\PdfController.php on line 13.
 1 SYSTEMPATH\CodeIgniter.php(942): App\Controllers\PdfController->index()
 2 SYSTEMPATH\CodeIgniter.php(502): CodeIgniter\CodeIgniter->runController(Object(App\Controllers\PdfController))
 3 SYSTEMPATH\CodeIgniter.php(361): CodeIgniter\CodeIgniter->handleRequest(null, Object(Config\Cache), false)
 4 FCPATH\index.php(79): CodeIgniter\CodeIgniter->run()
CRITICAL - 2024-01-04 20:59:23 --> Class "TCPDF" not found
in APPPATH\Controllers\PdfController.php on line 13.
 1 SYSTEMPATH\CodeIgniter.php(942): App\Controllers\PdfController->index()
 2 SYSTEMPATH\CodeIgniter.php(502): CodeIgniter\CodeIgniter->runController(Object(App\Controllers\PdfController))
 3 SYSTEMPATH\CodeIgniter.php(361): CodeIgniter\CodeIgniter->handleRequest(null, Object(Config\Cache), false)
 4 FCPATH\index.php(79): CodeIgniter\CodeIgniter->run()
CRITICAL - 2024-01-04 20:59:31 --> Class "TCPDF" not found
in APPPATH\Controllers\PdfController.php on line 13.
 1 SYSTEMPATH\CodeIgniter.php(942): App\Controllers\PdfController->index()
 2 SYSTEMPATH\CodeIgniter.php(502): CodeIgniter\CodeIgniter->runController(Object(App\Controllers\PdfController))
 3 SYSTEMPATH\CodeIgniter.php(361): CodeIgniter\CodeIgniter->handleRequest(null, Object(Config\Cache), false)
 4 FCPATH\index.php(79): CodeIgniter\CodeIgniter->run()
CRITICAL - 2024-01-04 20:59:32 --> Class "TCPDF" not found
in APPPATH\Controllers\PdfController.php on line 13.
 1 SYSTEMPATH\CodeIgniter.php(942): App\Controllers\PdfController->index()
 2 SYSTEMPATH\CodeIgniter.php(502): CodeIgniter\CodeIgniter->runController(Object(App\Controllers\PdfController))
 3 SYSTEMPATH\CodeIgniter.php(361): CodeIgniter\CodeIgniter->handleRequest(null, Object(Config\Cache), false)
 4 FCPATH\index.php(79): CodeIgniter\CodeIgniter->run()
CRITICAL - 2024-01-04 20:59:32 --> Class "TCPDF" not found
in APPPATH\Controllers\PdfController.php on line 13.
 1 SYSTEMPATH\CodeIgniter.php(942): App\Controllers\PdfController->index()
 2 SYSTEMPATH\CodeIgniter.php(502): CodeIgniter\CodeIgniter->runController(Object(App\Controllers\PdfController))
 3 SYSTEMPATH\CodeIgniter.php(361): CodeIgniter\CodeIgniter->handleRequest(null, Object(Config\Cache), false)
 4 FCPATH\index.php(79): CodeIgniter\CodeIgniter->run()
CRITICAL - 2024-01-04 20:59:32 --> Class "TCPDF" not found
in APPPATH\Controllers\PdfController.php on line 13.
 1 SYSTEMPATH\CodeIgniter.php(942): App\Controllers\PdfController->index()
 2 SYSTEMPATH\CodeIgniter.php(502): CodeIgniter\CodeIgniter->runController(Object(App\Controllers\PdfController))
 3 SYSTEMPATH\CodeIgniter.php(361): CodeIgniter\CodeIgniter->handleRequest(null, Object(Config\Cache), false)
 4 FCPATH\index.php(79): CodeIgniter\CodeIgniter->run()
CRITICAL - 2024-01-04 20:59:37 --> require_once(C:\xampp\htdocs\Bib\app\ThirdParty\TCPDF-main\examples\tcpdf_include.php): Failed to open stream: No such file or directory
in APPPATH\Controllers\PdfController.php on line 6.
 1 APPPATH\Controllers\PdfController.php(6): CodeIgniter\Debug\Exceptions->errorHandler(2, 'require_once(C:\\xampp\\htdocs\\Bib\\app\\ThirdParty\\TCPDF-main\\examples\\tcpdf_include.php): Failed to open stream: No such file or directory', 'C:\\xampp\\htdocs\\Bib\\app\\Controllers\\PdfController.php', 6)
 2 APPPATH\Controllers\PdfController.php(6): require_once()
 3 SYSTEMPATH\Autoloader\Autoloader.php(312): include_once('C:\\xampp\\htdocs\\Bib\\app\\Controllers\\PdfController.php')
 4 SYSTEMPATH\Autoloader\Autoloader.php(291): CodeIgniter\Autoloader\Autoloader->includeFile('C:\\xampp\\htdocs\\Bib\\app\\Controllers\\PdfController.php')
 5 SYSTEMPATH\Autoloader\Autoloader.php(269): CodeIgniter\Autoloader\Autoloader->loadInNamespace('App\\Controllers\\PdfController')
 6 [internal function]: CodeIgniter\Autoloader\Autoloader->loadClass('App\\Controllers\\PdfController')
 7 SYSTEMPATH\CodeIgniter.php(900): class_exists('\\App\\Controllers\\PdfController', true)
 8 SYSTEMPATH\CodeIgniter.php(489): CodeIgniter\CodeIgniter->startController()
 9 SYSTEMPATH\CodeIgniter.php(361): CodeIgniter\CodeIgniter->handleRequest(null, Object(Config\Cache), false)
10 FCPATH\index.php(79): CodeIgniter\CodeIgniter->run()
CRITICAL - 2024-01-04 20:59:38 --> require_once(C:\xampp\htdocs\Bib\app\ThirdParty\TCPDF-main\examples\tcpdf_include.php): Failed to open stream: No such file or directory
in APPPATH\Controllers\PdfController.php on line 6.
 1 APPPATH\Controllers\PdfController.php(6): CodeIgniter\Debug\Exceptions->errorHandler(2, 'require_once(C:\\xampp\\htdocs\\Bib\\app\\ThirdParty\\TCPDF-main\\examples\\tcpdf_include.php): Failed to open stream: No such file or directory', 'C:\\xampp\\htdocs\\Bib\\app\\Controllers\\PdfController.php', 6)
 2 APPPATH\Controllers\PdfController.php(6): require_once()
 3 SYSTEMPATH\Autoloader\Autoloader.php(312): include_once('C:\\xampp\\htdocs\\Bib\\app\\Controllers\\PdfController.php')
 4 SYSTEMPATH\Autoloader\Autoloader.php(291): CodeIgniter\Autoloader\Autoloader->includeFile('C:\\xampp\\htdocs\\Bib\\app\\Controllers\\PdfController.php')
 5 SYSTEMPATH\Autoloader\Autoloader.php(269): CodeIgniter\Autoloader\Autoloader->loadInNamespace('App\\Controllers\\PdfController')
 6 [internal function]: CodeIgniter\Autoloader\Autoloader->loadClass('App\\Controllers\\PdfController')
 7 SYSTEMPATH\CodeIgniter.php(900): class_exists('\\App\\Controllers\\PdfController', true)
 8 SYSTEMPATH\CodeIgniter.php(489): CodeIgniter\CodeIgniter->startController()
 9 SYSTEMPATH\CodeIgniter.php(361): CodeIgniter\CodeIgniter->handleRequest(null, Object(Config\Cache), false)
10 FCPATH\index.php(79): CodeIgniter\CodeIgniter->run()
CRITICAL - 2024-01-04 20:59:38 --> require_once(C:\xampp\htdocs\Bib\app\ThirdParty\TCPDF-main\examples\tcpdf_include.php): Failed to open stream: No such file or directory
in APPPATH\Controllers\PdfController.php on line 6.
 1 APPPATH\Controllers\PdfController.php(6): CodeIgniter\Debug\Exceptions->errorHandler(2, 'require_once(C:\\xampp\\htdocs\\Bib\\app\\ThirdParty\\TCPDF-main\\examples\\tcpdf_include.php): Failed to open stream: No such file or directory', 'C:\\xampp\\htdocs\\Bib\\app\\Controllers\\PdfController.php', 6)
 2 APPPATH\Controllers\PdfController.php(6): require_once()
 3 SYSTEMPATH\Autoloader\Autoloader.php(312): include_once('C:\\xampp\\htdocs\\Bib\\app\\Controllers\\PdfController.php')
 4 SYSTEMPATH\Autoloader\Autoloader.php(291): CodeIgniter\Autoloader\Autoloader->includeFile('C:\\xampp\\htdocs\\Bib\\app\\Controllers\\PdfController.php')
 5 SYSTEMPATH\Autoloader\Autoloader.php(269): CodeIgniter\Autoloader\Autoloader->loadInNamespace('App\\Controllers\\PdfController')
 6 [internal function]: CodeIgniter\Autoloader\Autoloader->loadClass('App\\Controllers\\PdfController')
 7 SYSTEMPATH\CodeIgniter.php(900): class_exists('\\App\\Controllers\\PdfController', true)
 8 SYSTEMPATH\CodeIgniter.php(489): CodeIgniter\CodeIgniter->startController()
 9 SYSTEMPATH\CodeIgniter.php(361): CodeIgniter\CodeIgniter->handleRequest(null, Object(Config\Cache), false)
10 FCPATH\index.php(79): CodeIgniter\CodeIgniter->run()
CRITICAL - 2024-01-04 21:27:14 --> Class "TCPDF" not found
in APPPATH\Controllers\PdfController.php on line 12.
 1 SYSTEMPATH\CodeIgniter.php(942): App\Controllers\PdfController->index()
 2 SYSTEMPATH\CodeIgniter.php(502): CodeIgniter\CodeIgniter->runController(Object(App\Controllers\PdfController))
 3 SYSTEMPATH\CodeIgniter.php(361): CodeIgniter\CodeIgniter->handleRequest(null, Object(Config\Cache), false)
 4 FCPATH\index.php(79): CodeIgniter\CodeIgniter->run()
ERROR - 2024-01-04 21:41:10 --> mysqli_sql_exception: Unknown column 'u.Apellido_P' in 'field list' in C:\xampp\htdocs\Bib\system\Database\MySQLi\Connection.php:306
Stack trace:
#0 C:\xampp\htdocs\Bib\system\Database\MySQLi\Connection.php(306): mysqli->query('CALL ConsultarT...', 0)
#1 C:\xampp\htdocs\Bib\system\Database\BaseConnection.php(693): CodeIgniter\Database\MySQLi\Connection->execute('CALL ConsultarT...')
#2 C:\xampp\htdocs\Bib\system\Database\BaseConnection.php(607): CodeIgniter\Database\BaseConnection->simpleQuery('CALL ConsultarT...')
#3 C:\xampp\htdocs\Bib\app\Models\Profesores.php(23): CodeIgniter\Database\BaseConnection->query('CALL ConsultarT...')
#4 C:\xampp\htdocs\Bib\app\Controllers\ControladorProfesor.php(13): App\Models\Profesores->ListarProfesores()
#5 C:\xampp\htdocs\Bib\system\CodeIgniter.php(942): App\Controllers\ControladorProfesor->index()
#6 C:\xampp\htdocs\Bib\system\CodeIgniter.php(502): CodeIgniter\CodeIgniter->runController(Object(App\Controllers\ControladorProfesor))
#7 C:\xampp\htdocs\Bib\system\CodeIgniter.php(361): CodeIgniter\CodeIgniter->handleRequest(NULL, Object(Config\Cache), false)
#8 C:\xampp\htdocs\Bib\public\index.php(79): CodeIgniter\CodeIgniter->run()
#9 {main}
CRITICAL - 2024-01-04 21:41:10 --> Unknown column 'u.Apellido_P' in 'field list'
in SYSTEMPATH\Database\BaseConnection.php on line 647.
 1 APPPATH\Models\Profesores.php(23): CodeIgniter\Database\BaseConnection->query('CALL ConsultarTodosLosProfesores()')
 2 APPPATH\Controllers\ControladorProfesor.php(13): App\Models\Profesores->ListarProfesores()
 3 SYSTEMPATH\CodeIgniter.php(942): App\Controllers\ControladorProfesor->index()
 4 SYSTEMPATH\CodeIgniter.php(502): CodeIgniter\CodeIgniter->runController(Object(App\Controllers\ControladorProfesor))
 5 SYSTEMPATH\CodeIgniter.php(361): CodeIgniter\CodeIgniter->handleRequest(null, Object(Config\Cache), false)
 6 FCPATH\index.php(79): CodeIgniter\CodeIgniter->run()
