ERROR - 2024-02-26 18:30:46 --> mysqli_sql_exception: Cannot delete or update a parent row: a foreign key constraint fails (`biblioteca`.`record`, CONSTRAINT `record_ibfk_1` FOREIGN KEY (`NoCuenta`) REFERENCES `user` (`NoCuenta`)) in C:\xampp\htdocs\Bib\system\Database\MySQLi\Connection.php:306
Stack trace:
#0 C:\xampp\htdocs\Bib\system\Database\MySQLi\Connection.php(306): mysqli->query('CALL EliminarAd...', 0)
#1 C:\xampp\htdocs\Bib\system\Database\BaseConnection.php(693): CodeIgniter\Database\MySQLi\Connection->execute('CALL EliminarAd...')
#2 C:\xampp\htdocs\Bib\system\Database\BaseConnection.php(607): CodeIgniter\Database\BaseConnection->simpleQuery('CALL EliminarAd...')
#3 C:\xampp\htdocs\Bib\app\Models\Administrativos.php(30): CodeIgniter\Database\BaseConnection->query('CALL EliminarAd...', Array)
#4 C:\xampp\htdocs\Bib\app\Controllers\ControllerAdministrativo.php(78): App\Models\Administrativos->eliminarAdministrativo('319140002')
#5 C:\xampp\htdocs\Bib\system\CodeIgniter.php(942): App\Controllers\ControllerAdministrativo->eliminar_administrativo('319140002')
#6 C:\xampp\htdocs\Bib\system\CodeIgniter.php(502): CodeIgniter\CodeIgniter->runController(Object(App\Controllers\ControllerAdministrativo))
#7 C:\xampp\htdocs\Bib\system\CodeIgniter.php(361): CodeIgniter\CodeIgniter->handleRequest(NULL, Object(Config\Cache), false)
#8 C:\xampp\htdocs\Bib\public\index.php(79): CodeIgniter\CodeIgniter->run()
#9 {main}
CRITICAL - 2024-02-26 18:30:46 --> Cannot delete or update a parent row: a foreign key constraint fails (`biblioteca`.`record`, CONSTRAINT `record_ibfk_1` FOREIGN KEY (`NoCuenta`) REFERENCES `user` (`NoCuenta`))
in SYSTEMPATH\Database\BaseConnection.php on line 647.
 1 APPPATH\Models\Administrativos.php(30): CodeIgniter\Database\BaseConnection->query('CALL EliminarAdministrativo(?)', [...])
 2 APPPATH\Controllers\ControllerAdministrativo.php(78): App\Models\Administrativos->eliminarAdministrativo('319140002')
 3 SYSTEMPATH\CodeIgniter.php(942): App\Controllers\ControllerAdministrativo->eliminar_administrativo('319140002')
 4 SYSTEMPATH\CodeIgniter.php(502): CodeIgniter\CodeIgniter->runController(Object(App\Controllers\ControllerAdministrativo))
 5 SYSTEMPATH\CodeIgniter.php(361): CodeIgniter\CodeIgniter->handleRequest(null, Object(Config\Cache), false)
 6 FCPATH\index.php(79): CodeIgniter\CodeIgniter->run()
ERROR - 2024-02-26 18:30:46 --> mysqli_sql_exception: Cannot delete or update a parent row: a foreign key constraint fails (`biblioteca`.`record`, CONSTRAINT `record_ibfk_1` FOREIGN KEY (`NoCuenta`) REFERENCES `user` (`NoCuenta`)) in C:\xampp\htdocs\Bib\system\Database\MySQLi\Connection.php:306
Stack trace:
#0 C:\xampp\htdocs\Bib\system\Database\MySQLi\Connection.php(306): mysqli->query('CALL EliminarAd...', 0)
#1 C:\xampp\htdocs\Bib\system\Database\BaseConnection.php(693): CodeIgniter\Database\MySQLi\Connection->execute('CALL EliminarAd...')
#2 C:\xampp\htdocs\Bib\system\Database\BaseConnection.php(607): CodeIgniter\Database\BaseConnection->simpleQuery('CALL EliminarAd...')
#3 C:\xampp\htdocs\Bib\app\Models\Administrativos.php(30): CodeIgniter\Database\BaseConnection->query('CALL EliminarAd...', Array)
#4 C:\xampp\htdocs\Bib\app\Controllers\ControllerAdministrativo.php(78): App\Models\Administrativos->eliminarAdministrativo('319140002')
#5 C:\xampp\htdocs\Bib\system\CodeIgniter.php(942): App\Controllers\ControllerAdministrativo->eliminar_administrativo('319140002')
#6 C:\xampp\htdocs\Bib\system\CodeIgniter.php(502): CodeIgniter\CodeIgniter->runController(Object(App\Controllers\ControllerAdministrativo))
#7 C:\xampp\htdocs\Bib\system\CodeIgniter.php(361): CodeIgniter\CodeIgniter->handleRequest(NULL, Object(Config\Cache), false)
#8 C:\xampp\htdocs\Bib\public\index.php(79): CodeIgniter\CodeIgniter->run()
#9 {main}
CRITICAL - 2024-02-26 18:30:46 --> Cannot delete or update a parent row: a foreign key constraint fails (`biblioteca`.`record`, CONSTRAINT `record_ibfk_1` FOREIGN KEY (`NoCuenta`) REFERENCES `user` (`NoCuenta`))
in SYSTEMPATH\Database\BaseConnection.php on line 647.
 1 APPPATH\Models\Administrativos.php(30): CodeIgniter\Database\BaseConnection->query('CALL EliminarAdministrativo(?)', [...])
 2 APPPATH\Controllers\ControllerAdministrativo.php(78): App\Models\Administrativos->eliminarAdministrativo('319140002')
 3 SYSTEMPATH\CodeIgniter.php(942): App\Controllers\ControllerAdministrativo->eliminar_administrativo('319140002')
 4 SYSTEMPATH\CodeIgniter.php(502): CodeIgniter\CodeIgniter->runController(Object(App\Controllers\ControllerAdministrativo))
 5 SYSTEMPATH\CodeIgniter.php(361): CodeIgniter\CodeIgniter->handleRequest(null, Object(Config\Cache), false)
 6 FCPATH\index.php(79): CodeIgniter\CodeIgniter->run()
ERROR - 2024-02-26 18:30:55 --> mysqli_sql_exception: Cannot delete or update a parent row: a foreign key constraint fails (`biblioteca`.`record`, CONSTRAINT `record_ibfk_1` FOREIGN KEY (`NoCuenta`) REFERENCES `user` (`NoCuenta`)) in C:\xampp\htdocs\Bib\system\Database\MySQLi\Connection.php:306
Stack trace:
#0 C:\xampp\htdocs\Bib\system\Database\MySQLi\Connection.php(306): mysqli->query('CALL EliminarAd...', 0)
#1 C:\xampp\htdocs\Bib\system\Database\BaseConnection.php(693): CodeIgniter\Database\MySQLi\Connection->execute('CALL EliminarAd...')
#2 C:\xampp\htdocs\Bib\system\Database\BaseConnection.php(607): CodeIgniter\Database\BaseConnection->simpleQuery('CALL EliminarAd...')
#3 C:\xampp\htdocs\Bib\app\Models\Administrativos.php(30): CodeIgniter\Database\BaseConnection->query('CALL EliminarAd...', Array)
#4 C:\xampp\htdocs\Bib\app\Controllers\ControllerAdministrativo.php(78): App\Models\Administrativos->eliminarAdministrativo('319140002')
#5 C:\xampp\htdocs\Bib\system\CodeIgniter.php(942): App\Controllers\ControllerAdministrativo->eliminar_administrativo('319140002')
#6 C:\xampp\htdocs\Bib\system\CodeIgniter.php(502): CodeIgniter\CodeIgniter->runController(Object(App\Controllers\ControllerAdministrativo))
#7 C:\xampp\htdocs\Bib\system\CodeIgniter.php(361): CodeIgniter\CodeIgniter->handleRequest(NULL, Object(Config\Cache), false)
#8 C:\xampp\htdocs\Bib\public\index.php(79): CodeIgniter\CodeIgniter->run()
#9 {main}
CRITICAL - 2024-02-26 18:30:55 --> Cannot delete or update a parent row: a foreign key constraint fails (`biblioteca`.`record`, CONSTRAINT `record_ibfk_1` FOREIGN KEY (`NoCuenta`) REFERENCES `user` (`NoCuenta`))
in SYSTEMPATH\Database\BaseConnection.php on line 647.
 1 APPPATH\Models\Administrativos.php(30): CodeIgniter\Database\BaseConnection->query('CALL EliminarAdministrativo(?)', [...])
 2 APPPATH\Controllers\ControllerAdministrativo.php(78): App\Models\Administrativos->eliminarAdministrativo('319140002')
 3 SYSTEMPATH\CodeIgniter.php(942): App\Controllers\ControllerAdministrativo->eliminar_administrativo('319140002')
 4 SYSTEMPATH\CodeIgniter.php(502): CodeIgniter\CodeIgniter->runController(Object(App\Controllers\ControllerAdministrativo))
 5 SYSTEMPATH\CodeIgniter.php(361): CodeIgniter\CodeIgniter->handleRequest(null, Object(Config\Cache), false)
 6 FCPATH\index.php(79): CodeIgniter\CodeIgniter->run()
ERROR - 2024-02-26 18:30:55 --> mysqli_sql_exception: Cannot delete or update a parent row: a foreign key constraint fails (`biblioteca`.`record`, CONSTRAINT `record_ibfk_1` FOREIGN KEY (`NoCuenta`) REFERENCES `user` (`NoCuenta`)) in C:\xampp\htdocs\Bib\system\Database\MySQLi\Connection.php:306
Stack trace:
#0 C:\xampp\htdocs\Bib\system\Database\MySQLi\Connection.php(306): mysqli->query('CALL EliminarAd...', 0)
#1 C:\xampp\htdocs\Bib\system\Database\BaseConnection.php(693): CodeIgniter\Database\MySQLi\Connection->execute('CALL EliminarAd...')
#2 C:\xampp\htdocs\Bib\system\Database\BaseConnection.php(607): CodeIgniter\Database\BaseConnection->simpleQuery('CALL EliminarAd...')
#3 C:\xampp\htdocs\Bib\app\Models\Administrativos.php(30): CodeIgniter\Database\BaseConnection->query('CALL EliminarAd...', Array)
#4 C:\xampp\htdocs\Bib\app\Controllers\ControllerAdministrativo.php(78): App\Models\Administrativos->eliminarAdministrativo('319140002')
#5 C:\xampp\htdocs\Bib\system\CodeIgniter.php(942): App\Controllers\ControllerAdministrativo->eliminar_administrativo('319140002')
#6 C:\xampp\htdocs\Bib\system\CodeIgniter.php(502): CodeIgniter\CodeIgniter->runController(Object(App\Controllers\ControllerAdministrativo))
#7 C:\xampp\htdocs\Bib\system\CodeIgniter.php(361): CodeIgniter\CodeIgniter->handleRequest(NULL, Object(Config\Cache), false)
#8 C:\xampp\htdocs\Bib\public\index.php(79): CodeIgniter\CodeIgniter->run()
#9 {main}
CRITICAL - 2024-02-26 18:30:55 --> Cannot delete or update a parent row: a foreign key constraint fails (`biblioteca`.`record`, CONSTRAINT `record_ibfk_1` FOREIGN KEY (`NoCuenta`) REFERENCES `user` (`NoCuenta`))
in SYSTEMPATH\Database\BaseConnection.php on line 647.
 1 APPPATH\Models\Administrativos.php(30): CodeIgniter\Database\BaseConnection->query('CALL EliminarAdministrativo(?)', [...])
 2 APPPATH\Controllers\ControllerAdministrativo.php(78): App\Models\Administrativos->eliminarAdministrativo('319140002')
 3 SYSTEMPATH\CodeIgniter.php(942): App\Controllers\ControllerAdministrativo->eliminar_administrativo('319140002')
 4 SYSTEMPATH\CodeIgniter.php(502): CodeIgniter\CodeIgniter->runController(Object(App\Controllers\ControllerAdministrativo))
 5 SYSTEMPATH\CodeIgniter.php(361): CodeIgniter\CodeIgniter->handleRequest(null, Object(Config\Cache), false)
 6 FCPATH\index.php(79): CodeIgniter\CodeIgniter->run()
ERROR - 2024-02-26 18:30:55 --> mysqli_sql_exception: Cannot delete or update a parent row: a foreign key constraint fails (`biblioteca`.`record`, CONSTRAINT `record_ibfk_1` FOREIGN KEY (`NoCuenta`) REFERENCES `user` (`NoCuenta`)) in C:\xampp\htdocs\Bib\system\Database\MySQLi\Connection.php:306
Stack trace:
#0 C:\xampp\htdocs\Bib\system\Database\MySQLi\Connection.php(306): mysqli->query('CALL EliminarAd...', 0)
#1 C:\xampp\htdocs\Bib\system\Database\BaseConnection.php(693): CodeIgniter\Database\MySQLi\Connection->execute('CALL EliminarAd...')
#2 C:\xampp\htdocs\Bib\system\Database\BaseConnection.php(607): CodeIgniter\Database\BaseConnection->simpleQuery('CALL EliminarAd...')
#3 C:\xampp\htdocs\Bib\app\Models\Administrativos.php(30): CodeIgniter\Database\BaseConnection->query('CALL EliminarAd...', Array)
#4 C:\xampp\htdocs\Bib\app\Controllers\ControllerAdministrativo.php(78): App\Models\Administrativos->eliminarAdministrativo('319140002')
#5 C:\xampp\htdocs\Bib\system\CodeIgniter.php(942): App\Controllers\ControllerAdministrativo->eliminar_administrativo('319140002')
#6 C:\xampp\htdocs\Bib\system\CodeIgniter.php(502): CodeIgniter\CodeIgniter->runController(Object(App\Controllers\ControllerAdministrativo))
#7 C:\xampp\htdocs\Bib\system\CodeIgniter.php(361): CodeIgniter\CodeIgniter->handleRequest(NULL, Object(Config\Cache), false)
#8 C:\xampp\htdocs\Bib\public\index.php(79): CodeIgniter\CodeIgniter->run()
#9 {main}
CRITICAL - 2024-02-26 18:30:55 --> Cannot delete or update a parent row: a foreign key constraint fails (`biblioteca`.`record`, CONSTRAINT `record_ibfk_1` FOREIGN KEY (`NoCuenta`) REFERENCES `user` (`NoCuenta`))
in SYSTEMPATH\Database\BaseConnection.php on line 647.
 1 APPPATH\Models\Administrativos.php(30): CodeIgniter\Database\BaseConnection->query('CALL EliminarAdministrativo(?)', [...])
 2 APPPATH\Controllers\ControllerAdministrativo.php(78): App\Models\Administrativos->eliminarAdministrativo('319140002')
 3 SYSTEMPATH\CodeIgniter.php(942): App\Controllers\ControllerAdministrativo->eliminar_administrativo('319140002')
 4 SYSTEMPATH\CodeIgniter.php(502): CodeIgniter\CodeIgniter->runController(Object(App\Controllers\ControllerAdministrativo))
 5 SYSTEMPATH\CodeIgniter.php(361): CodeIgniter\CodeIgniter->handleRequest(null, Object(Config\Cache), false)
 6 FCPATH\index.php(79): CodeIgniter\CodeIgniter->run()
ERROR - 2024-02-26 18:32:58 --> mysqli_sql_exception: Duplicate entry '0319140001' for key 'PRIMARY' in C:\xampp\htdocs\Bib\system\Database\MySQLi\Connection.php:306
Stack trace:
#0 C:\xampp\htdocs\Bib\system\Database\MySQLi\Connection.php(306): mysqli->query('CALL InsertarIn...', 0)
#1 C:\xampp\htdocs\Bib\system\Database\BaseConnection.php(693): CodeIgniter\Database\MySQLi\Connection->execute('CALL InsertarIn...')
#2 C:\xampp\htdocs\Bib\system\Database\BaseConnection.php(607): CodeIgniter\Database\BaseConnection->simpleQuery('CALL InsertarIn...')
#3 C:\xampp\htdocs\Bib\app\Models\Invitado.php(15): CodeIgniter\Database\BaseConnection->query('CALL InsertarIn...', Array)
#4 C:\xampp\htdocs\Bib\app\Controllers\ControllerInvitados.php(44): App\Models\Invitado->insertarInvitado(Array)
#5 C:\xampp\htdocs\Bib\system\CodeIgniter.php(942): App\Controllers\ControllerInvitados->add()
#6 C:\xampp\htdocs\Bib\system\CodeIgniter.php(502): CodeIgniter\CodeIgniter->runController(Object(App\Controllers\ControllerInvitados))
#7 C:\xampp\htdocs\Bib\system\CodeIgniter.php(361): CodeIgniter\CodeIgniter->handleRequest(NULL, Object(Config\Cache), false)
#8 C:\xampp\htdocs\Bib\public\index.php(79): CodeIgniter\CodeIgniter->run()
#9 {main}
CRITICAL - 2024-02-26 18:32:58 --> Duplicate entry '0319140001' for key 'PRIMARY'
in SYSTEMPATH\Database\BaseConnection.php on line 647.
 1 APPPATH\Models\Invitado.php(15): CodeIgniter\Database\BaseConnection->query('CALL InsertarInvitado(?, ?, ?, ?, ?)', [...])
 2 APPPATH\Controllers\ControllerInvitados.php(44): App\Models\Invitado->insertarInvitado([...])
 3 SYSTEMPATH\CodeIgniter.php(942): App\Controllers\ControllerInvitados->add()
 4 SYSTEMPATH\CodeIgniter.php(502): CodeIgniter\CodeIgniter->runController(Object(App\Controllers\ControllerInvitados))
 5 SYSTEMPATH\CodeIgniter.php(361): CodeIgniter\CodeIgniter->handleRequest(null, Object(Config\Cache), false)
 6 FCPATH\index.php(79): CodeIgniter\CodeIgniter->run()
ERROR - 2024-02-26 18:33:13 --> mysqli_sql_exception: Duplicate entry '0319140033' for key 'PRIMARY' in C:\xampp\htdocs\Bib\system\Database\MySQLi\Connection.php:306
Stack trace:
#0 C:\xampp\htdocs\Bib\system\Database\MySQLi\Connection.php(306): mysqli->query('CALL InsertarIn...', 0)
#1 C:\xampp\htdocs\Bib\system\Database\BaseConnection.php(693): CodeIgniter\Database\MySQLi\Connection->execute('CALL InsertarIn...')
#2 C:\xampp\htdocs\Bib\system\Database\BaseConnection.php(607): CodeIgniter\Database\BaseConnection->simpleQuery('CALL InsertarIn...')
#3 C:\xampp\htdocs\Bib\app\Models\Invitado.php(15): CodeIgniter\Database\BaseConnection->query('CALL InsertarIn...', Array)
#4 C:\xampp\htdocs\Bib\app\Controllers\ControllerInvitados.php(44): App\Models\Invitado->insertarInvitado(Array)
#5 C:\xampp\htdocs\Bib\system\CodeIgniter.php(942): App\Controllers\ControllerInvitados->add()
#6 C:\xampp\htdocs\Bib\system\CodeIgniter.php(502): CodeIgniter\CodeIgniter->runController(Object(App\Controllers\ControllerInvitados))
#7 C:\xampp\htdocs\Bib\system\CodeIgniter.php(361): CodeIgniter\CodeIgniter->handleRequest(NULL, Object(Config\Cache), false)
#8 C:\xampp\htdocs\Bib\public\index.php(79): CodeIgniter\CodeIgniter->run()
#9 {main}
CRITICAL - 2024-02-26 18:33:13 --> Duplicate entry '0319140033' for key 'PRIMARY'
in SYSTEMPATH\Database\BaseConnection.php on line 647.
 1 APPPATH\Models\Invitado.php(15): CodeIgniter\Database\BaseConnection->query('CALL InsertarInvitado(?, ?, ?, ?, ?)', [...])
 2 APPPATH\Controllers\ControllerInvitados.php(44): App\Models\Invitado->insertarInvitado([...])
 3 SYSTEMPATH\CodeIgniter.php(942): App\Controllers\ControllerInvitados->add()
 4 SYSTEMPATH\CodeIgniter.php(502): CodeIgniter\CodeIgniter->runController(Object(App\Controllers\ControllerInvitados))
 5 SYSTEMPATH\CodeIgniter.php(361): CodeIgniter\CodeIgniter->handleRequest(null, Object(Config\Cache), false)
 6 FCPATH\index.php(79): CodeIgniter\CodeIgniter->run()
ERROR - 2024-02-26 18:39:08 --> mysqli_sql_exception: Duplicate entry '0319140002' for key 'PRIMARY' in C:\xampp\htdocs\Bib\system\Database\MySQLi\Connection.php:306
Stack trace:
#0 C:\xampp\htdocs\Bib\system\Database\MySQLi\Connection.php(306): mysqli->query('CALL InsertarPr...', 0)
#1 C:\xampp\htdocs\Bib\system\Database\BaseConnection.php(693): CodeIgniter\Database\MySQLi\Connection->execute('CALL InsertarPr...')
#2 C:\xampp\htdocs\Bib\system\Database\BaseConnection.php(607): CodeIgniter\Database\BaseConnection->simpleQuery('CALL InsertarPr...')
#3 C:\xampp\htdocs\Bib\app\Models\Profesores.php(15): CodeIgniter\Database\BaseConnection->query('CALL InsertarPr...', Array)
#4 C:\xampp\htdocs\Bib\app\Controllers\ControladorProfesor.php(90): App\Models\Profesores->insertarProfesor(Array)
#5 C:\xampp\htdocs\Bib\system\CodeIgniter.php(942): App\Controllers\ControladorProfesor->addProfesor()
#6 C:\xampp\htdocs\Bib\system\CodeIgniter.php(502): CodeIgniter\CodeIgniter->runController(Object(App\Controllers\ControladorProfesor))
#7 C:\xampp\htdocs\Bib\system\CodeIgniter.php(361): CodeIgniter\CodeIgniter->handleRequest(NULL, Object(Config\Cache), false)
#8 C:\xampp\htdocs\Bib\public\index.php(79): CodeIgniter\CodeIgniter->run()
#9 {main}
CRITICAL - 2024-02-26 18:39:08 --> Duplicate entry '0319140002' for key 'PRIMARY'
in SYSTEMPATH\Database\BaseConnection.php on line 647.
 1 APPPATH\Models\Profesores.php(15): CodeIgniter\Database\BaseConnection->query('CALL InsertarProfesor(?, ?, ?, ?, ?)', [...])
 2 APPPATH\Controllers\ControladorProfesor.php(90): App\Models\Profesores->insertarProfesor([...])
 3 SYSTEMPATH\CodeIgniter.php(942): App\Controllers\ControladorProfesor->addProfesor()
 4 SYSTEMPATH\CodeIgniter.php(502): CodeIgniter\CodeIgniter->runController(Object(App\Controllers\ControladorProfesor))
 5 SYSTEMPATH\CodeIgniter.php(361): CodeIgniter\CodeIgniter->handleRequest(null, Object(Config\Cache), false)
 6 FCPATH\index.php(79): CodeIgniter\CodeIgniter->run()
ERROR - 2024-02-26 18:40:24 --> mysqli_sql_exception: Duplicate entry '0319140022' for key 'PRIMARY' in C:\xampp\htdocs\Bib\system\Database\MySQLi\Connection.php:306
Stack trace:
#0 C:\xampp\htdocs\Bib\system\Database\MySQLi\Connection.php(306): mysqli->query('CALL InsertarPr...', 0)
#1 C:\xampp\htdocs\Bib\system\Database\BaseConnection.php(693): CodeIgniter\Database\MySQLi\Connection->execute('CALL InsertarPr...')
#2 C:\xampp\htdocs\Bib\system\Database\BaseConnection.php(607): CodeIgniter\Database\BaseConnection->simpleQuery('CALL InsertarPr...')
#3 C:\xampp\htdocs\Bib\app\Models\Profesores.php(15): CodeIgniter\Database\BaseConnection->query('CALL InsertarPr...', Array)
#4 C:\xampp\htdocs\Bib\app\Controllers\ControladorProfesor.php(90): App\Models\Profesores->insertarProfesor(Array)
#5 C:\xampp\htdocs\Bib\system\CodeIgniter.php(942): App\Controllers\ControladorProfesor->addProfesor()
#6 C:\xampp\htdocs\Bib\system\CodeIgniter.php(502): CodeIgniter\CodeIgniter->runController(Object(App\Controllers\ControladorProfesor))
#7 C:\xampp\htdocs\Bib\system\CodeIgniter.php(361): CodeIgniter\CodeIgniter->handleRequest(NULL, Object(Config\Cache), false)
#8 C:\xampp\htdocs\Bib\public\index.php(79): CodeIgniter\CodeIgniter->run()
#9 {main}
CRITICAL - 2024-02-26 18:40:24 --> Duplicate entry '0319140022' for key 'PRIMARY'
in SYSTEMPATH\Database\BaseConnection.php on line 647.
 1 APPPATH\Models\Profesores.php(15): CodeIgniter\Database\BaseConnection->query('CALL InsertarProfesor(?, ?, ?, ?, ?)', [...])
 2 APPPATH\Controllers\ControladorProfesor.php(90): App\Models\Profesores->insertarProfesor([...])
 3 SYSTEMPATH\CodeIgniter.php(942): App\Controllers\ControladorProfesor->addProfesor()
 4 SYSTEMPATH\CodeIgniter.php(502): CodeIgniter\CodeIgniter->runController(Object(App\Controllers\ControladorProfesor))
 5 SYSTEMPATH\CodeIgniter.php(361): CodeIgniter\CodeIgniter->handleRequest(null, Object(Config\Cache), false)
 6 FCPATH\index.php(79): CodeIgniter\CodeIgniter->run()
ERROR - 2024-02-26 18:44:09 --> mysqli_sql_exception: Duplicate entry '0319140222' for key 'PRIMARY' in C:\xampp\htdocs\Bib\system\Database\MySQLi\Connection.php:306
Stack trace:
#0 C:\xampp\htdocs\Bib\system\Database\MySQLi\Connection.php(306): mysqli->query('CALL InsertarIn...', 0)
#1 C:\xampp\htdocs\Bib\system\Database\BaseConnection.php(693): CodeIgniter\Database\MySQLi\Connection->execute('CALL InsertarIn...')
#2 C:\xampp\htdocs\Bib\system\Database\BaseConnection.php(607): CodeIgniter\Database\BaseConnection->simpleQuery('CALL InsertarIn...')
#3 C:\xampp\htdocs\Bib\app\Models\Invitado.php(15): CodeIgniter\Database\BaseConnection->query('CALL InsertarIn...', Array)
#4 C:\xampp\htdocs\Bib\app\Controllers\ControllerInvitados.php(44): App\Models\Invitado->insertarInvitado(Array)
#5 C:\xampp\htdocs\Bib\system\CodeIgniter.php(942): App\Controllers\ControllerInvitados->add()
#6 C:\xampp\htdocs\Bib\system\CodeIgniter.php(502): CodeIgniter\CodeIgniter->runController(Object(App\Controllers\ControllerInvitados))
#7 C:\xampp\htdocs\Bib\system\CodeIgniter.php(361): CodeIgniter\CodeIgniter->handleRequest(NULL, Object(Config\Cache), false)
#8 C:\xampp\htdocs\Bib\public\index.php(79): CodeIgniter\CodeIgniter->run()
#9 {main}
CRITICAL - 2024-02-26 18:44:09 --> Duplicate entry '0319140222' for key 'PRIMARY'
in SYSTEMPATH\Database\BaseConnection.php on line 647.
 1 APPPATH\Models\Invitado.php(15): CodeIgniter\Database\BaseConnection->query('CALL InsertarInvitado(?, ?, ?, ?, ?)', [...])
 2 APPPATH\Controllers\ControllerInvitados.php(44): App\Models\Invitado->insertarInvitado([...])
 3 SYSTEMPATH\CodeIgniter.php(942): App\Controllers\ControllerInvitados->add()
 4 SYSTEMPATH\CodeIgniter.php(502): CodeIgniter\CodeIgniter->runController(Object(App\Controllers\ControllerInvitados))
 5 SYSTEMPATH\CodeIgniter.php(361): CodeIgniter\CodeIgniter->handleRequest(null, Object(Config\Cache), false)
 6 FCPATH\index.php(79): CodeIgniter\CodeIgniter->run()
ERROR - 2024-02-26 18:58:45 --> mysqli_sql_exception: Duplicate entry '1' for key 'PRIMARY' in C:\xampp\htdocs\Bib\system\Database\MySQLi\Connection.php:306
Stack trace:
#0 C:\xampp\htdocs\Bib\system\Database\MySQLi\Connection.php(306): mysqli->query('INSERT INTO use...', 0)
#1 C:\xampp\htdocs\Bib\system\Database\BaseConnection.php(693): CodeIgniter\Database\MySQLi\Connection->execute('INSERT INTO use...')
#2 C:\xampp\htdocs\Bib\system\Database\BaseConnection.php(607): CodeIgniter\Database\BaseConnection->simpleQuery('INSERT INTO use...')
#3 C:\xampp\htdocs\Bib\app\Models\Admin.php(15): CodeIgniter\Database\BaseConnection->query('INSERT INTO use...', Array)
#4 C:\xampp\htdocs\Bib\app\Controllers\ControllerAdmin.php(39): App\Models\Admin->insertarAdmin(Array)
#5 C:\xampp\htdocs\Bib\system\CodeIgniter.php(942): App\Controllers\ControllerAdmin->add()
#6 C:\xampp\htdocs\Bib\system\CodeIgniter.php(502): CodeIgniter\CodeIgniter->runController(Object(App\Controllers\ControllerAdmin))
#7 C:\xampp\htdocs\Bib\system\CodeIgniter.php(361): CodeIgniter\CodeIgniter->handleRequest(NULL, Object(Config\Cache), false)
#8 C:\xampp\htdocs\Bib\public\index.php(79): CodeIgniter\CodeIgniter->run()
#9 {main}
CRITICAL - 2024-02-26 18:58:45 --> Duplicate entry '1' for key 'PRIMARY'
in SYSTEMPATH\Database\BaseConnection.php on line 647.
 1 APPPATH\Models\Admin.php(15): CodeIgniter\Database\BaseConnection->query('INSERT INTO user(NoCuenta, Nombre, Contrasena, is_admin) VALUES (?,?,?,1)', [...])
 2 APPPATH\Controllers\ControllerAdmin.php(39): App\Models\Admin->insertarAdmin([...])
 3 SYSTEMPATH\CodeIgniter.php(942): App\Controllers\ControllerAdmin->add()
 4 SYSTEMPATH\CodeIgniter.php(502): CodeIgniter\CodeIgniter->runController(Object(App\Controllers\ControllerAdmin))
 5 SYSTEMPATH\CodeIgniter.php(361): CodeIgniter\CodeIgniter->handleRequest(null, Object(Config\Cache), false)
 6 FCPATH\index.php(79): CodeIgniter\CodeIgniter->run()
ERROR - 2024-02-26 18:58:45 --> mysqli_sql_exception: Duplicate entry '1' for key 'PRIMARY' in C:\xampp\htdocs\Bib\system\Database\MySQLi\Connection.php:306
Stack trace:
#0 C:\xampp\htdocs\Bib\system\Database\MySQLi\Connection.php(306): mysqli->query('INSERT INTO use...', 0)
#1 C:\xampp\htdocs\Bib\system\Database\BaseConnection.php(693): CodeIgniter\Database\MySQLi\Connection->execute('INSERT INTO use...')
#2 C:\xampp\htdocs\Bib\system\Database\BaseConnection.php(607): CodeIgniter\Database\BaseConnection->simpleQuery('INSERT INTO use...')
#3 C:\xampp\htdocs\Bib\app\Models\Admin.php(15): CodeIgniter\Database\BaseConnection->query('INSERT INTO use...', Array)
#4 C:\xampp\htdocs\Bib\app\Controllers\ControllerAdmin.php(39): App\Models\Admin->insertarAdmin(Array)
#5 C:\xampp\htdocs\Bib\system\CodeIgniter.php(942): App\Controllers\ControllerAdmin->add()
#6 C:\xampp\htdocs\Bib\system\CodeIgniter.php(502): CodeIgniter\CodeIgniter->runController(Object(App\Controllers\ControllerAdmin))
#7 C:\xampp\htdocs\Bib\system\CodeIgniter.php(361): CodeIgniter\CodeIgniter->handleRequest(NULL, Object(Config\Cache), false)
#8 C:\xampp\htdocs\Bib\public\index.php(79): CodeIgniter\CodeIgniter->run()
#9 {main}
CRITICAL - 2024-02-26 18:58:45 --> Duplicate entry '1' for key 'PRIMARY'
in SYSTEMPATH\Database\BaseConnection.php on line 647.
 1 APPPATH\Models\Admin.php(15): CodeIgniter\Database\BaseConnection->query('INSERT INTO user(NoCuenta, Nombre, Contrasena, is_admin) VALUES (?,?,?,1)', [...])
 2 APPPATH\Controllers\ControllerAdmin.php(39): App\Models\Admin->insertarAdmin([...])
 3 SYSTEMPATH\CodeIgniter.php(942): App\Controllers\ControllerAdmin->add()
 4 SYSTEMPATH\CodeIgniter.php(502): CodeIgniter\CodeIgniter->runController(Object(App\Controllers\ControllerAdmin))
 5 SYSTEMPATH\CodeIgniter.php(361): CodeIgniter\CodeIgniter->handleRequest(null, Object(Config\Cache), false)
 6 FCPATH\index.php(79): CodeIgniter\CodeIgniter->run()
ERROR - 2024-02-26 18:58:50 --> mysqli_sql_exception: Duplicate entry '1' for key 'PRIMARY' in C:\xampp\htdocs\Bib\system\Database\MySQLi\Connection.php:306
Stack trace:
#0 C:\xampp\htdocs\Bib\system\Database\MySQLi\Connection.php(306): mysqli->query('INSERT INTO use...', 0)
#1 C:\xampp\htdocs\Bib\system\Database\BaseConnection.php(693): CodeIgniter\Database\MySQLi\Connection->execute('INSERT INTO use...')
#2 C:\xampp\htdocs\Bib\system\Database\BaseConnection.php(607): CodeIgniter\Database\BaseConnection->simpleQuery('INSERT INTO use...')
#3 C:\xampp\htdocs\Bib\app\Models\Admin.php(15): CodeIgniter\Database\BaseConnection->query('INSERT INTO use...', Array)
#4 C:\xampp\htdocs\Bib\app\Controllers\ControllerAdmin.php(39): App\Models\Admin->insertarAdmin(Array)
#5 C:\xampp\htdocs\Bib\system\CodeIgniter.php(942): App\Controllers\ControllerAdmin->add()
#6 C:\xampp\htdocs\Bib\system\CodeIgniter.php(502): CodeIgniter\CodeIgniter->runController(Object(App\Controllers\ControllerAdmin))
#7 C:\xampp\htdocs\Bib\system\CodeIgniter.php(361): CodeIgniter\CodeIgniter->handleRequest(NULL, Object(Config\Cache), false)
#8 C:\xampp\htdocs\Bib\public\index.php(79): CodeIgniter\CodeIgniter->run()
#9 {main}
CRITICAL - 2024-02-26 18:58:50 --> Duplicate entry '1' for key 'PRIMARY'
in SYSTEMPATH\Database\BaseConnection.php on line 647.
 1 APPPATH\Models\Admin.php(15): CodeIgniter\Database\BaseConnection->query('INSERT INTO user(NoCuenta, Nombre, Contrasena, is_admin) VALUES (?,?,?,1)', [...])
 2 APPPATH\Controllers\ControllerAdmin.php(39): App\Models\Admin->insertarAdmin([...])
 3 SYSTEMPATH\CodeIgniter.php(942): App\Controllers\ControllerAdmin->add()
 4 SYSTEMPATH\CodeIgniter.php(502): CodeIgniter\CodeIgniter->runController(Object(App\Controllers\ControllerAdmin))
 5 SYSTEMPATH\CodeIgniter.php(361): CodeIgniter\CodeIgniter->handleRequest(null, Object(Config\Cache), false)
 6 FCPATH\index.php(79): CodeIgniter\CodeIgniter->run()
ERROR - 2024-02-26 18:58:51 --> mysqli_sql_exception: Duplicate entry '1' for key 'PRIMARY' in C:\xampp\htdocs\Bib\system\Database\MySQLi\Connection.php:306
Stack trace:
#0 C:\xampp\htdocs\Bib\system\Database\MySQLi\Connection.php(306): mysqli->query('INSERT INTO use...', 0)
#1 C:\xampp\htdocs\Bib\system\Database\BaseConnection.php(693): CodeIgniter\Database\MySQLi\Connection->execute('INSERT INTO use...')
#2 C:\xampp\htdocs\Bib\system\Database\BaseConnection.php(607): CodeIgniter\Database\BaseConnection->simpleQuery('INSERT INTO use...')
#3 C:\xampp\htdocs\Bib\app\Models\Admin.php(15): CodeIgniter\Database\BaseConnection->query('INSERT INTO use...', Array)
#4 C:\xampp\htdocs\Bib\app\Controllers\ControllerAdmin.php(39): App\Models\Admin->insertarAdmin(Array)
#5 C:\xampp\htdocs\Bib\system\CodeIgniter.php(942): App\Controllers\ControllerAdmin->add()
#6 C:\xampp\htdocs\Bib\system\CodeIgniter.php(502): CodeIgniter\CodeIgniter->runController(Object(App\Controllers\ControllerAdmin))
#7 C:\xampp\htdocs\Bib\system\CodeIgniter.php(361): CodeIgniter\CodeIgniter->handleRequest(NULL, Object(Config\Cache), false)
#8 C:\xampp\htdocs\Bib\public\index.php(79): CodeIgniter\CodeIgniter->run()
#9 {main}
CRITICAL - 2024-02-26 18:58:51 --> Duplicate entry '1' for key 'PRIMARY'
in SYSTEMPATH\Database\BaseConnection.php on line 647.
 1 APPPATH\Models\Admin.php(15): CodeIgniter\Database\BaseConnection->query('INSERT INTO user(NoCuenta, Nombre, Contrasena, is_admin) VALUES (?,?,?,1)', [...])
 2 APPPATH\Controllers\ControllerAdmin.php(39): App\Models\Admin->insertarAdmin([...])
 3 SYSTEMPATH\CodeIgniter.php(942): App\Controllers\ControllerAdmin->add()
 4 SYSTEMPATH\CodeIgniter.php(502): CodeIgniter\CodeIgniter->runController(Object(App\Controllers\ControllerAdmin))
 5 SYSTEMPATH\CodeIgniter.php(361): CodeIgniter\CodeIgniter->handleRequest(null, Object(Config\Cache), false)
 6 FCPATH\index.php(79): CodeIgniter\CodeIgniter->run()
ERROR - 2024-02-26 18:59:00 --> mysqli_sql_exception: Duplicate entry '1' for key 'PRIMARY' in C:\xampp\htdocs\Bib\system\Database\MySQLi\Connection.php:306
Stack trace:
#0 C:\xampp\htdocs\Bib\system\Database\MySQLi\Connection.php(306): mysqli->query('INSERT INTO use...', 0)
#1 C:\xampp\htdocs\Bib\system\Database\BaseConnection.php(693): CodeIgniter\Database\MySQLi\Connection->execute('INSERT INTO use...')
#2 C:\xampp\htdocs\Bib\system\Database\BaseConnection.php(607): CodeIgniter\Database\BaseConnection->simpleQuery('INSERT INTO use...')
#3 C:\xampp\htdocs\Bib\app\Models\Admin.php(15): CodeIgniter\Database\BaseConnection->query('INSERT INTO use...', Array)
#4 C:\xampp\htdocs\Bib\app\Controllers\ControllerAdmin.php(39): App\Models\Admin->insertarAdmin(Array)
#5 C:\xampp\htdocs\Bib\system\CodeIgniter.php(942): App\Controllers\ControllerAdmin->add()
#6 C:\xampp\htdocs\Bib\system\CodeIgniter.php(502): CodeIgniter\CodeIgniter->runController(Object(App\Controllers\ControllerAdmin))
#7 C:\xampp\htdocs\Bib\system\CodeIgniter.php(361): CodeIgniter\CodeIgniter->handleRequest(NULL, Object(Config\Cache), false)
#8 C:\xampp\htdocs\Bib\public\index.php(79): CodeIgniter\CodeIgniter->run()
#9 {main}
CRITICAL - 2024-02-26 18:59:00 --> Duplicate entry '1' for key 'PRIMARY'
in SYSTEMPATH\Database\BaseConnection.php on line 647.
 1 APPPATH\Models\Admin.php(15): CodeIgniter\Database\BaseConnection->query('INSERT INTO user(NoCuenta, Nombre, Contrasena, is_admin) VALUES (?,?,?,1)', [...])
 2 APPPATH\Controllers\ControllerAdmin.php(39): App\Models\Admin->insertarAdmin([...])
 3 SYSTEMPATH\CodeIgniter.php(942): App\Controllers\ControllerAdmin->add()
 4 SYSTEMPATH\CodeIgniter.php(502): CodeIgniter\CodeIgniter->runController(Object(App\Controllers\ControllerAdmin))
 5 SYSTEMPATH\CodeIgniter.php(361): CodeIgniter\CodeIgniter->handleRequest(null, Object(Config\Cache), false)
 6 FCPATH\index.php(79): CodeIgniter\CodeIgniter->run()
ERROR - 2024-02-26 18:59:00 --> mysqli_sql_exception: Duplicate entry '1' for key 'PRIMARY' in C:\xampp\htdocs\Bib\system\Database\MySQLi\Connection.php:306
Stack trace:
#0 C:\xampp\htdocs\Bib\system\Database\MySQLi\Connection.php(306): mysqli->query('INSERT INTO use...', 0)
#1 C:\xampp\htdocs\Bib\system\Database\BaseConnection.php(693): CodeIgniter\Database\MySQLi\Connection->execute('INSERT INTO use...')
#2 C:\xampp\htdocs\Bib\system\Database\BaseConnection.php(607): CodeIgniter\Database\BaseConnection->simpleQuery('INSERT INTO use...')
#3 C:\xampp\htdocs\Bib\app\Models\Admin.php(15): CodeIgniter\Database\BaseConnection->query('INSERT INTO use...', Array)
#4 C:\xampp\htdocs\Bib\app\Controllers\ControllerAdmin.php(39): App\Models\Admin->insertarAdmin(Array)
#5 C:\xampp\htdocs\Bib\system\CodeIgniter.php(942): App\Controllers\ControllerAdmin->add()
#6 C:\xampp\htdocs\Bib\system\CodeIgniter.php(502): CodeIgniter\CodeIgniter->runController(Object(App\Controllers\ControllerAdmin))
#7 C:\xampp\htdocs\Bib\system\CodeIgniter.php(361): CodeIgniter\CodeIgniter->handleRequest(NULL, Object(Config\Cache), false)
#8 C:\xampp\htdocs\Bib\public\index.php(79): CodeIgniter\CodeIgniter->run()
#9 {main}
CRITICAL - 2024-02-26 18:59:00 --> Duplicate entry '1' for key 'PRIMARY'
in SYSTEMPATH\Database\BaseConnection.php on line 647.
 1 APPPATH\Models\Admin.php(15): CodeIgniter\Database\BaseConnection->query('INSERT INTO user(NoCuenta, Nombre, Contrasena, is_admin) VALUES (?,?,?,1)', [...])
 2 APPPATH\Controllers\ControllerAdmin.php(39): App\Models\Admin->insertarAdmin([...])
 3 SYSTEMPATH\CodeIgniter.php(942): App\Controllers\ControllerAdmin->add()
 4 SYSTEMPATH\CodeIgniter.php(502): CodeIgniter\CodeIgniter->runController(Object(App\Controllers\ControllerAdmin))
 5 SYSTEMPATH\CodeIgniter.php(361): CodeIgniter\CodeIgniter->handleRequest(null, Object(Config\Cache), false)
 6 FCPATH\index.php(79): CodeIgniter\CodeIgniter->run()
ERROR - 2024-02-26 18:59:01 --> mysqli_sql_exception: Duplicate entry '1' for key 'PRIMARY' in C:\xampp\htdocs\Bib\system\Database\MySQLi\Connection.php:306
Stack trace:
#0 C:\xampp\htdocs\Bib\system\Database\MySQLi\Connection.php(306): mysqli->query('INSERT INTO use...', 0)
#1 C:\xampp\htdocs\Bib\system\Database\BaseConnection.php(693): CodeIgniter\Database\MySQLi\Connection->execute('INSERT INTO use...')
#2 C:\xampp\htdocs\Bib\system\Database\BaseConnection.php(607): CodeIgniter\Database\BaseConnection->simpleQuery('INSERT INTO use...')
#3 C:\xampp\htdocs\Bib\app\Models\Admin.php(15): CodeIgniter\Database\BaseConnection->query('INSERT INTO use...', Array)
#4 C:\xampp\htdocs\Bib\app\Controllers\ControllerAdmin.php(39): App\Models\Admin->insertarAdmin(Array)
#5 C:\xampp\htdocs\Bib\system\CodeIgniter.php(942): App\Controllers\ControllerAdmin->add()
#6 C:\xampp\htdocs\Bib\system\CodeIgniter.php(502): CodeIgniter\CodeIgniter->runController(Object(App\Controllers\ControllerAdmin))
#7 C:\xampp\htdocs\Bib\system\CodeIgniter.php(361): CodeIgniter\CodeIgniter->handleRequest(NULL, Object(Config\Cache), false)
#8 C:\xampp\htdocs\Bib\public\index.php(79): CodeIgniter\CodeIgniter->run()
#9 {main}
CRITICAL - 2024-02-26 18:59:01 --> Duplicate entry '1' for key 'PRIMARY'
in SYSTEMPATH\Database\BaseConnection.php on line 647.
 1 APPPATH\Models\Admin.php(15): CodeIgniter\Database\BaseConnection->query('INSERT INTO user(NoCuenta, Nombre, Contrasena, is_admin) VALUES (?,?,?,1)', [...])
 2 APPPATH\Controllers\ControllerAdmin.php(39): App\Models\Admin->insertarAdmin([...])
 3 SYSTEMPATH\CodeIgniter.php(942): App\Controllers\ControllerAdmin->add()
 4 SYSTEMPATH\CodeIgniter.php(502): CodeIgniter\CodeIgniter->runController(Object(App\Controllers\ControllerAdmin))
 5 SYSTEMPATH\CodeIgniter.php(361): CodeIgniter\CodeIgniter->handleRequest(null, Object(Config\Cache), false)
 6 FCPATH\index.php(79): CodeIgniter\CodeIgniter->run()
ERROR - 2024-02-26 18:59:01 --> mysqli_sql_exception: Duplicate entry '1' for key 'PRIMARY' in C:\xampp\htdocs\Bib\system\Database\MySQLi\Connection.php:306
Stack trace:
#0 C:\xampp\htdocs\Bib\system\Database\MySQLi\Connection.php(306): mysqli->query('INSERT INTO use...', 0)
#1 C:\xampp\htdocs\Bib\system\Database\BaseConnection.php(693): CodeIgniter\Database\MySQLi\Connection->execute('INSERT INTO use...')
#2 C:\xampp\htdocs\Bib\system\Database\BaseConnection.php(607): CodeIgniter\Database\BaseConnection->simpleQuery('INSERT INTO use...')
#3 C:\xampp\htdocs\Bib\app\Models\Admin.php(15): CodeIgniter\Database\BaseConnection->query('INSERT INTO use...', Array)
#4 C:\xampp\htdocs\Bib\app\Controllers\ControllerAdmin.php(39): App\Models\Admin->insertarAdmin(Array)
#5 C:\xampp\htdocs\Bib\system\CodeIgniter.php(942): App\Controllers\ControllerAdmin->add()
#6 C:\xampp\htdocs\Bib\system\CodeIgniter.php(502): CodeIgniter\CodeIgniter->runController(Object(App\Controllers\ControllerAdmin))
#7 C:\xampp\htdocs\Bib\system\CodeIgniter.php(361): CodeIgniter\CodeIgniter->handleRequest(NULL, Object(Config\Cache), false)
#8 C:\xampp\htdocs\Bib\public\index.php(79): CodeIgniter\CodeIgniter->run()
#9 {main}
CRITICAL - 2024-02-26 18:59:01 --> Duplicate entry '1' for key 'PRIMARY'
in SYSTEMPATH\Database\BaseConnection.php on line 647.
 1 APPPATH\Models\Admin.php(15): CodeIgniter\Database\BaseConnection->query('INSERT INTO user(NoCuenta, Nombre, Contrasena, is_admin) VALUES (?,?,?,1)', [...])
 2 APPPATH\Controllers\ControllerAdmin.php(39): App\Models\Admin->insertarAdmin([...])
 3 SYSTEMPATH\CodeIgniter.php(942): App\Controllers\ControllerAdmin->add()
 4 SYSTEMPATH\CodeIgniter.php(502): CodeIgniter\CodeIgniter->runController(Object(App\Controllers\ControllerAdmin))
 5 SYSTEMPATH\CodeIgniter.php(361): CodeIgniter\CodeIgniter->handleRequest(null, Object(Config\Cache), false)
 6 FCPATH\index.php(79): CodeIgniter\CodeIgniter->run()
ERROR - 2024-02-26 19:19:48 --> Error connecting to the database: mysqli_sql_exception: Access denied for user 'root'@'localhost' (using password: YES) in C:\xampp\htdocs\Bib\system\Database\MySQLi\Connection.php:184
Stack trace:
#0 C:\xampp\htdocs\Bib\system\Database\MySQLi\Connection.php(184): mysqli->real_connect('localhost', 'root', Object(SensitiveParameterValue), 'biblioteca', 3306, '', 0)
#1 C:\xampp\htdocs\Bib\system\Database\BaseConnection.php(392): CodeIgniter\Database\MySQLi\Connection->connect(false)
#2 C:\xampp\htdocs\Bib\system\Database\BaseConnection.php(575): CodeIgniter\Database\BaseConnection->initialize()
#3 C:\xampp\htdocs\Bib\app\Models\Profesores.php(23): CodeIgniter\Database\BaseConnection->query('SELECT u.NoCuen...')
#4 C:\xampp\htdocs\Bib\app\Controllers\ControladorProfesor.php(13): App\Models\Profesores->ListarProfesores()
#5 C:\xampp\htdocs\Bib\system\CodeIgniter.php(942): App\Controllers\ControladorProfesor->index()
#6 C:\xampp\htdocs\Bib\system\CodeIgniter.php(502): CodeIgniter\CodeIgniter->runController(Object(App\Controllers\ControladorProfesor))
#7 C:\xampp\htdocs\Bib\system\CodeIgniter.php(361): CodeIgniter\CodeIgniter->handleRequest(NULL, Object(Config\Cache), false)
#8 C:\xampp\htdocs\Bib\public\index.php(79): CodeIgniter\CodeIgniter->run()
#9 {main}

Next CodeIgniter\Database\Exceptions\DatabaseException: Access denied for user '****'@'localhost' (using password: YES) in C:\xampp\htdocs\Bib\system\Database\MySQLi\Connection.php:229
Stack trace:
#0 C:\xampp\htdocs\Bib\system\Database\BaseConnection.php(392): CodeIgniter\Database\MySQLi\Connection->connect(false)
#1 C:\xampp\htdocs\Bib\system\Database\BaseConnection.php(575): CodeIgniter\Database\BaseConnection->initialize()
#2 C:\xampp\htdocs\Bib\app\Models\Profesores.php(23): CodeIgniter\Database\BaseConnection->query('SELECT u.NoCuen...')
#3 C:\xampp\htdocs\Bib\app\Controllers\ControladorProfesor.php(13): App\Models\Profesores->ListarProfesores()
#4 C:\xampp\htdocs\Bib\system\CodeIgniter.php(942): App\Controllers\ControladorProfesor->index()
#5 C:\xampp\htdocs\Bib\system\CodeIgniter.php(502): CodeIgniter\CodeIgniter->runController(Object(App\Controllers\ControladorProfesor))
#6 C:\xampp\htdocs\Bib\system\CodeIgniter.php(361): CodeIgniter\CodeIgniter->handleRequest(NULL, Object(Config\Cache), false)
#7 C:\xampp\htdocs\Bib\public\index.php(79): CodeIgniter\CodeIgniter->run()
#8 {main}
CRITICAL - 2024-02-26 19:19:48 --> Unable to connect to the database.
Main connection [MySQLi]: Access denied for user '****'@'localhost' (using password: YES)
in SYSTEMPATH\Database\BaseConnection.php on line 428.
 1 SYSTEMPATH\Database\BaseConnection.php(575): CodeIgniter\Database\BaseConnection->initialize()
 2 APPPATH\Models\Profesores.php(23): CodeIgniter\Database\BaseConnection->query('SELECT u.NoCuenta, u.Nombre, u.area, p.cargo FROM User u JOIN Profesor p ON u.NoCuenta = p.NoCuenta;')
 3 APPPATH\Controllers\ControladorProfesor.php(13): App\Models\Profesores->ListarProfesores()
 4 SYSTEMPATH\CodeIgniter.php(942): App\Controllers\ControladorProfesor->index()
 5 SYSTEMPATH\CodeIgniter.php(502): CodeIgniter\CodeIgniter->runController(Object(App\Controllers\ControladorProfesor))
 6 SYSTEMPATH\CodeIgniter.php(361): CodeIgniter\CodeIgniter->handleRequest(null, Object(Config\Cache), false)
 7 FCPATH\index.php(79): CodeIgniter\CodeIgniter->run()
